[0.077s] Invoking command in '/home/ashley.akamine/rampagingRoombas/turtlebot4_ws/build/custom_interfaces': CMAKE_PREFIX_PATH=${CMAKE_PREFIX_PATH}:/home/ashley.akamine/rampagingRoombas/turtlebot4_ws/install/lab6_pkg:/home/ashley.akamine/rampagingRoombas/turtlebot4_ws/install/lab5_pkg:/home/ashley.akamine/rampagingRoombas/turtlebot4_ws/install/lab3_pkg:/home/ashley.akamine/rampagingRoombas/turtlebot4_ws/install/lab2_pkg:/home/ashley.akamine/rampagingRoombas/turtlebot4_ws/install/lab1_pkg:/home/ashley.akamine/inclass_ws/install/chatroom_pkg:/home/ashley.akamine/inclass_ws/install/cat_nap:/opt/ros/humble /usr/bin/cmake --build /home/ashley.akamine/rampagingRoombas/turtlebot4_ws/build/custom_interfaces -- -j16 -l16
[0.608s] [  2%] Built target custom_interfaces__cpp
[0.609s] [ 12%] Built target custom_interfaces__rosidl_generator_c
[0.609s] [ 12%] Built target ament_cmake_python_copy_custom_interfaces
[0.609s] [ 43%] Built target custom_interfaces__rosidl_typesupport_fastrtps_cpp
[0.609s] [ 43%] Built target custom_interfaces__rosidl_typesupport_cpp
[0.609s] [ 43%] Built target custom_interfaces__rosidl_typesupport_introspection_cpp
[0.609s] [ 53%] Built target custom_interfaces__rosidl_typesupport_introspection_c
[0.609s] [ 64%] Built target custom_interfaces__rosidl_typesupport_c
[0.609s] [ 74%] Built target custom_interfaces__rosidl_typesupport_fastrtps_c
[0.609s] [ 74%] Built target custom_interfaces
[0.609s] [ 76%] Built target custom_interfaces__py
[0.609s] [ 84%] Built target custom_interfaces__rosidl_generator_py
[0.609s] [ 89%] Built target custom_interfaces__rosidl_typesupport_introspection_c__pyext
[0.609s] [100%] Built target custom_interfaces__rosidl_typesupport_fastrtps_c__pyext
[0.609s] [100%] Built target custom_interfaces__rosidl_typesupport_c__pyext
[0.609s] running egg_info
[0.609s] writing custom_interfaces.egg-info/PKG-INFO
[0.609s] writing dependency_links to custom_interfaces.egg-info/dependency_links.txt
[0.609s] writing top-level names to custom_interfaces.egg-info/top_level.txt
[0.609s] reading manifest file 'custom_interfaces.egg-info/SOURCES.txt'
[0.610s] writing manifest file 'custom_interfaces.egg-info/SOURCES.txt'
[0.610s] [100%] Built target ament_cmake_python_build_custom_interfaces_egg
[0.868s] Invoked command in '/home/ashley.akamine/rampagingRoombas/turtlebot4_ws/build/custom_interfaces' returned '0': CMAKE_PREFIX_PATH=${CMAKE_PREFIX_PATH}:/home/ashley.akamine/rampagingRoombas/turtlebot4_ws/install/lab6_pkg:/home/ashley.akamine/rampagingRoombas/turtlebot4_ws/install/lab5_pkg:/home/ashley.akamine/rampagingRoombas/turtlebot4_ws/install/lab3_pkg:/home/ashley.akamine/rampagingRoombas/turtlebot4_ws/install/lab2_pkg:/home/ashley.akamine/rampagingRoombas/turtlebot4_ws/install/lab1_pkg:/home/ashley.akamine/inclass_ws/install/chatroom_pkg:/home/ashley.akamine/inclass_ws/install/cat_nap:/opt/ros/humble /usr/bin/cmake --build /home/ashley.akamine/rampagingRoombas/turtlebot4_ws/build/custom_interfaces -- -j16 -l16
[0.878s] Invoking command in '/home/ashley.akamine/rampagingRoombas/turtlebot4_ws/build/custom_interfaces': CMAKE_PREFIX_PATH=${CMAKE_PREFIX_PATH}:/home/ashley.akamine/rampagingRoombas/turtlebot4_ws/install/lab6_pkg:/home/ashley.akamine/rampagingRoombas/turtlebot4_ws/install/lab5_pkg:/home/ashley.akamine/rampagingRoombas/turtlebot4_ws/install/lab3_pkg:/home/ashley.akamine/rampagingRoombas/turtlebot4_ws/install/lab2_pkg:/home/ashley.akamine/rampagingRoombas/turtlebot4_ws/install/lab1_pkg:/home/ashley.akamine/inclass_ws/install/chatroom_pkg:/home/ashley.akamine/inclass_ws/install/cat_nap:/opt/ros/humble /usr/bin/cmake --install /home/ashley.akamine/rampagingRoombas/turtlebot4_ws/build/custom_interfaces
[0.926s] -- Install configuration: ""
[0.928s] -- Up-to-date: /home/ashley.akamine/rampagingRoombas/turtlebot4_ws/install/custom_interfaces/share/ament_index/resource_index/rosidl_interfaces/custom_interfaces
[0.928s] -- Up-to-date: /home/ashley.akamine/rampagingRoombas/turtlebot4_ws/install/custom_interfaces/include/custom_interfaces/custom_interfaces
[0.928s] -- Up-to-date: /home/ashley.akamine/rampagingRoombas/turtlebot4_ws/install/custom_interfaces/include/custom_interfaces/custom_interfaces/msg
[0.929s] -- Up-to-date: /home/ashley.akamine/rampagingRoombas/turtlebot4_ws/install/custom_interfaces/include/custom_interfaces/custom_interfaces/msg/rosidl_generator_c__visibility_control.h
[0.929s] -- Up-to-date: /home/ashley.akamine/rampagingRoombas/turtlebot4_ws/install/custom_interfaces/include/custom_interfaces/custom_interfaces/action
[0.929s] -- Up-to-date: /home/ashley.akamine/rampagingRoombas/turtlebot4_ws/install/custom_interfaces/include/custom_interfaces/custom_interfaces/action/robot_goal.h
[0.929s] -- Up-to-date: /home/ashley.akamine/rampagingRoombas/turtlebot4_ws/install/custom_interfaces/include/custom_interfaces/custom_interfaces/action/detail
[0.929s] -- Up-to-date: /home/ashley.akamine/rampagingRoombas/turtlebot4_ws/install/custom_interfaces/include/custom_interfaces/custom_interfaces/action/detail/robot_goal__struct.h
[0.929s] -- Up-to-date: /home/ashley.akamine/rampagingRoombas/turtlebot4_ws/install/custom_interfaces/include/custom_interfaces/custom_interfaces/action/detail/robot_goal__functions.c
[0.929s] -- Up-to-date: /home/ashley.akamine/rampagingRoombas/turtlebot4_ws/install/custom_interfaces/include/custom_interfaces/custom_interfaces/action/detail/robot_goal__functions.h
[0.929s] -- Up-to-date: /home/ashley.akamine/rampagingRoombas/turtlebot4_ws/install/custom_interfaces/include/custom_interfaces/custom_interfaces/action/detail/robot_goal__type_support.h
[0.929s] -- Up-to-date: /home/ashley.akamine/rampagingRoombas/turtlebot4_ws/install/custom_interfaces/include/custom_interfaces/custom_interfaces/srv
[0.929s] -- Up-to-date: /home/ashley.akamine/rampagingRoombas/turtlebot4_ws/install/custom_interfaces/include/custom_interfaces/custom_interfaces/srv/get_summary.h
[0.929s] -- Up-to-date: /home/ashley.akamine/rampagingRoombas/turtlebot4_ws/install/custom_interfaces/include/custom_interfaces/custom_interfaces/srv/detail
[0.929s] -- Up-to-date: /home/ashley.akamine/rampagingRoombas/turtlebot4_ws/install/custom_interfaces/include/custom_interfaces/custom_interfaces/srv/detail/get_summary__type_support.h
[0.929s] -- Up-to-date: /home/ashley.akamine/rampagingRoombas/turtlebot4_ws/install/custom_interfaces/include/custom_interfaces/custom_interfaces/srv/detail/get_summary__struct.h
[0.929s] -- Up-to-date: /home/ashley.akamine/rampagingRoombas/turtlebot4_ws/install/custom_interfaces/include/custom_interfaces/custom_interfaces/srv/detail/get_summary__functions.c
[0.929s] -- Up-to-date: /home/ashley.akamine/rampagingRoombas/turtlebot4_ws/install/custom_interfaces/include/custom_interfaces/custom_interfaces/srv/detail/get_summary__functions.h
[0.929s] -- Up-to-date: /home/ashley.akamine/rampagingRoombas/turtlebot4_ws/install/custom_interfaces/share/custom_interfaces/environment/library_path.sh
[0.929s] -- Up-to-date: /home/ashley.akamine/rampagingRoombas/turtlebot4_ws/install/custom_interfaces/share/custom_interfaces/environment/library_path.dsv
[0.932s] -- Up-to-date: /home/ashley.akamine/rampagingRoombas/turtlebot4_ws/install/custom_interfaces/lib/libcustom_interfaces__rosidl_generator_c.so
[0.932s] -- Up-to-date: /home/ashley.akamine/rampagingRoombas/turtlebot4_ws/install/custom_interfaces/include/custom_interfaces/custom_interfaces
[0.932s] -- Up-to-date: /home/ashley.akamine/rampagingRoombas/turtlebot4_ws/install/custom_interfaces/include/custom_interfaces/custom_interfaces/msg
[0.932s] -- Up-to-date: /home/ashley.akamine/rampagingRoombas/turtlebot4_ws/install/custom_interfaces/include/custom_interfaces/custom_interfaces/msg/rosidl_typesupport_fastrtps_c__visibility_control.h
[0.932s] -- Up-to-date: /home/ashley.akamine/rampagingRoombas/turtlebot4_ws/install/custom_interfaces/include/custom_interfaces/custom_interfaces/action
[0.932s] -- Up-to-date: /home/ashley.akamine/rampagingRoombas/turtlebot4_ws/install/custom_interfaces/include/custom_interfaces/custom_interfaces/action/detail
[0.932s] -- Up-to-date: /home/ashley.akamine/rampagingRoombas/turtlebot4_ws/install/custom_interfaces/include/custom_interfaces/custom_interfaces/action/detail/robot_goal__rosidl_typesupport_fastrtps_c.h
[0.932s] -- Up-to-date: /home/ashley.akamine/rampagingRoombas/turtlebot4_ws/install/custom_interfaces/include/custom_interfaces/custom_interfaces/srv
[0.932s] -- Up-to-date: /home/ashley.akamine/rampagingRoombas/turtlebot4_ws/install/custom_interfaces/include/custom_interfaces/custom_interfaces/srv/detail
[0.932s] -- Up-to-date: /home/ashley.akamine/rampagingRoombas/turtlebot4_ws/install/custom_interfaces/include/custom_interfaces/custom_interfaces/srv/detail/get_summary__rosidl_typesupport_fastrtps_c.h
[0.934s] -- Up-to-date: /home/ashley.akamine/rampagingRoombas/turtlebot4_ws/install/custom_interfaces/lib/libcustom_interfaces__rosidl_typesupport_fastrtps_c.so
[0.934s] -- Up-to-date: /home/ashley.akamine/rampagingRoombas/turtlebot4_ws/install/custom_interfaces/include/custom_interfaces/custom_interfaces
[0.934s] -- Up-to-date: /home/ashley.akamine/rampagingRoombas/turtlebot4_ws/install/custom_interfaces/include/custom_interfaces/custom_interfaces/msg
[0.934s] -- Up-to-date: /home/ashley.akamine/rampagingRoombas/turtlebot4_ws/install/custom_interfaces/include/custom_interfaces/custom_interfaces/msg/rosidl_typesupport_introspection_c__visibility_control.h
[0.934s] -- Up-to-date: /home/ashley.akamine/rampagingRoombas/turtlebot4_ws/install/custom_interfaces/include/custom_interfaces/custom_interfaces/action
[0.934s] -- Up-to-date: /home/ashley.akamine/rampagingRoombas/turtlebot4_ws/install/custom_interfaces/include/custom_interfaces/custom_interfaces/action/detail
[0.935s] -- Up-to-date: /home/ashley.akamine/rampagingRoombas/turtlebot4_ws/install/custom_interfaces/include/custom_interfaces/custom_interfaces/action/detail/robot_goal__rosidl_typesupport_introspection_c.h
[0.935s] -- Up-to-date: /home/ashley.akamine/rampagingRoombas/turtlebot4_ws/install/custom_interfaces/include/custom_interfaces/custom_interfaces/action/detail/robot_goal__type_support.c
[0.935s] -- Up-to-date: /home/ashley.akamine/rampagingRoombas/turtlebot4_ws/install/custom_interfaces/include/custom_interfaces/custom_interfaces/srv
[0.935s] -- Up-to-date: /home/ashley.akamine/rampagingRoombas/turtlebot4_ws/install/custom_interfaces/include/custom_interfaces/custom_interfaces/srv/detail
[0.935s] -- Up-to-date: /home/ashley.akamine/rampagingRoombas/turtlebot4_ws/install/custom_interfaces/include/custom_interfaces/custom_interfaces/srv/detail/get_summary__rosidl_typesupport_introspection_c.h
[0.935s] -- Up-to-date: /home/ashley.akamine/rampagingRoombas/turtlebot4_ws/install/custom_interfaces/include/custom_interfaces/custom_interfaces/srv/detail/get_summary__type_support.c
[0.936s] -- Up-to-date: /home/ashley.akamine/rampagingRoombas/turtlebot4_ws/install/custom_interfaces/lib/libcustom_interfaces__rosidl_typesupport_introspection_c.so
[0.938s] -- Up-to-date: /home/ashley.akamine/rampagingRoombas/turtlebot4_ws/install/custom_interfaces/lib/libcustom_interfaces__rosidl_typesupport_c.so
[0.938s] -- Up-to-date: /home/ashley.akamine/rampagingRoombas/turtlebot4_ws/install/custom_interfaces/include/custom_interfaces/custom_interfaces
[0.938s] -- Up-to-date: /home/ashley.akamine/rampagingRoombas/turtlebot4_ws/install/custom_interfaces/include/custom_interfaces/custom_interfaces/msg
[0.938s] -- Up-to-date: /home/ashley.akamine/rampagingRoombas/turtlebot4_ws/install/custom_interfaces/include/custom_interfaces/custom_interfaces/msg/rosidl_generator_cpp__visibility_control.hpp
[0.938s] -- Up-to-date: /home/ashley.akamine/rampagingRoombas/turtlebot4_ws/install/custom_interfaces/include/custom_interfaces/custom_interfaces/action
[0.938s] -- Up-to-date: /home/ashley.akamine/rampagingRoombas/turtlebot4_ws/install/custom_interfaces/include/custom_interfaces/custom_interfaces/action/robot_goal.hpp
[0.938s] -- Up-to-date: /home/ashley.akamine/rampagingRoombas/turtlebot4_ws/install/custom_interfaces/include/custom_interfaces/custom_interfaces/action/detail
[0.938s] -- Up-to-date: /home/ashley.akamine/rampagingRoombas/turtlebot4_ws/install/custom_interfaces/include/custom_interfaces/custom_interfaces/action/detail/robot_goal__builder.hpp
[0.938s] -- Up-to-date: /home/ashley.akamine/rampagingRoombas/turtlebot4_ws/install/custom_interfaces/include/custom_interfaces/custom_interfaces/action/detail/robot_goal__struct.hpp
[0.938s] -- Up-to-date: /home/ashley.akamine/rampagingRoombas/turtlebot4_ws/install/custom_interfaces/include/custom_interfaces/custom_interfaces/action/detail/robot_goal__type_support.hpp
[0.938s] -- Up-to-date: /home/ashley.akamine/rampagingRoombas/turtlebot4_ws/install/custom_interfaces/include/custom_interfaces/custom_interfaces/action/detail/robot_goal__traits.hpp
[0.939s] -- Up-to-date: /home/ashley.akamine/rampagingRoombas/turtlebot4_ws/install/custom_interfaces/include/custom_interfaces/custom_interfaces/srv
[0.939s] -- Up-to-date: /home/ashley.akamine/rampagingRoombas/turtlebot4_ws/install/custom_interfaces/include/custom_interfaces/custom_interfaces/srv/get_summary.hpp
[0.939s] -- Up-to-date: /home/ashley.akamine/rampagingRoombas/turtlebot4_ws/install/custom_interfaces/include/custom_interfaces/custom_interfaces/srv/detail
[0.939s] -- Up-to-date: /home/ashley.akamine/rampagingRoombas/turtlebot4_ws/install/custom_interfaces/include/custom_interfaces/custom_interfaces/srv/detail/get_summary__traits.hpp
[0.939s] -- Up-to-date: /home/ashley.akamine/rampagingRoombas/turtlebot4_ws/install/custom_interfaces/include/custom_interfaces/custom_interfaces/srv/detail/get_summary__type_support.hpp
[0.939s] -- Up-to-date: /home/ashley.akamine/rampagingRoombas/turtlebot4_ws/install/custom_interfaces/include/custom_interfaces/custom_interfaces/srv/detail/get_summary__builder.hpp
[0.939s] -- Up-to-date: /home/ashley.akamine/rampagingRoombas/turtlebot4_ws/install/custom_interfaces/include/custom_interfaces/custom_interfaces/srv/detail/get_summary__struct.hpp
[0.939s] -- Up-to-date: /home/ashley.akamine/rampagingRoombas/turtlebot4_ws/install/custom_interfaces/include/custom_interfaces/custom_interfaces
[0.939s] -- Up-to-date: /home/ashley.akamine/rampagingRoombas/turtlebot4_ws/install/custom_interfaces/include/custom_interfaces/custom_interfaces/msg
[0.939s] -- Up-to-date: /home/ashley.akamine/rampagingRoombas/turtlebot4_ws/install/custom_interfaces/include/custom_interfaces/custom_interfaces/msg/rosidl_typesupport_fastrtps_cpp__visibility_control.h
[0.939s] -- Up-to-date: /home/ashley.akamine/rampagingRoombas/turtlebot4_ws/install/custom_interfaces/include/custom_interfaces/custom_interfaces/action
[0.939s] -- Up-to-date: /home/ashley.akamine/rampagingRoombas/turtlebot4_ws/install/custom_interfaces/include/custom_interfaces/custom_interfaces/action/detail
[0.939s] -- Up-to-date: /home/ashley.akamine/rampagingRoombas/turtlebot4_ws/install/custom_interfaces/include/custom_interfaces/custom_interfaces/action/detail/dds_fastrtps
[0.939s] -- Up-to-date: /home/ashley.akamine/rampagingRoombas/turtlebot4_ws/install/custom_interfaces/include/custom_interfaces/custom_interfaces/action/detail/robot_goal__rosidl_typesupport_fastrtps_cpp.hpp
[0.939s] -- Up-to-date: /home/ashley.akamine/rampagingRoombas/turtlebot4_ws/install/custom_interfaces/include/custom_interfaces/custom_interfaces/srv
[0.939s] -- Up-to-date: /home/ashley.akamine/rampagingRoombas/turtlebot4_ws/install/custom_interfaces/include/custom_interfaces/custom_interfaces/srv/detail
[0.939s] -- Up-to-date: /home/ashley.akamine/rampagingRoombas/turtlebot4_ws/install/custom_interfaces/include/custom_interfaces/custom_interfaces/srv/detail/get_summary__rosidl_typesupport_fastrtps_cpp.hpp
[0.939s] -- Up-to-date: /home/ashley.akamine/rampagingRoombas/turtlebot4_ws/install/custom_interfaces/include/custom_interfaces/custom_interfaces/srv/detail/dds_fastrtps
[0.942s] -- Up-to-date: /home/ashley.akamine/rampagingRoombas/turtlebot4_ws/install/custom_interfaces/lib/libcustom_interfaces__rosidl_typesupport_fastrtps_cpp.so
[0.942s] -- Up-to-date: /home/ashley.akamine/rampagingRoombas/turtlebot4_ws/install/custom_interfaces/include/custom_interfaces/custom_interfaces
[0.942s] -- Up-to-date: /home/ashley.akamine/rampagingRoombas/turtlebot4_ws/install/custom_interfaces/include/custom_interfaces/custom_interfaces/action
[0.942s] -- Up-to-date: /home/ashley.akamine/rampagingRoombas/turtlebot4_ws/install/custom_interfaces/include/custom_interfaces/custom_interfaces/action/detail
[0.942s] -- Up-to-date: /home/ashley.akamine/rampagingRoombas/turtlebot4_ws/install/custom_interfaces/include/custom_interfaces/custom_interfaces/action/detail/robot_goal__rosidl_typesupport_introspection_cpp.hpp
[0.942s] -- Up-to-date: /home/ashley.akamine/rampagingRoombas/turtlebot4_ws/install/custom_interfaces/include/custom_interfaces/custom_interfaces/action/detail/robot_goal__type_support.cpp
[0.942s] -- Up-to-date: /home/ashley.akamine/rampagingRoombas/turtlebot4_ws/install/custom_interfaces/include/custom_interfaces/custom_interfaces/srv
[0.942s] -- Up-to-date: /home/ashley.akamine/rampagingRoombas/turtlebot4_ws/install/custom_interfaces/include/custom_interfaces/custom_interfaces/srv/detail
[0.942s] -- Up-to-date: /home/ashley.akamine/rampagingRoombas/turtlebot4_ws/install/custom_interfaces/include/custom_interfaces/custom_interfaces/srv/detail/get_summary__type_support.cpp
[0.942s] -- Up-to-date: /home/ashley.akamine/rampagingRoombas/turtlebot4_ws/install/custom_interfaces/include/custom_interfaces/custom_interfaces/srv/detail/get_summary__rosidl_typesupport_introspection_cpp.hpp
[0.945s] -- Up-to-date: /home/ashley.akamine/rampagingRoombas/turtlebot4_ws/install/custom_interfaces/lib/libcustom_interfaces__rosidl_typesupport_introspection_cpp.so
[0.946s] -- Up-to-date: /home/ashley.akamine/rampagingRoombas/turtlebot4_ws/install/custom_interfaces/lib/libcustom_interfaces__rosidl_typesupport_cpp.so
[0.946s] -- Up-to-date: /home/ashley.akamine/rampagingRoombas/turtlebot4_ws/install/custom_interfaces/share/custom_interfaces/environment/pythonpath.sh
[0.947s] -- Up-to-date: /home/ashley.akamine/rampagingRoombas/turtlebot4_ws/install/custom_interfaces/share/custom_interfaces/environment/pythonpath.dsv
[0.947s] -- Up-to-date: /home/ashley.akamine/rampagingRoombas/turtlebot4_ws/install/custom_interfaces/local/lib/python3.10/dist-packages/custom_interfaces-0.0.0-py3.10.egg-info
[0.947s] -- Installing: /home/ashley.akamine/rampagingRoombas/turtlebot4_ws/install/custom_interfaces/local/lib/python3.10/dist-packages/custom_interfaces-0.0.0-py3.10.egg-info/SOURCES.txt
[0.947s] -- Installing: /home/ashley.akamine/rampagingRoombas/turtlebot4_ws/install/custom_interfaces/local/lib/python3.10/dist-packages/custom_interfaces-0.0.0-py3.10.egg-info/PKG-INFO
[0.948s] -- Installing: /home/ashley.akamine/rampagingRoombas/turtlebot4_ws/install/custom_interfaces/local/lib/python3.10/dist-packages/custom_interfaces-0.0.0-py3.10.egg-info/top_level.txt
[0.948s] -- Installing: /home/ashley.akamine/rampagingRoombas/turtlebot4_ws/install/custom_interfaces/local/lib/python3.10/dist-packages/custom_interfaces-0.0.0-py3.10.egg-info/dependency_links.txt
[0.949s] -- Up-to-date: /home/ashley.akamine/rampagingRoombas/turtlebot4_ws/install/custom_interfaces/local/lib/python3.10/dist-packages/custom_interfaces
[0.949s] -- Up-to-date: /home/ashley.akamine/rampagingRoombas/turtlebot4_ws/install/custom_interfaces/local/lib/python3.10/dist-packages/custom_interfaces/_custom_interfaces_s.ep.rosidl_typesupport_fastrtps_c.c
[0.949s] -- Up-to-date: /home/ashley.akamine/rampagingRoombas/turtlebot4_ws/install/custom_interfaces/local/lib/python3.10/dist-packages/custom_interfaces/custom_interfaces_s__rosidl_typesupport_fastrtps_c.cpython-310-x86_64-linux-gnu.so
[0.949s] -- Up-to-date: /home/ashley.akamine/rampagingRoombas/turtlebot4_ws/install/custom_interfaces/local/lib/python3.10/dist-packages/custom_interfaces/__init__.py
[0.950s] -- Up-to-date: /home/ashley.akamine/rampagingRoombas/turtlebot4_ws/install/custom_interfaces/local/lib/python3.10/dist-packages/custom_interfaces/_custom_interfaces_s.ep.rosidl_typesupport_introspection_c.c
[0.950s] -- Up-to-date: /home/ashley.akamine/rampagingRoombas/turtlebot4_ws/install/custom_interfaces/local/lib/python3.10/dist-packages/custom_interfaces/custom_interfaces_s__rosidl_typesupport_c.cpython-310-x86_64-linux-gnu.so
[0.950s] -- Up-to-date: /home/ashley.akamine/rampagingRoombas/turtlebot4_ws/install/custom_interfaces/local/lib/python3.10/dist-packages/custom_interfaces/_custom_interfaces_s.ep.rosidl_typesupport_c.c
[0.950s] -- Up-to-date: /home/ashley.akamine/rampagingRoombas/turtlebot4_ws/install/custom_interfaces/local/lib/python3.10/dist-packages/custom_interfaces/libcustom_interfaces__rosidl_generator_py.so
[0.950s] -- Up-to-date: /home/ashley.akamine/rampagingRoombas/turtlebot4_ws/install/custom_interfaces/local/lib/python3.10/dist-packages/custom_interfaces/action
[0.950s] -- Up-to-date: /home/ashley.akamine/rampagingRoombas/turtlebot4_ws/install/custom_interfaces/local/lib/python3.10/dist-packages/custom_interfaces/action/__init__.py
[0.950s] -- Up-to-date: /home/ashley.akamine/rampagingRoombas/turtlebot4_ws/install/custom_interfaces/local/lib/python3.10/dist-packages/custom_interfaces/action/_robot_goal_s.c
[0.950s] -- Up-to-date: /home/ashley.akamine/rampagingRoombas/turtlebot4_ws/install/custom_interfaces/local/lib/python3.10/dist-packages/custom_interfaces/action/_robot_goal.py
[0.950s] -- Up-to-date: /home/ashley.akamine/rampagingRoombas/turtlebot4_ws/install/custom_interfaces/local/lib/python3.10/dist-packages/custom_interfaces/custom_interfaces_s__rosidl_typesupport_introspection_c.cpython-310-x86_64-linux-gnu.so
[0.950s] -- Up-to-date: /home/ashley.akamine/rampagingRoombas/turtlebot4_ws/install/custom_interfaces/local/lib/python3.10/dist-packages/custom_interfaces/srv
[0.950s] -- Up-to-date: /home/ashley.akamine/rampagingRoombas/turtlebot4_ws/install/custom_interfaces/local/lib/python3.10/dist-packages/custom_interfaces/srv/_get_summary.py
[0.950s] -- Up-to-date: /home/ashley.akamine/rampagingRoombas/turtlebot4_ws/install/custom_interfaces/local/lib/python3.10/dist-packages/custom_interfaces/srv/_get_summary_s.c
[0.950s] -- Up-to-date: /home/ashley.akamine/rampagingRoombas/turtlebot4_ws/install/custom_interfaces/local/lib/python3.10/dist-packages/custom_interfaces/srv/__init__.py
[0.988s] Listing '/home/ashley.akamine/rampagingRoombas/turtlebot4_ws/install/custom_interfaces/local/lib/python3.10/dist-packages/custom_interfaces'...
[0.988s] Listing '/home/ashley.akamine/rampagingRoombas/turtlebot4_ws/install/custom_interfaces/local/lib/python3.10/dist-packages/custom_interfaces/action'...
[0.989s] Listing '/home/ashley.akamine/rampagingRoombas/turtlebot4_ws/install/custom_interfaces/local/lib/python3.10/dist-packages/custom_interfaces/srv'...
[0.993s] -- Up-to-date: /home/ashley.akamine/rampagingRoombas/turtlebot4_ws/install/custom_interfaces/local/lib/python3.10/dist-packages/custom_interfaces/custom_interfaces_s__rosidl_typesupport_fastrtps_c.cpython-310-x86_64-linux-gnu.so
[0.996s] -- Up-to-date: /home/ashley.akamine/rampagingRoombas/turtlebot4_ws/install/custom_interfaces/local/lib/python3.10/dist-packages/custom_interfaces/custom_interfaces_s__rosidl_typesupport_introspection_c.cpython-310-x86_64-linux-gnu.so
[0.998s] -- Up-to-date: /home/ashley.akamine/rampagingRoombas/turtlebot4_ws/install/custom_interfaces/local/lib/python3.10/dist-packages/custom_interfaces/custom_interfaces_s__rosidl_typesupport_c.cpython-310-x86_64-linux-gnu.so
[1.000s] -- Up-to-date: /home/ashley.akamine/rampagingRoombas/turtlebot4_ws/install/custom_interfaces/lib/libcustom_interfaces__rosidl_generator_py.so
[1.000s] -- Up-to-date: /home/ashley.akamine/rampagingRoombas/turtlebot4_ws/install/custom_interfaces/share/custom_interfaces/srv/GetSummary.idl
[1.000s] -- Up-to-date: /home/ashley.akamine/rampagingRoombas/turtlebot4_ws/install/custom_interfaces/share/custom_interfaces/action/RobotGoal.idl
[1.000s] -- Up-to-date: /home/ashley.akamine/rampagingRoombas/turtlebot4_ws/install/custom_interfaces/share/custom_interfaces/srv/GetSummary.srv
[1.000s] -- Up-to-date: /home/ashley.akamine/rampagingRoombas/turtlebot4_ws/install/custom_interfaces/share/custom_interfaces/srv/GetSummary_Request.msg
[1.000s] -- Up-to-date: /home/ashley.akamine/rampagingRoombas/turtlebot4_ws/install/custom_interfaces/share/custom_interfaces/srv/GetSummary_Response.msg
[1.000s] -- Up-to-date: /home/ashley.akamine/rampagingRoombas/turtlebot4_ws/install/custom_interfaces/share/custom_interfaces/action/RobotGoal.action
[1.000s] -- Up-to-date: /home/ashley.akamine/rampagingRoombas/turtlebot4_ws/install/custom_interfaces/share/ament_index/resource_index/package_run_dependencies/custom_interfaces
[1.000s] -- Up-to-date: /home/ashley.akamine/rampagingRoombas/turtlebot4_ws/install/custom_interfaces/share/ament_index/resource_index/parent_prefix_path/custom_interfaces
[1.001s] -- Up-to-date: /home/ashley.akamine/rampagingRoombas/turtlebot4_ws/install/custom_interfaces/share/custom_interfaces/environment/ament_prefix_path.sh
[1.001s] -- Up-to-date: /home/ashley.akamine/rampagingRoombas/turtlebot4_ws/install/custom_interfaces/share/custom_interfaces/environment/ament_prefix_path.dsv
[1.001s] -- Up-to-date: /home/ashley.akamine/rampagingRoombas/turtlebot4_ws/install/custom_interfaces/share/custom_interfaces/environment/path.sh
[1.001s] -- Up-to-date: /home/ashley.akamine/rampagingRoombas/turtlebot4_ws/install/custom_interfaces/share/custom_interfaces/environment/path.dsv
[1.001s] -- Up-to-date: /home/ashley.akamine/rampagingRoombas/turtlebot4_ws/install/custom_interfaces/share/custom_interfaces/local_setup.bash
[1.001s] -- Up-to-date: /home/ashley.akamine/rampagingRoombas/turtlebot4_ws/install/custom_interfaces/share/custom_interfaces/local_setup.sh
[1.001s] -- Up-to-date: /home/ashley.akamine/rampagingRoombas/turtlebot4_ws/install/custom_interfaces/share/custom_interfaces/local_setup.zsh
[1.001s] -- Up-to-date: /home/ashley.akamine/rampagingRoombas/turtlebot4_ws/install/custom_interfaces/share/custom_interfaces/local_setup.dsv
[1.001s] -- Installing: /home/ashley.akamine/rampagingRoombas/turtlebot4_ws/install/custom_interfaces/share/custom_interfaces/package.dsv
[1.002s] -- Up-to-date: /home/ashley.akamine/rampagingRoombas/turtlebot4_ws/install/custom_interfaces/share/ament_index/resource_index/packages/custom_interfaces
[1.030s] -- Up-to-date: /home/ashley.akamine/rampagingRoombas/turtlebot4_ws/install/custom_interfaces/share/custom_interfaces/cmake/export_custom_interfaces__rosidl_generator_cExport.cmake
[1.030s] -- Up-to-date: /home/ashley.akamine/rampagingRoombas/turtlebot4_ws/install/custom_interfaces/share/custom_interfaces/cmake/export_custom_interfaces__rosidl_generator_cExport-noconfig.cmake
[1.065s] -- Up-to-date: /home/ashley.akamine/rampagingRoombas/turtlebot4_ws/install/custom_interfaces/share/custom_interfaces/cmake/export_custom_interfaces__rosidl_typesupport_fastrtps_cExport.cmake
[1.065s] -- Up-to-date: /home/ashley.akamine/rampagingRoombas/turtlebot4_ws/install/custom_interfaces/share/custom_interfaces/cmake/export_custom_interfaces__rosidl_typesupport_fastrtps_cExport-noconfig.cmake
[1.097s] -- Up-to-date: /home/ashley.akamine/rampagingRoombas/turtlebot4_ws/install/custom_interfaces/share/custom_interfaces/cmake/custom_interfaces__rosidl_typesupport_introspection_cExport.cmake
[1.098s] -- Up-to-date: /home/ashley.akamine/rampagingRoombas/turtlebot4_ws/install/custom_interfaces/share/custom_interfaces/cmake/custom_interfaces__rosidl_typesupport_introspection_cExport-noconfig.cmake
[1.134s] -- Up-to-date: /home/ashley.akamine/rampagingRoombas/turtlebot4_ws/install/custom_interfaces/share/custom_interfaces/cmake/custom_interfaces__rosidl_typesupport_cExport.cmake
[1.135s] -- Up-to-date: /home/ashley.akamine/rampagingRoombas/turtlebot4_ws/install/custom_interfaces/share/custom_interfaces/cmake/custom_interfaces__rosidl_typesupport_cExport-noconfig.cmake
[1.160s] -- Up-to-date: /home/ashley.akamine/rampagingRoombas/turtlebot4_ws/install/custom_interfaces/share/custom_interfaces/cmake/export_custom_interfaces__rosidl_generator_cppExport.cmake
[1.190s] -- Up-to-date: /home/ashley.akamine/rampagingRoombas/turtlebot4_ws/install/custom_interfaces/share/custom_interfaces/cmake/export_custom_interfaces__rosidl_typesupport_fastrtps_cppExport.cmake
[1.190s] -- Up-to-date: /home/ashley.akamine/rampagingRoombas/turtlebot4_ws/install/custom_interfaces/share/custom_interfaces/cmake/export_custom_interfaces__rosidl_typesupport_fastrtps_cppExport-noconfig.cmake
[1.229s] -- Up-to-date: /home/ashley.akamine/rampagingRoombas/turtlebot4_ws/install/custom_interfaces/share/custom_interfaces/cmake/custom_interfaces__rosidl_typesupport_introspection_cppExport.cmake
[1.229s] -- Up-to-date: /home/ashley.akamine/rampagingRoombas/turtlebot4_ws/install/custom_interfaces/share/custom_interfaces/cmake/custom_interfaces__rosidl_typesupport_introspection_cppExport-noconfig.cmake
[1.268s] -- Up-to-date: /home/ashley.akamine/rampagingRoombas/turtlebot4_ws/install/custom_interfaces/share/custom_interfaces/cmake/custom_interfaces__rosidl_typesupport_cppExport.cmake
[1.268s] -- Up-to-date: /home/ashley.akamine/rampagingRoombas/turtlebot4_ws/install/custom_interfaces/share/custom_interfaces/cmake/custom_interfaces__rosidl_typesupport_cppExport-noconfig.cmake
[1.297s] -- Up-to-date: /home/ashley.akamine/rampagingRoombas/turtlebot4_ws/install/custom_interfaces/share/custom_interfaces/cmake/export_custom_interfaces__rosidl_generator_pyExport.cmake
[1.297s] -- Up-to-date: /home/ashley.akamine/rampagingRoombas/turtlebot4_ws/install/custom_interfaces/share/custom_interfaces/cmake/export_custom_interfaces__rosidl_generator_pyExport-noconfig.cmake
[1.297s] -- Up-to-date: /home/ashley.akamine/rampagingRoombas/turtlebot4_ws/install/custom_interfaces/share/custom_interfaces/cmake/rosidl_cmake-extras.cmake
[1.297s] -- Up-to-date: /home/ashley.akamine/rampagingRoombas/turtlebot4_ws/install/custom_interfaces/share/custom_interfaces/cmake/ament_cmake_export_dependencies-extras.cmake
[1.297s] -- Up-to-date: /home/ashley.akamine/rampagingRoombas/turtlebot4_ws/install/custom_interfaces/share/custom_interfaces/cmake/ament_cmake_export_include_directories-extras.cmake
[1.297s] -- Up-to-date: /home/ashley.akamine/rampagingRoombas/turtlebot4_ws/install/custom_interfaces/share/custom_interfaces/cmake/ament_cmake_export_libraries-extras.cmake
[1.297s] -- Up-to-date: /home/ashley.akamine/rampagingRoombas/turtlebot4_ws/install/custom_interfaces/share/custom_interfaces/cmake/ament_cmake_export_targets-extras.cmake
[1.297s] -- Up-to-date: /home/ashley.akamine/rampagingRoombas/turtlebot4_ws/install/custom_interfaces/share/custom_interfaces/cmake/rosidl_cmake_export_typesupport_targets-extras.cmake
[1.297s] -- Up-to-date: /home/ashley.akamine/rampagingRoombas/turtlebot4_ws/install/custom_interfaces/share/custom_interfaces/cmake/rosidl_cmake_export_typesupport_libraries-extras.cmake
[1.297s] -- Up-to-date: /home/ashley.akamine/rampagingRoombas/turtlebot4_ws/install/custom_interfaces/share/custom_interfaces/cmake/custom_interfacesConfig.cmake
[1.297s] -- Up-to-date: /home/ashley.akamine/rampagingRoombas/turtlebot4_ws/install/custom_interfaces/share/custom_interfaces/cmake/custom_interfacesConfig-version.cmake
[1.297s] -- Up-to-date: /home/ashley.akamine/rampagingRoombas/turtlebot4_ws/install/custom_interfaces/share/custom_interfaces/package.xml
[1.311s] Invoked command in '/home/ashley.akamine/rampagingRoombas/turtlebot4_ws/build/custom_interfaces' returned '0': CMAKE_PREFIX_PATH=${CMAKE_PREFIX_PATH}:/home/ashley.akamine/rampagingRoombas/turtlebot4_ws/install/lab6_pkg:/home/ashley.akamine/rampagingRoombas/turtlebot4_ws/install/lab5_pkg:/home/ashley.akamine/rampagingRoombas/turtlebot4_ws/install/lab3_pkg:/home/ashley.akamine/rampagingRoombas/turtlebot4_ws/install/lab2_pkg:/home/ashley.akamine/rampagingRoombas/turtlebot4_ws/install/lab1_pkg:/home/ashley.akamine/inclass_ws/install/chatroom_pkg:/home/ashley.akamine/inclass_ws/install/cat_nap:/opt/ros/humble /usr/bin/cmake --install /home/ashley.akamine/rampagingRoombas/turtlebot4_ws/build/custom_interfaces
