[0.000000] (-) TimerEvent: {}
[0.000192] (lab1_pkg) JobQueued: {'identifier': 'lab1_pkg', 'dependencies': OrderedDict()}
[0.000231] (lab2_pkg) JobQueued: {'identifier': 'lab2_pkg', 'dependencies': OrderedDict()}
[0.000246] (lab1_pkg) JobStarted: {'identifier': 'lab1_pkg'}
[0.004681] (lab2_pkg) JobStarted: {'identifier': 'lab2_pkg'}
[0.099462] (-) TimerEvent: {}
[0.199640] (-) TimerEvent: {}
[0.299848] (-) TimerEvent: {}
[0.400089] (-) TimerEvent: {}
[0.500316] (-) TimerEvent: {}
[0.598452] (lab1_pkg) Command: {'cmd': ['/usr/bin/python3', '-W', 'ignore:setup.py install is deprecated', '-W', 'ignore:easy_install command is deprecated', 'setup.py', 'egg_info', '--egg-base', '../../build/lab1_pkg', 'build', '--build-base', '/home/ashley.akamine/rampagingRoombas/turtlebot4_ws/build/lab1_pkg/build', 'install', '--record', '/home/ashley.akamine/rampagingRoombas/turtlebot4_ws/build/lab1_pkg/install.log', '--single-version-externally-managed', 'install_data'], 'cwd': '/home/ashley.akamine/rampagingRoombas/turtlebot4_ws/src/lab1_pkg', 'env': {'USER': 'ashley.akamine', 'XDG_SESSION_TYPE': 'wayland', 'SHLVL': '1', 'OLDPWD': '/home/ashley.akamine/rampagingRoombas/turtlebot4_ws', 'HOME': '/home/ashley.akamine', 'DESKTOP_SESSION': 'ubuntu', 'GTK_MODULES': 'gail:atk-bridge', 'GNOME_SHELL_SESSION_MODE': 'ubuntu', 'SYSTEMD_EXEC_PID': '504765', 'DBUS_SESSION_BUS_ADDRESS': 'unix:path=/run/user/481844462/bus,guid=a58d7046003313697ecb046267c20015', 'DBUS_STARTER_BUS_TYPE': 'session', 'COLORTERM': 'truecolor', 'CONDA_CHANGEPS1': 'no', 'WAYLAND_DISPLAY': 'wayland-0', 'LOGNAME': 'ashley.akamine', '_': '/usr/bin/colcon', 'XDG_SESSION_CLASS': 'user', 'USERNAME': 'ashley.akamine', 'TERM': 'xterm-256color', 'PROMPT_EOL_MARK': '', 'GNOME_DESKTOP_SESSION_ID': 'this-is-deprecated', 'PATH': '/usr/local/sbin:/usr/local/bin:/usr/sbin:/usr/bin:/sbin:/bin:/usr/games:/usr/local/games:/snap/bin:/snap/bin', 'SESSION_MANAGER': 'local/csci20145:@/tmp/.ICE-unix/504765,unix/csci20145:/tmp/.ICE-unix/504765', 'GNOME_TERMINAL_SCREEN': '/org/gnome/Terminal/screen/b93d5ea5_9b69_41e8_b455_13d981c6b791', 'XDG_MENU_PREFIX': 'gnome-', 'GNOME_SETUP_DISPLAY': ':3', 'XDG_RUNTIME_DIR': '/run/user/481844462', 'DISPLAY': ':2', 'LANG': 'en_US.UTF-8', 'XDG_CURRENT_DESKTOP': 'ubuntu:GNOME', 'XDG_SESSION_DESKTOP': 'ubuntu', 'GNOME_TERMINAL_SERVICE': ':1.221', 'XMODIFIERS': '@im=ibus', 'XAUTHORITY': '/run/user/481844462/.mutter-Xwaylandauth.WYMM22', 'SSH_AUTH_SOCK': '/run/user/481844462/keyring/ssh', 'SSH_AGENT_LAUNCHER': 'gnome-keyring', 'KRB5CCNAME': 'FILE:/tmp/krb5cc_481844462_Cp75Sk', 'SHELL': '/bin/zsh', 'QT_ACCESSIBILITY': '1', 'GDMSESSION': 'ubuntu', 'QT_IM_MODULE': 'ibus', 'PWD': '/home/ashley.akamine/rampagingRoombas/turtlebot4_ws/build/lab1_pkg', 'XDG_DATA_DIRS': '/usr/local/share/:/usr/share/:/var/lib/snapd/desktop', 'DBUS_STARTER_ADDRESS': 'unix:path=/run/user/481844462/bus,guid=a58d7046003313697ecb046267c20015', 'VIRTUAL_ENV_DISABLE_PROMPT': '12', 'COLCON': '1', 'VTE_VERSION': '6800', 'PYTHONPATH': '/home/ashley.akamine/rampagingRoombas/turtlebot4_ws/build/lab1_pkg/prefix_override:/usr/lib/python3/dist-packages/colcon_core/task/python/colcon_distutils_commands:/home/ashley.akamine/rampagingRoombas/turtlebot4_ws/install/lab1_pkg/lib/python3.10/site-packages:'}, 'shell': False}
[0.601642] (-) TimerEvent: {}
[0.601832] (lab2_pkg) Command: {'cmd': ['/usr/bin/python3', '-W', 'ignore:setup.py install is deprecated', '-W', 'ignore:easy_install command is deprecated', 'setup.py', 'egg_info', '--egg-base', '../../build/lab2_pkg', 'build', '--build-base', '/home/ashley.akamine/rampagingRoombas/turtlebot4_ws/build/lab2_pkg/build', 'install', '--record', '/home/ashley.akamine/rampagingRoombas/turtlebot4_ws/build/lab2_pkg/install.log', '--single-version-externally-managed', 'install_data'], 'cwd': '/home/ashley.akamine/rampagingRoombas/turtlebot4_ws/src/lab2_pkg', 'env': {'USER': 'ashley.akamine', 'XDG_SESSION_TYPE': 'wayland', 'SHLVL': '1', 'OLDPWD': '/home/ashley.akamine/rampagingRoombas/turtlebot4_ws', 'HOME': '/home/ashley.akamine', 'DESKTOP_SESSION': 'ubuntu', 'GTK_MODULES': 'gail:atk-bridge', 'GNOME_SHELL_SESSION_MODE': 'ubuntu', 'SYSTEMD_EXEC_PID': '504765', 'DBUS_SESSION_BUS_ADDRESS': 'unix:path=/run/user/481844462/bus,guid=a58d7046003313697ecb046267c20015', 'DBUS_STARTER_BUS_TYPE': 'session', 'COLORTERM': 'truecolor', 'CONDA_CHANGEPS1': 'no', 'WAYLAND_DISPLAY': 'wayland-0', 'LOGNAME': 'ashley.akamine', '_': '/usr/bin/colcon', 'XDG_SESSION_CLASS': 'user', 'USERNAME': 'ashley.akamine', 'TERM': 'xterm-256color', 'PROMPT_EOL_MARK': '', 'GNOME_DESKTOP_SESSION_ID': 'this-is-deprecated', 'PATH': '/usr/local/sbin:/usr/local/bin:/usr/sbin:/usr/bin:/sbin:/bin:/usr/games:/usr/local/games:/snap/bin:/snap/bin', 'SESSION_MANAGER': 'local/csci20145:@/tmp/.ICE-unix/504765,unix/csci20145:/tmp/.ICE-unix/504765', 'GNOME_TERMINAL_SCREEN': '/org/gnome/Terminal/screen/b93d5ea5_9b69_41e8_b455_13d981c6b791', 'XDG_MENU_PREFIX': 'gnome-', 'GNOME_SETUP_DISPLAY': ':3', 'XDG_RUNTIME_DIR': '/run/user/481844462', 'DISPLAY': ':2', 'LANG': 'en_US.UTF-8', 'XDG_CURRENT_DESKTOP': 'ubuntu:GNOME', 'XDG_SESSION_DESKTOP': 'ubuntu', 'GNOME_TERMINAL_SERVICE': ':1.221', 'XMODIFIERS': '@im=ibus', 'XAUTHORITY': '/run/user/481844462/.mutter-Xwaylandauth.WYMM22', 'SSH_AUTH_SOCK': '/run/user/481844462/keyring/ssh', 'SSH_AGENT_LAUNCHER': 'gnome-keyring', 'KRB5CCNAME': 'FILE:/tmp/krb5cc_481844462_Cp75Sk', 'SHELL': '/bin/zsh', 'QT_ACCESSIBILITY': '1', 'GDMSESSION': 'ubuntu', 'QT_IM_MODULE': 'ibus', 'PWD': '/home/ashley.akamine/rampagingRoombas/turtlebot4_ws/build/lab2_pkg', 'XDG_DATA_DIRS': '/usr/local/share/:/usr/share/:/var/lib/snapd/desktop', 'DBUS_STARTER_ADDRESS': 'unix:path=/run/user/481844462/bus,guid=a58d7046003313697ecb046267c20015', 'VIRTUAL_ENV_DISABLE_PROMPT': '12', 'COLCON': '1', 'VTE_VERSION': '6800', 'PYTHONPATH': '/home/ashley.akamine/rampagingRoombas/turtlebot4_ws/build/lab2_pkg/prefix_override:/usr/lib/python3/dist-packages/colcon_core/task/python/colcon_distutils_commands:/home/ashley.akamine/rampagingRoombas/turtlebot4_ws/install/lab2_pkg/lib/python3.10/site-packages:'}, 'shell': False}
[0.701724] (-) TimerEvent: {}
[0.751228] (lab1_pkg) StdoutLine: {'line': b'running egg_info\n'}
[0.751704] (lab1_pkg) StdoutLine: {'line': b'writing ../../build/lab1_pkg/lab1_pkg.egg-info/PKG-INFO\n'}
[0.751843] (lab2_pkg) StdoutLine: {'line': b'running egg_info\n'}
[0.751928] (lab1_pkg) StdoutLine: {'line': b'writing dependency_links to ../../build/lab1_pkg/lab1_pkg.egg-info/dependency_links.txt\n'}
[0.752012] (lab1_pkg) StdoutLine: {'line': b'writing entry points to ../../build/lab1_pkg/lab1_pkg.egg-info/entry_points.txt\n'}
[0.752084] (lab1_pkg) StdoutLine: {'line': b'writing requirements to ../../build/lab1_pkg/lab1_pkg.egg-info/requires.txt\n'}
[0.752165] (lab1_pkg) StdoutLine: {'line': b'writing top-level names to ../../build/lab1_pkg/lab1_pkg.egg-info/top_level.txt\n'}
[0.752424] (lab2_pkg) StdoutLine: {'line': b'writing ../../build/lab2_pkg/lab2_pkg.egg-info/PKG-INFO\n'}
[0.752591] (lab2_pkg) StdoutLine: {'line': b'writing dependency_links to ../../build/lab2_pkg/lab2_pkg.egg-info/dependency_links.txt\n'}
[0.752726] (lab2_pkg) StdoutLine: {'line': b'writing entry points to ../../build/lab2_pkg/lab2_pkg.egg-info/entry_points.txt\n'}
[0.752836] (lab2_pkg) StdoutLine: {'line': b'writing requirements to ../../build/lab2_pkg/lab2_pkg.egg-info/requires.txt\n'}
[0.752953] (lab2_pkg) StdoutLine: {'line': b'writing top-level names to ../../build/lab2_pkg/lab2_pkg.egg-info/top_level.txt\n'}
[0.753419] (lab1_pkg) StdoutLine: {'line': b"reading manifest file '../../build/lab1_pkg/lab1_pkg.egg-info/SOURCES.txt'\n"}
[0.754042] (lab1_pkg) StdoutLine: {'line': b"writing manifest file '../../build/lab1_pkg/lab1_pkg.egg-info/SOURCES.txt'\n"}
[0.754175] (lab1_pkg) StdoutLine: {'line': b'running build\n'}
[0.754245] (lab1_pkg) StdoutLine: {'line': b'running build_py\n'}
[0.754321] (lab1_pkg) StdoutLine: {'line': b'copying lab1_pkg/speed_behavior.py -> /home/ashley.akamine/rampagingRoombas/turtlebot4_ws/build/lab1_pkg/build/lib/lab1_pkg\n'}
[0.754403] (lab2_pkg) StdoutLine: {'line': b"reading manifest file '../../build/lab2_pkg/lab2_pkg.egg-info/SOURCES.txt'\n"}
[0.754639] (lab1_pkg) StdoutLine: {'line': b'running install\n'}
[0.754886] (lab2_pkg) StdoutLine: {'line': b"writing manifest file '../../build/lab2_pkg/lab2_pkg.egg-info/SOURCES.txt'\n"}
[0.754957] (lab1_pkg) StdoutLine: {'line': b'running install_lib\n'}
[0.755032] (lab2_pkg) StdoutLine: {'line': b'running build\n'}
[0.755083] (lab2_pkg) StdoutLine: {'line': b'running build_py\n'}
[0.755183] (lab2_pkg) StdoutLine: {'line': b'running install\n'}
[0.755369] (lab1_pkg) StdoutLine: {'line': b'copying /home/ashley.akamine/rampagingRoombas/turtlebot4_ws/build/lab1_pkg/build/lib/lab1_pkg/speed_behavior.py -> /home/ashley.akamine/rampagingRoombas/turtlebot4_ws/install/lab1_pkg/lib/python3.10/site-packages/lab1_pkg\n'}
[0.755493] (lab2_pkg) StdoutLine: {'line': b'running install_lib\n'}
[0.756227] (lab2_pkg) StdoutLine: {'line': b'running install_data\n'}
[0.756302] (lab2_pkg) StdoutLine: {'line': b'running install_egg_info\n'}
[0.756609] (lab1_pkg) StdoutLine: {'line': b'byte-compiling /home/ashley.akamine/rampagingRoombas/turtlebot4_ws/install/lab1_pkg/lib/python3.10/site-packages/lab1_pkg/speed_behavior.py to speed_behavior.cpython-310.pyc\n'}
[0.757614] (lab2_pkg) StdoutLine: {'line': b"removing '/home/ashley.akamine/rampagingRoombas/turtlebot4_ws/install/lab2_pkg/lib/python3.10/site-packages/lab2_pkg-0.0.0-py3.10.egg-info' (and everything under it)\n"}
[0.757800] (lab2_pkg) StdoutLine: {'line': b'Copying ../../build/lab2_pkg/lab2_pkg.egg-info to /home/ashley.akamine/rampagingRoombas/turtlebot4_ws/install/lab2_pkg/lib/python3.10/site-packages/lab2_pkg-0.0.0-py3.10.egg-info\n'}
[0.758003] (lab1_pkg) StdoutLine: {'line': b'running install_data\n'}
[0.758090] (lab1_pkg) StdoutLine: {'line': b'running install_egg_info\n'}
[0.758805] (lab2_pkg) StdoutLine: {'line': b'running install_scripts\n'}
[0.759522] (lab1_pkg) StdoutLine: {'line': b"removing '/home/ashley.akamine/rampagingRoombas/turtlebot4_ws/install/lab1_pkg/lib/python3.10/site-packages/lab1_pkg-0.0.0-py3.10.egg-info' (and everything under it)\n"}
[0.759756] (lab1_pkg) StdoutLine: {'line': b'Copying ../../build/lab1_pkg/lab1_pkg.egg-info to /home/ashley.akamine/rampagingRoombas/turtlebot4_ws/install/lab1_pkg/lib/python3.10/site-packages/lab1_pkg-0.0.0-py3.10.egg-info\n'}
[0.760759] (lab1_pkg) StdoutLine: {'line': b'running install_scripts\n'}
[0.774244] (lab2_pkg) StdoutLine: {'line': b'Installing speed_cap_obstacle_detect_node script to /home/ashley.akamine/rampagingRoombas/turtlebot4_ws/install/lab2_pkg/lib/lab2_pkg\n'}
[0.774706] (lab2_pkg) StdoutLine: {'line': b"writing list of installed files to '/home/ashley.akamine/rampagingRoombas/turtlebot4_ws/build/lab2_pkg/install.log'\n"}
[0.776080] (lab1_pkg) StdoutLine: {'line': b'Installing speed_behavior_node script to /home/ashley.akamine/rampagingRoombas/turtlebot4_ws/install/lab1_pkg/lib/lab1_pkg\n'}
[0.776461] (lab1_pkg) StdoutLine: {'line': b"writing list of installed files to '/home/ashley.akamine/rampagingRoombas/turtlebot4_ws/build/lab1_pkg/install.log'\n"}
[0.793141] (lab2_pkg) CommandEnded: {'returncode': 0}
[0.802114] (-) TimerEvent: {}
[0.802546] (lab2_pkg) JobEnded: {'identifier': 'lab2_pkg', 'rc': 0}
[0.803834] (lab1_pkg) CommandEnded: {'returncode': 0}
[0.809066] (lab1_pkg) JobEnded: {'identifier': 'lab1_pkg', 'rc': 0}
[0.809652] (-) EventReactorShutdown: {}
