[2.064s] Invoking command in '/home/ashley.akamine/rampagingRoombas/turtlebot4_ws/src/lab1_pkg': PYTHONPATH=/home/ashley.akamine/rampagingRoombas/turtlebot4_ws/build/lab1_pkg/prefix_override:/usr/lib/python3/dist-packages/colcon_core/task/python/colcon_distutils_commands:/home/ashley.akamine/rampagingRoombas/turtlebot4_ws/install/lab1_pkg/lib/python3.10/site-packages:${PYTHONPATH} /usr/bin/python3 -W ignore:setup.py install is deprecated -W ignore:easy_install command is deprecated setup.py egg_info --egg-base ../../build/lab1_pkg build --build-base /home/ashley.akamine/rampagingRoombas/turtlebot4_ws/build/lab1_pkg/build install --record /home/ashley.akamine/rampagingRoombas/turtlebot4_ws/build/lab1_pkg/install.log --single-version-externally-managed install_data
[2.296s] running egg_info
[2.297s] writing ../../build/lab1_pkg/lab1_pkg.egg-info/PKG-INFO
[2.298s] writing dependency_links to ../../build/lab1_pkg/lab1_pkg.egg-info/dependency_links.txt
[2.299s] writing entry points to ../../build/lab1_pkg/lab1_pkg.egg-info/entry_points.txt
[2.300s] writing requirements to ../../build/lab1_pkg/lab1_pkg.egg-info/requires.txt
[2.300s] writing top-level names to ../../build/lab1_pkg/lab1_pkg.egg-info/top_level.txt
[2.302s] reading manifest file '../../build/lab1_pkg/lab1_pkg.egg-info/SOURCES.txt'
[2.304s] writing manifest file '../../build/lab1_pkg/lab1_pkg.egg-info/SOURCES.txt'
[2.304s] running build
[2.304s] running build_py
[2.304s] running install
[2.304s] running install_lib
[2.306s] running install_data
[2.306s] running install_egg_info
[2.308s] removing '/home/ashley.akamine/rampagingRoombas/turtlebot4_ws/install/lab1_pkg/lib/python3.10/site-packages/lab1_pkg-0.0.0-py3.10.egg-info' (and everything under it)
[2.308s] Copying ../../build/lab1_pkg/lab1_pkg.egg-info to /home/ashley.akamine/rampagingRoombas/turtlebot4_ws/install/lab1_pkg/lib/python3.10/site-packages/lab1_pkg-0.0.0-py3.10.egg-info
[2.311s] running install_scripts
[2.329s] Installing speed_behavior_node script to /home/ashley.akamine/rampagingRoombas/turtlebot4_ws/install/lab1_pkg/lib/lab1_pkg
[2.331s] writing list of installed files to '/home/ashley.akamine/rampagingRoombas/turtlebot4_ws/build/lab1_pkg/install.log'
[2.443s] Invoked command in '/home/ashley.akamine/rampagingRoombas/turtlebot4_ws/src/lab1_pkg' returned '0': PYTHONPATH=/home/ashley.akamine/rampagingRoombas/turtlebot4_ws/build/lab1_pkg/prefix_override:/usr/lib/python3/dist-packages/colcon_core/task/python/colcon_distutils_commands:/home/ashley.akamine/rampagingRoombas/turtlebot4_ws/install/lab1_pkg/lib/python3.10/site-packages:${PYTHONPATH} /usr/bin/python3 -W ignore:setup.py install is deprecated -W ignore:easy_install command is deprecated setup.py egg_info --egg-base ../../build/lab1_pkg build --build-base /home/ashley.akamine/rampagingRoombas/turtlebot4_ws/build/lab1_pkg/build install --record /home/ashley.akamine/rampagingRoombas/turtlebot4_ws/build/lab1_pkg/install.log --single-version-externally-managed install_data
