[0.000000] (-) TimerEvent: {}
[0.000098] (lab1_pkg) JobQueued: {'identifier': 'lab1_pkg', 'dependencies': OrderedDict()}
[0.000119] (lab2_pkg) JobQueued: {'identifier': 'lab2_pkg', 'dependencies': OrderedDict()}
[0.000134] (lab1_pkg) JobStarted: {'identifier': 'lab1_pkg'}
[0.007344] (lab2_pkg) JobStarted: {'identifier': 'lab2_pkg'}
[0.099499] (-) TimerEvent: {}
[0.199691] (-) TimerEvent: {}
[0.299904] (-) TimerEvent: {}
[0.400113] (-) TimerEvent: {}
[0.500333] (-) TimerEvent: {}
[0.600549] (-) TimerEvent: {}
[0.700747] (-) TimerEvent: {}
[0.801026] (-) TimerEvent: {}
[0.808579] (lab2_pkg) Command: {'cmd': ['/usr/bin/python3', '-W', 'ignore:setup.py install is deprecated', '-W', 'ignore:easy_install command is deprecated', 'setup.py', 'egg_info', '--egg-base', '../../../build/lab2_pkg', 'build', '--build-base', '/home/ashley.akamine/rampagingRoombas/build/lab2_pkg/build', 'install', '--record', '/home/ashley.akamine/rampagingRoombas/build/lab2_pkg/install.log', '--single-version-externally-managed', 'install_data'], 'cwd': '/home/ashley.akamine/rampagingRoombas/turtlebot4_ws/src/lab2_pkg', 'env': {'USER': 'ashley.akamine', 'XDG_SESSION_TYPE': 'wayland', 'SHLVL': '1', 'LD_LIBRARY_PATH': '/opt/ros/humble/opt/rviz_ogre_vendor/lib:/opt/ros/humble/lib/x86_64-linux-gnu:/opt/ros/humble/lib', 'OLDPWD': '/home/ashley.akamine/rampagingRoombas/turtlebot4_ws', 'HOME': '/home/ashley.akamine', 'DESKTOP_SESSION': 'ubuntu', 'GTK_MODULES': 'gail:atk-bridge', 'GNOME_SHELL_SESSION_MODE': 'ubuntu', 'ROS_PYTHON_VERSION': '3', 'SYSTEMD_EXEC_PID': '504765', 'DBUS_SESSION_BUS_ADDRESS': 'unix:path=/run/user/481844462/bus,guid=a58d7046003313697ecb046267c20015', 'DBUS_STARTER_BUS_TYPE': 'session', 'COLORTERM': 'truecolor', 'CONDA_CHANGEPS1': 'no', 'WAYLAND_DISPLAY': 'wayland-0', 'ROS_DISTRO': 'humble', 'COLCON_PREFIX_PATH': '/home/ashley.akamine/rampagingRoombas/turtlebot4_ws/install', 'LOGNAME': 'ashley.akamine', '_': '/usr/bin/colcon', 'XDG_SESSION_CLASS': 'user', 'ROS_VERSION': '2', 'USERNAME': 'ashley.akamine', 'TERM': 'xterm-256color', 'PROMPT_EOL_MARK': '', 'ROS_SUPER_CLIENT': 'True', 'GNOME_DESKTOP_SESSION_ID': 'this-is-deprecated', 'ROS_LOCALHOST_ONLY': '0', 'PATH': '/opt/ros/humble/bin:/usr/local/sbin:/usr/local/bin:/usr/sbin:/usr/bin:/sbin:/bin:/usr/games:/usr/local/games:/snap/bin:/snap/bin', 'SESSION_MANAGER': 'local/csci20145:@/tmp/.ICE-unix/504765,unix/csci20145:/tmp/.ICE-unix/504765', 'GNOME_TERMINAL_SCREEN': '/org/gnome/Terminal/screen/b93d5ea5_9b69_41e8_b455_13d981c6b791', 'XDG_MENU_PREFIX': 'gnome-', 'GNOME_SETUP_DISPLAY': ':3', 'XDG_RUNTIME_DIR': '/run/user/481844462', 'DISPLAY': ':2', 'LANG': 'en_US.UTF-8', 'XDG_CURRENT_DESKTOP': 'ubuntu:GNOME', 'RMW_IMPLEMENTATION': 'rmw_fastrtps_cpp', 'XDG_SESSION_DESKTOP': 'ubuntu', 'GNOME_TERMINAL_SERVICE': ':1.221', 'XMODIFIERS': '@im=ibus', 'XAUTHORITY': '/run/user/481844462/.mutter-Xwaylandauth.WYMM22', 'SSH_AUTH_SOCK': '/run/user/481844462/keyring/ssh', 'SSH_AGENT_LAUNCHER': 'gnome-keyring', 'AMENT_PREFIX_PATH': '/home/ashley.akamine/rampagingRoombas/turtlebot4_ws/install/lab2_pkg:/home/ashley.akamine/rampagingRoombas/turtlebot4_ws/install/lab1_pkg:/opt/ros/humble', 'ROS_DOMAIN_ID': '2', 'KRB5CCNAME': 'FILE:/tmp/krb5cc_481844462_Cp75Sk', 'SHELL': '/bin/zsh', 'ROS_DISCOVERY_SERVER': '10.5.112.168:11811', 'QT_ACCESSIBILITY': '1', 'GDMSESSION': 'ubuntu', 'QT_IM_MODULE': 'ibus', 'PWD': '/home/ashley.akamine/rampagingRoombas/build/lab2_pkg', 'XDG_DATA_DIRS': '/usr/local/share/:/usr/share/:/var/lib/snapd/desktop', 'DBUS_STARTER_ADDRESS': 'unix:path=/run/user/481844462/bus,guid=a58d7046003313697ecb046267c20015', 'VIRTUAL_ENV_DISABLE_PROMPT': '12', 'PYTHONPATH': '/home/ashley.akamine/rampagingRoombas/build/lab2_pkg/prefix_override:/usr/lib/python3/dist-packages/colcon_core/task/python/colcon_distutils_commands:/home/ashley.akamine/rampagingRoombas/install/lab2_pkg/lib/python3.10/site-packages:/home/ashley.akamine/rampagingRoombas/turtlebot4_ws/install/lab2_pkg/lib/python3.10/site-packages:/home/ashley.akamine/rampagingRoombas/turtlebot4_ws/install/lab1_pkg/lib/python3.10/site-packages:/opt/ros/humble/lib/python3.10/site-packages:/opt/ros/humble/local/lib/python3.10/dist-packages', 'COLCON': '1', 'VTE_VERSION': '6800'}, 'shell': False}
[0.811401] (lab1_pkg) Command: {'cmd': ['/usr/bin/python3', '-W', 'ignore:setup.py install is deprecated', '-W', 'ignore:easy_install command is deprecated', 'setup.py', 'egg_info', '--egg-base', '../../../build/lab1_pkg', 'build', '--build-base', '/home/ashley.akamine/rampagingRoombas/build/lab1_pkg/build', 'install', '--record', '/home/ashley.akamine/rampagingRoombas/build/lab1_pkg/install.log', '--single-version-externally-managed', 'install_data'], 'cwd': '/home/ashley.akamine/rampagingRoombas/turtlebot4_ws/src/lab1_pkg', 'env': {'USER': 'ashley.akamine', 'XDG_SESSION_TYPE': 'wayland', 'SHLVL': '1', 'LD_LIBRARY_PATH': '/opt/ros/humble/opt/rviz_ogre_vendor/lib:/opt/ros/humble/lib/x86_64-linux-gnu:/opt/ros/humble/lib', 'OLDPWD': '/home/ashley.akamine/rampagingRoombas/turtlebot4_ws', 'HOME': '/home/ashley.akamine', 'DESKTOP_SESSION': 'ubuntu', 'GTK_MODULES': 'gail:atk-bridge', 'GNOME_SHELL_SESSION_MODE': 'ubuntu', 'ROS_PYTHON_VERSION': '3', 'SYSTEMD_EXEC_PID': '504765', 'DBUS_SESSION_BUS_ADDRESS': 'unix:path=/run/user/481844462/bus,guid=a58d7046003313697ecb046267c20015', 'DBUS_STARTER_BUS_TYPE': 'session', 'COLORTERM': 'truecolor', 'CONDA_CHANGEPS1': 'no', 'WAYLAND_DISPLAY': 'wayland-0', 'ROS_DISTRO': 'humble', 'COLCON_PREFIX_PATH': '/home/ashley.akamine/rampagingRoombas/turtlebot4_ws/install', 'LOGNAME': 'ashley.akamine', '_': '/usr/bin/colcon', 'XDG_SESSION_CLASS': 'user', 'ROS_VERSION': '2', 'USERNAME': 'ashley.akamine', 'TERM': 'xterm-256color', 'PROMPT_EOL_MARK': '', 'ROS_SUPER_CLIENT': 'True', 'GNOME_DESKTOP_SESSION_ID': 'this-is-deprecated', 'ROS_LOCALHOST_ONLY': '0', 'PATH': '/opt/ros/humble/bin:/usr/local/sbin:/usr/local/bin:/usr/sbin:/usr/bin:/sbin:/bin:/usr/games:/usr/local/games:/snap/bin:/snap/bin', 'SESSION_MANAGER': 'local/csci20145:@/tmp/.ICE-unix/504765,unix/csci20145:/tmp/.ICE-unix/504765', 'GNOME_TERMINAL_SCREEN': '/org/gnome/Terminal/screen/b93d5ea5_9b69_41e8_b455_13d981c6b791', 'XDG_MENU_PREFIX': 'gnome-', 'GNOME_SETUP_DISPLAY': ':3', 'XDG_RUNTIME_DIR': '/run/user/481844462', 'DISPLAY': ':2', 'LANG': 'en_US.UTF-8', 'XDG_CURRENT_DESKTOP': 'ubuntu:GNOME', 'RMW_IMPLEMENTATION': 'rmw_fastrtps_cpp', 'XDG_SESSION_DESKTOP': 'ubuntu', 'GNOME_TERMINAL_SERVICE': ':1.221', 'XMODIFIERS': '@im=ibus', 'XAUTHORITY': '/run/user/481844462/.mutter-Xwaylandauth.WYMM22', 'SSH_AUTH_SOCK': '/run/user/481844462/keyring/ssh', 'SSH_AGENT_LAUNCHER': 'gnome-keyring', 'AMENT_PREFIX_PATH': '/home/ashley.akamine/rampagingRoombas/turtlebot4_ws/install/lab2_pkg:/home/ashley.akamine/rampagingRoombas/turtlebot4_ws/install/lab1_pkg:/opt/ros/humble', 'ROS_DOMAIN_ID': '2', 'KRB5CCNAME': 'FILE:/tmp/krb5cc_481844462_Cp75Sk', 'SHELL': '/bin/zsh', 'ROS_DISCOVERY_SERVER': '10.5.112.168:11811', 'QT_ACCESSIBILITY': '1', 'GDMSESSION': 'ubuntu', 'QT_IM_MODULE': 'ibus', 'PWD': '/home/ashley.akamine/rampagingRoombas/build/lab1_pkg', 'XDG_DATA_DIRS': '/usr/local/share/:/usr/share/:/var/lib/snapd/desktop', 'DBUS_STARTER_ADDRESS': 'unix:path=/run/user/481844462/bus,guid=a58d7046003313697ecb046267c20015', 'VIRTUAL_ENV_DISABLE_PROMPT': '12', 'PYTHONPATH': '/home/ashley.akamine/rampagingRoombas/build/lab1_pkg/prefix_override:/usr/lib/python3/dist-packages/colcon_core/task/python/colcon_distutils_commands:/home/ashley.akamine/rampagingRoombas/install/lab1_pkg/lib/python3.10/site-packages:/home/ashley.akamine/rampagingRoombas/turtlebot4_ws/install/lab2_pkg/lib/python3.10/site-packages:/home/ashley.akamine/rampagingRoombas/turtlebot4_ws/install/lab1_pkg/lib/python3.10/site-packages:/opt/ros/humble/lib/python3.10/site-packages:/opt/ros/humble/local/lib/python3.10/dist-packages', 'COLCON': '1', 'VTE_VERSION': '6800'}, 'shell': False}
[0.901128] (-) TimerEvent: {}
[1.001361] (-) TimerEvent: {}
[1.017591] (lab1_pkg) StdoutLine: {'line': b'running egg_info\n'}
[1.018195] (lab1_pkg) StdoutLine: {'line': b'writing ../../../build/lab1_pkg/lab1_pkg.egg-info/PKG-INFO\n'}
[1.018343] (lab1_pkg) StdoutLine: {'line': b'writing dependency_links to ../../../build/lab1_pkg/lab1_pkg.egg-info/dependency_links.txt\n'}
[1.018499] (lab1_pkg) StdoutLine: {'line': b'writing entry points to ../../../build/lab1_pkg/lab1_pkg.egg-info/entry_points.txt\n'}
[1.018704] (lab1_pkg) StdoutLine: {'line': b'writing requirements to ../../../build/lab1_pkg/lab1_pkg.egg-info/requires.txt\n'}
[1.018817] (lab1_pkg) StdoutLine: {'line': b'writing top-level names to ../../../build/lab1_pkg/lab1_pkg.egg-info/top_level.txt\n'}
[1.020075] (lab1_pkg) StdoutLine: {'line': b"reading manifest file '../../../build/lab1_pkg/lab1_pkg.egg-info/SOURCES.txt'\n"}
[1.020705] (lab1_pkg) StdoutLine: {'line': b"writing manifest file '../../../build/lab1_pkg/lab1_pkg.egg-info/SOURCES.txt'\n"}
[1.020828] (lab1_pkg) StdoutLine: {'line': b'running build\n'}
[1.020914] (lab1_pkg) StdoutLine: {'line': b'running build_py\n'}
[1.021127] (lab1_pkg) StdoutLine: {'line': b'running install\n'}
[1.021342] (lab2_pkg) StdoutLine: {'line': b'running egg_info\n'}
[1.021461] (lab1_pkg) StdoutLine: {'line': b'running install_lib\n'}
[1.021996] (lab2_pkg) StdoutLine: {'line': b'writing ../../../build/lab2_pkg/lab2_pkg.egg-info/PKG-INFO\n'}
[1.022118] (lab2_pkg) StdoutLine: {'line': b'writing dependency_links to ../../../build/lab2_pkg/lab2_pkg.egg-info/dependency_links.txt\n'}
[1.022241] (lab2_pkg) StdoutLine: {'line': b'writing entry points to ../../../build/lab2_pkg/lab2_pkg.egg-info/entry_points.txt\n'}
[1.022344] (lab2_pkg) StdoutLine: {'line': b'writing requirements to ../../../build/lab2_pkg/lab2_pkg.egg-info/requires.txt\n'}
[1.022474] (lab1_pkg) StdoutLine: {'line': b'running install_data\n'}
[1.022587] (lab2_pkg) StdoutLine: {'line': b'writing top-level names to ../../../build/lab2_pkg/lab2_pkg.egg-info/top_level.txt\n'}
[1.022670] (lab1_pkg) StdoutLine: {'line': b'running install_egg_info\n'}
[1.023696] (lab2_pkg) StdoutLine: {'line': b"reading manifest file '../../../build/lab2_pkg/lab2_pkg.egg-info/SOURCES.txt'\n"}
[1.024287] (lab2_pkg) StdoutLine: {'line': b"writing manifest file '../../../build/lab2_pkg/lab2_pkg.egg-info/SOURCES.txt'\n"}
[1.024408] (lab2_pkg) StdoutLine: {'line': b'running build\n'}
[1.024494] (lab2_pkg) StdoutLine: {'line': b'running build_py\n'}
[1.024595] (lab2_pkg) StdoutLine: {'line': b'copying lab2_pkg/speed_cap_obstacle_detect.py -> /home/ashley.akamine/rampagingRoombas/build/lab2_pkg/build/lib/lab2_pkg\n'}
[1.024722] (lab1_pkg) StdoutLine: {'line': b"removing '/home/ashley.akamine/rampagingRoombas/install/lab1_pkg/lib/python3.10/site-packages/lab1_pkg-0.0.0-py3.10.egg-info' (and everything under it)\n"}
[1.024835] (lab2_pkg) StdoutLine: {'line': b'running install\n'}
[1.024948] (lab2_pkg) StdoutLine: {'line': b'running install_lib\n'}
[1.025053] (lab1_pkg) StdoutLine: {'line': b'Copying ../../../build/lab1_pkg/lab1_pkg.egg-info to /home/ashley.akamine/rampagingRoombas/install/lab1_pkg/lib/python3.10/site-packages/lab1_pkg-0.0.0-py3.10.egg-info\n'}
[1.025510] (lab2_pkg) StdoutLine: {'line': b'copying /home/ashley.akamine/rampagingRoombas/build/lab2_pkg/build/lib/lab2_pkg/speed_cap_obstacle_detect.py -> /home/ashley.akamine/rampagingRoombas/install/lab2_pkg/lib/python3.10/site-packages/lab2_pkg\n'}
[1.026049] (lab1_pkg) StdoutLine: {'line': b'running install_scripts\n'}
[1.026498] (lab2_pkg) StdoutLine: {'line': b'byte-compiling /home/ashley.akamine/rampagingRoombas/install/lab2_pkg/lib/python3.10/site-packages/lab2_pkg/speed_cap_obstacle_detect.py to speed_cap_obstacle_detect.cpython-310.pyc\n'}
[1.027870] (lab2_pkg) StdoutLine: {'line': b'running install_data\n'}
[1.028001] (lab2_pkg) StdoutLine: {'line': b'running install_egg_info\n'}
[1.030270] (lab2_pkg) StdoutLine: {'line': b"removing '/home/ashley.akamine/rampagingRoombas/install/lab2_pkg/lib/python3.10/site-packages/lab2_pkg-0.0.0-py3.10.egg-info' (and everything under it)\n"}
[1.030448] (lab2_pkg) StdoutLine: {'line': b'Copying ../../../build/lab2_pkg/lab2_pkg.egg-info to /home/ashley.akamine/rampagingRoombas/install/lab2_pkg/lib/python3.10/site-packages/lab2_pkg-0.0.0-py3.10.egg-info\n'}
[1.031388] (lab2_pkg) StdoutLine: {'line': b'running install_scripts\n'}
[1.042572] (lab1_pkg) StdoutLine: {'line': b'Installing speed_behavior_node script to /home/ashley.akamine/rampagingRoombas/install/lab1_pkg/lib/lab1_pkg\n'}
[1.042856] (lab1_pkg) StdoutLine: {'line': b"writing list of installed files to '/home/ashley.akamine/rampagingRoombas/build/lab1_pkg/install.log'\n"}
[1.047589] (lab2_pkg) StdoutLine: {'line': b'Installing SpeedCapObstacleDetect script to /home/ashley.akamine/rampagingRoombas/install/lab2_pkg/lib/lab2_pkg\n'}
[1.047919] (lab2_pkg) StdoutLine: {'line': b"writing list of installed files to '/home/ashley.akamine/rampagingRoombas/build/lab2_pkg/install.log'\n"}
[1.061749] (lab1_pkg) CommandEnded: {'returncode': 0}
[1.070782] (lab1_pkg) JobEnded: {'identifier': 'lab1_pkg', 'rc': 0}
[1.072182] (lab2_pkg) CommandEnded: {'returncode': 0}
[1.076846] (lab2_pkg) JobEnded: {'identifier': 'lab2_pkg', 'rc': 0}
[1.077582] (-) EventReactorShutdown: {}
