running egg_info
writing ../../build/lab5_pkg/lab5_pkg.egg-info/PKG-INFO
writing dependency_links to ../../build/lab5_pkg/lab5_pkg.egg-info/dependency_links.txt
writing entry points to ../../build/lab5_pkg/lab5_pkg.egg-info/entry_points.txt
writing requirements to ../../build/lab5_pkg/lab5_pkg.egg-info/requires.txt
writing top-level names to ../../build/lab5_pkg/lab5_pkg.egg-info/top_level.txt
reading manifest file '../../build/lab5_pkg/lab5_pkg.egg-info/SOURCES.txt'
writing manifest file '../../build/lab5_pkg/lab5_pkg.egg-info/SOURCES.txt'
running build
running build_py
running install
running install_lib
byte-compiling /home/ashley.akamine/rampagingRoombas/turtlebot4_ws/install/lab5_pkg/lib/python3.10/site-packages/lab5_pkg/go_to_goal_client.py to go_to_goal_client.cpython-310.pyc
byte-compiling /home/ashley.akamine/rampagingRoombas/turtlebot4_ws/install/lab5_pkg/lib/python3.10/site-packages/lab5_pkg/go_to_goal_server.py to go_to_goal_server.cpython-310.pyc
running install_data
running install_egg_info
removing '/home/ashley.akamine/rampagingRoombas/turtlebot4_ws/install/lab5_pkg/lib/python3.10/site-packages/lab5_pkg-0.0.0-py3.10.egg-info' (and everything under it)
Copying ../../build/lab5_pkg/lab5_pkg.egg-info to /home/ashley.akamine/rampagingRoombas/turtlebot4_ws/install/lab5_pkg/lib/python3.10/site-packages/lab5_pkg-0.0.0-py3.10.egg-info
running install_scripts
Installing go_to_goal script to /home/ashley.akamine/rampagingRoombas/turtlebot4_ws/install/lab5_pkg/lib/lab5_pkg
Installing go_to_goal_client script to /home/ashley.akamine/rampagingRoombas/turtlebot4_ws/install/lab5_pkg/lib/lab5_pkg
writing list of installed files to '/home/ashley.akamine/rampagingRoombas/turtlebot4_ws/build/lab5_pkg/install.log'
