[2.426s] Invoking command in '/home/ashley.akamine/rampagingRoombas/turtlebot4_ws/src/lab6_pkg': PYTHONPATH=/home/ashley.akamine/rampagingRoombas/turtlebot4_ws/build/lab6_pkg/prefix_override:/usr/lib/python3/dist-packages/colcon_core/task/python/colcon_distutils_commands:/home/ashley.akamine/rampagingRoombas/turtlebot4_ws/install/lab6_pkg/lib/python3.10/site-packages:${PYTHONPATH} /usr/bin/python3 -W ignore:setup.py install is deprecated -W ignore:easy_install command is deprecated setup.py egg_info --egg-base ../../build/lab6_pkg build --build-base /home/ashley.akamine/rampagingRoombas/turtlebot4_ws/build/lab6_pkg/build install --record /home/ashley.akamine/rampagingRoombas/turtlebot4_ws/build/lab6_pkg/install.log --single-version-externally-managed install_data
[2.658s] running egg_info
[2.659s] writing ../../build/lab6_pkg/lab6_pkg.egg-info/PKG-INFO
[2.663s] writing dependency_links to ../../build/lab6_pkg/lab6_pkg.egg-info/dependency_links.txt
[2.664s] writing entry points to ../../build/lab6_pkg/lab6_pkg.egg-info/entry_points.txt
[2.666s] writing requirements to ../../build/lab6_pkg/lab6_pkg.egg-info/requires.txt
[2.666s] writing top-level names to ../../build/lab6_pkg/lab6_pkg.egg-info/top_level.txt
[2.668s] reading manifest file '../../build/lab6_pkg/lab6_pkg.egg-info/SOURCES.txt'
[2.671s] writing manifest file '../../build/lab6_pkg/lab6_pkg.egg-info/SOURCES.txt'
[2.672s] running build
[2.672s] running build_py
[2.672s] copying lab6_pkg/go_to_goal_server.py -> /home/ashley.akamine/rampagingRoombas/turtlebot4_ws/build/lab6_pkg/build/lib/lab6_pkg
[2.672s] running install
[2.673s] running install_lib
[2.674s] copying /home/ashley.akamine/rampagingRoombas/turtlebot4_ws/build/lab6_pkg/build/lib/lab6_pkg/go_to_goal_server.py -> /home/ashley.akamine/rampagingRoombas/turtlebot4_ws/install/lab6_pkg/lib/python3.10/site-packages/lab6_pkg
[2.677s] byte-compiling /home/ashley.akamine/rampagingRoombas/turtlebot4_ws/install/lab6_pkg/lib/python3.10/site-packages/lab6_pkg/go_to_goal_server.py to go_to_goal_server.cpython-310.pyc
[2.682s] running install_data
[2.682s] running install_egg_info
[2.684s] removing '/home/ashley.akamine/rampagingRoombas/turtlebot4_ws/install/lab6_pkg/lib/python3.10/site-packages/lab6_pkg-0.0.0-py3.10.egg-info' (and everything under it)
[2.684s] Copying ../../build/lab6_pkg/lab6_pkg.egg-info to /home/ashley.akamine/rampagingRoombas/turtlebot4_ws/install/lab6_pkg/lib/python3.10/site-packages/lab6_pkg-0.0.0-py3.10.egg-info
[2.687s] running install_scripts
[2.711s] Installing go_to_goal script to /home/ashley.akamine/rampagingRoombas/turtlebot4_ws/install/lab6_pkg/lib/lab6_pkg
[2.713s] Installing go_to_goal_client script to /home/ashley.akamine/rampagingRoombas/turtlebot4_ws/install/lab6_pkg/lib/lab6_pkg
[2.715s] writing list of installed files to '/home/ashley.akamine/rampagingRoombas/turtlebot4_ws/build/lab6_pkg/install.log'
[2.787s] Invoked command in '/home/ashley.akamine/rampagingRoombas/turtlebot4_ws/src/lab6_pkg' returned '0': PYTHONPATH=/home/ashley.akamine/rampagingRoombas/turtlebot4_ws/build/lab6_pkg/prefix_override:/usr/lib/python3/dist-packages/colcon_core/task/python/colcon_distutils_commands:/home/ashley.akamine/rampagingRoombas/turtlebot4_ws/install/lab6_pkg/lib/python3.10/site-packages:${PYTHONPATH} /usr/bin/python3 -W ignore:setup.py install is deprecated -W ignore:easy_install command is deprecated setup.py egg_info --egg-base ../../build/lab6_pkg build --build-base /home/ashley.akamine/rampagingRoombas/turtlebot4_ws/build/lab6_pkg/build install --record /home/ashley.akamine/rampagingRoombas/turtlebot4_ws/build/lab6_pkg/install.log --single-version-externally-managed install_data
