running egg_info
creating ../../build/lab6_pkg/lab6_pkg.egg-info
writing ../../build/lab6_pkg/lab6_pkg.egg-info/PKG-INFO
writing dependency_links to ../../build/lab6_pkg/lab6_pkg.egg-info/dependency_links.txt
writing entry points to ../../build/lab6_pkg/lab6_pkg.egg-info/entry_points.txt
writing requirements to ../../build/lab6_pkg/lab6_pkg.egg-info/requires.txt
writing top-level names to ../../build/lab6_pkg/lab6_pkg.egg-info/top_level.txt
writing manifest file '../../build/lab6_pkg/lab6_pkg.egg-info/SOURCES.txt'
reading manifest file '../../build/lab6_pkg/lab6_pkg.egg-info/SOURCES.txt'
writing manifest file '../../build/lab6_pkg/lab6_pkg.egg-info/SOURCES.txt'
running build
running build_py
creating /home/ashley.akamine/rampagingRoombas/turtlebot4_ws/build/lab6_pkg/build
creating /home/ashley.akamine/rampagingRoombas/turtlebot4_ws/build/lab6_pkg/build/lib
creating /home/ashley.akamine/rampagingRoombas/turtlebot4_ws/build/lab6_pkg/build/lib/lab6_pkg
copying lab6_pkg/go_to_goal_client.py -> /home/ashley.akamine/rampagingRoombas/turtlebot4_ws/build/lab6_pkg/build/lib/lab6_pkg
copying lab6_pkg/__init__.py -> /home/ashley.akamine/rampagingRoombas/turtlebot4_ws/build/lab6_pkg/build/lib/lab6_pkg
copying lab6_pkg/go_to_goal_server.py -> /home/ashley.akamine/rampagingRoombas/turtlebot4_ws/build/lab6_pkg/build/lib/lab6_pkg
running install
running install_lib
creating /home/ashley.akamine/rampagingRoombas/turtlebot4_ws/install/lab6_pkg/lib/python3.10/site-packages/lab6_pkg
copying /home/ashley.akamine/rampagingRoombas/turtlebot4_ws/build/lab6_pkg/build/lib/lab6_pkg/go_to_goal_client.py -> /home/ashley.akamine/rampagingRoombas/turtlebot4_ws/install/lab6_pkg/lib/python3.10/site-packages/lab6_pkg
copying /home/ashley.akamine/rampagingRoombas/turtlebot4_ws/build/lab6_pkg/build/lib/lab6_pkg/__init__.py -> /home/ashley.akamine/rampagingRoombas/turtlebot4_ws/install/lab6_pkg/lib/python3.10/site-packages/lab6_pkg
copying /home/ashley.akamine/rampagingRoombas/turtlebot4_ws/build/lab6_pkg/build/lib/lab6_pkg/go_to_goal_server.py -> /home/ashley.akamine/rampagingRoombas/turtlebot4_ws/install/lab6_pkg/lib/python3.10/site-packages/lab6_pkg
byte-compiling /home/ashley.akamine/rampagingRoombas/turtlebot4_ws/install/lab6_pkg/lib/python3.10/site-packages/lab6_pkg/go_to_goal_client.py to go_to_goal_client.cpython-310.pyc
byte-compiling /home/ashley.akamine/rampagingRoombas/turtlebot4_ws/install/lab6_pkg/lib/python3.10/site-packages/lab6_pkg/__init__.py to __init__.cpython-310.pyc
byte-compiling /home/ashley.akamine/rampagingRoombas/turtlebot4_ws/install/lab6_pkg/lib/python3.10/site-packages/lab6_pkg/go_to_goal_server.py to go_to_goal_server.cpython-310.pyc
running install_data
creating /home/ashley.akamine/rampagingRoombas/turtlebot4_ws/install/lab6_pkg/share/ament_index
creating /home/ashley.akamine/rampagingRoombas/turtlebot4_ws/install/lab6_pkg/share/ament_index/resource_index
creating /home/ashley.akamine/rampagingRoombas/turtlebot4_ws/install/lab6_pkg/share/ament_index/resource_index/packages
copying resource/lab6_pkg -> /home/ashley.akamine/rampagingRoombas/turtlebot4_ws/install/lab6_pkg/share/ament_index/resource_index/packages
copying package.xml -> /home/ashley.akamine/rampagingRoombas/turtlebot4_ws/install/lab6_pkg/share/lab6_pkg
running install_egg_info
Copying ../../build/lab6_pkg/lab6_pkg.egg-info to /home/ashley.akamine/rampagingRoombas/turtlebot4_ws/install/lab6_pkg/lib/python3.10/site-packages/lab6_pkg-0.0.0-py3.10.egg-info
running install_scripts
Installing go_to_goal script to /home/ashley.akamine/rampagingRoombas/turtlebot4_ws/install/lab6_pkg/lib/lab6_pkg
Installing go_to_goal_client script to /home/ashley.akamine/rampagingRoombas/turtlebot4_ws/install/lab6_pkg/lib/lab6_pkg
writing list of installed files to '/home/ashley.akamine/rampagingRoombas/turtlebot4_ws/build/lab6_pkg/install.log'
