[1.764s] Invoking command in '/home/ashley.akamine/turtlebot4_ws/src/lab1_pkg': PYTHONPATH=/home/ashley.akamine/turtlebot4_ws/build/lab1_pkg/prefix_override:/usr/lib/python3/dist-packages/colcon_core/task/python/colcon_distutils_commands:/home/ashley.akamine/turtlebot4_ws/install/lab1_pkg/lib/python3.10/site-packages:${PYTHONPATH} /usr/bin/python3 -W ignore:setup.py install is deprecated -W ignore:easy_install command is deprecated setup.py egg_info --egg-base ../../build/lab1_pkg build --build-base /home/ashley.akamine/turtlebot4_ws/build/lab1_pkg/build install --record /home/ashley.akamine/turtlebot4_ws/build/lab1_pkg/install.log --single-version-externally-managed install_data
[1.985s] running egg_info
[1.986s] creating ../../build/lab1_pkg/lab1_pkg.egg-info
[1.986s] writing ../../build/lab1_pkg/lab1_pkg.egg-info/PKG-INFO
[1.987s] writing dependency_links to ../../build/lab1_pkg/lab1_pkg.egg-info/dependency_links.txt
[1.987s] writing entry points to ../../build/lab1_pkg/lab1_pkg.egg-info/entry_points.txt
[1.987s] writing requirements to ../../build/lab1_pkg/lab1_pkg.egg-info/requires.txt
[1.988s] writing top-level names to ../../build/lab1_pkg/lab1_pkg.egg-info/top_level.txt
[1.988s] writing manifest file '../../build/lab1_pkg/lab1_pkg.egg-info/SOURCES.txt'
[1.989s] reading manifest file '../../build/lab1_pkg/lab1_pkg.egg-info/SOURCES.txt'
[1.990s] writing manifest file '../../build/lab1_pkg/lab1_pkg.egg-info/SOURCES.txt'
[1.990s] running build
[1.990s] running build_py
[1.990s] creating /home/ashley.akamine/turtlebot4_ws/build/lab1_pkg/build
[1.990s] creating /home/ashley.akamine/turtlebot4_ws/build/lab1_pkg/build/lib
[1.990s] creating /home/ashley.akamine/turtlebot4_ws/build/lab1_pkg/build/lib/lab1_pkg
[1.990s] copying lab1_pkg/__init__.py -> /home/ashley.akamine/turtlebot4_ws/build/lab1_pkg/build/lib/lab1_pkg
[1.990s] running install
[1.991s] running install_lib
[1.991s] creating /home/ashley.akamine/turtlebot4_ws/install/lab1_pkg/lib/python3.10/site-packages/lab1_pkg
[1.991s] copying /home/ashley.akamine/turtlebot4_ws/build/lab1_pkg/build/lib/lab1_pkg/__init__.py -> /home/ashley.akamine/turtlebot4_ws/install/lab1_pkg/lib/python3.10/site-packages/lab1_pkg
[1.992s] byte-compiling /home/ashley.akamine/turtlebot4_ws/install/lab1_pkg/lib/python3.10/site-packages/lab1_pkg/__init__.py to __init__.cpython-310.pyc
[1.992s] running install_data
[1.992s] creating /home/ashley.akamine/turtlebot4_ws/install/lab1_pkg/share/ament_index
[1.992s] creating /home/ashley.akamine/turtlebot4_ws/install/lab1_pkg/share/ament_index/resource_index
[1.993s] creating /home/ashley.akamine/turtlebot4_ws/install/lab1_pkg/share/ament_index/resource_index/packages
[1.993s] copying resource/lab1_pkg -> /home/ashley.akamine/turtlebot4_ws/install/lab1_pkg/share/ament_index/resource_index/packages
[1.993s] copying package.xml -> /home/ashley.akamine/turtlebot4_ws/install/lab1_pkg/share/lab1_pkg
[1.993s] running install_egg_info
[1.995s] Copying ../../build/lab1_pkg/lab1_pkg.egg-info to /home/ashley.akamine/turtlebot4_ws/install/lab1_pkg/lib/python3.10/site-packages/lab1_pkg-0.0.0-py3.10.egg-info
[1.997s] running install_scripts
[2.012s] writing list of installed files to '/home/ashley.akamine/turtlebot4_ws/build/lab1_pkg/install.log'
[2.027s] Invoked command in '/home/ashley.akamine/turtlebot4_ws/src/lab1_pkg' returned '0': PYTHONPATH=/home/ashley.akamine/turtlebot4_ws/build/lab1_pkg/prefix_override:/usr/lib/python3/dist-packages/colcon_core/task/python/colcon_distutils_commands:/home/ashley.akamine/turtlebot4_ws/install/lab1_pkg/lib/python3.10/site-packages:${PYTHONPATH} /usr/bin/python3 -W ignore:setup.py install is deprecated -W ignore:easy_install command is deprecated setup.py egg_info --egg-base ../../build/lab1_pkg build --build-base /home/ashley.akamine/turtlebot4_ws/build/lab1_pkg/build install --record /home/ashley.akamine/turtlebot4_ws/build/lab1_pkg/install.log --single-version-externally-managed install_data
