[0.565s] Invoking command in '/home/ashley.akamine/rampagingRoombas/turtlebot4_ws/src/lab1_pkg': PYTHONPATH=/home/ashley.akamine/rampagingRoombas/build/lab1_pkg/prefix_override:/usr/lib/python3/dist-packages/colcon_core/task/python/colcon_distutils_commands:/home/ashley.akamine/rampagingRoombas/install/lab1_pkg/lib/python3.10/site-packages:${PYTHONPATH} /usr/bin/python3 -W ignore:setup.py install is deprecated -W ignore:easy_install command is deprecated setup.py egg_info --egg-base ../../../build/lab1_pkg build --build-base /home/ashley.akamine/rampagingRoombas/build/lab1_pkg/build install --record /home/ashley.akamine/rampagingRoombas/build/lab1_pkg/install.log --single-version-externally-managed install_data
[0.785s] running egg_info
[0.786s] creating ../../../build/lab1_pkg/lab1_pkg.egg-info
[0.786s] writing ../../../build/lab1_pkg/lab1_pkg.egg-info/PKG-INFO
[0.787s] writing dependency_links to ../../../build/lab1_pkg/lab1_pkg.egg-info/dependency_links.txt
[0.787s] writing entry points to ../../../build/lab1_pkg/lab1_pkg.egg-info/entry_points.txt
[0.787s] writing requirements to ../../../build/lab1_pkg/lab1_pkg.egg-info/requires.txt
[0.788s] writing top-level names to ../../../build/lab1_pkg/lab1_pkg.egg-info/top_level.txt
[0.788s] writing manifest file '../../../build/lab1_pkg/lab1_pkg.egg-info/SOURCES.txt'
[0.789s] reading manifest file '../../../build/lab1_pkg/lab1_pkg.egg-info/SOURCES.txt'
[0.790s] writing manifest file '../../../build/lab1_pkg/lab1_pkg.egg-info/SOURCES.txt'
[0.790s] running build
[0.790s] running build_py
[0.790s] creating /home/ashley.akamine/rampagingRoombas/build/lab1_pkg/build
[0.790s] creating /home/ashley.akamine/rampagingRoombas/build/lab1_pkg/build/lib
[0.790s] creating /home/ashley.akamine/rampagingRoombas/build/lab1_pkg/build/lib/lab1_pkg
[0.790s] copying lab1_pkg/__init__.py -> /home/ashley.akamine/rampagingRoombas/build/lab1_pkg/build/lib/lab1_pkg
[0.791s] copying lab1_pkg/speed_behavior.py -> /home/ashley.akamine/rampagingRoombas/build/lab1_pkg/build/lib/lab1_pkg
[0.793s] running install
[0.793s] running install_lib
[0.794s] creating /home/ashley.akamine/rampagingRoombas/install/lab1_pkg/lib/python3.10/site-packages/lab1_pkg
[0.794s] copying /home/ashley.akamine/rampagingRoombas/build/lab1_pkg/build/lib/lab1_pkg/__init__.py -> /home/ashley.akamine/rampagingRoombas/install/lab1_pkg/lib/python3.10/site-packages/lab1_pkg
[0.794s] copying /home/ashley.akamine/rampagingRoombas/build/lab1_pkg/build/lib/lab1_pkg/speed_behavior.py -> /home/ashley.akamine/rampagingRoombas/install/lab1_pkg/lib/python3.10/site-packages/lab1_pkg
[0.795s] byte-compiling /home/ashley.akamine/rampagingRoombas/install/lab1_pkg/lib/python3.10/site-packages/lab1_pkg/__init__.py to __init__.cpython-310.pyc
[0.795s] byte-compiling /home/ashley.akamine/rampagingRoombas/install/lab1_pkg/lib/python3.10/site-packages/lab1_pkg/speed_behavior.py to speed_behavior.cpython-310.pyc
[0.797s] running install_data
[0.797s] creating /home/ashley.akamine/rampagingRoombas/install/lab1_pkg/share/ament_index
[0.797s] creating /home/ashley.akamine/rampagingRoombas/install/lab1_pkg/share/ament_index/resource_index
[0.797s] creating /home/ashley.akamine/rampagingRoombas/install/lab1_pkg/share/ament_index/resource_index/packages
[0.797s] copying resource/lab1_pkg -> /home/ashley.akamine/rampagingRoombas/install/lab1_pkg/share/ament_index/resource_index/packages
[0.797s] copying package.xml -> /home/ashley.akamine/rampagingRoombas/install/lab1_pkg/share/lab1_pkg
[0.798s] running install_egg_info
[0.799s] Copying ../../../build/lab1_pkg/lab1_pkg.egg-info to /home/ashley.akamine/rampagingRoombas/install/lab1_pkg/lib/python3.10/site-packages/lab1_pkg-0.0.0-py3.10.egg-info
[0.801s] running install_scripts
[0.816s] Installing speed_behavior_node script to /home/ashley.akamine/rampagingRoombas/install/lab1_pkg/lib/lab1_pkg
[0.817s] writing list of installed files to '/home/ashley.akamine/rampagingRoombas/build/lab1_pkg/install.log'
[0.831s] Invoked command in '/home/ashley.akamine/rampagingRoombas/turtlebot4_ws/src/lab1_pkg' returned '0': PYTHONPATH=/home/ashley.akamine/rampagingRoombas/build/lab1_pkg/prefix_override:/usr/lib/python3/dist-packages/colcon_core/task/python/colcon_distutils_commands:/home/ashley.akamine/rampagingRoombas/install/lab1_pkg/lib/python3.10/site-packages:${PYTHONPATH} /usr/bin/python3 -W ignore:setup.py install is deprecated -W ignore:easy_install command is deprecated setup.py egg_info --egg-base ../../../build/lab1_pkg build --build-base /home/ashley.akamine/rampagingRoombas/build/lab1_pkg/build install --record /home/ashley.akamine/rampagingRoombas/build/lab1_pkg/install.log --single-version-externally-managed install_data
