[0.800s] Invoking command in '/home/ashley.akamine/rampagingRoombas/turtlebot4_ws/src/lab1_pkg': PYTHONPATH=/home/ashley.akamine/rampagingRoombas/build/lab1_pkg/prefix_override:/usr/lib/python3/dist-packages/colcon_core/task/python/colcon_distutils_commands:/home/ashley.akamine/rampagingRoombas/install/lab1_pkg/lib/python3.10/site-packages:${PYTHONPATH} /usr/bin/python3 -W ignore:setup.py install is deprecated -W ignore:easy_install command is deprecated setup.py egg_info --egg-base ../../../build/lab1_pkg build --build-base /home/ashley.akamine/rampagingRoombas/build/lab1_pkg/build install --record /home/ashley.akamine/rampagingRoombas/build/lab1_pkg/install.log --single-version-externally-managed install_data
[1.005s] running egg_info
[1.006s] writing ../../../build/lab1_pkg/lab1_pkg.egg-info/PKG-INFO
[1.006s] writing dependency_links to ../../../build/lab1_pkg/lab1_pkg.egg-info/dependency_links.txt
[1.006s] writing entry points to ../../../build/lab1_pkg/lab1_pkg.egg-info/entry_points.txt
[1.006s] writing requirements to ../../../build/lab1_pkg/lab1_pkg.egg-info/requires.txt
[1.006s] writing top-level names to ../../../build/lab1_pkg/lab1_pkg.egg-info/top_level.txt
[1.008s] reading manifest file '../../../build/lab1_pkg/lab1_pkg.egg-info/SOURCES.txt'
[1.008s] writing manifest file '../../../build/lab1_pkg/lab1_pkg.egg-info/SOURCES.txt'
[1.008s] running build
[1.008s] running build_py
[1.008s] copying lab1_pkg/speed_behavior.py -> /home/ashley.akamine/rampagingRoombas/build/lab1_pkg/build/lib/lab1_pkg
[1.009s] running install
[1.009s] running install_lib
[1.009s] copying /home/ashley.akamine/rampagingRoombas/build/lab1_pkg/build/lib/lab1_pkg/speed_behavior.py -> /home/ashley.akamine/rampagingRoombas/install/lab1_pkg/lib/python3.10/site-packages/lab1_pkg
[1.010s] byte-compiling /home/ashley.akamine/rampagingRoombas/install/lab1_pkg/lib/python3.10/site-packages/lab1_pkg/speed_behavior.py to speed_behavior.cpython-310.pyc
[1.013s] running install_data
[1.013s] running install_egg_info
[1.014s] removing '/home/ashley.akamine/rampagingRoombas/install/lab1_pkg/lib/python3.10/site-packages/lab1_pkg-0.0.0-py3.10.egg-info' (and everything under it)
[1.014s] Copying ../../../build/lab1_pkg/lab1_pkg.egg-info to /home/ashley.akamine/rampagingRoombas/install/lab1_pkg/lib/python3.10/site-packages/lab1_pkg-0.0.0-py3.10.egg-info
[1.015s] running install_scripts
[1.031s] Installing speed_behavior_node script to /home/ashley.akamine/rampagingRoombas/install/lab1_pkg/lib/lab1_pkg
[1.031s] writing list of installed files to '/home/ashley.akamine/rampagingRoombas/build/lab1_pkg/install.log'
[1.049s] Invoked command in '/home/ashley.akamine/rampagingRoombas/turtlebot4_ws/src/lab1_pkg' returned '0': PYTHONPATH=/home/ashley.akamine/rampagingRoombas/build/lab1_pkg/prefix_override:/usr/lib/python3/dist-packages/colcon_core/task/python/colcon_distutils_commands:/home/ashley.akamine/rampagingRoombas/install/lab1_pkg/lib/python3.10/site-packages:${PYTHONPATH} /usr/bin/python3 -W ignore:setup.py install is deprecated -W ignore:easy_install command is deprecated setup.py egg_info --egg-base ../../../build/lab1_pkg build --build-base /home/ashley.akamine/rampagingRoombas/build/lab1_pkg/build install --record /home/ashley.akamine/rampagingRoombas/build/lab1_pkg/install.log --single-version-externally-managed install_data
