[0.000000] (-) TimerEvent: {}
[0.000127] (custom_interfaces) JobQueued: {'identifier': 'custom_interfaces', 'dependencies': OrderedDict()}
[0.000150] (lab1_pkg) JobQueued: {'identifier': 'lab1_pkg', 'dependencies': OrderedDict()}
[0.000165] (lab2_pkg) JobQueued: {'identifier': 'lab2_pkg', 'dependencies': OrderedDict()}
[0.000178] (lab3_pkg) JobQueued: {'identifier': 'lab3_pkg', 'dependencies': OrderedDict([('custom_interfaces', '/home/ashley.akamine/rampagingRoombas/turtlebot4_ws/install/custom_interfaces')])}
[0.000192] (turtlebot_lab_bringup) JobQueued: {'identifier': 'turtlebot_lab_bringup', 'dependencies': OrderedDict([('lab2_pkg', '/home/ashley.akamine/rampagingRoombas/turtlebot4_ws/install/lab2_pkg')])}
[0.000206] (custom_interfaces) JobStarted: {'identifier': 'custom_interfaces'}
[0.017348] (lab2_pkg) JobStarted: {'identifier': 'lab2_pkg'}
[0.034909] (lab1_pkg) JobStarted: {'identifier': 'lab1_pkg'}
[0.046638] (custom_interfaces) JobProgress: {'identifier': 'custom_interfaces', 'progress': 'cmake'}
[0.052568] (custom_interfaces) JobProgress: {'identifier': 'custom_interfaces', 'progress': 'build'}
[0.053130] (custom_interfaces) Command: {'cmd': ['/usr/bin/cmake', '--build', '/home/ashley.akamine/rampagingRoombas/turtlebot4_ws/build/custom_interfaces', '--', '-j16', '-l16'], 'cwd': '/home/ashley.akamine/rampagingRoombas/turtlebot4_ws/build/custom_interfaces', 'env': OrderedDict([('USER', 'ashley.akamine@plu.edu'), ('XDG_SESSION_TYPE', 'wayland'), ('GIT_ASKPASS', '/usr/share/code/resources/app/extensions/git/dist/askpass.sh'), ('SHLVL', '2'), ('LD_LIBRARY_PATH', '/home/ashley.akamine/rampagingRoombas/turtlebot4_ws/install/custom_interfaces/lib:/opt/ros/humble/opt/rviz_ogre_vendor/lib:/opt/ros/humble/lib/x86_64-linux-gnu:/opt/ros/humble/lib'), ('OLDPWD', '/home/ashley.akamine/rampagingRoombas/turtlebot4_ws'), ('HOME', '/home/ashley.akamine'), ('CHROME_DESKTOP', 'code.desktop'), ('DESKTOP_SESSION', 'ubuntu'), ('TERM_PROGRAM_VERSION', '1.98.2'), ('GTK_MODULES', 'gail:atk-bridge'), ('GNOME_SHELL_SESSION_MODE', 'ubuntu'), ('VSCODE_GIT_ASKPASS_MAIN', '/usr/share/code/resources/app/extensions/git/dist/askpass-main.js'), ('ROS_PYTHON_VERSION', '3'), ('VSCODE_GIT_ASKPASS_NODE', '/usr/share/code/code'), ('SYSTEMD_EXEC_PID', '531393'), ('DBUS_SESSION_BUS_ADDRESS', 'unix:path=/run/user/481844462/bus'), ('COLORTERM', 'truecolor'), ('CONDA_CHANGEPS1', 'no'), ('WAYLAND_DISPLAY', 'wayland-0'), ('ROS_DISTRO', 'humble'), ('COLCON_PREFIX_PATH', '/home/ashley.akamine/rampagingRoombas/turtlebot4_ws/install'), ('LOGNAME', 'ashley.akamine@plu.edu'), ('_', '/usr/bin/colcon'), ('XDG_SESSION_CLASS', 'user'), ('USER_ZDOTDIR', '/home/ashley.akamine'), ('ROS_VERSION', '2'), ('USERNAME', 'ashley.akamine@plu.edu'), ('TERM', 'xterm-256color'), ('PROMPT_EOL_MARK', ''), ('ROS_SUPER_CLIENT', 'True'), ('GNOME_DESKTOP_SESSION_ID', 'this-is-deprecated'), ('ROS_LOCALHOST_ONLY', '0'), ('PATH', '/opt/ros/humble/bin:/usr/local/sbin:/usr/local/bin:/usr/sbin:/usr/bin:/sbin:/bin:/usr/games:/usr/local/games:/snap/bin:/snap/bin'), ('SESSION_MANAGER', 'local/csci20145:@/tmp/.ICE-unix/531368,unix/csci20145:/tmp/.ICE-unix/531368'), ('GNOME_TERMINAL_SCREEN', '/org/gnome/Terminal/screen/6686a942_9874_414f_bb4b_0542f17229a9'), ('XDG_MENU_PREFIX', 'gnome-'), ('GNOME_SETUP_DISPLAY', ':1'), ('XDG_RUNTIME_DIR', '/run/user/481844462'), ('GDK_BACKEND', 'x11'), ('DISPLAY', ':0'), ('LANG', 'en_US.UTF-8'), ('XDG_CURRENT_DESKTOP', 'Unity'), ('VSCODE_INJECTION', '1'), ('RMW_IMPLEMENTATION', 'rmw_fastrtps_cpp'), ('XDG_SESSION_DESKTOP', 'ubuntu'), ('GNOME_TERMINAL_SERVICE', ':1.115'), ('XMODIFIERS', '@im=ibus'), ('XAUTHORITY', '/run/user/481844462/.mutter-Xwaylandauth.T44B42'), ('TERM_PROGRAM', 'vscode'), ('VSCODE_GIT_IPC_HANDLE', '/run/user/481844462/vscode-git-eb3a6a45bf.sock'), ('SSH_AUTH_SOCK', '/run/user/481844462/keyring/ssh'), ('SSH_AGENT_LAUNCHER', 'gnome-keyring'), ('ORIGINAL_XDG_CURRENT_DESKTOP', 'ubuntu:GNOME'), ('AMENT_PREFIX_PATH', '/home/ashley.akamine/rampagingRoombas/turtlebot4_ws/install/turtlebot_lab_bringup:/home/ashley.akamine/rampagingRoombas/turtlebot4_ws/install/lab3_pkg:/home/ashley.akamine/rampagingRoombas/turtlebot4_ws/install/lab2_pkg:/home/ashley.akamine/rampagingRoombas/turtlebot4_ws/install/lab1_pkg:/home/ashley.akamine/rampagingRoombas/turtlebot4_ws/install/custom_interfaces:/opt/ros/humble'), ('ROS_DOMAIN_ID', '2'), ('KRB5CCNAME', 'FILE:/tmp/krb5cc_481844462_YCx6i9'), ('SHELL', '/bin/zsh'), ('ROS_DISCOVERY_SERVER', '10.5.113.101:11811'), ('QT_ACCESSIBILITY', '1'), ('GDMSESSION', 'ubuntu'), ('QT_IM_MODULE', 'ibus'), ('VSCODE_GIT_ASKPASS_EXTRA_ARGS', ''), ('PWD', '/home/ashley.akamine/rampagingRoombas/turtlebot4_ws/build/custom_interfaces'), ('XDG_DATA_DIRS', '/usr/local/share/:/usr/share/:/var/lib/snapd/desktop'), ('VIRTUAL_ENV_DISABLE_PROMPT', '12'), ('ZDOTDIR', '/home/ashley.akamine'), ('PYTHONPATH', '/home/ashley.akamine/rampagingRoombas/turtlebot4_ws/install/lab3_pkg/lib/python3.10/site-packages:/home/ashley.akamine/rampagingRoombas/turtlebot4_ws/install/lab2_pkg/lib/python3.10/site-packages:/home/ashley.akamine/rampagingRoombas/turtlebot4_ws/install/lab1_pkg/lib/python3.10/site-packages:/home/ashley.akamine/rampagingRoombas/turtlebot4_ws/install/custom_interfaces/local/lib/python3.10/dist-packages:/opt/ros/humble/lib/python3.10/site-packages:/opt/ros/humble/local/lib/python3.10/dist-packages'), ('COLCON', '1'), ('VTE_VERSION', '6800'), ('CMAKE_PREFIX_PATH', '/home/ashley.akamine/rampagingRoombas/turtlebot4_ws/install/turtlebot_lab_bringup:/home/ashley.akamine/rampagingRoombas/turtlebot4_ws/install/custom_interfaces:/home/ashley.akamine/rampagingRoombas/turtlebot4_ws/install/lab3_pkg:/home/ashley.akamine/rampagingRoombas/turtlebot4_ws/install/lab2_pkg:/home/ashley.akamine/rampagingRoombas/turtlebot4_ws/install/lab1_pkg:/opt/ros/humble')]), 'shell': False}
[0.099509] (-) TimerEvent: {}
[0.199727] (-) TimerEvent: {}
[0.299946] (-) TimerEvent: {}
[0.353815] (custom_interfaces) StdoutLine: {'line': b'-- Found ament_cmake: 1.3.11 (/opt/ros/humble/share/ament_cmake/cmake)\n'}
[0.400021] (-) TimerEvent: {}
[0.500236] (-) TimerEvent: {}
[0.600433] (-) TimerEvent: {}
[0.700680] (-) TimerEvent: {}
[0.788534] (custom_interfaces) StdoutLine: {'line': b'-- Found rosidl_default_generators: 1.2.0 (/opt/ros/humble/share/rosidl_default_generators/cmake)\n'}
[0.800749] (-) TimerEvent: {}
[0.812147] (custom_interfaces) StdoutLine: {'line': b'-- Using all available rosidl_typesupport_c: rosidl_typesupport_fastrtps_c;rosidl_typesupport_introspection_c\n'}
[0.859460] (custom_interfaces) StdoutLine: {'line': b'-- Found rosidl_adapter: 3.1.6 (/opt/ros/humble/share/rosidl_adapter/cmake)\n'}
[0.900834] (-) TimerEvent: {}
[1.001045] (-) TimerEvent: {}
[1.101268] (-) TimerEvent: {}
[1.201491] (-) TimerEvent: {}
[1.301709] (-) TimerEvent: {}
[1.361293] (custom_interfaces) StdoutLine: {'line': b'-- Using all available rosidl_typesupport_cpp: rosidl_typesupport_fastrtps_cpp;rosidl_typesupport_introspection_cpp\n'}
[1.401804] (-) TimerEvent: {}
[1.502023] (-) TimerEvent: {}
[1.602248] (-) TimerEvent: {}
[1.702536] (-) TimerEvent: {}
[1.802741] (-) TimerEvent: {}
[1.902957] (-) TimerEvent: {}
[2.003208] (-) TimerEvent: {}
[2.054109] (lab2_pkg) Command: {'cmd': ['/usr/bin/python3', '-W', 'ignore:setup.py install is deprecated', '-W', 'ignore:easy_install command is deprecated', 'setup.py', 'egg_info', '--egg-base', '../../build/lab2_pkg', 'build', '--build-base', '/home/ashley.akamine/rampagingRoombas/turtlebot4_ws/build/lab2_pkg/build', 'install', '--record', '/home/ashley.akamine/rampagingRoombas/turtlebot4_ws/build/lab2_pkg/install.log', '--single-version-externally-managed', 'install_data'], 'cwd': '/home/ashley.akamine/rampagingRoombas/turtlebot4_ws/src/lab2_pkg', 'env': {'USER': 'ashley.akamine@plu.edu', 'XDG_SESSION_TYPE': 'wayland', 'GIT_ASKPASS': '/usr/share/code/resources/app/extensions/git/dist/askpass.sh', 'SHLVL': '2', 'LD_LIBRARY_PATH': '/home/ashley.akamine/rampagingRoombas/turtlebot4_ws/install/custom_interfaces/lib:/opt/ros/humble/opt/rviz_ogre_vendor/lib:/opt/ros/humble/lib/x86_64-linux-gnu:/opt/ros/humble/lib', 'OLDPWD': '/home/ashley.akamine/rampagingRoombas/turtlebot4_ws', 'HOME': '/home/ashley.akamine', 'CHROME_DESKTOP': 'code.desktop', 'DESKTOP_SESSION': 'ubuntu', 'TERM_PROGRAM_VERSION': '1.98.2', 'GTK_MODULES': 'gail:atk-bridge', 'GNOME_SHELL_SESSION_MODE': 'ubuntu', 'VSCODE_GIT_ASKPASS_MAIN': '/usr/share/code/resources/app/extensions/git/dist/askpass-main.js', 'ROS_PYTHON_VERSION': '3', 'VSCODE_GIT_ASKPASS_NODE': '/usr/share/code/code', 'SYSTEMD_EXEC_PID': '531393', 'DBUS_SESSION_BUS_ADDRESS': 'unix:path=/run/user/481844462/bus', 'COLORTERM': 'truecolor', 'CONDA_CHANGEPS1': 'no', 'WAYLAND_DISPLAY': 'wayland-0', 'ROS_DISTRO': 'humble', 'COLCON_PREFIX_PATH': '/home/ashley.akamine/rampagingRoombas/turtlebot4_ws/install', 'LOGNAME': 'ashley.akamine@plu.edu', '_': '/usr/bin/colcon', 'XDG_SESSION_CLASS': 'user', 'USER_ZDOTDIR': '/home/ashley.akamine', 'ROS_VERSION': '2', 'USERNAME': 'ashley.akamine@plu.edu', 'TERM': 'xterm-256color', 'PROMPT_EOL_MARK': '', 'ROS_SUPER_CLIENT': 'True', 'GNOME_DESKTOP_SESSION_ID': 'this-is-deprecated', 'ROS_LOCALHOST_ONLY': '0', 'PATH': '/opt/ros/humble/bin:/usr/local/sbin:/usr/local/bin:/usr/sbin:/usr/bin:/sbin:/bin:/usr/games:/usr/local/games:/snap/bin:/snap/bin', 'SESSION_MANAGER': 'local/csci20145:@/tmp/.ICE-unix/531368,unix/csci20145:/tmp/.ICE-unix/531368', 'GNOME_TERMINAL_SCREEN': '/org/gnome/Terminal/screen/6686a942_9874_414f_bb4b_0542f17229a9', 'XDG_MENU_PREFIX': 'gnome-', 'GNOME_SETUP_DISPLAY': ':1', 'XDG_RUNTIME_DIR': '/run/user/481844462', 'GDK_BACKEND': 'x11', 'DISPLAY': ':0', 'LANG': 'en_US.UTF-8', 'XDG_CURRENT_DESKTOP': 'Unity', 'VSCODE_INJECTION': '1', 'RMW_IMPLEMENTATION': 'rmw_fastrtps_cpp', 'XDG_SESSION_DESKTOP': 'ubuntu', 'GNOME_TERMINAL_SERVICE': ':1.115', 'XMODIFIERS': '@im=ibus', 'XAUTHORITY': '/run/user/481844462/.mutter-Xwaylandauth.T44B42', 'TERM_PROGRAM': 'vscode', 'VSCODE_GIT_IPC_HANDLE': '/run/user/481844462/vscode-git-eb3a6a45bf.sock', 'SSH_AUTH_SOCK': '/run/user/481844462/keyring/ssh', 'SSH_AGENT_LAUNCHER': 'gnome-keyring', 'ORIGINAL_XDG_CURRENT_DESKTOP': 'ubuntu:GNOME', 'AMENT_PREFIX_PATH': '/home/ashley.akamine/rampagingRoombas/turtlebot4_ws/install/turtlebot_lab_bringup:/home/ashley.akamine/rampagingRoombas/turtlebot4_ws/install/lab3_pkg:/home/ashley.akamine/rampagingRoombas/turtlebot4_ws/install/lab2_pkg:/home/ashley.akamine/rampagingRoombas/turtlebot4_ws/install/lab1_pkg:/home/ashley.akamine/rampagingRoombas/turtlebot4_ws/install/custom_interfaces:/opt/ros/humble', 'ROS_DOMAIN_ID': '2', 'KRB5CCNAME': 'FILE:/tmp/krb5cc_481844462_YCx6i9', 'SHELL': '/bin/zsh', 'ROS_DISCOVERY_SERVER': '10.5.113.101:11811', 'QT_ACCESSIBILITY': '1', 'GDMSESSION': 'ubuntu', 'QT_IM_MODULE': 'ibus', 'VSCODE_GIT_ASKPASS_EXTRA_ARGS': '', 'PWD': '/home/ashley.akamine/rampagingRoombas/turtlebot4_ws/build/lab2_pkg', 'XDG_DATA_DIRS': '/usr/local/share/:/usr/share/:/var/lib/snapd/desktop', 'VIRTUAL_ENV_DISABLE_PROMPT': '12', 'ZDOTDIR': '/home/ashley.akamine', 'PYTHONPATH': '/home/ashley.akamine/rampagingRoombas/turtlebot4_ws/build/lab2_pkg/prefix_override:/usr/lib/python3/dist-packages/colcon_core/task/python/colcon_distutils_commands:/home/ashley.akamine/rampagingRoombas/turtlebot4_ws/install/lab2_pkg/lib/python3.10/site-packages:/home/ashley.akamine/rampagingRoombas/turtlebot4_ws/install/lab3_pkg/lib/python3.10/site-packages:/home/ashley.akamine/rampagingRoombas/turtlebot4_ws/install/lab2_pkg/lib/python3.10/site-packages:/home/ashley.akamine/rampagingRoombas/turtlebot4_ws/install/lab1_pkg/lib/python3.10/site-packages:/home/ashley.akamine/rampagingRoombas/turtlebot4_ws/install/custom_interfaces/local/lib/python3.10/dist-packages:/opt/ros/humble/lib/python3.10/site-packages:/opt/ros/humble/local/lib/python3.10/dist-packages', 'COLCON': '1', 'VTE_VERSION': '6800', 'CMAKE_PREFIX_PATH': '/home/ashley.akamine/rampagingRoombas/turtlebot4_ws/install/turtlebot_lab_bringup:/home/ashley.akamine/rampagingRoombas/turtlebot4_ws/install/custom_interfaces'}, 'shell': False}
[2.057150] (lab1_pkg) Command: {'cmd': ['/usr/bin/python3', '-W', 'ignore:setup.py install is deprecated', '-W', 'ignore:easy_install command is deprecated', 'setup.py', 'egg_info', '--egg-base', '../../build/lab1_pkg', 'build', '--build-base', '/home/ashley.akamine/rampagingRoombas/turtlebot4_ws/build/lab1_pkg/build', 'install', '--record', '/home/ashley.akamine/rampagingRoombas/turtlebot4_ws/build/lab1_pkg/install.log', '--single-version-externally-managed', 'install_data'], 'cwd': '/home/ashley.akamine/rampagingRoombas/turtlebot4_ws/src/lab1_pkg', 'env': {'USER': 'ashley.akamine@plu.edu', 'XDG_SESSION_TYPE': 'wayland', 'GIT_ASKPASS': '/usr/share/code/resources/app/extensions/git/dist/askpass.sh', 'SHLVL': '2', 'LD_LIBRARY_PATH': '/home/ashley.akamine/rampagingRoombas/turtlebot4_ws/install/custom_interfaces/lib:/opt/ros/humble/opt/rviz_ogre_vendor/lib:/opt/ros/humble/lib/x86_64-linux-gnu:/opt/ros/humble/lib', 'OLDPWD': '/home/ashley.akamine/rampagingRoombas/turtlebot4_ws', 'HOME': '/home/ashley.akamine', 'CHROME_DESKTOP': 'code.desktop', 'DESKTOP_SESSION': 'ubuntu', 'TERM_PROGRAM_VERSION': '1.98.2', 'GTK_MODULES': 'gail:atk-bridge', 'GNOME_SHELL_SESSION_MODE': 'ubuntu', 'VSCODE_GIT_ASKPASS_MAIN': '/usr/share/code/resources/app/extensions/git/dist/askpass-main.js', 'ROS_PYTHON_VERSION': '3', 'VSCODE_GIT_ASKPASS_NODE': '/usr/share/code/code', 'SYSTEMD_EXEC_PID': '531393', 'DBUS_SESSION_BUS_ADDRESS': 'unix:path=/run/user/481844462/bus', 'COLORTERM': 'truecolor', 'CONDA_CHANGEPS1': 'no', 'WAYLAND_DISPLAY': 'wayland-0', 'ROS_DISTRO': 'humble', 'COLCON_PREFIX_PATH': '/home/ashley.akamine/rampagingRoombas/turtlebot4_ws/install', 'LOGNAME': 'ashley.akamine@plu.edu', '_': '/usr/bin/colcon', 'XDG_SESSION_CLASS': 'user', 'USER_ZDOTDIR': '/home/ashley.akamine', 'ROS_VERSION': '2', 'USERNAME': 'ashley.akamine@plu.edu', 'TERM': 'xterm-256color', 'PROMPT_EOL_MARK': '', 'ROS_SUPER_CLIENT': 'True', 'GNOME_DESKTOP_SESSION_ID': 'this-is-deprecated', 'ROS_LOCALHOST_ONLY': '0', 'PATH': '/opt/ros/humble/bin:/usr/local/sbin:/usr/local/bin:/usr/sbin:/usr/bin:/sbin:/bin:/usr/games:/usr/local/games:/snap/bin:/snap/bin', 'SESSION_MANAGER': 'local/csci20145:@/tmp/.ICE-unix/531368,unix/csci20145:/tmp/.ICE-unix/531368', 'GNOME_TERMINAL_SCREEN': '/org/gnome/Terminal/screen/6686a942_9874_414f_bb4b_0542f17229a9', 'XDG_MENU_PREFIX': 'gnome-', 'GNOME_SETUP_DISPLAY': ':1', 'XDG_RUNTIME_DIR': '/run/user/481844462', 'GDK_BACKEND': 'x11', 'DISPLAY': ':0', 'LANG': 'en_US.UTF-8', 'XDG_CURRENT_DESKTOP': 'Unity', 'VSCODE_INJECTION': '1', 'RMW_IMPLEMENTATION': 'rmw_fastrtps_cpp', 'XDG_SESSION_DESKTOP': 'ubuntu', 'GNOME_TERMINAL_SERVICE': ':1.115', 'XMODIFIERS': '@im=ibus', 'XAUTHORITY': '/run/user/481844462/.mutter-Xwaylandauth.T44B42', 'TERM_PROGRAM': 'vscode', 'VSCODE_GIT_IPC_HANDLE': '/run/user/481844462/vscode-git-eb3a6a45bf.sock', 'SSH_AUTH_SOCK': '/run/user/481844462/keyring/ssh', 'SSH_AGENT_LAUNCHER': 'gnome-keyring', 'ORIGINAL_XDG_CURRENT_DESKTOP': 'ubuntu:GNOME', 'AMENT_PREFIX_PATH': '/home/ashley.akamine/rampagingRoombas/turtlebot4_ws/install/turtlebot_lab_bringup:/home/ashley.akamine/rampagingRoombas/turtlebot4_ws/install/lab3_pkg:/home/ashley.akamine/rampagingRoombas/turtlebot4_ws/install/lab2_pkg:/home/ashley.akamine/rampagingRoombas/turtlebot4_ws/install/lab1_pkg:/home/ashley.akamine/rampagingRoombas/turtlebot4_ws/install/custom_interfaces:/opt/ros/humble', 'ROS_DOMAIN_ID': '2', 'KRB5CCNAME': 'FILE:/tmp/krb5cc_481844462_YCx6i9', 'SHELL': '/bin/zsh', 'ROS_DISCOVERY_SERVER': '10.5.113.101:11811', 'QT_ACCESSIBILITY': '1', 'GDMSESSION': 'ubuntu', 'QT_IM_MODULE': 'ibus', 'VSCODE_GIT_ASKPASS_EXTRA_ARGS': '', 'PWD': '/home/ashley.akamine/rampagingRoombas/turtlebot4_ws/build/lab1_pkg', 'XDG_DATA_DIRS': '/usr/local/share/:/usr/share/:/var/lib/snapd/desktop', 'VIRTUAL_ENV_DISABLE_PROMPT': '12', 'ZDOTDIR': '/home/ashley.akamine', 'PYTHONPATH': '/home/ashley.akamine/rampagingRoombas/turtlebot4_ws/build/lab1_pkg/prefix_override:/usr/lib/python3/dist-packages/colcon_core/task/python/colcon_distutils_commands:/home/ashley.akamine/rampagingRoombas/turtlebot4_ws/install/lab1_pkg/lib/python3.10/site-packages:/home/ashley.akamine/rampagingRoombas/turtlebot4_ws/install/lab3_pkg/lib/python3.10/site-packages:/home/ashley.akamine/rampagingRoombas/turtlebot4_ws/install/lab2_pkg/lib/python3.10/site-packages:/home/ashley.akamine/rampagingRoombas/turtlebot4_ws/install/lab1_pkg/lib/python3.10/site-packages:/home/ashley.akamine/rampagingRoombas/turtlebot4_ws/install/custom_interfaces/local/lib/python3.10/dist-packages:/opt/ros/humble/lib/python3.10/site-packages:/opt/ros/humble/local/lib/python3.10/dist-packages', 'COLCON': '1', 'VTE_VERSION': '6800', 'CMAKE_PREFIX_PATH': '/home/ashley.akamine/rampagingRoombas/turtlebot4_ws/install/turtlebot_lab_bringup:/home/ashley.akamine/rampagingRoombas/turtlebot4_ws/install/custom_interfaces'}, 'shell': False}
[2.076312] (custom_interfaces) StdoutLine: {'line': b'-- Found ament_cmake_ros: 0.10.0 (/opt/ros/humble/share/ament_cmake_ros/cmake)\n'}
[2.103287] (-) TimerEvent: {}
[2.203480] (-) TimerEvent: {}
[2.268551] (lab2_pkg) StdoutLine: {'line': b'running egg_info\n'}
[2.269004] (lab2_pkg) StdoutLine: {'line': b'writing ../../build/lab2_pkg/lab2_pkg.egg-info/PKG-INFO\n'}
[2.270868] (lab2_pkg) StdoutLine: {'line': b'writing dependency_links to ../../build/lab2_pkg/lab2_pkg.egg-info/dependency_links.txt\n'}
[2.271270] (lab2_pkg) StdoutLine: {'line': b'writing entry points to ../../build/lab2_pkg/lab2_pkg.egg-info/entry_points.txt\n'}
[2.272271] (lab2_pkg) StdoutLine: {'line': b'writing requirements to ../../build/lab2_pkg/lab2_pkg.egg-info/requires.txt\n'}
[2.272632] (lab2_pkg) StdoutLine: {'line': b'writing top-level names to ../../build/lab2_pkg/lab2_pkg.egg-info/top_level.txt\n'}
[2.273587] (lab1_pkg) StdoutLine: {'line': b'running egg_info\n'}
[2.274114] (lab1_pkg) StdoutLine: {'line': b'writing ../../build/lab1_pkg/lab1_pkg.egg-info/PKG-INFO\n'}
[2.274382] (lab2_pkg) StdoutLine: {'line': b"reading manifest file '../../build/lab2_pkg/lab2_pkg.egg-info/SOURCES.txt'\n"}
[2.275238] (lab1_pkg) StdoutLine: {'line': b'writing dependency_links to ../../build/lab1_pkg/lab1_pkg.egg-info/dependency_links.txt\n'}
[2.275649] (lab1_pkg) StdoutLine: {'line': b'writing entry points to ../../build/lab1_pkg/lab1_pkg.egg-info/entry_points.txt\n'}
[2.276197] (lab2_pkg) StdoutLine: {'line': b"writing manifest file '../../build/lab2_pkg/lab2_pkg.egg-info/SOURCES.txt'\n"}
[2.276330] (lab2_pkg) StdoutLine: {'line': b'running build\n'}
[2.276422] (lab2_pkg) StdoutLine: {'line': b'running build_py\n'}
[2.276539] (lab2_pkg) StdoutLine: {'line': b'running install\n'}
[2.276705] (lab1_pkg) StdoutLine: {'line': b'writing requirements to ../../build/lab1_pkg/lab1_pkg.egg-info/requires.txt\n'}
[2.276818] (lab2_pkg) StdoutLine: {'line': b'running install_lib\n'}
[2.277062] (lab1_pkg) StdoutLine: {'line': b'writing top-level names to ../../build/lab1_pkg/lab1_pkg.egg-info/top_level.txt\n'}
[2.277874] (lab2_pkg) StdoutLine: {'line': b'running install_data\n'}
[2.277997] (lab2_pkg) StdoutLine: {'line': b'running install_egg_info\n'}
[2.278744] (lab1_pkg) StdoutLine: {'line': b"reading manifest file '../../build/lab1_pkg/lab1_pkg.egg-info/SOURCES.txt'\n"}
[2.279264] (lab2_pkg) StdoutLine: {'line': b"removing '/home/ashley.akamine/rampagingRoombas/turtlebot4_ws/install/lab2_pkg/lib/python3.10/site-packages/lab2_pkg-0.0.0-py3.10.egg-info' (and everything under it)\n"}
[2.279459] (lab2_pkg) StdoutLine: {'line': b'Copying ../../build/lab2_pkg/lab2_pkg.egg-info to /home/ashley.akamine/rampagingRoombas/turtlebot4_ws/install/lab2_pkg/lib/python3.10/site-packages/lab2_pkg-0.0.0-py3.10.egg-info\n'}
[2.280462] (lab1_pkg) StdoutLine: {'line': b"writing manifest file '../../build/lab1_pkg/lab1_pkg.egg-info/SOURCES.txt'\n"}
[2.280620] (lab1_pkg) StdoutLine: {'line': b'running build\n'}
[2.280714] (lab1_pkg) StdoutLine: {'line': b'running build_py\n'}
[2.280808] (lab1_pkg) StdoutLine: {'line': b'running install\n'}
[2.281048] (lab1_pkg) StdoutLine: {'line': b'running install_lib\n'}
[2.282129] (lab1_pkg) StdoutLine: {'line': b'running install_data\n'}
[2.282216] (lab1_pkg) StdoutLine: {'line': b'running install_egg_info\n'}
[2.282285] (lab2_pkg) StdoutLine: {'line': b'running install_scripts\n'}
[2.283494] (lab1_pkg) StdoutLine: {'line': b"removing '/home/ashley.akamine/rampagingRoombas/turtlebot4_ws/install/lab1_pkg/lib/python3.10/site-packages/lab1_pkg-0.0.0-py3.10.egg-info' (and everything under it)\n"}
[2.283686] (lab1_pkg) StdoutLine: {'line': b'Copying ../../build/lab1_pkg/lab1_pkg.egg-info to /home/ashley.akamine/rampagingRoombas/turtlebot4_ws/install/lab1_pkg/lib/python3.10/site-packages/lab1_pkg-0.0.0-py3.10.egg-info\n'}
[2.285930] (lab1_pkg) StdoutLine: {'line': b'running install_scripts\n'}
[2.297969] (lab2_pkg) StdoutLine: {'line': b'Installing speed_cap_obstacle_detect_node script to /home/ashley.akamine/rampagingRoombas/turtlebot4_ws/install/lab2_pkg/lib/lab2_pkg\n'}
[2.299571] (lab2_pkg) StdoutLine: {'line': b"writing list of installed files to '/home/ashley.akamine/rampagingRoombas/turtlebot4_ws/build/lab2_pkg/install.log'\n"}
[2.301799] (lab1_pkg) StdoutLine: {'line': b'Installing speed_behavior_node script to /home/ashley.akamine/rampagingRoombas/turtlebot4_ws/install/lab1_pkg/lib/lab1_pkg\n'}
[2.303254] (lab1_pkg) StdoutLine: {'line': b"writing list of installed files to '/home/ashley.akamine/rampagingRoombas/turtlebot4_ws/build/lab1_pkg/install.log'\n"}
[2.303546] (-) TimerEvent: {}
[2.326861] (lab2_pkg) CommandEnded: {'returncode': 0}
[2.399714] (lab2_pkg) JobEnded: {'identifier': 'lab2_pkg', 'rc': 0}
[2.401810] (turtlebot_lab_bringup) JobStarted: {'identifier': 'turtlebot_lab_bringup'}
[2.402339] (custom_interfaces) StdoutLine: {'line': b'-- Using all available rosidl_typesupport_c: rosidl_typesupport_fastrtps_c;rosidl_typesupport_introspection_c\n'}
[2.403691] (-) TimerEvent: {}
[2.406033] (lab1_pkg) CommandEnded: {'returncode': 0}
[2.451081] (lab1_pkg) JobEnded: {'identifier': 'lab1_pkg', 'rc': 0}
[2.453672] (turtlebot_lab_bringup) JobProgress: {'identifier': 'turtlebot_lab_bringup', 'progress': 'cmake'}
[2.459964] (turtlebot_lab_bringup) JobProgress: {'identifier': 'turtlebot_lab_bringup', 'progress': 'build'}
[2.460157] (turtlebot_lab_bringup) Command: {'cmd': ['/usr/bin/cmake', '--build', '/home/ashley.akamine/rampagingRoombas/turtlebot4_ws/build/turtlebot_lab_bringup', '--', '-j16', '-l16'], 'cwd': '/home/ashley.akamine/rampagingRoombas/turtlebot4_ws/build/turtlebot_lab_bringup', 'env': OrderedDict([('USER', 'ashley.akamine@plu.edu'), ('XDG_SESSION_TYPE', 'wayland'), ('GIT_ASKPASS', '/usr/share/code/resources/app/extensions/git/dist/askpass.sh'), ('SHLVL', '2'), ('LD_LIBRARY_PATH', '/home/ashley.akamine/rampagingRoombas/turtlebot4_ws/install/custom_interfaces/lib:/opt/ros/humble/opt/rviz_ogre_vendor/lib:/opt/ros/humble/lib/x86_64-linux-gnu:/opt/ros/humble/lib'), ('OLDPWD', '/home/ashley.akamine/rampagingRoombas/turtlebot4_ws'), ('HOME', '/home/ashley.akamine'), ('CHROME_DESKTOP', 'code.desktop'), ('DESKTOP_SESSION', 'ubuntu'), ('TERM_PROGRAM_VERSION', '1.98.2'), ('GTK_MODULES', 'gail:atk-bridge'), ('GNOME_SHELL_SESSION_MODE', 'ubuntu'), ('VSCODE_GIT_ASKPASS_MAIN', '/usr/share/code/resources/app/extensions/git/dist/askpass-main.js'), ('ROS_PYTHON_VERSION', '3'), ('VSCODE_GIT_ASKPASS_NODE', '/usr/share/code/code'), ('SYSTEMD_EXEC_PID', '531393'), ('DBUS_SESSION_BUS_ADDRESS', 'unix:path=/run/user/481844462/bus'), ('COLORTERM', 'truecolor'), ('CONDA_CHANGEPS1', 'no'), ('WAYLAND_DISPLAY', 'wayland-0'), ('ROS_DISTRO', 'humble'), ('COLCON_PREFIX_PATH', '/home/ashley.akamine/rampagingRoombas/turtlebot4_ws/install'), ('LOGNAME', 'ashley.akamine@plu.edu'), ('_', '/usr/bin/colcon'), ('XDG_SESSION_CLASS', 'user'), ('USER_ZDOTDIR', '/home/ashley.akamine'), ('ROS_VERSION', '2'), ('USERNAME', 'ashley.akamine@plu.edu'), ('TERM', 'xterm-256color'), ('PROMPT_EOL_MARK', ''), ('ROS_SUPER_CLIENT', 'True'), ('GNOME_DESKTOP_SESSION_ID', 'this-is-deprecated'), ('ROS_LOCALHOST_ONLY', '0'), ('PATH', '/opt/ros/humble/bin:/usr/local/sbin:/usr/local/bin:/usr/sbin:/usr/bin:/sbin:/bin:/usr/games:/usr/local/games:/snap/bin:/snap/bin'), ('SESSION_MANAGER', 'local/csci20145:@/tmp/.ICE-unix/531368,unix/csci20145:/tmp/.ICE-unix/531368'), ('GNOME_TERMINAL_SCREEN', '/org/gnome/Terminal/screen/6686a942_9874_414f_bb4b_0542f17229a9'), ('XDG_MENU_PREFIX', 'gnome-'), ('GNOME_SETUP_DISPLAY', ':1'), ('XDG_RUNTIME_DIR', '/run/user/481844462'), ('GDK_BACKEND', 'x11'), ('DISPLAY', ':0'), ('LANG', 'en_US.UTF-8'), ('XDG_CURRENT_DESKTOP', 'Unity'), ('VSCODE_INJECTION', '1'), ('RMW_IMPLEMENTATION', 'rmw_fastrtps_cpp'), ('XDG_SESSION_DESKTOP', 'ubuntu'), ('GNOME_TERMINAL_SERVICE', ':1.115'), ('XMODIFIERS', '@im=ibus'), ('XAUTHORITY', '/run/user/481844462/.mutter-Xwaylandauth.T44B42'), ('TERM_PROGRAM', 'vscode'), ('VSCODE_GIT_IPC_HANDLE', '/run/user/481844462/vscode-git-eb3a6a45bf.sock'), ('SSH_AUTH_SOCK', '/run/user/481844462/keyring/ssh'), ('SSH_AGENT_LAUNCHER', 'gnome-keyring'), ('ORIGINAL_XDG_CURRENT_DESKTOP', 'ubuntu:GNOME'), ('AMENT_PREFIX_PATH', '/home/ashley.akamine/rampagingRoombas/turtlebot4_ws/install/lab2_pkg:/home/ashley.akamine/rampagingRoombas/turtlebot4_ws/install/turtlebot_lab_bringup:/home/ashley.akamine/rampagingRoombas/turtlebot4_ws/install/lab3_pkg:/home/ashley.akamine/rampagingRoombas/turtlebot4_ws/install/lab1_pkg:/home/ashley.akamine/rampagingRoombas/turtlebot4_ws/install/custom_interfaces:/opt/ros/humble'), ('ROS_DOMAIN_ID', '2'), ('KRB5CCNAME', 'FILE:/tmp/krb5cc_481844462_YCx6i9'), ('SHELL', '/bin/zsh'), ('ROS_DISCOVERY_SERVER', '10.5.113.101:11811'), ('QT_ACCESSIBILITY', '1'), ('GDMSESSION', 'ubuntu'), ('QT_IM_MODULE', 'ibus'), ('VSCODE_GIT_ASKPASS_EXTRA_ARGS', ''), ('PWD', '/home/ashley.akamine/rampagingRoombas/turtlebot4_ws/build/turtlebot_lab_bringup'), ('XDG_DATA_DIRS', '/usr/local/share/:/usr/share/:/var/lib/snapd/desktop'), ('VIRTUAL_ENV_DISABLE_PROMPT', '12'), ('ZDOTDIR', '/home/ashley.akamine'), ('PYTHONPATH', '/home/ashley.akamine/rampagingRoombas/turtlebot4_ws/install/lab2_pkg/lib/python3.10/site-packages:/home/ashley.akamine/rampagingRoombas/turtlebot4_ws/install/lab3_pkg/lib/python3.10/site-packages:/home/ashley.akamine/rampagingRoombas/turtlebot4_ws/install/lab1_pkg/lib/python3.10/site-packages:/home/ashley.akamine/rampagingRoombas/turtlebot4_ws/install/custom_interfaces/local/lib/python3.10/dist-packages:/opt/ros/humble/lib/python3.10/site-packages:/opt/ros/humble/local/lib/python3.10/dist-packages'), ('COLCON', '1'), ('VTE_VERSION', '6800'), ('CMAKE_PREFIX_PATH', '/home/ashley.akamine/rampagingRoombas/turtlebot4_ws/install/turtlebot_lab_bringup:/home/ashley.akamine/rampagingRoombas/turtlebot4_ws/install/custom_interfaces:/home/ashley.akamine/rampagingRoombas/turtlebot4_ws/install/lab3_pkg:/home/ashley.akamine/rampagingRoombas/turtlebot4_ws/install/lab2_pkg:/home/ashley.akamine/rampagingRoombas/turtlebot4_ws/install/lab1_pkg:/opt/ros/humble')]), 'shell': False}
[2.503822] (-) TimerEvent: {}
[2.506972] (turtlebot_lab_bringup) StdoutLine: {'line': b'-- Found ament_cmake: 1.3.11 (/opt/ros/humble/share/ament_cmake/cmake)\n'}
[2.603899] (-) TimerEvent: {}
[2.655825] (turtlebot_lab_bringup) StdoutLine: {'line': b'-- Found ament_lint_auto: 0.12.12 (/opt/ros/humble/share/ament_lint_auto/cmake)\n'}
[2.703981] (-) TimerEvent: {}
[2.770145] (custom_interfaces) StdoutLine: {'line': b'-- Using all available rosidl_typesupport_cpp: rosidl_typesupport_fastrtps_cpp;rosidl_typesupport_introspection_cpp\n'}
[2.804069] (-) TimerEvent: {}
[2.807078] (custom_interfaces) StdoutLine: {'line': b'-- Found python_cmake_module: 0.10.0 (/opt/ros/humble/share/python_cmake_module/cmake)\n'}
[2.844470] (custom_interfaces) StdoutLine: {'line': b'-- Using PYTHON_EXECUTABLE: /usr/bin/python3\n'}
[2.844633] (custom_interfaces) StdoutLine: {'line': b'-- Using PYTHON_INCLUDE_DIRS: /usr/include/python3.10\n'}
[2.844690] (custom_interfaces) StdoutLine: {'line': b'-- Using PYTHON_LIBRARIES: /usr/lib/x86_64-linux-gnu/libpython3.10.so\n'}
[2.864933] (turtlebot_lab_bringup) StdoutLine: {'line': b"-- Added test 'lint_cmake' to check CMake code style\n"}
[2.868660] (turtlebot_lab_bringup) StdoutLine: {'line': b"-- Added test 'xmllint' to check XML markup files\n"}
[2.904191] (-) TimerEvent: {}
[3.004492] (-) TimerEvent: {}
[3.008302] (turtlebot_lab_bringup) StdoutLine: {'line': b'-- Configuring done\n'}
[3.104569] (-) TimerEvent: {}
[3.112813] (turtlebot_lab_bringup) StdoutLine: {'line': b'-- Generating done\n'}
[3.126712] (turtlebot_lab_bringup) StdoutLine: {'line': b'-- Build files have been written to: /home/ashley.akamine/rampagingRoombas/turtlebot4_ws/build/turtlebot_lab_bringup\n'}
[3.145037] (turtlebot_lab_bringup) CommandEnded: {'returncode': 0}
[3.147728] (turtlebot_lab_bringup) JobProgress: {'identifier': 'turtlebot_lab_bringup', 'progress': 'install'}
[3.153953] (turtlebot_lab_bringup) Command: {'cmd': ['/usr/bin/cmake', '--install', '/home/ashley.akamine/rampagingRoombas/turtlebot4_ws/build/turtlebot_lab_bringup'], 'cwd': '/home/ashley.akamine/rampagingRoombas/turtlebot4_ws/build/turtlebot_lab_bringup', 'env': OrderedDict([('USER', 'ashley.akamine@plu.edu'), ('XDG_SESSION_TYPE', 'wayland'), ('GIT_ASKPASS', '/usr/share/code/resources/app/extensions/git/dist/askpass.sh'), ('SHLVL', '2'), ('LD_LIBRARY_PATH', '/home/ashley.akamine/rampagingRoombas/turtlebot4_ws/install/custom_interfaces/lib:/opt/ros/humble/opt/rviz_ogre_vendor/lib:/opt/ros/humble/lib/x86_64-linux-gnu:/opt/ros/humble/lib'), ('OLDPWD', '/home/ashley.akamine/rampagingRoombas/turtlebot4_ws'), ('HOME', '/home/ashley.akamine'), ('CHROME_DESKTOP', 'code.desktop'), ('DESKTOP_SESSION', 'ubuntu'), ('TERM_PROGRAM_VERSION', '1.98.2'), ('GTK_MODULES', 'gail:atk-bridge'), ('GNOME_SHELL_SESSION_MODE', 'ubuntu'), ('VSCODE_GIT_ASKPASS_MAIN', '/usr/share/code/resources/app/extensions/git/dist/askpass-main.js'), ('ROS_PYTHON_VERSION', '3'), ('VSCODE_GIT_ASKPASS_NODE', '/usr/share/code/code'), ('SYSTEMD_EXEC_PID', '531393'), ('DBUS_SESSION_BUS_ADDRESS', 'unix:path=/run/user/481844462/bus'), ('COLORTERM', 'truecolor'), ('CONDA_CHANGEPS1', 'no'), ('WAYLAND_DISPLAY', 'wayland-0'), ('ROS_DISTRO', 'humble'), ('COLCON_PREFIX_PATH', '/home/ashley.akamine/rampagingRoombas/turtlebot4_ws/install'), ('LOGNAME', 'ashley.akamine@plu.edu'), ('_', '/usr/bin/colcon'), ('XDG_SESSION_CLASS', 'user'), ('USER_ZDOTDIR', '/home/ashley.akamine'), ('ROS_VERSION', '2'), ('USERNAME', 'ashley.akamine@plu.edu'), ('TERM', 'xterm-256color'), ('PROMPT_EOL_MARK', ''), ('ROS_SUPER_CLIENT', 'True'), ('GNOME_DESKTOP_SESSION_ID', 'this-is-deprecated'), ('ROS_LOCALHOST_ONLY', '0'), ('PATH', '/opt/ros/humble/bin:/usr/local/sbin:/usr/local/bin:/usr/sbin:/usr/bin:/sbin:/bin:/usr/games:/usr/local/games:/snap/bin:/snap/bin'), ('SESSION_MANAGER', 'local/csci20145:@/tmp/.ICE-unix/531368,unix/csci20145:/tmp/.ICE-unix/531368'), ('GNOME_TERMINAL_SCREEN', '/org/gnome/Terminal/screen/6686a942_9874_414f_bb4b_0542f17229a9'), ('XDG_MENU_PREFIX', 'gnome-'), ('GNOME_SETUP_DISPLAY', ':1'), ('XDG_RUNTIME_DIR', '/run/user/481844462'), ('GDK_BACKEND', 'x11'), ('DISPLAY', ':0'), ('LANG', 'en_US.UTF-8'), ('XDG_CURRENT_DESKTOP', 'Unity'), ('VSCODE_INJECTION', '1'), ('RMW_IMPLEMENTATION', 'rmw_fastrtps_cpp'), ('XDG_SESSION_DESKTOP', 'ubuntu'), ('GNOME_TERMINAL_SERVICE', ':1.115'), ('XMODIFIERS', '@im=ibus'), ('XAUTHORITY', '/run/user/481844462/.mutter-Xwaylandauth.T44B42'), ('TERM_PROGRAM', 'vscode'), ('VSCODE_GIT_IPC_HANDLE', '/run/user/481844462/vscode-git-eb3a6a45bf.sock'), ('SSH_AUTH_SOCK', '/run/user/481844462/keyring/ssh'), ('SSH_AGENT_LAUNCHER', 'gnome-keyring'), ('ORIGINAL_XDG_CURRENT_DESKTOP', 'ubuntu:GNOME'), ('AMENT_PREFIX_PATH', '/home/ashley.akamine/rampagingRoombas/turtlebot4_ws/install/lab2_pkg:/home/ashley.akamine/rampagingRoombas/turtlebot4_ws/install/turtlebot_lab_bringup:/home/ashley.akamine/rampagingRoombas/turtlebot4_ws/install/lab3_pkg:/home/ashley.akamine/rampagingRoombas/turtlebot4_ws/install/lab1_pkg:/home/ashley.akamine/rampagingRoombas/turtlebot4_ws/install/custom_interfaces:/opt/ros/humble'), ('ROS_DOMAIN_ID', '2'), ('KRB5CCNAME', 'FILE:/tmp/krb5cc_481844462_YCx6i9'), ('SHELL', '/bin/zsh'), ('ROS_DISCOVERY_SERVER', '10.5.113.101:11811'), ('QT_ACCESSIBILITY', '1'), ('GDMSESSION', 'ubuntu'), ('QT_IM_MODULE', 'ibus'), ('VSCODE_GIT_ASKPASS_EXTRA_ARGS', ''), ('PWD', '/home/ashley.akamine/rampagingRoombas/turtlebot4_ws/build/turtlebot_lab_bringup'), ('XDG_DATA_DIRS', '/usr/local/share/:/usr/share/:/var/lib/snapd/desktop'), ('VIRTUAL_ENV_DISABLE_PROMPT', '12'), ('ZDOTDIR', '/home/ashley.akamine'), ('PYTHONPATH', '/home/ashley.akamine/rampagingRoombas/turtlebot4_ws/install/lab2_pkg/lib/python3.10/site-packages:/home/ashley.akamine/rampagingRoombas/turtlebot4_ws/install/lab3_pkg/lib/python3.10/site-packages:/home/ashley.akamine/rampagingRoombas/turtlebot4_ws/install/lab1_pkg/lib/python3.10/site-packages:/home/ashley.akamine/rampagingRoombas/turtlebot4_ws/install/custom_interfaces/local/lib/python3.10/dist-packages:/opt/ros/humble/lib/python3.10/site-packages:/opt/ros/humble/local/lib/python3.10/dist-packages'), ('COLCON', '1'), ('VTE_VERSION', '6800'), ('CMAKE_PREFIX_PATH', '/home/ashley.akamine/rampagingRoombas/turtlebot4_ws/install/turtlebot_lab_bringup:/home/ashley.akamine/rampagingRoombas/turtlebot4_ws/install/custom_interfaces:/home/ashley.akamine/rampagingRoombas/turtlebot4_ws/install/lab3_pkg:/home/ashley.akamine/rampagingRoombas/turtlebot4_ws/install/lab2_pkg:/home/ashley.akamine/rampagingRoombas/turtlebot4_ws/install/lab1_pkg:/opt/ros/humble')]), 'shell': False}
[3.159539] (turtlebot_lab_bringup) StdoutLine: {'line': b'-- Install configuration: ""\n'}
[3.159717] (turtlebot_lab_bringup) StdoutLine: {'line': b'-- Up-to-date: /home/ashley.akamine/rampagingRoombas/turtlebot4_ws/install/turtlebot_lab_bringup/share/turtlebot_lab_bringup//launch\n'}
[3.159820] (turtlebot_lab_bringup) StdoutLine: {'line': b'-- Up-to-date: /home/ashley.akamine/rampagingRoombas/turtlebot4_ws/install/turtlebot_lab_bringup/share/turtlebot_lab_bringup//launch/launching_robots.launch.xml\n'}
[3.159875] (turtlebot_lab_bringup) StdoutLine: {'line': b'-- Up-to-date: /home/ashley.akamine/rampagingRoombas/turtlebot4_ws/install/turtlebot_lab_bringup/share/turtlebot_lab_bringup//launch/fun_launchfile_name.launch.xml\n'}
[3.159925] (turtlebot_lab_bringup) StdoutLine: {'line': b'-- Up-to-date: /home/ashley.akamine/rampagingRoombas/turtlebot4_ws/install/turtlebot_lab_bringup/share/ament_index/resource_index/package_run_dependencies/turtlebot_lab_bringup\n'}
[3.159970] (turtlebot_lab_bringup) StdoutLine: {'line': b'-- Installing: /home/ashley.akamine/rampagingRoombas/turtlebot4_ws/install/turtlebot_lab_bringup/share/ament_index/resource_index/parent_prefix_path/turtlebot_lab_bringup\n'}
[3.161540] (turtlebot_lab_bringup) StdoutLine: {'line': b'-- Up-to-date: /home/ashley.akamine/rampagingRoombas/turtlebot4_ws/install/turtlebot_lab_bringup/share/turtlebot_lab_bringup/environment/ament_prefix_path.sh\n'}
[3.161632] (turtlebot_lab_bringup) StdoutLine: {'line': b'-- Installing: /home/ashley.akamine/rampagingRoombas/turtlebot4_ws/install/turtlebot_lab_bringup/share/turtlebot_lab_bringup/environment/ament_prefix_path.dsv\n'}
[3.162271] (turtlebot_lab_bringup) StdoutLine: {'line': b'-- Up-to-date: /home/ashley.akamine/rampagingRoombas/turtlebot4_ws/install/turtlebot_lab_bringup/share/turtlebot_lab_bringup/environment/path.sh\n'}
[3.162335] (turtlebot_lab_bringup) StdoutLine: {'line': b'-- Installing: /home/ashley.akamine/rampagingRoombas/turtlebot4_ws/install/turtlebot_lab_bringup/share/turtlebot_lab_bringup/environment/path.dsv\n'}
[3.162693] (turtlebot_lab_bringup) StdoutLine: {'line': b'-- Up-to-date: /home/ashley.akamine/rampagingRoombas/turtlebot4_ws/install/turtlebot_lab_bringup/share/turtlebot_lab_bringup/local_setup.bash\n'}
[3.162809] (turtlebot_lab_bringup) StdoutLine: {'line': b'-- Up-to-date: /home/ashley.akamine/rampagingRoombas/turtlebot4_ws/install/turtlebot_lab_bringup/share/turtlebot_lab_bringup/local_setup.sh\n'}
[3.162873] (turtlebot_lab_bringup) StdoutLine: {'line': b'-- Up-to-date: /home/ashley.akamine/rampagingRoombas/turtlebot4_ws/install/turtlebot_lab_bringup/share/turtlebot_lab_bringup/local_setup.zsh\n'}
[3.162923] (turtlebot_lab_bringup) StdoutLine: {'line': b'-- Installing: /home/ashley.akamine/rampagingRoombas/turtlebot4_ws/install/turtlebot_lab_bringup/share/turtlebot_lab_bringup/local_setup.dsv\n'}
[3.163502] (turtlebot_lab_bringup) StdoutLine: {'line': b'-- Installing: /home/ashley.akamine/rampagingRoombas/turtlebot4_ws/install/turtlebot_lab_bringup/share/turtlebot_lab_bringup/package.dsv\n'}
[3.164120] (turtlebot_lab_bringup) StdoutLine: {'line': b'-- Up-to-date: /home/ashley.akamine/rampagingRoombas/turtlebot4_ws/install/turtlebot_lab_bringup/share/ament_index/resource_index/packages/turtlebot_lab_bringup\n'}
[3.164186] (turtlebot_lab_bringup) StdoutLine: {'line': b'-- Up-to-date: /home/ashley.akamine/rampagingRoombas/turtlebot4_ws/install/turtlebot_lab_bringup/share/turtlebot_lab_bringup/cmake/turtlebot_lab_bringupConfig.cmake\n'}
[3.164256] (turtlebot_lab_bringup) StdoutLine: {'line': b'-- Up-to-date: /home/ashley.akamine/rampagingRoombas/turtlebot4_ws/install/turtlebot_lab_bringup/share/turtlebot_lab_bringup/cmake/turtlebot_lab_bringupConfig-version.cmake\n'}
[3.164301] (turtlebot_lab_bringup) StdoutLine: {'line': b'-- Up-to-date: /home/ashley.akamine/rampagingRoombas/turtlebot4_ws/install/turtlebot_lab_bringup/share/turtlebot_lab_bringup/package.xml\n'}
[3.167471] (turtlebot_lab_bringup) CommandEnded: {'returncode': 0}
[3.169276] (custom_interfaces) StdoutLine: {'line': b'-- Configuring done\n'}
[3.204648] (-) TimerEvent: {}
[3.227576] (turtlebot_lab_bringup) JobEnded: {'identifier': 'turtlebot_lab_bringup', 'rc': 0}
[3.304742] (-) TimerEvent: {}
[3.404976] (-) TimerEvent: {}
[3.505237] (-) TimerEvent: {}
[3.605506] (-) TimerEvent: {}
[3.705767] (-) TimerEvent: {}
[3.805992] (-) TimerEvent: {}
[3.906263] (-) TimerEvent: {}
[4.006521] (-) TimerEvent: {}
[4.063130] (custom_interfaces) StdoutLine: {'line': b'-- Generating done\n'}
[4.106624] (-) TimerEvent: {}
[4.127981] (custom_interfaces) StdoutLine: {'line': b'-- Build files have been written to: /home/ashley.akamine/rampagingRoombas/turtlebot4_ws/build/custom_interfaces\n'}
[4.154988] (custom_interfaces) StdoutLine: {'line': b'\x1b[35m\x1b[1mConsolidate compiler generated dependencies of target custom_interfaces__rosidl_generator_c\x1b[0m\n'}
[4.160165] (custom_interfaces) StdoutLine: {'line': b'[  3%] Built target custom_interfaces__cpp\n'}
[4.171485] (custom_interfaces) StdoutLine: {'line': b'[  6%] \x1b[32m\x1b[1mLinking C shared library libcustom_interfaces__rosidl_generator_c.so\x1b[0m\n'}
[4.171842] (custom_interfaces) StdoutLine: {'line': b'\x1b[35m\x1b[1mConsolidate compiler generated dependencies of target custom_interfaces__rosidl_typesupport_cpp\x1b[0m\n'}
[4.171961] (custom_interfaces) StdoutLine: {'line': b'\x1b[35m\x1b[1mConsolidate compiler generated dependencies of target custom_interfaces__rosidl_typesupport_introspection_cpp\x1b[0m\n'}
[4.172041] (custom_interfaces) StdoutLine: {'line': b'\x1b[35m\x1b[1mConsolidate compiler generated dependencies of target custom_interfaces__rosidl_typesupport_fastrtps_cpp\x1b[0m\n'}
[4.185336] (custom_interfaces) StdoutLine: {'line': b'[ 12%] \x1b[32m\x1b[1mLinking CXX shared library libcustom_interfaces__rosidl_typesupport_cpp.so\x1b[0m\n'}
[4.185524] (custom_interfaces) StdoutLine: {'line': b'[ 12%] \x1b[32m\x1b[1mLinking CXX shared library libcustom_interfaces__rosidl_typesupport_introspection_cpp.so\x1b[0m\n'}
[4.186743] (custom_interfaces) StdoutLine: {'line': b'[ 16%] \x1b[32m\x1b[1mLinking CXX shared library libcustom_interfaces__rosidl_typesupport_fastrtps_cpp.so\x1b[0m\n'}
[4.192600] (custom_interfaces) StdoutLine: {'line': b'[ 16%] Built target ament_cmake_python_copy_custom_interfaces\n'}
[4.206712] (-) TimerEvent: {}
[4.295553] (custom_interfaces) StdoutLine: {'line': b'[ 22%] Built target custom_interfaces__rosidl_generator_c\n'}
[4.298613] (custom_interfaces) StdoutLine: {'line': b'[ 29%] Built target custom_interfaces__rosidl_typesupport_cpp\n'}
[4.306843] (-) TimerEvent: {}
[4.310345] (custom_interfaces) StdoutLine: {'line': b'\x1b[35m\x1b[1mConsolidate compiler generated dependencies of target custom_interfaces__rosidl_typesupport_c\x1b[0m\n'}
[4.310587] (custom_interfaces) StdoutLine: {'line': b'\x1b[35m\x1b[1mConsolidate compiler generated dependencies of target custom_interfaces__rosidl_typesupport_introspection_c\x1b[0m\n'}
[4.310737] (custom_interfaces) StdoutLine: {'line': b'\x1b[35m\x1b[1mConsolidate compiler generated dependencies of target custom_interfaces__rosidl_typesupport_fastrtps_c\x1b[0m\n'}
[4.322200] (custom_interfaces) StdoutLine: {'line': b'[ 32%] \x1b[32m\x1b[1mLinking C shared library libcustom_interfaces__rosidl_typesupport_introspection_c.so\x1b[0m\n'}
[4.322436] (custom_interfaces) StdoutLine: {'line': b'[ 35%] \x1b[32m\x1b[1mLinking CXX shared library libcustom_interfaces__rosidl_typesupport_c.so\x1b[0m\n'}
[4.325455] (custom_interfaces) StdoutLine: {'line': b'[ 38%] \x1b[32m\x1b[1mLinking CXX shared library libcustom_interfaces__rosidl_typesupport_fastrtps_c.so\x1b[0m\n'}
[4.335166] (custom_interfaces) StdoutLine: {'line': b'[ 45%] Built target custom_interfaces__rosidl_typesupport_introspection_cpp\n'}
[4.349440] (custom_interfaces) StdoutLine: {'line': b'[ 51%] Built target custom_interfaces__rosidl_typesupport_fastrtps_cpp\n'}
[4.354118] (custom_interfaces) StdoutLine: {'line': b'[ 58%] Built target custom_interfaces__rosidl_typesupport_introspection_c\n'}
[4.362308] (custom_interfaces) StdoutLine: {'line': b'[ 64%] Built target custom_interfaces__rosidl_typesupport_c\n'}
[4.391972] (custom_interfaces) StdoutLine: {'line': b'[ 70%] Built target custom_interfaces__rosidl_typesupport_fastrtps_c\n'}
[4.406779] (custom_interfaces) StdoutLine: {'line': b'[ 70%] Built target custom_interfaces\n'}
[4.406906] (-) TimerEvent: {}
[4.423812] (custom_interfaces) StdoutLine: {'line': b'[ 74%] Built target custom_interfaces__py\n'}
[4.430682] (custom_interfaces) StdoutLine: {'line': b'running egg_info\n'}
[4.431391] (custom_interfaces) StdoutLine: {'line': b'writing custom_interfaces.egg-info/PKG-INFO\n'}
[4.431702] (custom_interfaces) StdoutLine: {'line': b'writing dependency_links to custom_interfaces.egg-info/dependency_links.txt\n'}
[4.432277] (custom_interfaces) StdoutLine: {'line': b'writing top-level names to custom_interfaces.egg-info/top_level.txt\n'}
[4.434704] (custom_interfaces) StdoutLine: {'line': b"reading manifest file 'custom_interfaces.egg-info/SOURCES.txt'\n"}
[4.435088] (custom_interfaces) StdoutLine: {'line': b'\x1b[35m\x1b[1mConsolidate compiler generated dependencies of target custom_interfaces__rosidl_generator_py\x1b[0m\n'}
[4.436267] (custom_interfaces) StdoutLine: {'line': b"writing manifest file 'custom_interfaces.egg-info/SOURCES.txt'\n"}
[4.447368] (custom_interfaces) StdoutLine: {'line': b'[ 77%] \x1b[32m\x1b[1mLinking C shared library rosidl_generator_py/custom_interfaces/libcustom_interfaces__rosidl_generator_py.so\x1b[0m\n'}
[4.455583] (custom_interfaces) StdoutLine: {'line': b'[ 77%] Built target ament_cmake_python_build_custom_interfaces_egg\n'}
[4.477645] (custom_interfaces) StdoutLine: {'line': b'[ 80%] Built target custom_interfaces__rosidl_generator_py\n'}
[4.486857] (custom_interfaces) StdoutLine: {'line': b'\x1b[35m\x1b[1mConsolidate compiler generated dependencies of target custom_interfaces__rosidl_typesupport_fastrtps_c__pyext\x1b[0m\n'}
[4.487303] (custom_interfaces) StdoutLine: {'line': b'\x1b[35m\x1b[1mConsolidate compiler generated dependencies of target custom_interfaces__rosidl_typesupport_introspection_c__pyext\x1b[0m\n'}
[4.488017] (custom_interfaces) StdoutLine: {'line': b'\x1b[35m\x1b[1mConsolidate compiler generated dependencies of target custom_interfaces__rosidl_typesupport_c__pyext\x1b[0m\n'}
[4.496653] (custom_interfaces) StdoutLine: {'line': b'[ 90%] \x1b[32m\x1b[1mLinking C shared library rosidl_generator_py/custom_interfaces/custom_interfaces_s__rosidl_typesupport_introspection_c.cpython-310-x86_64-linux-gnu.so\x1b[0m\n'}
[4.496869] (custom_interfaces) StdoutLine: {'line': b'[ 90%] \x1b[32m\x1b[1mLinking C shared library rosidl_generator_py/custom_interfaces/custom_interfaces_s__rosidl_typesupport_fastrtps_c.cpython-310-x86_64-linux-gnu.so\x1b[0m\n'}
[4.496952] (custom_interfaces) StdoutLine: {'line': b'[ 90%] \x1b[32m\x1b[1mLinking C shared library rosidl_generator_py/custom_interfaces/custom_interfaces_s__rosidl_typesupport_c.cpython-310-x86_64-linux-gnu.so\x1b[0m\n'}
[4.507018] (-) TimerEvent: {}
[4.525365] (custom_interfaces) StdoutLine: {'line': b'[100%] Built target custom_interfaces__rosidl_typesupport_introspection_c__pyext\n'}
[4.525573] (custom_interfaces) StdoutLine: {'line': b'[100%] Built target custom_interfaces__rosidl_typesupport_fastrtps_c__pyext\n'}
[4.525668] (custom_interfaces) StdoutLine: {'line': b'[100%] Built target custom_interfaces__rosidl_typesupport_c__pyext\n'}
[4.534046] (custom_interfaces) CommandEnded: {'returncode': 0}
[4.537611] (custom_interfaces) JobProgress: {'identifier': 'custom_interfaces', 'progress': 'install'}
[4.537941] (custom_interfaces) Command: {'cmd': ['/usr/bin/cmake', '--install', '/home/ashley.akamine/rampagingRoombas/turtlebot4_ws/build/custom_interfaces'], 'cwd': '/home/ashley.akamine/rampagingRoombas/turtlebot4_ws/build/custom_interfaces', 'env': OrderedDict([('USER', 'ashley.akamine@plu.edu'), ('XDG_SESSION_TYPE', 'wayland'), ('GIT_ASKPASS', '/usr/share/code/resources/app/extensions/git/dist/askpass.sh'), ('SHLVL', '2'), ('LD_LIBRARY_PATH', '/home/ashley.akamine/rampagingRoombas/turtlebot4_ws/install/custom_interfaces/lib:/opt/ros/humble/opt/rviz_ogre_vendor/lib:/opt/ros/humble/lib/x86_64-linux-gnu:/opt/ros/humble/lib'), ('OLDPWD', '/home/ashley.akamine/rampagingRoombas/turtlebot4_ws'), ('HOME', '/home/ashley.akamine'), ('CHROME_DESKTOP', 'code.desktop'), ('DESKTOP_SESSION', 'ubuntu'), ('TERM_PROGRAM_VERSION', '1.98.2'), ('GTK_MODULES', 'gail:atk-bridge'), ('GNOME_SHELL_SESSION_MODE', 'ubuntu'), ('VSCODE_GIT_ASKPASS_MAIN', '/usr/share/code/resources/app/extensions/git/dist/askpass-main.js'), ('ROS_PYTHON_VERSION', '3'), ('VSCODE_GIT_ASKPASS_NODE', '/usr/share/code/code'), ('SYSTEMD_EXEC_PID', '531393'), ('DBUS_SESSION_BUS_ADDRESS', 'unix:path=/run/user/481844462/bus'), ('COLORTERM', 'truecolor'), ('CONDA_CHANGEPS1', 'no'), ('WAYLAND_DISPLAY', 'wayland-0'), ('ROS_DISTRO', 'humble'), ('COLCON_PREFIX_PATH', '/home/ashley.akamine/rampagingRoombas/turtlebot4_ws/install'), ('LOGNAME', 'ashley.akamine@plu.edu'), ('_', '/usr/bin/colcon'), ('XDG_SESSION_CLASS', 'user'), ('USER_ZDOTDIR', '/home/ashley.akamine'), ('ROS_VERSION', '2'), ('USERNAME', 'ashley.akamine@plu.edu'), ('TERM', 'xterm-256color'), ('PROMPT_EOL_MARK', ''), ('ROS_SUPER_CLIENT', 'True'), ('GNOME_DESKTOP_SESSION_ID', 'this-is-deprecated'), ('ROS_LOCALHOST_ONLY', '0'), ('PATH', '/opt/ros/humble/bin:/usr/local/sbin:/usr/local/bin:/usr/sbin:/usr/bin:/sbin:/bin:/usr/games:/usr/local/games:/snap/bin:/snap/bin'), ('SESSION_MANAGER', 'local/csci20145:@/tmp/.ICE-unix/531368,unix/csci20145:/tmp/.ICE-unix/531368'), ('GNOME_TERMINAL_SCREEN', '/org/gnome/Terminal/screen/6686a942_9874_414f_bb4b_0542f17229a9'), ('XDG_MENU_PREFIX', 'gnome-'), ('GNOME_SETUP_DISPLAY', ':1'), ('XDG_RUNTIME_DIR', '/run/user/481844462'), ('GDK_BACKEND', 'x11'), ('DISPLAY', ':0'), ('LANG', 'en_US.UTF-8'), ('XDG_CURRENT_DESKTOP', 'Unity'), ('VSCODE_INJECTION', '1'), ('RMW_IMPLEMENTATION', 'rmw_fastrtps_cpp'), ('XDG_SESSION_DESKTOP', 'ubuntu'), ('GNOME_TERMINAL_SERVICE', ':1.115'), ('XMODIFIERS', '@im=ibus'), ('XAUTHORITY', '/run/user/481844462/.mutter-Xwaylandauth.T44B42'), ('TERM_PROGRAM', 'vscode'), ('VSCODE_GIT_IPC_HANDLE', '/run/user/481844462/vscode-git-eb3a6a45bf.sock'), ('SSH_AUTH_SOCK', '/run/user/481844462/keyring/ssh'), ('SSH_AGENT_LAUNCHER', 'gnome-keyring'), ('ORIGINAL_XDG_CURRENT_DESKTOP', 'ubuntu:GNOME'), ('AMENT_PREFIX_PATH', '/home/ashley.akamine/rampagingRoombas/turtlebot4_ws/install/turtlebot_lab_bringup:/home/ashley.akamine/rampagingRoombas/turtlebot4_ws/install/lab3_pkg:/home/ashley.akamine/rampagingRoombas/turtlebot4_ws/install/lab2_pkg:/home/ashley.akamine/rampagingRoombas/turtlebot4_ws/install/lab1_pkg:/home/ashley.akamine/rampagingRoombas/turtlebot4_ws/install/custom_interfaces:/opt/ros/humble'), ('ROS_DOMAIN_ID', '2'), ('KRB5CCNAME', 'FILE:/tmp/krb5cc_481844462_YCx6i9'), ('SHELL', '/bin/zsh'), ('ROS_DISCOVERY_SERVER', '10.5.113.101:11811'), ('QT_ACCESSIBILITY', '1'), ('GDMSESSION', 'ubuntu'), ('QT_IM_MODULE', 'ibus'), ('VSCODE_GIT_ASKPASS_EXTRA_ARGS', ''), ('PWD', '/home/ashley.akamine/rampagingRoombas/turtlebot4_ws/build/custom_interfaces'), ('XDG_DATA_DIRS', '/usr/local/share/:/usr/share/:/var/lib/snapd/desktop'), ('VIRTUAL_ENV_DISABLE_PROMPT', '12'), ('ZDOTDIR', '/home/ashley.akamine'), ('PYTHONPATH', '/home/ashley.akamine/rampagingRoombas/turtlebot4_ws/install/lab3_pkg/lib/python3.10/site-packages:/home/ashley.akamine/rampagingRoombas/turtlebot4_ws/install/lab2_pkg/lib/python3.10/site-packages:/home/ashley.akamine/rampagingRoombas/turtlebot4_ws/install/lab1_pkg/lib/python3.10/site-packages:/home/ashley.akamine/rampagingRoombas/turtlebot4_ws/install/custom_interfaces/local/lib/python3.10/dist-packages:/opt/ros/humble/lib/python3.10/site-packages:/opt/ros/humble/local/lib/python3.10/dist-packages'), ('COLCON', '1'), ('VTE_VERSION', '6800'), ('CMAKE_PREFIX_PATH', '/home/ashley.akamine/rampagingRoombas/turtlebot4_ws/install/turtlebot_lab_bringup:/home/ashley.akamine/rampagingRoombas/turtlebot4_ws/install/custom_interfaces:/home/ashley.akamine/rampagingRoombas/turtlebot4_ws/install/lab3_pkg:/home/ashley.akamine/rampagingRoombas/turtlebot4_ws/install/lab2_pkg:/home/ashley.akamine/rampagingRoombas/turtlebot4_ws/install/lab1_pkg:/opt/ros/humble')]), 'shell': False}
[4.544459] (custom_interfaces) StdoutLine: {'line': b'-- Install configuration: ""\n'}
[4.544567] (custom_interfaces) StdoutLine: {'line': b'-- Up-to-date: /home/ashley.akamine/rampagingRoombas/turtlebot4_ws/install/custom_interfaces/share/ament_index/resource_index/rosidl_interfaces/custom_interfaces\n'}
[4.544671] (custom_interfaces) StdoutLine: {'line': b'-- Up-to-date: /home/ashley.akamine/rampagingRoombas/turtlebot4_ws/install/custom_interfaces/include/custom_interfaces/custom_interfaces\n'}
[4.544724] (custom_interfaces) StdoutLine: {'line': b'-- Up-to-date: /home/ashley.akamine/rampagingRoombas/turtlebot4_ws/install/custom_interfaces/include/custom_interfaces/custom_interfaces/msg\n'}
[4.544773] (custom_interfaces) StdoutLine: {'line': b'-- Up-to-date: /home/ashley.akamine/rampagingRoombas/turtlebot4_ws/install/custom_interfaces/include/custom_interfaces/custom_interfaces/msg/rosidl_generator_c__visibility_control.h\n'}
[4.544821] (custom_interfaces) StdoutLine: {'line': b'-- Up-to-date: /home/ashley.akamine/rampagingRoombas/turtlebot4_ws/install/custom_interfaces/include/custom_interfaces/custom_interfaces/srv\n'}
[4.544868] (custom_interfaces) StdoutLine: {'line': b'-- Up-to-date: /home/ashley.akamine/rampagingRoombas/turtlebot4_ws/install/custom_interfaces/include/custom_interfaces/custom_interfaces/srv/get_summary.h\n'}
[4.544934] (custom_interfaces) StdoutLine: {'line': b'-- Up-to-date: /home/ashley.akamine/rampagingRoombas/turtlebot4_ws/install/custom_interfaces/include/custom_interfaces/custom_interfaces/srv/detail\n'}
[4.545019] (custom_interfaces) StdoutLine: {'line': b'-- Up-to-date: /home/ashley.akamine/rampagingRoombas/turtlebot4_ws/install/custom_interfaces/include/custom_interfaces/custom_interfaces/srv/detail/get_summary__type_support.h\n'}
[4.545066] (custom_interfaces) StdoutLine: {'line': b'-- Up-to-date: /home/ashley.akamine/rampagingRoombas/turtlebot4_ws/install/custom_interfaces/include/custom_interfaces/custom_interfaces/srv/detail/get_summary__struct.h\n'}
[4.545110] (custom_interfaces) StdoutLine: {'line': b'-- Up-to-date: /home/ashley.akamine/rampagingRoombas/turtlebot4_ws/install/custom_interfaces/include/custom_interfaces/custom_interfaces/srv/detail/get_summary__functions.c\n'}
[4.545153] (custom_interfaces) StdoutLine: {'line': b'-- Up-to-date: /home/ashley.akamine/rampagingRoombas/turtlebot4_ws/install/custom_interfaces/include/custom_interfaces/custom_interfaces/srv/detail/get_summary__functions.h\n'}
[4.545197] (custom_interfaces) StdoutLine: {'line': b'-- Up-to-date: /home/ashley.akamine/rampagingRoombas/turtlebot4_ws/install/custom_interfaces/share/custom_interfaces/environment/library_path.sh\n'}
[4.545240] (custom_interfaces) StdoutLine: {'line': b'-- Installing: /home/ashley.akamine/rampagingRoombas/turtlebot4_ws/install/custom_interfaces/share/custom_interfaces/environment/library_path.dsv\n'}
[4.546824] (custom_interfaces) StdoutLine: {'line': b'-- Installing: /home/ashley.akamine/rampagingRoombas/turtlebot4_ws/install/custom_interfaces/lib/libcustom_interfaces__rosidl_generator_c.so\n'}
[4.548854] (custom_interfaces) StdoutLine: {'line': b'-- Set runtime path of "/home/ashley.akamine/rampagingRoombas/turtlebot4_ws/install/custom_interfaces/lib/libcustom_interfaces__rosidl_generator_c.so" to ""\n'}
[4.548976] (custom_interfaces) StdoutLine: {'line': b'-- Up-to-date: /home/ashley.akamine/rampagingRoombas/turtlebot4_ws/install/custom_interfaces/include/custom_interfaces/custom_interfaces\n'}
[4.549029] (custom_interfaces) StdoutLine: {'line': b'-- Up-to-date: /home/ashley.akamine/rampagingRoombas/turtlebot4_ws/install/custom_interfaces/include/custom_interfaces/custom_interfaces/msg\n'}
[4.549078] (custom_interfaces) StdoutLine: {'line': b'-- Up-to-date: /home/ashley.akamine/rampagingRoombas/turtlebot4_ws/install/custom_interfaces/include/custom_interfaces/custom_interfaces/msg/rosidl_typesupport_fastrtps_c__visibility_control.h\n'}
[4.549126] (custom_interfaces) StdoutLine: {'line': b'-- Up-to-date: /home/ashley.akamine/rampagingRoombas/turtlebot4_ws/install/custom_interfaces/include/custom_interfaces/custom_interfaces/srv\n'}
[4.549192] (custom_interfaces) StdoutLine: {'line': b'-- Up-to-date: /home/ashley.akamine/rampagingRoombas/turtlebot4_ws/install/custom_interfaces/include/custom_interfaces/custom_interfaces/srv/detail\n'}
[4.549256] (custom_interfaces) StdoutLine: {'line': b'-- Up-to-date: /home/ashley.akamine/rampagingRoombas/turtlebot4_ws/install/custom_interfaces/include/custom_interfaces/custom_interfaces/srv/detail/get_summary__rosidl_typesupport_fastrtps_c.h\n'}
[4.550422] (custom_interfaces) StdoutLine: {'line': b'-- Installing: /home/ashley.akamine/rampagingRoombas/turtlebot4_ws/install/custom_interfaces/lib/libcustom_interfaces__rosidl_typesupport_fastrtps_c.so\n'}
[4.552401] (custom_interfaces) StdoutLine: {'line': b'-- Set runtime path of "/home/ashley.akamine/rampagingRoombas/turtlebot4_ws/install/custom_interfaces/lib/libcustom_interfaces__rosidl_typesupport_fastrtps_c.so" to ""\n'}
[4.552489] (custom_interfaces) StdoutLine: {'line': b'-- Up-to-date: /home/ashley.akamine/rampagingRoombas/turtlebot4_ws/install/custom_interfaces/include/custom_interfaces/custom_interfaces\n'}
[4.552552] (custom_interfaces) StdoutLine: {'line': b'-- Up-to-date: /home/ashley.akamine/rampagingRoombas/turtlebot4_ws/install/custom_interfaces/include/custom_interfaces/custom_interfaces/msg\n'}
[4.552600] (custom_interfaces) StdoutLine: {'line': b'-- Up-to-date: /home/ashley.akamine/rampagingRoombas/turtlebot4_ws/install/custom_interfaces/include/custom_interfaces/custom_interfaces/msg/rosidl_typesupport_introspection_c__visibility_control.h\n'}
[4.552665] (custom_interfaces) StdoutLine: {'line': b'-- Up-to-date: /home/ashley.akamine/rampagingRoombas/turtlebot4_ws/install/custom_interfaces/include/custom_interfaces/custom_interfaces/srv\n'}
[4.552736] (custom_interfaces) StdoutLine: {'line': b'-- Up-to-date: /home/ashley.akamine/rampagingRoombas/turtlebot4_ws/install/custom_interfaces/include/custom_interfaces/custom_interfaces/srv/detail\n'}
[4.552782] (custom_interfaces) StdoutLine: {'line': b'-- Up-to-date: /home/ashley.akamine/rampagingRoombas/turtlebot4_ws/install/custom_interfaces/include/custom_interfaces/custom_interfaces/srv/detail/get_summary__rosidl_typesupport_introspection_c.h\n'}
[4.552826] (custom_interfaces) StdoutLine: {'line': b'-- Up-to-date: /home/ashley.akamine/rampagingRoombas/turtlebot4_ws/install/custom_interfaces/include/custom_interfaces/custom_interfaces/srv/detail/get_summary__type_support.c\n'}
[4.553702] (custom_interfaces) StdoutLine: {'line': b'-- Installing: /home/ashley.akamine/rampagingRoombas/turtlebot4_ws/install/custom_interfaces/lib/libcustom_interfaces__rosidl_typesupport_introspection_c.so\n'}
[4.555202] (custom_interfaces) StdoutLine: {'line': b'-- Set runtime path of "/home/ashley.akamine/rampagingRoombas/turtlebot4_ws/install/custom_interfaces/lib/libcustom_interfaces__rosidl_typesupport_introspection_c.so" to ""\n'}
[4.556425] (custom_interfaces) StdoutLine: {'line': b'-- Installing: /home/ashley.akamine/rampagingRoombas/turtlebot4_ws/install/custom_interfaces/lib/libcustom_interfaces__rosidl_typesupport_c.so\n'}
[4.558059] (custom_interfaces) StdoutLine: {'line': b'-- Set runtime path of "/home/ashley.akamine/rampagingRoombas/turtlebot4_ws/install/custom_interfaces/lib/libcustom_interfaces__rosidl_typesupport_c.so" to ""\n'}
[4.558143] (custom_interfaces) StdoutLine: {'line': b'-- Up-to-date: /home/ashley.akamine/rampagingRoombas/turtlebot4_ws/install/custom_interfaces/include/custom_interfaces/custom_interfaces\n'}
[4.558214] (custom_interfaces) StdoutLine: {'line': b'-- Up-to-date: /home/ashley.akamine/rampagingRoombas/turtlebot4_ws/install/custom_interfaces/include/custom_interfaces/custom_interfaces/msg\n'}
[4.558299] (custom_interfaces) StdoutLine: {'line': b'-- Up-to-date: /home/ashley.akamine/rampagingRoombas/turtlebot4_ws/install/custom_interfaces/include/custom_interfaces/custom_interfaces/msg/rosidl_generator_cpp__visibility_control.hpp\n'}
[4.558350] (custom_interfaces) StdoutLine: {'line': b'-- Up-to-date: /home/ashley.akamine/rampagingRoombas/turtlebot4_ws/install/custom_interfaces/include/custom_interfaces/custom_interfaces/srv\n'}
[4.558397] (custom_interfaces) StdoutLine: {'line': b'-- Up-to-date: /home/ashley.akamine/rampagingRoombas/turtlebot4_ws/install/custom_interfaces/include/custom_interfaces/custom_interfaces/srv/get_summary.hpp\n'}
[4.558447] (custom_interfaces) StdoutLine: {'line': b'-- Up-to-date: /home/ashley.akamine/rampagingRoombas/turtlebot4_ws/install/custom_interfaces/include/custom_interfaces/custom_interfaces/srv/detail\n'}
[4.558535] (custom_interfaces) StdoutLine: {'line': b'-- Up-to-date: /home/ashley.akamine/rampagingRoombas/turtlebot4_ws/install/custom_interfaces/include/custom_interfaces/custom_interfaces/srv/detail/get_summary__traits.hpp\n'}
[4.558586] (custom_interfaces) StdoutLine: {'line': b'-- Up-to-date: /home/ashley.akamine/rampagingRoombas/turtlebot4_ws/install/custom_interfaces/include/custom_interfaces/custom_interfaces/srv/detail/get_summary__type_support.hpp\n'}
[4.558634] (custom_interfaces) StdoutLine: {'line': b'-- Up-to-date: /home/ashley.akamine/rampagingRoombas/turtlebot4_ws/install/custom_interfaces/include/custom_interfaces/custom_interfaces/srv/detail/get_summary__builder.hpp\n'}
[4.558682] (custom_interfaces) StdoutLine: {'line': b'-- Up-to-date: /home/ashley.akamine/rampagingRoombas/turtlebot4_ws/install/custom_interfaces/include/custom_interfaces/custom_interfaces/srv/detail/get_summary__struct.hpp\n'}
[4.558756] (custom_interfaces) StdoutLine: {'line': b'-- Up-to-date: /home/ashley.akamine/rampagingRoombas/turtlebot4_ws/install/custom_interfaces/include/custom_interfaces/custom_interfaces\n'}
[4.558803] (custom_interfaces) StdoutLine: {'line': b'-- Up-to-date: /home/ashley.akamine/rampagingRoombas/turtlebot4_ws/install/custom_interfaces/include/custom_interfaces/custom_interfaces/msg\n'}
[4.558856] (custom_interfaces) StdoutLine: {'line': b'-- Up-to-date: /home/ashley.akamine/rampagingRoombas/turtlebot4_ws/install/custom_interfaces/include/custom_interfaces/custom_interfaces/msg/rosidl_typesupport_fastrtps_cpp__visibility_control.h\n'}
[4.558901] (custom_interfaces) StdoutLine: {'line': b'-- Up-to-date: /home/ashley.akamine/rampagingRoombas/turtlebot4_ws/install/custom_interfaces/include/custom_interfaces/custom_interfaces/srv\n'}
[4.558947] (custom_interfaces) StdoutLine: {'line': b'-- Up-to-date: /home/ashley.akamine/rampagingRoombas/turtlebot4_ws/install/custom_interfaces/include/custom_interfaces/custom_interfaces/srv/detail\n'}
[4.558991] (custom_interfaces) StdoutLine: {'line': b'-- Up-to-date: /home/ashley.akamine/rampagingRoombas/turtlebot4_ws/install/custom_interfaces/include/custom_interfaces/custom_interfaces/srv/detail/get_summary__rosidl_typesupport_fastrtps_cpp.hpp\n'}
[4.559035] (custom_interfaces) StdoutLine: {'line': b'-- Up-to-date: /home/ashley.akamine/rampagingRoombas/turtlebot4_ws/install/custom_interfaces/include/custom_interfaces/custom_interfaces/srv/detail/dds_fastrtps\n'}
[4.559646] (custom_interfaces) StdoutLine: {'line': b'-- Installing: /home/ashley.akamine/rampagingRoombas/turtlebot4_ws/install/custom_interfaces/lib/libcustom_interfaces__rosidl_typesupport_fastrtps_cpp.so\n'}
[4.561294] (custom_interfaces) StdoutLine: {'line': b'-- Set runtime path of "/home/ashley.akamine/rampagingRoombas/turtlebot4_ws/install/custom_interfaces/lib/libcustom_interfaces__rosidl_typesupport_fastrtps_cpp.so" to ""\n'}
[4.561386] (custom_interfaces) StdoutLine: {'line': b'-- Up-to-date: /home/ashley.akamine/rampagingRoombas/turtlebot4_ws/install/custom_interfaces/include/custom_interfaces/custom_interfaces\n'}
[4.561470] (custom_interfaces) StdoutLine: {'line': b'-- Up-to-date: /home/ashley.akamine/rampagingRoombas/turtlebot4_ws/install/custom_interfaces/include/custom_interfaces/custom_interfaces/srv\n'}
[4.561543] (custom_interfaces) StdoutLine: {'line': b'-- Up-to-date: /home/ashley.akamine/rampagingRoombas/turtlebot4_ws/install/custom_interfaces/include/custom_interfaces/custom_interfaces/srv/detail\n'}
[4.561592] (custom_interfaces) StdoutLine: {'line': b'-- Up-to-date: /home/ashley.akamine/rampagingRoombas/turtlebot4_ws/install/custom_interfaces/include/custom_interfaces/custom_interfaces/srv/detail/get_summary__type_support.cpp\n'}
[4.561638] (custom_interfaces) StdoutLine: {'line': b'-- Up-to-date: /home/ashley.akamine/rampagingRoombas/turtlebot4_ws/install/custom_interfaces/include/custom_interfaces/custom_interfaces/srv/detail/get_summary__rosidl_typesupport_introspection_cpp.hpp\n'}
[4.562527] (custom_interfaces) StdoutLine: {'line': b'-- Installing: /home/ashley.akamine/rampagingRoombas/turtlebot4_ws/install/custom_interfaces/lib/libcustom_interfaces__rosidl_typesupport_introspection_cpp.so\n'}
[4.564193] (custom_interfaces) StdoutLine: {'line': b'-- Set runtime path of "/home/ashley.akamine/rampagingRoombas/turtlebot4_ws/install/custom_interfaces/lib/libcustom_interfaces__rosidl_typesupport_introspection_cpp.so" to ""\n'}
[4.565414] (custom_interfaces) StdoutLine: {'line': b'-- Installing: /home/ashley.akamine/rampagingRoombas/turtlebot4_ws/install/custom_interfaces/lib/libcustom_interfaces__rosidl_typesupport_cpp.so\n'}
[4.567040] (custom_interfaces) StdoutLine: {'line': b'-- Set runtime path of "/home/ashley.akamine/rampagingRoombas/turtlebot4_ws/install/custom_interfaces/lib/libcustom_interfaces__rosidl_typesupport_cpp.so" to ""\n'}
[4.567120] (custom_interfaces) StdoutLine: {'line': b'-- Up-to-date: /home/ashley.akamine/rampagingRoombas/turtlebot4_ws/install/custom_interfaces/share/custom_interfaces/environment/pythonpath.sh\n'}
[4.567192] (custom_interfaces) StdoutLine: {'line': b'-- Installing: /home/ashley.akamine/rampagingRoombas/turtlebot4_ws/install/custom_interfaces/share/custom_interfaces/environment/pythonpath.dsv\n'}
[4.567656] (custom_interfaces) StdoutLine: {'line': b'-- Up-to-date: /home/ashley.akamine/rampagingRoombas/turtlebot4_ws/install/custom_interfaces/local/lib/python3.10/dist-packages/custom_interfaces-0.0.0-py3.10.egg-info\n'}
[4.567782] (custom_interfaces) StdoutLine: {'line': b'-- Installing: /home/ashley.akamine/rampagingRoombas/turtlebot4_ws/install/custom_interfaces/local/lib/python3.10/dist-packages/custom_interfaces-0.0.0-py3.10.egg-info/SOURCES.txt\n'}
[4.568357] (custom_interfaces) StdoutLine: {'line': b'-- Installing: /home/ashley.akamine/rampagingRoombas/turtlebot4_ws/install/custom_interfaces/local/lib/python3.10/dist-packages/custom_interfaces-0.0.0-py3.10.egg-info/PKG-INFO\n'}
[4.568849] (custom_interfaces) StdoutLine: {'line': b'-- Installing: /home/ashley.akamine/rampagingRoombas/turtlebot4_ws/install/custom_interfaces/local/lib/python3.10/dist-packages/custom_interfaces-0.0.0-py3.10.egg-info/top_level.txt\n'}
[4.569479] (custom_interfaces) StdoutLine: {'line': b'-- Installing: /home/ashley.akamine/rampagingRoombas/turtlebot4_ws/install/custom_interfaces/local/lib/python3.10/dist-packages/custom_interfaces-0.0.0-py3.10.egg-info/dependency_links.txt\n'}
[4.570081] (custom_interfaces) StdoutLine: {'line': b'-- Up-to-date: /home/ashley.akamine/rampagingRoombas/turtlebot4_ws/install/custom_interfaces/local/lib/python3.10/dist-packages/custom_interfaces\n'}
[4.570197] (custom_interfaces) StdoutLine: {'line': b'-- Up-to-date: /home/ashley.akamine/rampagingRoombas/turtlebot4_ws/install/custom_interfaces/local/lib/python3.10/dist-packages/custom_interfaces/_custom_interfaces_s.ep.rosidl_typesupport_fastrtps_c.c\n'}
[4.570287] (custom_interfaces) StdoutLine: {'line': b'-- Installing: /home/ashley.akamine/rampagingRoombas/turtlebot4_ws/install/custom_interfaces/local/lib/python3.10/dist-packages/custom_interfaces/custom_interfaces_s__rosidl_typesupport_fastrtps_c.cpython-310-x86_64-linux-gnu.so\n'}
[4.570606] (custom_interfaces) StdoutLine: {'line': b'-- Installing: /home/ashley.akamine/rampagingRoombas/turtlebot4_ws/install/custom_interfaces/local/lib/python3.10/dist-packages/custom_interfaces/__init__.py\n'}
[4.571077] (custom_interfaces) StdoutLine: {'line': b'-- Up-to-date: /home/ashley.akamine/rampagingRoombas/turtlebot4_ws/install/custom_interfaces/local/lib/python3.10/dist-packages/custom_interfaces/_custom_interfaces_s.ep.rosidl_typesupport_introspection_c.c\n'}
[4.571176] (custom_interfaces) StdoutLine: {'line': b'-- Installing: /home/ashley.akamine/rampagingRoombas/turtlebot4_ws/install/custom_interfaces/local/lib/python3.10/dist-packages/custom_interfaces/custom_interfaces_s__rosidl_typesupport_c.cpython-310-x86_64-linux-gnu.so\n'}
[4.571592] (custom_interfaces) StdoutLine: {'line': b'-- Up-to-date: /home/ashley.akamine/rampagingRoombas/turtlebot4_ws/install/custom_interfaces/local/lib/python3.10/dist-packages/custom_interfaces/_custom_interfaces_s.ep.rosidl_typesupport_c.c\n'}
[4.571689] (custom_interfaces) StdoutLine: {'line': b'-- Installing: /home/ashley.akamine/rampagingRoombas/turtlebot4_ws/install/custom_interfaces/local/lib/python3.10/dist-packages/custom_interfaces/libcustom_interfaces__rosidl_generator_py.so\n'}
[4.572275] (custom_interfaces) StdoutLine: {'line': b'-- Installing: /home/ashley.akamine/rampagingRoombas/turtlebot4_ws/install/custom_interfaces/local/lib/python3.10/dist-packages/custom_interfaces/custom_interfaces_s__rosidl_typesupport_introspection_c.cpython-310-x86_64-linux-gnu.so\n'}
[4.572750] (custom_interfaces) StdoutLine: {'line': b'-- Up-to-date: /home/ashley.akamine/rampagingRoombas/turtlebot4_ws/install/custom_interfaces/local/lib/python3.10/dist-packages/custom_interfaces/srv\n'}
[4.572865] (custom_interfaces) StdoutLine: {'line': b'-- Up-to-date: /home/ashley.akamine/rampagingRoombas/turtlebot4_ws/install/custom_interfaces/local/lib/python3.10/dist-packages/custom_interfaces/srv/_get_summary.py\n'}
[4.572917] (custom_interfaces) StdoutLine: {'line': b'-- Up-to-date: /home/ashley.akamine/rampagingRoombas/turtlebot4_ws/install/custom_interfaces/local/lib/python3.10/dist-packages/custom_interfaces/srv/_get_summary_s.c\n'}
[4.572964] (custom_interfaces) StdoutLine: {'line': b'-- Up-to-date: /home/ashley.akamine/rampagingRoombas/turtlebot4_ws/install/custom_interfaces/local/lib/python3.10/dist-packages/custom_interfaces/srv/__init__.py\n'}
[4.604300] (custom_interfaces) StdoutLine: {'line': b"Listing '/home/ashley.akamine/rampagingRoombas/turtlebot4_ws/install/custom_interfaces/local/lib/python3.10/dist-packages/custom_interfaces'...\n"}
[4.604429] (custom_interfaces) StdoutLine: {'line': b"Compiling '/home/ashley.akamine/rampagingRoombas/turtlebot4_ws/install/custom_interfaces/local/lib/python3.10/dist-packages/custom_interfaces/__init__.py'...\n"}
[4.604492] (custom_interfaces) StdoutLine: {'line': b"Listing '/home/ashley.akamine/rampagingRoombas/turtlebot4_ws/install/custom_interfaces/local/lib/python3.10/dist-packages/custom_interfaces/srv'...\n"}
[4.607075] (-) TimerEvent: {}
[4.607508] (custom_interfaces) StdoutLine: {'line': b'-- Installing: /home/ashley.akamine/rampagingRoombas/turtlebot4_ws/install/custom_interfaces/local/lib/python3.10/dist-packages/custom_interfaces/custom_interfaces_s__rosidl_typesupport_fastrtps_c.cpython-310-x86_64-linux-gnu.so\n'}
[4.609788] (custom_interfaces) StdoutLine: {'line': b'-- Set runtime path of "/home/ashley.akamine/rampagingRoombas/turtlebot4_ws/install/custom_interfaces/local/lib/python3.10/dist-packages/custom_interfaces/custom_interfaces_s__rosidl_typesupport_fastrtps_c.cpython-310-x86_64-linux-gnu.so" to ""\n'}
[4.610042] (custom_interfaces) StdoutLine: {'line': b'-- Installing: /home/ashley.akamine/rampagingRoombas/turtlebot4_ws/install/custom_interfaces/local/lib/python3.10/dist-packages/custom_interfaces/custom_interfaces_s__rosidl_typesupport_introspection_c.cpython-310-x86_64-linux-gnu.so\n'}
[4.611936] (custom_interfaces) StdoutLine: {'line': b'-- Set runtime path of "/home/ashley.akamine/rampagingRoombas/turtlebot4_ws/install/custom_interfaces/local/lib/python3.10/dist-packages/custom_interfaces/custom_interfaces_s__rosidl_typesupport_introspection_c.cpython-310-x86_64-linux-gnu.so" to ""\n'}
[4.612098] (custom_interfaces) StdoutLine: {'line': b'-- Installing: /home/ashley.akamine/rampagingRoombas/turtlebot4_ws/install/custom_interfaces/local/lib/python3.10/dist-packages/custom_interfaces/custom_interfaces_s__rosidl_typesupport_c.cpython-310-x86_64-linux-gnu.so\n'}
[4.614147] (custom_interfaces) StdoutLine: {'line': b'-- Set runtime path of "/home/ashley.akamine/rampagingRoombas/turtlebot4_ws/install/custom_interfaces/local/lib/python3.10/dist-packages/custom_interfaces/custom_interfaces_s__rosidl_typesupport_c.cpython-310-x86_64-linux-gnu.so" to ""\n'}
[4.616035] (custom_interfaces) StdoutLine: {'line': b'-- Installing: /home/ashley.akamine/rampagingRoombas/turtlebot4_ws/install/custom_interfaces/lib/libcustom_interfaces__rosidl_generator_py.so\n'}
[4.619199] (custom_interfaces) StdoutLine: {'line': b'-- Set runtime path of "/home/ashley.akamine/rampagingRoombas/turtlebot4_ws/install/custom_interfaces/lib/libcustom_interfaces__rosidl_generator_py.so" to ""\n'}
[4.619311] (custom_interfaces) StdoutLine: {'line': b'-- Up-to-date: /home/ashley.akamine/rampagingRoombas/turtlebot4_ws/install/custom_interfaces/share/custom_interfaces/srv/GetSummary.idl\n'}
[4.619400] (custom_interfaces) StdoutLine: {'line': b'-- Up-to-date: /home/ashley.akamine/rampagingRoombas/turtlebot4_ws/install/custom_interfaces/share/custom_interfaces/srv/GetSummary.srv\n'}
[4.619498] (custom_interfaces) StdoutLine: {'line': b'-- Up-to-date: /home/ashley.akamine/rampagingRoombas/turtlebot4_ws/install/custom_interfaces/share/custom_interfaces/srv/GetSummary_Request.msg\n'}
[4.619581] (custom_interfaces) StdoutLine: {'line': b'-- Up-to-date: /home/ashley.akamine/rampagingRoombas/turtlebot4_ws/install/custom_interfaces/share/custom_interfaces/srv/GetSummary_Response.msg\n'}
[4.619656] (custom_interfaces) StdoutLine: {'line': b'-- Up-to-date: /home/ashley.akamine/rampagingRoombas/turtlebot4_ws/install/custom_interfaces/share/ament_index/resource_index/package_run_dependencies/custom_interfaces\n'}
[4.619730] (custom_interfaces) StdoutLine: {'line': b'-- Installing: /home/ashley.akamine/rampagingRoombas/turtlebot4_ws/install/custom_interfaces/share/ament_index/resource_index/parent_prefix_path/custom_interfaces\n'}
[4.621190] (custom_interfaces) StdoutLine: {'line': b'-- Up-to-date: /home/ashley.akamine/rampagingRoombas/turtlebot4_ws/install/custom_interfaces/share/custom_interfaces/environment/ament_prefix_path.sh\n'}
[4.621278] (custom_interfaces) StdoutLine: {'line': b'-- Installing: /home/ashley.akamine/rampagingRoombas/turtlebot4_ws/install/custom_interfaces/share/custom_interfaces/environment/ament_prefix_path.dsv\n'}
[4.621734] (custom_interfaces) StdoutLine: {'line': b'-- Up-to-date: /home/ashley.akamine/rampagingRoombas/turtlebot4_ws/install/custom_interfaces/share/custom_interfaces/environment/path.sh\n'}
[4.621829] (custom_interfaces) StdoutLine: {'line': b'-- Installing: /home/ashley.akamine/rampagingRoombas/turtlebot4_ws/install/custom_interfaces/share/custom_interfaces/environment/path.dsv\n'}
[4.622107] (custom_interfaces) StdoutLine: {'line': b'-- Up-to-date: /home/ashley.akamine/rampagingRoombas/turtlebot4_ws/install/custom_interfaces/share/custom_interfaces/local_setup.bash\n'}
[4.622188] (custom_interfaces) StdoutLine: {'line': b'-- Up-to-date: /home/ashley.akamine/rampagingRoombas/turtlebot4_ws/install/custom_interfaces/share/custom_interfaces/local_setup.sh\n'}
[4.622264] (custom_interfaces) StdoutLine: {'line': b'-- Up-to-date: /home/ashley.akamine/rampagingRoombas/turtlebot4_ws/install/custom_interfaces/share/custom_interfaces/local_setup.zsh\n'}
[4.622361] (custom_interfaces) StdoutLine: {'line': b'-- Installing: /home/ashley.akamine/rampagingRoombas/turtlebot4_ws/install/custom_interfaces/share/custom_interfaces/local_setup.dsv\n'}
[4.622623] (custom_interfaces) StdoutLine: {'line': b'-- Installing: /home/ashley.akamine/rampagingRoombas/turtlebot4_ws/install/custom_interfaces/share/custom_interfaces/package.dsv\n'}
[4.623369] (custom_interfaces) StdoutLine: {'line': b'-- Up-to-date: /home/ashley.akamine/rampagingRoombas/turtlebot4_ws/install/custom_interfaces/share/ament_index/resource_index/packages/custom_interfaces\n'}
[4.636371] (custom_interfaces) StdoutLine: {'line': b'-- Up-to-date: /home/ashley.akamine/rampagingRoombas/turtlebot4_ws/install/custom_interfaces/share/custom_interfaces/cmake/export_custom_interfaces__rosidl_generator_cExport.cmake\n'}
[4.636554] (custom_interfaces) StdoutLine: {'line': b'-- Up-to-date: /home/ashley.akamine/rampagingRoombas/turtlebot4_ws/install/custom_interfaces/share/custom_interfaces/cmake/export_custom_interfaces__rosidl_generator_cExport-noconfig.cmake\n'}
[4.649984] (custom_interfaces) StdoutLine: {'line': b'-- Up-to-date: /home/ashley.akamine/rampagingRoombas/turtlebot4_ws/install/custom_interfaces/share/custom_interfaces/cmake/export_custom_interfaces__rosidl_typesupport_fastrtps_cExport.cmake\n'}
[4.650077] (custom_interfaces) StdoutLine: {'line': b'-- Up-to-date: /home/ashley.akamine/rampagingRoombas/turtlebot4_ws/install/custom_interfaces/share/custom_interfaces/cmake/export_custom_interfaces__rosidl_typesupport_fastrtps_cExport-noconfig.cmake\n'}
[4.663317] (custom_interfaces) StdoutLine: {'line': b'-- Up-to-date: /home/ashley.akamine/rampagingRoombas/turtlebot4_ws/install/custom_interfaces/share/custom_interfaces/cmake/custom_interfaces__rosidl_typesupport_introspection_cExport.cmake\n'}
[4.663439] (custom_interfaces) StdoutLine: {'line': b'-- Up-to-date: /home/ashley.akamine/rampagingRoombas/turtlebot4_ws/install/custom_interfaces/share/custom_interfaces/cmake/custom_interfaces__rosidl_typesupport_introspection_cExport-noconfig.cmake\n'}
[4.676415] (custom_interfaces) StdoutLine: {'line': b'-- Up-to-date: /home/ashley.akamine/rampagingRoombas/turtlebot4_ws/install/custom_interfaces/share/custom_interfaces/cmake/custom_interfaces__rosidl_typesupport_cExport.cmake\n'}
[4.676501] (custom_interfaces) StdoutLine: {'line': b'-- Up-to-date: /home/ashley.akamine/rampagingRoombas/turtlebot4_ws/install/custom_interfaces/share/custom_interfaces/cmake/custom_interfaces__rosidl_typesupport_cExport-noconfig.cmake\n'}
[4.688685] (custom_interfaces) StdoutLine: {'line': b'-- Up-to-date: /home/ashley.akamine/rampagingRoombas/turtlebot4_ws/install/custom_interfaces/share/custom_interfaces/cmake/export_custom_interfaces__rosidl_generator_cppExport.cmake\n'}
[4.702155] (custom_interfaces) StdoutLine: {'line': b'-- Up-to-date: /home/ashley.akamine/rampagingRoombas/turtlebot4_ws/install/custom_interfaces/share/custom_interfaces/cmake/export_custom_interfaces__rosidl_typesupport_fastrtps_cppExport.cmake\n'}
[4.702241] (custom_interfaces) StdoutLine: {'line': b'-- Up-to-date: /home/ashley.akamine/rampagingRoombas/turtlebot4_ws/install/custom_interfaces/share/custom_interfaces/cmake/export_custom_interfaces__rosidl_typesupport_fastrtps_cppExport-noconfig.cmake\n'}
[4.707173] (-) TimerEvent: {}
[4.717188] (custom_interfaces) StdoutLine: {'line': b'-- Up-to-date: /home/ashley.akamine/rampagingRoombas/turtlebot4_ws/install/custom_interfaces/share/custom_interfaces/cmake/custom_interfaces__rosidl_typesupport_introspection_cppExport.cmake\n'}
[4.717316] (custom_interfaces) StdoutLine: {'line': b'-- Up-to-date: /home/ashley.akamine/rampagingRoombas/turtlebot4_ws/install/custom_interfaces/share/custom_interfaces/cmake/custom_interfaces__rosidl_typesupport_introspection_cppExport-noconfig.cmake\n'}
[4.732153] (custom_interfaces) StdoutLine: {'line': b'-- Up-to-date: /home/ashley.akamine/rampagingRoombas/turtlebot4_ws/install/custom_interfaces/share/custom_interfaces/cmake/custom_interfaces__rosidl_typesupport_cppExport.cmake\n'}
[4.732292] (custom_interfaces) StdoutLine: {'line': b'-- Up-to-date: /home/ashley.akamine/rampagingRoombas/turtlebot4_ws/install/custom_interfaces/share/custom_interfaces/cmake/custom_interfaces__rosidl_typesupport_cppExport-noconfig.cmake\n'}
[4.746545] (custom_interfaces) StdoutLine: {'line': b'-- Up-to-date: /home/ashley.akamine/rampagingRoombas/turtlebot4_ws/install/custom_interfaces/share/custom_interfaces/cmake/export_custom_interfaces__rosidl_generator_pyExport.cmake\n'}
[4.746819] (custom_interfaces) StdoutLine: {'line': b'-- Up-to-date: /home/ashley.akamine/rampagingRoombas/turtlebot4_ws/install/custom_interfaces/share/custom_interfaces/cmake/export_custom_interfaces__rosidl_generator_pyExport-noconfig.cmake\n'}
[4.746889] (custom_interfaces) StdoutLine: {'line': b'-- Up-to-date: /home/ashley.akamine/rampagingRoombas/turtlebot4_ws/install/custom_interfaces/share/custom_interfaces/cmake/rosidl_cmake-extras.cmake\n'}
[4.746945] (custom_interfaces) StdoutLine: {'line': b'-- Up-to-date: /home/ashley.akamine/rampagingRoombas/turtlebot4_ws/install/custom_interfaces/share/custom_interfaces/cmake/ament_cmake_export_include_directories-extras.cmake\n'}
[4.746996] (custom_interfaces) StdoutLine: {'line': b'-- Up-to-date: /home/ashley.akamine/rampagingRoombas/turtlebot4_ws/install/custom_interfaces/share/custom_interfaces/cmake/ament_cmake_export_libraries-extras.cmake\n'}
[4.747046] (custom_interfaces) StdoutLine: {'line': b'-- Up-to-date: /home/ashley.akamine/rampagingRoombas/turtlebot4_ws/install/custom_interfaces/share/custom_interfaces/cmake/ament_cmake_export_targets-extras.cmake\n'}
[4.747095] (custom_interfaces) StdoutLine: {'line': b'-- Up-to-date: /home/ashley.akamine/rampagingRoombas/turtlebot4_ws/install/custom_interfaces/share/custom_interfaces/cmake/rosidl_cmake_export_typesupport_targets-extras.cmake\n'}
[4.747145] (custom_interfaces) StdoutLine: {'line': b'-- Up-to-date: /home/ashley.akamine/rampagingRoombas/turtlebot4_ws/install/custom_interfaces/share/custom_interfaces/cmake/ament_cmake_export_dependencies-extras.cmake\n'}
[4.747222] (custom_interfaces) StdoutLine: {'line': b'-- Up-to-date: /home/ashley.akamine/rampagingRoombas/turtlebot4_ws/install/custom_interfaces/share/custom_interfaces/cmake/rosidl_cmake_export_typesupport_libraries-extras.cmake\n'}
[4.747269] (custom_interfaces) StdoutLine: {'line': b'-- Up-to-date: /home/ashley.akamine/rampagingRoombas/turtlebot4_ws/install/custom_interfaces/share/custom_interfaces/cmake/custom_interfacesConfig.cmake\n'}
[4.747315] (custom_interfaces) StdoutLine: {'line': b'-- Up-to-date: /home/ashley.akamine/rampagingRoombas/turtlebot4_ws/install/custom_interfaces/share/custom_interfaces/cmake/custom_interfacesConfig-version.cmake\n'}
[4.747361] (custom_interfaces) StdoutLine: {'line': b'-- Up-to-date: /home/ashley.akamine/rampagingRoombas/turtlebot4_ws/install/custom_interfaces/share/custom_interfaces/package.xml\n'}
[4.751962] (custom_interfaces) CommandEnded: {'returncode': 0}
[4.807249] (-) TimerEvent: {}
[4.818099] (custom_interfaces) JobEnded: {'identifier': 'custom_interfaces', 'rc': 0}
[4.819566] (lab3_pkg) JobStarted: {'identifier': 'lab3_pkg'}
[4.907363] (-) TimerEvent: {}
[5.007512] (-) TimerEvent: {}
[5.107693] (-) TimerEvent: {}
[5.207900] (-) TimerEvent: {}
[5.308117] (-) TimerEvent: {}
[5.403237] (lab3_pkg) Command: {'cmd': ['/usr/bin/python3', '-W', 'ignore:setup.py install is deprecated', '-W', 'ignore:easy_install command is deprecated', 'setup.py', 'egg_info', '--egg-base', '../../build/lab3_pkg', 'build', '--build-base', '/home/ashley.akamine/rampagingRoombas/turtlebot4_ws/build/lab3_pkg/build', 'install', '--record', '/home/ashley.akamine/rampagingRoombas/turtlebot4_ws/build/lab3_pkg/install.log', '--single-version-externally-managed', 'install_data'], 'cwd': '/home/ashley.akamine/rampagingRoombas/turtlebot4_ws/src/lab3_pkg', 'env': {'USER': 'ashley.akamine@plu.edu', 'XDG_SESSION_TYPE': 'wayland', 'GIT_ASKPASS': '/usr/share/code/resources/app/extensions/git/dist/askpass.sh', 'SHLVL': '2', 'LD_LIBRARY_PATH': '/home/ashley.akamine/rampagingRoombas/turtlebot4_ws/install/custom_interfaces/lib:/opt/ros/humble/opt/rviz_ogre_vendor/lib:/opt/ros/humble/lib/x86_64-linux-gnu:/opt/ros/humble/lib', 'OLDPWD': '/home/ashley.akamine/rampagingRoombas/turtlebot4_ws', 'HOME': '/home/ashley.akamine', 'CHROME_DESKTOP': 'code.desktop', 'DESKTOP_SESSION': 'ubuntu', 'TERM_PROGRAM_VERSION': '1.98.2', 'GTK_MODULES': 'gail:atk-bridge', 'GNOME_SHELL_SESSION_MODE': 'ubuntu', 'VSCODE_GIT_ASKPASS_MAIN': '/usr/share/code/resources/app/extensions/git/dist/askpass-main.js', 'ROS_PYTHON_VERSION': '3', 'VSCODE_GIT_ASKPASS_NODE': '/usr/share/code/code', 'SYSTEMD_EXEC_PID': '531393', 'DBUS_SESSION_BUS_ADDRESS': 'unix:path=/run/user/481844462/bus', 'COLORTERM': 'truecolor', 'CONDA_CHANGEPS1': 'no', 'WAYLAND_DISPLAY': 'wayland-0', 'ROS_DISTRO': 'humble', 'COLCON_PREFIX_PATH': '/home/ashley.akamine/rampagingRoombas/turtlebot4_ws/install', 'LOGNAME': 'ashley.akamine@plu.edu', '_': '/usr/bin/colcon', 'XDG_SESSION_CLASS': 'user', 'USER_ZDOTDIR': '/home/ashley.akamine', 'ROS_VERSION': '2', 'USERNAME': 'ashley.akamine@plu.edu', 'TERM': 'xterm-256color', 'PROMPT_EOL_MARK': '', 'ROS_SUPER_CLIENT': 'True', 'GNOME_DESKTOP_SESSION_ID': 'this-is-deprecated', 'ROS_LOCALHOST_ONLY': '0', 'PATH': '/opt/ros/humble/bin:/usr/local/sbin:/usr/local/bin:/usr/sbin:/usr/bin:/sbin:/bin:/usr/games:/usr/local/games:/snap/bin:/snap/bin', 'SESSION_MANAGER': 'local/csci20145:@/tmp/.ICE-unix/531368,unix/csci20145:/tmp/.ICE-unix/531368', 'GNOME_TERMINAL_SCREEN': '/org/gnome/Terminal/screen/6686a942_9874_414f_bb4b_0542f17229a9', 'XDG_MENU_PREFIX': 'gnome-', 'GNOME_SETUP_DISPLAY': ':1', 'XDG_RUNTIME_DIR': '/run/user/481844462', 'GDK_BACKEND': 'x11', 'DISPLAY': ':0', 'LANG': 'en_US.UTF-8', 'XDG_CURRENT_DESKTOP': 'Unity', 'VSCODE_INJECTION': '1', 'RMW_IMPLEMENTATION': 'rmw_fastrtps_cpp', 'XDG_SESSION_DESKTOP': 'ubuntu', 'GNOME_TERMINAL_SERVICE': ':1.115', 'XMODIFIERS': '@im=ibus', 'XAUTHORITY': '/run/user/481844462/.mutter-Xwaylandauth.T44B42', 'TERM_PROGRAM': 'vscode', 'VSCODE_GIT_IPC_HANDLE': '/run/user/481844462/vscode-git-eb3a6a45bf.sock', 'SSH_AUTH_SOCK': '/run/user/481844462/keyring/ssh', 'SSH_AGENT_LAUNCHER': 'gnome-keyring', 'ORIGINAL_XDG_CURRENT_DESKTOP': 'ubuntu:GNOME', 'AMENT_PREFIX_PATH': '/home/ashley.akamine/rampagingRoombas/turtlebot4_ws/install/turtlebot_lab_bringup:/home/ashley.akamine/rampagingRoombas/turtlebot4_ws/install/lab3_pkg:/home/ashley.akamine/rampagingRoombas/turtlebot4_ws/install/lab2_pkg:/home/ashley.akamine/rampagingRoombas/turtlebot4_ws/install/lab1_pkg:/home/ashley.akamine/rampagingRoombas/turtlebot4_ws/install/custom_interfaces:/opt/ros/humble', 'ROS_DOMAIN_ID': '2', 'KRB5CCNAME': 'FILE:/tmp/krb5cc_481844462_YCx6i9', 'SHELL': '/bin/zsh', 'ROS_DISCOVERY_SERVER': '10.5.113.101:11811', 'QT_ACCESSIBILITY': '1', 'GDMSESSION': 'ubuntu', 'QT_IM_MODULE': 'ibus', 'VSCODE_GIT_ASKPASS_EXTRA_ARGS': '', 'PWD': '/home/ashley.akamine/rampagingRoombas/turtlebot4_ws/build/lab3_pkg', 'XDG_DATA_DIRS': '/usr/local/share/:/usr/share/:/var/lib/snapd/desktop', 'VIRTUAL_ENV_DISABLE_PROMPT': '12', 'ZDOTDIR': '/home/ashley.akamine', 'PYTHONPATH': '/home/ashley.akamine/rampagingRoombas/turtlebot4_ws/build/lab3_pkg/prefix_override:/usr/lib/python3/dist-packages/colcon_core/task/python/colcon_distutils_commands:/home/ashley.akamine/rampagingRoombas/turtlebot4_ws/install/lab3_pkg/lib/python3.10/site-packages:/home/ashley.akamine/rampagingRoombas/turtlebot4_ws/install/lab3_pkg/lib/python3.10/site-packages:/home/ashley.akamine/rampagingRoombas/turtlebot4_ws/install/lab2_pkg/lib/python3.10/site-packages:/home/ashley.akamine/rampagingRoombas/turtlebot4_ws/install/lab1_pkg/lib/python3.10/site-packages:/home/ashley.akamine/rampagingRoombas/turtlebot4_ws/install/custom_interfaces/local/lib/python3.10/dist-packages:/opt/ros/humble/lib/python3.10/site-packages:/opt/ros/humble/local/lib/python3.10/dist-packages', 'COLCON': '1', 'VTE_VERSION': '6800', 'CMAKE_PREFIX_PATH': '/home/ashley.akamine/rampagingRoombas/turtlebot4_ws/install/custom_interfaces:/home/ashley.akamine/rampagingRoombas/turtlebot4_ws/install/turtlebot_lab_bringup'}, 'shell': False}
[5.408179] (-) TimerEvent: {}
[5.508332] (-) TimerEvent: {}
[5.608510] (-) TimerEvent: {}
[5.626614] (lab3_pkg) StdoutLine: {'line': b'running egg_info\n'}
[5.627040] (lab3_pkg) StdoutLine: {'line': b'writing ../../build/lab3_pkg/lab3_pkg.egg-info/PKG-INFO\n'}
[5.629662] (lab3_pkg) StdoutLine: {'line': b'writing dependency_links to ../../build/lab3_pkg/lab3_pkg.egg-info/dependency_links.txt\n'}
[5.630192] (lab3_pkg) StdoutLine: {'line': b'writing entry points to ../../build/lab3_pkg/lab3_pkg.egg-info/entry_points.txt\n'}
[5.631480] (lab3_pkg) StdoutLine: {'line': b'writing requirements to ../../build/lab3_pkg/lab3_pkg.egg-info/requires.txt\n'}
[5.631905] (lab3_pkg) StdoutLine: {'line': b'writing top-level names to ../../build/lab3_pkg/lab3_pkg.egg-info/top_level.txt\n'}
[5.633899] (lab3_pkg) StdoutLine: {'line': b"reading manifest file '../../build/lab3_pkg/lab3_pkg.egg-info/SOURCES.txt'\n"}
[5.635695] (lab3_pkg) StdoutLine: {'line': b"writing manifest file '../../build/lab3_pkg/lab3_pkg.egg-info/SOURCES.txt'\n"}
[5.635841] (lab3_pkg) StdoutLine: {'line': b'running build\n'}
[5.635912] (lab3_pkg) StdoutLine: {'line': b'running build_py\n'}
[5.636045] (lab3_pkg) StdoutLine: {'line': b'running install\n'}
[5.636240] (lab3_pkg) StdoutLine: {'line': b'running install_lib\n'}
[5.637366] (lab3_pkg) StdoutLine: {'line': b'running install_data\n'}
[5.637442] (lab3_pkg) StdoutLine: {'line': b'running install_egg_info\n'}
[5.638742] (lab3_pkg) StdoutLine: {'line': b"removing '/home/ashley.akamine/rampagingRoombas/turtlebot4_ws/install/lab3_pkg/lib/python3.10/site-packages/lab3_pkg-0.0.0-py3.10.egg-info' (and everything under it)\n"}
[5.638913] (lab3_pkg) StdoutLine: {'line': b'Copying ../../build/lab3_pkg/lab3_pkg.egg-info to /home/ashley.akamine/rampagingRoombas/turtlebot4_ws/install/lab3_pkg/lib/python3.10/site-packages/lab3_pkg-0.0.0-py3.10.egg-info\n'}
[5.641374] (lab3_pkg) StdoutLine: {'line': b'running install_scripts\n'}
[5.656938] (lab3_pkg) StdoutLine: {'line': b'Installing battery_server_node script to /home/ashley.akamine/rampagingRoombas/turtlebot4_ws/install/lab3_pkg/lib/lab3_pkg\n'}
[5.658278] (lab3_pkg) StdoutLine: {'line': b'Installing state_summary_client_node script to /home/ashley.akamine/rampagingRoombas/turtlebot4_ws/install/lab3_pkg/lib/lab3_pkg\n'}
[5.659619] (lab3_pkg) StdoutLine: {'line': b"writing list of installed files to '/home/ashley.akamine/rampagingRoombas/turtlebot4_ws/build/lab3_pkg/install.log'\n"}
[5.675794] (lab3_pkg) CommandEnded: {'returncode': 0}
[5.708608] (-) TimerEvent: {}
[5.718106] (lab3_pkg) JobEnded: {'identifier': 'lab3_pkg', 'rc': 0}
[5.719484] (-) EventReactorShutdown: {}
