[0.000000] (-) TimerEvent: {}
[0.000092] (lab1_pkg) JobQueued: {'identifier': 'lab1_pkg', 'dependencies': OrderedDict()}
[0.000113] (lab1_pkg) JobStarted: {'identifier': 'lab1_pkg'}
[0.099459] (-) TimerEvent: {}
[0.199672] (-) TimerEvent: {}
[0.299883] (-) TimerEvent: {}
[0.400053] (-) TimerEvent: {}
[0.500322] (-) TimerEvent: {}
[0.600509] (-) TimerEvent: {}
[0.700798] (-) TimerEvent: {}
[0.801400] (-) TimerEvent: {}
[0.901889] (-) TimerEvent: {}
[1.002120] (-) TimerEvent: {}
[1.102340] (-) TimerEvent: {}
[1.202528] (-) TimerEvent: {}
[1.302715] (-) TimerEvent: {}
[1.402937] (-) TimerEvent: {}
[1.503164] (-) TimerEvent: {}
[1.603356] (-) TimerEvent: {}
[1.703547] (-) TimerEvent: {}
[1.761093] (lab1_pkg) Command: {'cmd': ['/usr/bin/python3', '-W', 'ignore:setup.py install is deprecated', '-W', 'ignore:easy_install command is deprecated', 'setup.py', 'egg_info', '--egg-base', '../../build/lab1_pkg', 'build', '--build-base', '/home/ashley.akamine/turtlebot4_ws/build/lab1_pkg/build', 'install', '--record', '/home/ashley.akamine/turtlebot4_ws/build/lab1_pkg/install.log', '--single-version-externally-managed', 'install_data'], 'cwd': '/home/ashley.akamine/turtlebot4_ws/src/lab1_pkg', 'env': {'USER': 'ashley.akamine', 'XDG_SESSION_TYPE': 'wayland', 'SHLVL': '1', 'LD_LIBRARY_PATH': '/opt/ros/humble/opt/rviz_ogre_vendor/lib:/opt/ros/humble/lib/x86_64-linux-gnu:/opt/ros/humble/lib', 'OLDPWD': '/home/ashley.akamine/turtlebot4_ws/src', 'HOME': '/home/ashley.akamine', 'DESKTOP_SESSION': 'ubuntu', 'GTK_MODULES': 'gail:atk-bridge', 'GNOME_SHELL_SESSION_MODE': 'ubuntu', 'ROS_PYTHON_VERSION': '3', 'SYSTEMD_EXEC_PID': '538250', 'DBUS_SESSION_BUS_ADDRESS': 'unix:path=/run/user/481844462/bus', 'COLORTERM': 'truecolor', 'CONDA_CHANGEPS1': 'no', 'WAYLAND_DISPLAY': 'wayland-0', 'ROS_DISTRO': 'humble', 'COLCON_PREFIX_PATH': '/home/ashley.akamine/turtlebot4_ws/install', 'LOGNAME': 'ashley.akamine', '_': '/usr/bin/colcon', 'XDG_SESSION_CLASS': 'user', 'ROS_VERSION': '2', 'USERNAME': 'ashley.akamine', 'TERM': 'xterm-256color', 'PROMPT_EOL_MARK': '', 'ROS_SUPER_CLIENT': 'True', 'GNOME_DESKTOP_SESSION_ID': 'this-is-deprecated', 'ROS_LOCALHOST_ONLY': '0', 'PATH': '/opt/ros/humble/bin:/usr/local/sbin:/usr/local/bin:/usr/sbin:/usr/bin:/sbin:/bin:/usr/games:/usr/local/games:/snap/bin:/snap/bin', 'SESSION_MANAGER': 'local/csci20145:@/tmp/.ICE-unix/538222,unix/csci20145:/tmp/.ICE-unix/538222', 'GNOME_TERMINAL_SCREEN': '/org/gnome/Terminal/screen/1a0aab4d_ac31_4889_bff0_c45bf3ff6977', 'XDG_MENU_PREFIX': 'gnome-', 'GNOME_SETUP_DISPLAY': ':5', 'XDG_RUNTIME_DIR': '/run/user/481844462', 'DISPLAY': ':4', 'LANG': 'en_US.UTF-8', 'XDG_CURRENT_DESKTOP': 'ubuntu:GNOME', 'RMW_IMPLEMENTATION': 'rmw_fastrtps_cpp', 'XDG_SESSION_DESKTOP': 'ubuntu', 'GNOME_TERMINAL_SERVICE': ':1.115', 'XMODIFIERS': '@im=ibus', 'XAUTHORITY': '/run/user/481844462/.mutter-Xwaylandauth.F0WS12', 'SSH_AUTH_SOCK': '/run/user/481844462/keyring/ssh', 'SSH_AGENT_LAUNCHER': 'gnome-keyring', 'AMENT_PREFIX_PATH': '/opt/ros/humble', 'ROS_DOMAIN_ID': '2', 'KRB5CCNAME': 'FILE:/tmp/krb5cc_481844462_vfpsui', 'SHELL': '/bin/zsh', 'ROS_DISCOVERY_SERVER': '10.5.112.168:11811', 'QT_ACCESSIBILITY': '1', 'GDMSESSION': 'ubuntu', 'QT_IM_MODULE': 'ibus', 'PWD': '/home/ashley.akamine/turtlebot4_ws/build/lab1_pkg', 'XDG_DATA_DIRS': '/usr/local/share/:/usr/share/:/var/lib/snapd/desktop', 'VIRTUAL_ENV_DISABLE_PROMPT': '12', 'PYTHONPATH': '/home/ashley.akamine/turtlebot4_ws/build/lab1_pkg/prefix_override:/usr/lib/python3/dist-packages/colcon_core/task/python/colcon_distutils_commands:/home/ashley.akamine/turtlebot4_ws/install/lab1_pkg/lib/python3.10/site-packages:/opt/ros/humble/lib/python3.10/site-packages:/opt/ros/humble/local/lib/python3.10/dist-packages', 'COLCON': '1', 'VTE_VERSION': '6800'}, 'shell': False}
[1.803619] (-) TimerEvent: {}
[1.903784] (-) TimerEvent: {}
[1.985215] (lab1_pkg) StdoutLine: {'line': b'running egg_info\n'}
[1.985710] (lab1_pkg) StdoutLine: {'line': b'creating ../../build/lab1_pkg/lab1_pkg.egg-info\n'}
[1.985904] (lab1_pkg) StdoutLine: {'line': b'writing ../../build/lab1_pkg/lab1_pkg.egg-info/PKG-INFO\n'}
[1.986584] (lab1_pkg) StdoutLine: {'line': b'writing dependency_links to ../../build/lab1_pkg/lab1_pkg.egg-info/dependency_links.txt\n'}
[1.986944] (lab1_pkg) StdoutLine: {'line': b'writing entry points to ../../build/lab1_pkg/lab1_pkg.egg-info/entry_points.txt\n'}
[1.987315] (lab1_pkg) StdoutLine: {'line': b'writing requirements to ../../build/lab1_pkg/lab1_pkg.egg-info/requires.txt\n'}
[1.987573] (lab1_pkg) StdoutLine: {'line': b'writing top-level names to ../../build/lab1_pkg/lab1_pkg.egg-info/top_level.txt\n'}
[1.987918] (lab1_pkg) StdoutLine: {'line': b"writing manifest file '../../build/lab1_pkg/lab1_pkg.egg-info/SOURCES.txt'\n"}
[1.989265] (lab1_pkg) StdoutLine: {'line': b"reading manifest file '../../build/lab1_pkg/lab1_pkg.egg-info/SOURCES.txt'\n"}
[1.989786] (lab1_pkg) StdoutLine: {'line': b"writing manifest file '../../build/lab1_pkg/lab1_pkg.egg-info/SOURCES.txt'\n"}
[1.989893] (lab1_pkg) StdoutLine: {'line': b'running build\n'}
[1.989941] (lab1_pkg) StdoutLine: {'line': b'running build_py\n'}
[1.990006] (lab1_pkg) StdoutLine: {'line': b'creating /home/ashley.akamine/turtlebot4_ws/build/lab1_pkg/build\n'}
[1.990106] (lab1_pkg) StdoutLine: {'line': b'creating /home/ashley.akamine/turtlebot4_ws/build/lab1_pkg/build/lib\n'}
[1.990169] (lab1_pkg) StdoutLine: {'line': b'creating /home/ashley.akamine/turtlebot4_ws/build/lab1_pkg/build/lib/lab1_pkg\n'}
[1.990215] (lab1_pkg) StdoutLine: {'line': b'copying lab1_pkg/__init__.py -> /home/ashley.akamine/turtlebot4_ws/build/lab1_pkg/build/lib/lab1_pkg\n'}
[1.990445] (lab1_pkg) StdoutLine: {'line': b'running install\n'}
[1.990694] (lab1_pkg) StdoutLine: {'line': b'running install_lib\n'}
[1.991284] (lab1_pkg) StdoutLine: {'line': b'creating /home/ashley.akamine/turtlebot4_ws/install/lab1_pkg/lib/python3.10/site-packages/lab1_pkg\n'}
[1.991405] (lab1_pkg) StdoutLine: {'line': b'copying /home/ashley.akamine/turtlebot4_ws/build/lab1_pkg/build/lib/lab1_pkg/__init__.py -> /home/ashley.akamine/turtlebot4_ws/install/lab1_pkg/lib/python3.10/site-packages/lab1_pkg\n'}
[1.992017] (lab1_pkg) StdoutLine: {'line': b'byte-compiling /home/ashley.akamine/turtlebot4_ws/install/lab1_pkg/lib/python3.10/site-packages/lab1_pkg/__init__.py to __init__.cpython-310.pyc\n'}
[1.992414] (lab1_pkg) StdoutLine: {'line': b'running install_data\n'}
[1.992533] (lab1_pkg) StdoutLine: {'line': b'creating /home/ashley.akamine/turtlebot4_ws/install/lab1_pkg/share/ament_index\n'}
[1.992580] (lab1_pkg) StdoutLine: {'line': b'creating /home/ashley.akamine/turtlebot4_ws/install/lab1_pkg/share/ament_index/resource_index\n'}
[1.992657] (lab1_pkg) StdoutLine: {'line': b'creating /home/ashley.akamine/turtlebot4_ws/install/lab1_pkg/share/ament_index/resource_index/packages\n'}
[1.992702] (lab1_pkg) StdoutLine: {'line': b'copying resource/lab1_pkg -> /home/ashley.akamine/turtlebot4_ws/install/lab1_pkg/share/ament_index/resource_index/packages\n'}
[1.992894] (lab1_pkg) StdoutLine: {'line': b'copying package.xml -> /home/ashley.akamine/turtlebot4_ws/install/lab1_pkg/share/lab1_pkg\n'}
[1.993209] (lab1_pkg) StdoutLine: {'line': b'running install_egg_info\n'}
[1.995148] (lab1_pkg) StdoutLine: {'line': b'Copying ../../build/lab1_pkg/lab1_pkg.egg-info to /home/ashley.akamine/turtlebot4_ws/install/lab1_pkg/lib/python3.10/site-packages/lab1_pkg-0.0.0-py3.10.egg-info\n'}
[1.997353] (lab1_pkg) StdoutLine: {'line': b'running install_scripts\n'}
[2.003843] (-) TimerEvent: {}
[2.012514] (lab1_pkg) StdoutLine: {'line': b"writing list of installed files to '/home/ashley.akamine/turtlebot4_ws/build/lab1_pkg/install.log'\n"}
[2.027449] (lab1_pkg) CommandEnded: {'returncode': 0}
[2.061736] (lab1_pkg) JobEnded: {'identifier': 'lab1_pkg', 'rc': 0}
[2.062511] (-) EventReactorShutdown: {}
