running egg_info
writing ../../../build/lab2_pkg/lab2_pkg.egg-info/PKG-INFO
writing dependency_links to ../../../build/lab2_pkg/lab2_pkg.egg-info/dependency_links.txt
writing entry points to ../../../build/lab2_pkg/lab2_pkg.egg-info/entry_points.txt
writing requirements to ../../../build/lab2_pkg/lab2_pkg.egg-info/requires.txt
writing top-level names to ../../../build/lab2_pkg/lab2_pkg.egg-info/top_level.txt
reading manifest file '../../../build/lab2_pkg/lab2_pkg.egg-info/SOURCES.txt'
writing manifest file '../../../build/lab2_pkg/lab2_pkg.egg-info/SOURCES.txt'
running build
running build_py
copying lab2_pkg/speed_cap_obstacle_detect.py -> /home/ashley.akamine/rampagingRoombas/build/lab2_pkg/build/lib/lab2_pkg
running install
running install_lib
copying /home/ashley.akamine/rampagingRoombas/build/lab2_pkg/build/lib/lab2_pkg/speed_cap_obstacle_detect.py -> /home/ashley.akamine/rampagingRoombas/install/lab2_pkg/lib/python3.10/site-packages/lab2_pkg
byte-compiling /home/ashley.akamine/rampagingRoombas/install/lab2_pkg/lib/python3.10/site-packages/lab2_pkg/speed_cap_obstacle_detect.py to speed_cap_obstacle_detect.cpython-310.pyc
running install_data
running install_egg_info
removing '/home/ashley.akamine/rampagingRoombas/install/lab2_pkg/lib/python3.10/site-packages/lab2_pkg-0.0.0-py3.10.egg-info' (and everything under it)
Copying ../../../build/lab2_pkg/lab2_pkg.egg-info to /home/ashley.akamine/rampagingRoombas/install/lab2_pkg/lib/python3.10/site-packages/lab2_pkg-0.0.0-py3.10.egg-info
running install_scripts
Installing SpeedCapObstacleDetect script to /home/ashley.akamine/rampagingRoombas/install/lab2_pkg/lib/lab2_pkg
writing list of installed files to '/home/ashley.akamine/rampagingRoombas/build/lab2_pkg/install.log'
