[0.595s] Invoking command in '/home/ashley.akamine/rampagingRoombas/turtlebot4_ws/src/lab2_pkg': PYTHONPATH=/home/ashley.akamine/rampagingRoombas/turtlebot4_ws/build/lab2_pkg/prefix_override:/usr/lib/python3/dist-packages/colcon_core/task/python/colcon_distutils_commands:/home/ashley.akamine/rampagingRoombas/turtlebot4_ws/install/lab2_pkg/lib/python3.10/site-packages: /usr/bin/python3 -W ignore:setup.py install is deprecated -W ignore:easy_install command is deprecated setup.py egg_info --egg-base ../../build/lab2_pkg build --build-base /home/ashley.akamine/rampagingRoombas/turtlebot4_ws/build/lab2_pkg/build install --record /home/ashley.akamine/rampagingRoombas/turtlebot4_ws/build/lab2_pkg/install.log --single-version-externally-managed install_data
[0.751s] running egg_info
[0.751s] writing ../../build/lab2_pkg/lab2_pkg.egg-info/PKG-INFO
[0.752s] writing dependency_links to ../../build/lab2_pkg/lab2_pkg.egg-info/dependency_links.txt
[0.752s] writing entry points to ../../build/lab2_pkg/lab2_pkg.egg-info/entry_points.txt
[0.752s] writing requirements to ../../build/lab2_pkg/lab2_pkg.egg-info/requires.txt
[0.752s] writing top-level names to ../../build/lab2_pkg/lab2_pkg.egg-info/top_level.txt
[0.753s] reading manifest file '../../build/lab2_pkg/lab2_pkg.egg-info/SOURCES.txt'
[0.754s] writing manifest file '../../build/lab2_pkg/lab2_pkg.egg-info/SOURCES.txt'
[0.754s] running build
[0.754s] running build_py
[0.754s] running install
[0.754s] running install_lib
[0.755s] byte-compiling /home/ashley.akamine/rampagingRoombas/turtlebot4_ws/install/lab2_pkg/lib/python3.10/site-packages/lab2_pkg/speed_cap_obstacle_detect.py to speed_cap_obstacle_detect.cpython-310.pyc
[0.756s] Sorry: IndentationError: expected an indented block after function definition on line 13 (speed_cap_obstacle_detect.py, line 14)
[0.756s] running install_data
[0.756s] running install_egg_info
[0.757s] removing '/home/ashley.akamine/rampagingRoombas/turtlebot4_ws/install/lab2_pkg/lib/python3.10/site-packages/lab2_pkg-0.0.0-py3.10.egg-info' (and everything under it)
[0.757s] Copying ../../build/lab2_pkg/lab2_pkg.egg-info to /home/ashley.akamine/rampagingRoombas/turtlebot4_ws/install/lab2_pkg/lib/python3.10/site-packages/lab2_pkg-0.0.0-py3.10.egg-info
[0.758s] running install_scripts
[0.774s] writing list of installed files to '/home/ashley.akamine/rampagingRoombas/turtlebot4_ws/build/lab2_pkg/install.log'
[0.791s] Invoked command in '/home/ashley.akamine/rampagingRoombas/turtlebot4_ws/src/lab2_pkg' returned '0': PYTHONPATH=/home/ashley.akamine/rampagingRoombas/turtlebot4_ws/build/lab2_pkg/prefix_override:/usr/lib/python3/dist-packages/colcon_core/task/python/colcon_distutils_commands:/home/ashley.akamine/rampagingRoombas/turtlebot4_ws/install/lab2_pkg/lib/python3.10/site-packages: /usr/bin/python3 -W ignore:setup.py install is deprecated -W ignore:easy_install command is deprecated setup.py egg_info --egg-base ../../build/lab2_pkg build --build-base /home/ashley.akamine/rampagingRoombas/turtlebot4_ws/build/lab2_pkg/build install --record /home/ashley.akamine/rampagingRoombas/turtlebot4_ws/build/lab2_pkg/install.log --single-version-externally-managed install_data
