[0.886s] Invoking command in '/home/ashley.akamine/rampagingRoombas/turtlebot4_ws/src/lab5_pkg': CMAKE_PREFIX_PATH=/home/ashley.akamine/rampagingRoombas/turtlebot4_ws/install/custom_interfaces:/home/ashley.akamine/rampagingRoombas/turtlebot4_ws/install/turtlebot_lab_bringup PYTHONPATH=/home/ashley.akamine/rampagingRoombas/turtlebot4_ws/build/lab5_pkg/prefix_override:/usr/lib/python3/dist-packages/colcon_core/task/python/colcon_distutils_commands:/home/ashley.akamine/rampagingRoombas/turtlebot4_ws/install/lab5_pkg/lib/python3.10/site-packages:${PYTHONPATH} /usr/bin/python3 -W ignore:setup.py install is deprecated -W ignore:easy_install command is deprecated setup.py egg_info --egg-base ../../build/lab5_pkg build --build-base /home/ashley.akamine/rampagingRoombas/turtlebot4_ws/build/lab5_pkg/build install --record /home/ashley.akamine/rampagingRoombas/turtlebot4_ws/build/lab5_pkg/install.log --single-version-externally-managed install_data
[1.114s] running egg_info
[1.115s] writing ../../build/lab5_pkg/lab5_pkg.egg-info/PKG-INFO
[1.115s] writing dependency_links to ../../build/lab5_pkg/lab5_pkg.egg-info/dependency_links.txt
[1.115s] writing entry points to ../../build/lab5_pkg/lab5_pkg.egg-info/entry_points.txt
[1.115s] writing requirements to ../../build/lab5_pkg/lab5_pkg.egg-info/requires.txt
[1.116s] writing top-level names to ../../build/lab5_pkg/lab5_pkg.egg-info/top_level.txt
[1.118s] reading manifest file '../../build/lab5_pkg/lab5_pkg.egg-info/SOURCES.txt'
[1.119s] writing manifest file '../../build/lab5_pkg/lab5_pkg.egg-info/SOURCES.txt'
[1.119s] running build
[1.119s] running build_py
[1.119s] running install
[1.120s] running install_lib
[1.121s] running install_data
[1.121s] running install_egg_info
[1.124s] removing '/home/ashley.akamine/rampagingRoombas/turtlebot4_ws/install/lab5_pkg/lib/python3.10/site-packages/lab5_pkg-0.0.0-py3.10.egg-info' (and everything under it)
[1.124s] Copying ../../build/lab5_pkg/lab5_pkg.egg-info to /home/ashley.akamine/rampagingRoombas/turtlebot4_ws/install/lab5_pkg/lib/python3.10/site-packages/lab5_pkg-0.0.0-py3.10.egg-info
[1.125s] running install_scripts
[1.150s] Installing go_to_goal script to /home/ashley.akamine/rampagingRoombas/turtlebot4_ws/install/lab5_pkg/lib/lab5_pkg
[1.150s] Installing go_to_goal_client script to /home/ashley.akamine/rampagingRoombas/turtlebot4_ws/install/lab5_pkg/lib/lab5_pkg
[1.151s] writing list of installed files to '/home/ashley.akamine/rampagingRoombas/turtlebot4_ws/build/lab5_pkg/install.log'
[1.180s] Invoked command in '/home/ashley.akamine/rampagingRoombas/turtlebot4_ws/src/lab5_pkg' returned '0': CMAKE_PREFIX_PATH=/home/ashley.akamine/rampagingRoombas/turtlebot4_ws/install/custom_interfaces:/home/ashley.akamine/rampagingRoombas/turtlebot4_ws/install/turtlebot_lab_bringup PYTHONPATH=/home/ashley.akamine/rampagingRoombas/turtlebot4_ws/build/lab5_pkg/prefix_override:/usr/lib/python3/dist-packages/colcon_core/task/python/colcon_distutils_commands:/home/ashley.akamine/rampagingRoombas/turtlebot4_ws/install/lab5_pkg/lib/python3.10/site-packages:${PYTHONPATH} /usr/bin/python3 -W ignore:setup.py install is deprecated -W ignore:easy_install command is deprecated setup.py egg_info --egg-base ../../build/lab5_pkg build --build-base /home/ashley.akamine/rampagingRoombas/turtlebot4_ws/build/lab5_pkg/build install --record /home/ashley.akamine/rampagingRoombas/turtlebot4_ws/build/lab5_pkg/install.log --single-version-externally-managed install_data
