[0.934s] Invoking command in '/home/ashley.akamine/rampagingRoombas/turtlebot4_ws/src/lab5_pkg': CMAKE_PREFIX_PATH=/home/ashley.akamine/rampagingRoombas/turtlebot4_ws/install/custom_interfaces:/home/ashley.akamine/rampagingRoombas/turtlebot4_ws/install/turtlebot_lab_bringup PYTHONPATH=/home/ashley.akamine/rampagingRoombas/turtlebot4_ws/build/lab5_pkg/prefix_override:/usr/lib/python3/dist-packages/colcon_core/task/python/colcon_distutils_commands:/home/ashley.akamine/rampagingRoombas/turtlebot4_ws/install/lab5_pkg/lib/python3.10/site-packages:${PYTHONPATH} /usr/bin/python3 -W ignore:setup.py install is deprecated -W ignore:easy_install command is deprecated setup.py egg_info --egg-base ../../build/lab5_pkg build --build-base /home/ashley.akamine/rampagingRoombas/turtlebot4_ws/build/lab5_pkg/build install --record /home/ashley.akamine/rampagingRoombas/turtlebot4_ws/build/lab5_pkg/install.log --single-version-externally-managed install_data
[1.146s] running egg_info
[1.147s] creating ../../build/lab5_pkg/lab5_pkg.egg-info
[1.147s] writing ../../build/lab5_pkg/lab5_pkg.egg-info/PKG-INFO
[1.148s] writing dependency_links to ../../build/lab5_pkg/lab5_pkg.egg-info/dependency_links.txt
[1.148s] writing entry points to ../../build/lab5_pkg/lab5_pkg.egg-info/entry_points.txt
[1.148s] writing requirements to ../../build/lab5_pkg/lab5_pkg.egg-info/requires.txt
[1.148s] writing top-level names to ../../build/lab5_pkg/lab5_pkg.egg-info/top_level.txt
[1.149s] writing manifest file '../../build/lab5_pkg/lab5_pkg.egg-info/SOURCES.txt'
[1.150s] reading manifest file '../../build/lab5_pkg/lab5_pkg.egg-info/SOURCES.txt'
[1.151s] writing manifest file '../../build/lab5_pkg/lab5_pkg.egg-info/SOURCES.txt'
[1.151s] running build
[1.151s] running build_py
[1.151s] creating /home/ashley.akamine/rampagingRoombas/turtlebot4_ws/build/lab5_pkg/build
[1.151s] creating /home/ashley.akamine/rampagingRoombas/turtlebot4_ws/build/lab5_pkg/build/lib
[1.151s] creating /home/ashley.akamine/rampagingRoombas/turtlebot4_ws/build/lab5_pkg/build/lib/lab5_pkg
[1.151s] copying lab5_pkg/__init__.py -> /home/ashley.akamine/rampagingRoombas/turtlebot4_ws/build/lab5_pkg/build/lib/lab5_pkg
[1.152s] copying lab5_pkg/go_to_goal_server.py -> /home/ashley.akamine/rampagingRoombas/turtlebot4_ws/build/lab5_pkg/build/lib/lab5_pkg
[1.152s] running install
[1.152s] running install_lib
[1.153s] creating /home/ashley.akamine/rampagingRoombas/turtlebot4_ws/install/lab5_pkg/lib/python3.10/site-packages/lab5_pkg
[1.153s] copying /home/ashley.akamine/rampagingRoombas/turtlebot4_ws/build/lab5_pkg/build/lib/lab5_pkg/__init__.py -> /home/ashley.akamine/rampagingRoombas/turtlebot4_ws/install/lab5_pkg/lib/python3.10/site-packages/lab5_pkg
[1.153s] copying /home/ashley.akamine/rampagingRoombas/turtlebot4_ws/build/lab5_pkg/build/lib/lab5_pkg/go_to_goal_server.py -> /home/ashley.akamine/rampagingRoombas/turtlebot4_ws/install/lab5_pkg/lib/python3.10/site-packages/lab5_pkg
[1.154s] byte-compiling /home/ashley.akamine/rampagingRoombas/turtlebot4_ws/install/lab5_pkg/lib/python3.10/site-packages/lab5_pkg/__init__.py to __init__.cpython-310.pyc
[1.154s] byte-compiling /home/ashley.akamine/rampagingRoombas/turtlebot4_ws/install/lab5_pkg/lib/python3.10/site-packages/lab5_pkg/go_to_goal_server.py to go_to_goal_server.cpython-310.pyc
[1.156s] running install_data
[1.156s] creating /home/ashley.akamine/rampagingRoombas/turtlebot4_ws/install/lab5_pkg/share/ament_index
[1.157s] creating /home/ashley.akamine/rampagingRoombas/turtlebot4_ws/install/lab5_pkg/share/ament_index/resource_index
[1.157s] creating /home/ashley.akamine/rampagingRoombas/turtlebot4_ws/install/lab5_pkg/share/ament_index/resource_index/packages
[1.157s] copying resource/lab5_pkg -> /home/ashley.akamine/rampagingRoombas/turtlebot4_ws/install/lab5_pkg/share/ament_index/resource_index/packages
[1.157s] copying package.xml -> /home/ashley.akamine/rampagingRoombas/turtlebot4_ws/install/lab5_pkg/share/lab5_pkg
[1.157s] running install_egg_info
[1.159s] Copying ../../build/lab5_pkg/lab5_pkg.egg-info to /home/ashley.akamine/rampagingRoombas/turtlebot4_ws/install/lab5_pkg/lib/python3.10/site-packages/lab5_pkg-0.0.0-py3.10.egg-info
[1.161s] running install_scripts
[1.178s] Installing go_to_goal script to /home/ashley.akamine/rampagingRoombas/turtlebot4_ws/install/lab5_pkg/lib/lab5_pkg
[1.178s] writing list of installed files to '/home/ashley.akamine/rampagingRoombas/turtlebot4_ws/build/lab5_pkg/install.log'
[1.206s] Invoked command in '/home/ashley.akamine/rampagingRoombas/turtlebot4_ws/src/lab5_pkg' returned '0': CMAKE_PREFIX_PATH=/home/ashley.akamine/rampagingRoombas/turtlebot4_ws/install/custom_interfaces:/home/ashley.akamine/rampagingRoombas/turtlebot4_ws/install/turtlebot_lab_bringup PYTHONPATH=/home/ashley.akamine/rampagingRoombas/turtlebot4_ws/build/lab5_pkg/prefix_override:/usr/lib/python3/dist-packages/colcon_core/task/python/colcon_distutils_commands:/home/ashley.akamine/rampagingRoombas/turtlebot4_ws/install/lab5_pkg/lib/python3.10/site-packages:${PYTHONPATH} /usr/bin/python3 -W ignore:setup.py install is deprecated -W ignore:easy_install command is deprecated setup.py egg_info --egg-base ../../build/lab5_pkg build --build-base /home/ashley.akamine/rampagingRoombas/turtlebot4_ws/build/lab5_pkg/build install --record /home/ashley.akamine/rampagingRoombas/turtlebot4_ws/build/lab5_pkg/install.log --single-version-externally-managed install_data
