[0.098s] DEBUG:colcon:Command line arguments: ['/usr/bin/colcon', 'build']
[0.098s] DEBUG:colcon:Parsed command line arguments: Namespace(log_base=None, log_level=None, verb_name='build', build_base='build', install_base='install', merge_install=False, symlink_install=False, test_result_base=None, continue_on_error=False, executor='parallel', parallel_workers=16, event_handlers=None, ignore_user_meta=False, metas=['./colcon.meta'], base_paths=['.'], packages_ignore=None, packages_ignore_regex=None, paths=None, packages_up_to=None, packages_up_to_regex=None, packages_above=None, packages_above_and_dependencies=None, packages_above_depth=None, packages_select_by_dep=None, packages_skip_by_dep=None, packages_skip_up_to=None, packages_select_build_failed=False, packages_skip_build_finished=False, packages_select_test_failures=False, packages_skip_test_passed=False, packages_select=None, packages_skip=None, packages_select_regex=None, packages_skip_regex=None, packages_start=None, packages_end=None, allow_overriding=[], cmake_args=None, cmake_target=None, cmake_target_skip_unavailable=False, cmake_clean_cache=False, cmake_clean_first=False, cmake_force_configure=False, ament_cmake_args=None, catkin_cmake_args=None, catkin_skip_building_tests=False, mixin_files=None, mixin=None, verb_parser=<colcon_mixin.mixin.mixin_argument.MixinArgumentDecorator object at 0x7b96d10f6c80>, verb_extension=<colcon_core.verb.build.BuildVerb object at 0x7b96d11ebc10>, main=<bound method BuildVerb.main of <colcon_core.verb.build.BuildVerb object at 0x7b96d11ebc10>>, mixin_verb=('build',))
[0.258s] Level 1:colcon.colcon_core.package_discovery:discover_packages(colcon_meta) check parameters
[0.258s] Level 1:colcon.colcon_core.package_discovery:discover_packages(recursive) check parameters
[0.258s] Level 1:colcon.colcon_core.package_discovery:discover_packages(ignore) check parameters
[0.258s] Level 1:colcon.colcon_core.package_discovery:discover_packages(path) check parameters
[0.258s] Level 1:colcon.colcon_core.package_discovery:discover_packages(colcon_meta) discover
[0.258s] Level 1:colcon.colcon_core.package_discovery:discover_packages(recursive) discover
[0.258s] INFO:colcon.colcon_core.package_discovery:Crawling recursively for packages in '/home/ashley.akamine/rampagingRoombas/turtlebot4_ws'
[0.258s] Level 1:colcon.colcon_core.package_identification:_identify(.) by extensions ['ignore', 'ignore_ament_install']
[0.258s] Level 1:colcon.colcon_core.package_identification:_identify(.) by extension 'ignore'
[0.258s] Level 1:colcon.colcon_core.package_identification:_identify(.) by extension 'ignore_ament_install'
[0.258s] Level 1:colcon.colcon_core.package_identification:_identify(.) by extensions ['colcon_pkg']
[0.258s] Level 1:colcon.colcon_core.package_identification:_identify(.) by extension 'colcon_pkg'
[0.258s] Level 1:colcon.colcon_core.package_identification:_identify(.) by extensions ['colcon_meta']
[0.259s] Level 1:colcon.colcon_core.package_identification:_identify(.) by extension 'colcon_meta'
[0.259s] Level 1:colcon.colcon_core.package_identification:_identify(.) by extensions ['ros']
[0.259s] Level 1:colcon.colcon_core.package_identification:_identify(.) by extension 'ros'
[0.267s] Level 1:colcon.colcon_core.package_identification:_identify(.) by extensions ['cmake', 'python']
[0.267s] Level 1:colcon.colcon_core.package_identification:_identify(.) by extension 'cmake'
[0.267s] Level 1:colcon.colcon_core.package_identification:_identify(.) by extension 'python'
[0.267s] Level 1:colcon.colcon_core.package_identification:_identify(.) by extensions ['python_setup_py']
[0.267s] Level 1:colcon.colcon_core.package_identification:_identify(.) by extension 'python_setup_py'
[0.267s] Level 1:colcon.colcon_core.package_identification:_identify(build) by extensions ['ignore', 'ignore_ament_install']
[0.267s] Level 1:colcon.colcon_core.package_identification:_identify(build) by extension 'ignore'
[0.267s] Level 1:colcon.colcon_core.package_identification:_identify(build) ignored
[0.267s] Level 1:colcon.colcon_core.package_identification:_identify(install) by extensions ['ignore', 'ignore_ament_install']
[0.267s] Level 1:colcon.colcon_core.package_identification:_identify(install) by extension 'ignore'
[0.267s] Level 1:colcon.colcon_core.package_identification:_identify(install) ignored
[0.267s] Level 1:colcon.colcon_core.package_identification:_identify(log) by extensions ['ignore', 'ignore_ament_install']
[0.267s] Level 1:colcon.colcon_core.package_identification:_identify(log) by extension 'ignore'
[0.267s] Level 1:colcon.colcon_core.package_identification:_identify(log) ignored
[0.267s] Level 1:colcon.colcon_core.package_identification:_identify(src) by extensions ['ignore', 'ignore_ament_install']
[0.268s] Level 1:colcon.colcon_core.package_identification:_identify(src) by extension 'ignore'
[0.268s] Level 1:colcon.colcon_core.package_identification:_identify(src) by extension 'ignore_ament_install'
[0.268s] Level 1:colcon.colcon_core.package_identification:_identify(src) by extensions ['colcon_pkg']
[0.268s] Level 1:colcon.colcon_core.package_identification:_identify(src) by extension 'colcon_pkg'
[0.268s] Level 1:colcon.colcon_core.package_identification:_identify(src) by extensions ['colcon_meta']
[0.268s] Level 1:colcon.colcon_core.package_identification:_identify(src) by extension 'colcon_meta'
[0.268s] Level 1:colcon.colcon_core.package_identification:_identify(src) by extensions ['ros']
[0.268s] Level 1:colcon.colcon_core.package_identification:_identify(src) by extension 'ros'
[0.268s] Level 1:colcon.colcon_core.package_identification:_identify(src) by extensions ['cmake', 'python']
[0.268s] Level 1:colcon.colcon_core.package_identification:_identify(src) by extension 'cmake'
[0.268s] Level 1:colcon.colcon_core.package_identification:_identify(src) by extension 'python'
[0.268s] Level 1:colcon.colcon_core.package_identification:_identify(src) by extensions ['python_setup_py']
[0.268s] Level 1:colcon.colcon_core.package_identification:_identify(src) by extension 'python_setup_py'
[0.268s] Level 1:colcon.colcon_core.package_identification:_identify(src/custom_interfaces) by extensions ['ignore', 'ignore_ament_install']
[0.268s] Level 1:colcon.colcon_core.package_identification:_identify(src/custom_interfaces) by extension 'ignore'
[0.268s] Level 1:colcon.colcon_core.package_identification:_identify(src/custom_interfaces) by extension 'ignore_ament_install'
[0.268s] Level 1:colcon.colcon_core.package_identification:_identify(src/custom_interfaces) by extensions ['colcon_pkg']
[0.268s] Level 1:colcon.colcon_core.package_identification:_identify(src/custom_interfaces) by extension 'colcon_pkg'
[0.268s] Level 1:colcon.colcon_core.package_identification:_identify(src/custom_interfaces) by extensions ['colcon_meta']
[0.268s] Level 1:colcon.colcon_core.package_identification:_identify(src/custom_interfaces) by extension 'colcon_meta'
[0.268s] Level 1:colcon.colcon_core.package_identification:_identify(src/custom_interfaces) by extensions ['ros']
[0.268s] Level 1:colcon.colcon_core.package_identification:_identify(src/custom_interfaces) by extension 'ros'
[0.270s] DEBUG:colcon.colcon_core.package_identification:Package 'src/custom_interfaces' with type 'ros.ament_cmake' and name 'custom_interfaces'
[0.270s] Level 1:colcon.colcon_core.package_identification:_identify(src/lab1_pkg) by extensions ['ignore', 'ignore_ament_install']
[0.270s] Level 1:colcon.colcon_core.package_identification:_identify(src/lab1_pkg) by extension 'ignore'
[0.270s] Level 1:colcon.colcon_core.package_identification:_identify(src/lab1_pkg) by extension 'ignore_ament_install'
[0.270s] Level 1:colcon.colcon_core.package_identification:_identify(src/lab1_pkg) by extensions ['colcon_pkg']
[0.270s] Level 1:colcon.colcon_core.package_identification:_identify(src/lab1_pkg) by extension 'colcon_pkg'
[0.270s] Level 1:colcon.colcon_core.package_identification:_identify(src/lab1_pkg) by extensions ['colcon_meta']
[0.271s] Level 1:colcon.colcon_core.package_identification:_identify(src/lab1_pkg) by extension 'colcon_meta'
[0.271s] Level 1:colcon.colcon_core.package_identification:_identify(src/lab1_pkg) by extensions ['ros']
[0.271s] Level 1:colcon.colcon_core.package_identification:_identify(src/lab1_pkg) by extension 'ros'
[0.271s] DEBUG:colcon.colcon_core.package_identification:Package 'src/lab1_pkg' with type 'ros.ament_python' and name 'lab1_pkg'
[0.271s] Level 1:colcon.colcon_core.package_identification:_identify(src/lab2_pkg) by extensions ['ignore', 'ignore_ament_install']
[0.271s] Level 1:colcon.colcon_core.package_identification:_identify(src/lab2_pkg) by extension 'ignore'
[0.271s] Level 1:colcon.colcon_core.package_identification:_identify(src/lab2_pkg) by extension 'ignore_ament_install'
[0.272s] Level 1:colcon.colcon_core.package_identification:_identify(src/lab2_pkg) by extensions ['colcon_pkg']
[0.272s] Level 1:colcon.colcon_core.package_identification:_identify(src/lab2_pkg) by extension 'colcon_pkg'
[0.272s] Level 1:colcon.colcon_core.package_identification:_identify(src/lab2_pkg) by extensions ['colcon_meta']
[0.272s] Level 1:colcon.colcon_core.package_identification:_identify(src/lab2_pkg) by extension 'colcon_meta'
[0.272s] Level 1:colcon.colcon_core.package_identification:_identify(src/lab2_pkg) by extensions ['ros']
[0.272s] Level 1:colcon.colcon_core.package_identification:_identify(src/lab2_pkg) by extension 'ros'
[0.272s] DEBUG:colcon.colcon_core.package_identification:Package 'src/lab2_pkg' with type 'ros.ament_python' and name 'lab2_pkg'
[0.272s] Level 1:colcon.colcon_core.package_identification:_identify(src/lab3_pkg) by extensions ['ignore', 'ignore_ament_install']
[0.272s] Level 1:colcon.colcon_core.package_identification:_identify(src/lab3_pkg) by extension 'ignore'
[0.272s] Level 1:colcon.colcon_core.package_identification:_identify(src/lab3_pkg) by extension 'ignore_ament_install'
[0.273s] Level 1:colcon.colcon_core.package_identification:_identify(src/lab3_pkg) by extensions ['colcon_pkg']
[0.273s] Level 1:colcon.colcon_core.package_identification:_identify(src/lab3_pkg) by extension 'colcon_pkg'
[0.273s] Level 1:colcon.colcon_core.package_identification:_identify(src/lab3_pkg) by extensions ['colcon_meta']
[0.273s] Level 1:colcon.colcon_core.package_identification:_identify(src/lab3_pkg) by extension 'colcon_meta'
[0.273s] Level 1:colcon.colcon_core.package_identification:_identify(src/lab3_pkg) by extensions ['ros']
[0.273s] Level 1:colcon.colcon_core.package_identification:_identify(src/lab3_pkg) by extension 'ros'
[0.273s] DEBUG:colcon.colcon_core.package_identification:Package 'src/lab3_pkg' with type 'ros.ament_python' and name 'lab3_pkg'
[0.273s] Level 1:colcon.colcon_core.package_identification:_identify(src/lab5_pkg) by extensions ['ignore', 'ignore_ament_install']
[0.273s] Level 1:colcon.colcon_core.package_identification:_identify(src/lab5_pkg) by extension 'ignore'
[0.273s] Level 1:colcon.colcon_core.package_identification:_identify(src/lab5_pkg) by extension 'ignore_ament_install'
[0.273s] Level 1:colcon.colcon_core.package_identification:_identify(src/lab5_pkg) by extensions ['colcon_pkg']
[0.273s] Level 1:colcon.colcon_core.package_identification:_identify(src/lab5_pkg) by extension 'colcon_pkg'
[0.274s] Level 1:colcon.colcon_core.package_identification:_identify(src/lab5_pkg) by extensions ['colcon_meta']
[0.274s] Level 1:colcon.colcon_core.package_identification:_identify(src/lab5_pkg) by extension 'colcon_meta'
[0.274s] Level 1:colcon.colcon_core.package_identification:_identify(src/lab5_pkg) by extensions ['ros']
[0.274s] Level 1:colcon.colcon_core.package_identification:_identify(src/lab5_pkg) by extension 'ros'
[0.274s] DEBUG:colcon.colcon_core.package_identification:Package 'src/lab5_pkg' with type 'ros.ament_python' and name 'lab5_pkg'
[0.274s] Level 1:colcon.colcon_core.package_identification:_identify(src/turtlebot_lab_bringup) by extensions ['ignore', 'ignore_ament_install']
[0.275s] Level 1:colcon.colcon_core.package_identification:_identify(src/turtlebot_lab_bringup) by extension 'ignore'
[0.275s] Level 1:colcon.colcon_core.package_identification:_identify(src/turtlebot_lab_bringup) by extension 'ignore_ament_install'
[0.275s] Level 1:colcon.colcon_core.package_identification:_identify(src/turtlebot_lab_bringup) by extensions ['colcon_pkg']
[0.275s] Level 1:colcon.colcon_core.package_identification:_identify(src/turtlebot_lab_bringup) by extension 'colcon_pkg'
[0.275s] Level 1:colcon.colcon_core.package_identification:_identify(src/turtlebot_lab_bringup) by extensions ['colcon_meta']
[0.275s] Level 1:colcon.colcon_core.package_identification:_identify(src/turtlebot_lab_bringup) by extension 'colcon_meta'
[0.275s] Level 1:colcon.colcon_core.package_identification:_identify(src/turtlebot_lab_bringup) by extensions ['ros']
[0.275s] Level 1:colcon.colcon_core.package_identification:_identify(src/turtlebot_lab_bringup) by extension 'ros'
[0.275s] DEBUG:colcon.colcon_core.package_identification:Package 'src/turtlebot_lab_bringup' with type 'ros.ament_cmake' and name 'turtlebot_lab_bringup'
[0.275s] Level 1:colcon.colcon_core.package_discovery:discover_packages(recursive) using defaults
[0.275s] Level 1:colcon.colcon_core.package_discovery:discover_packages(ignore) discover
[0.275s] Level 1:colcon.colcon_core.package_discovery:discover_packages(ignore) using defaults
[0.275s] Level 1:colcon.colcon_core.package_discovery:discover_packages(path) discover
[0.275s] Level 1:colcon.colcon_core.package_discovery:discover_packages(path) using defaults
[0.299s] Level 1:colcon.colcon_core.package_discovery:discover_packages(prefix_path) check parameters
[0.299s] Level 1:colcon.colcon_core.package_discovery:discover_packages(prefix_path) discover
[0.301s] DEBUG:colcon.colcon_installed_package_information.package_discovery:Found 6 installed packages in /home/ashley.akamine/rampagingRoombas/turtlebot4_ws/install
[0.302s] DEBUG:colcon.colcon_installed_package_information.package_discovery:Found 386 installed packages in /opt/ros/humble
[0.303s] Level 1:colcon.colcon_core.package_discovery:discover_packages(prefix_path) using defaults
[0.346s] Level 5:colcon.colcon_core.verb:set package 'custom_interfaces' build argument 'cmake_args' from command line to 'None'
[0.346s] Level 5:colcon.colcon_core.verb:set package 'custom_interfaces' build argument 'cmake_target' from command line to 'None'
[0.346s] Level 5:colcon.colcon_core.verb:set package 'custom_interfaces' build argument 'cmake_target_skip_unavailable' from command line to 'False'
[0.346s] Level 5:colcon.colcon_core.verb:set package 'custom_interfaces' build argument 'cmake_clean_cache' from command line to 'False'
[0.346s] Level 5:colcon.colcon_core.verb:set package 'custom_interfaces' build argument 'cmake_clean_first' from command line to 'False'
[0.346s] Level 5:colcon.colcon_core.verb:set package 'custom_interfaces' build argument 'cmake_force_configure' from command line to 'False'
[0.346s] Level 5:colcon.colcon_core.verb:set package 'custom_interfaces' build argument 'ament_cmake_args' from command line to 'None'
[0.346s] Level 5:colcon.colcon_core.verb:set package 'custom_interfaces' build argument 'catkin_cmake_args' from command line to 'None'
[0.346s] Level 5:colcon.colcon_core.verb:set package 'custom_interfaces' build argument 'catkin_skip_building_tests' from command line to 'False'
[0.346s] DEBUG:colcon.colcon_core.verb:Building package 'custom_interfaces' with the following arguments: {'ament_cmake_args': None, 'build_base': '/home/ashley.akamine/rampagingRoombas/turtlebot4_ws/build/custom_interfaces', 'catkin_cmake_args': None, 'catkin_skip_building_tests': False, 'cmake_args': None, 'cmake_clean_cache': False, 'cmake_clean_first': False, 'cmake_force_configure': False, 'cmake_target': None, 'cmake_target_skip_unavailable': False, 'install_base': '/home/ashley.akamine/rampagingRoombas/turtlebot4_ws/install/custom_interfaces', 'merge_install': False, 'path': '/home/ashley.akamine/rampagingRoombas/turtlebot4_ws/src/custom_interfaces', 'symlink_install': False, 'test_result_base': None}
[0.346s] Level 5:colcon.colcon_core.verb:set package 'lab1_pkg' build argument 'cmake_args' from command line to 'None'
[0.346s] Level 5:colcon.colcon_core.verb:set package 'lab1_pkg' build argument 'cmake_target' from command line to 'None'
[0.346s] Level 5:colcon.colcon_core.verb:set package 'lab1_pkg' build argument 'cmake_target_skip_unavailable' from command line to 'False'
[0.346s] Level 5:colcon.colcon_core.verb:set package 'lab1_pkg' build argument 'cmake_clean_cache' from command line to 'False'
[0.346s] Level 5:colcon.colcon_core.verb:set package 'lab1_pkg' build argument 'cmake_clean_first' from command line to 'False'
[0.346s] Level 5:colcon.colcon_core.verb:set package 'lab1_pkg' build argument 'cmake_force_configure' from command line to 'False'
[0.346s] Level 5:colcon.colcon_core.verb:set package 'lab1_pkg' build argument 'ament_cmake_args' from command line to 'None'
[0.346s] Level 5:colcon.colcon_core.verb:set package 'lab1_pkg' build argument 'catkin_cmake_args' from command line to 'None'
[0.346s] Level 5:colcon.colcon_core.verb:set package 'lab1_pkg' build argument 'catkin_skip_building_tests' from command line to 'False'
[0.346s] DEBUG:colcon.colcon_core.verb:Building package 'lab1_pkg' with the following arguments: {'ament_cmake_args': None, 'build_base': '/home/ashley.akamine/rampagingRoombas/turtlebot4_ws/build/lab1_pkg', 'catkin_cmake_args': None, 'catkin_skip_building_tests': False, 'cmake_args': None, 'cmake_clean_cache': False, 'cmake_clean_first': False, 'cmake_force_configure': False, 'cmake_target': None, 'cmake_target_skip_unavailable': False, 'install_base': '/home/ashley.akamine/rampagingRoombas/turtlebot4_ws/install/lab1_pkg', 'merge_install': False, 'path': '/home/ashley.akamine/rampagingRoombas/turtlebot4_ws/src/lab1_pkg', 'symlink_install': False, 'test_result_base': None}
[0.347s] Level 5:colcon.colcon_core.verb:set package 'lab2_pkg' build argument 'cmake_args' from command line to 'None'
[0.347s] Level 5:colcon.colcon_core.verb:set package 'lab2_pkg' build argument 'cmake_target' from command line to 'None'
[0.347s] Level 5:colcon.colcon_core.verb:set package 'lab2_pkg' build argument 'cmake_target_skip_unavailable' from command line to 'False'
[0.347s] Level 5:colcon.colcon_core.verb:set package 'lab2_pkg' build argument 'cmake_clean_cache' from command line to 'False'
[0.347s] Level 5:colcon.colcon_core.verb:set package 'lab2_pkg' build argument 'cmake_clean_first' from command line to 'False'
[0.347s] Level 5:colcon.colcon_core.verb:set package 'lab2_pkg' build argument 'cmake_force_configure' from command line to 'False'
[0.347s] Level 5:colcon.colcon_core.verb:set package 'lab2_pkg' build argument 'ament_cmake_args' from command line to 'None'
[0.347s] Level 5:colcon.colcon_core.verb:set package 'lab2_pkg' build argument 'catkin_cmake_args' from command line to 'None'
[0.347s] Level 5:colcon.colcon_core.verb:set package 'lab2_pkg' build argument 'catkin_skip_building_tests' from command line to 'False'
[0.347s] DEBUG:colcon.colcon_core.verb:Building package 'lab2_pkg' with the following arguments: {'ament_cmake_args': None, 'build_base': '/home/ashley.akamine/rampagingRoombas/turtlebot4_ws/build/lab2_pkg', 'catkin_cmake_args': None, 'catkin_skip_building_tests': False, 'cmake_args': None, 'cmake_clean_cache': False, 'cmake_clean_first': False, 'cmake_force_configure': False, 'cmake_target': None, 'cmake_target_skip_unavailable': False, 'install_base': '/home/ashley.akamine/rampagingRoombas/turtlebot4_ws/install/lab2_pkg', 'merge_install': False, 'path': '/home/ashley.akamine/rampagingRoombas/turtlebot4_ws/src/lab2_pkg', 'symlink_install': False, 'test_result_base': None}
[0.347s] Level 5:colcon.colcon_core.verb:set package 'lab3_pkg' build argument 'cmake_args' from command line to 'None'
[0.347s] Level 5:colcon.colcon_core.verb:set package 'lab3_pkg' build argument 'cmake_target' from command line to 'None'
[0.347s] Level 5:colcon.colcon_core.verb:set package 'lab3_pkg' build argument 'cmake_target_skip_unavailable' from command line to 'False'
[0.347s] Level 5:colcon.colcon_core.verb:set package 'lab3_pkg' build argument 'cmake_clean_cache' from command line to 'False'
[0.347s] Level 5:colcon.colcon_core.verb:set package 'lab3_pkg' build argument 'cmake_clean_first' from command line to 'False'
[0.347s] Level 5:colcon.colcon_core.verb:set package 'lab3_pkg' build argument 'cmake_force_configure' from command line to 'False'
[0.347s] Level 5:colcon.colcon_core.verb:set package 'lab3_pkg' build argument 'ament_cmake_args' from command line to 'None'
[0.347s] Level 5:colcon.colcon_core.verb:set package 'lab3_pkg' build argument 'catkin_cmake_args' from command line to 'None'
[0.347s] Level 5:colcon.colcon_core.verb:set package 'lab3_pkg' build argument 'catkin_skip_building_tests' from command line to 'False'
[0.347s] DEBUG:colcon.colcon_core.verb:Building package 'lab3_pkg' with the following arguments: {'ament_cmake_args': None, 'build_base': '/home/ashley.akamine/rampagingRoombas/turtlebot4_ws/build/lab3_pkg', 'catkin_cmake_args': None, 'catkin_skip_building_tests': False, 'cmake_args': None, 'cmake_clean_cache': False, 'cmake_clean_first': False, 'cmake_force_configure': False, 'cmake_target': None, 'cmake_target_skip_unavailable': False, 'install_base': '/home/ashley.akamine/rampagingRoombas/turtlebot4_ws/install/lab3_pkg', 'merge_install': False, 'path': '/home/ashley.akamine/rampagingRoombas/turtlebot4_ws/src/lab3_pkg', 'symlink_install': False, 'test_result_base': None}
[0.348s] Level 5:colcon.colcon_core.verb:set package 'lab5_pkg' build argument 'cmake_args' from command line to 'None'
[0.348s] Level 5:colcon.colcon_core.verb:set package 'lab5_pkg' build argument 'cmake_target' from command line to 'None'
[0.348s] Level 5:colcon.colcon_core.verb:set package 'lab5_pkg' build argument 'cmake_target_skip_unavailable' from command line to 'False'
[0.348s] Level 5:colcon.colcon_core.verb:set package 'lab5_pkg' build argument 'cmake_clean_cache' from command line to 'False'
[0.348s] Level 5:colcon.colcon_core.verb:set package 'lab5_pkg' build argument 'cmake_clean_first' from command line to 'False'
[0.348s] Level 5:colcon.colcon_core.verb:set package 'lab5_pkg' build argument 'cmake_force_configure' from command line to 'False'
[0.348s] Level 5:colcon.colcon_core.verb:set package 'lab5_pkg' build argument 'ament_cmake_args' from command line to 'None'
[0.348s] Level 5:colcon.colcon_core.verb:set package 'lab5_pkg' build argument 'catkin_cmake_args' from command line to 'None'
[0.348s] Level 5:colcon.colcon_core.verb:set package 'lab5_pkg' build argument 'catkin_skip_building_tests' from command line to 'False'
[0.348s] DEBUG:colcon.colcon_core.verb:Building package 'lab5_pkg' with the following arguments: {'ament_cmake_args': None, 'build_base': '/home/ashley.akamine/rampagingRoombas/turtlebot4_ws/build/lab5_pkg', 'catkin_cmake_args': None, 'catkin_skip_building_tests': False, 'cmake_args': None, 'cmake_clean_cache': False, 'cmake_clean_first': False, 'cmake_force_configure': False, 'cmake_target': None, 'cmake_target_skip_unavailable': False, 'install_base': '/home/ashley.akamine/rampagingRoombas/turtlebot4_ws/install/lab5_pkg', 'merge_install': False, 'path': '/home/ashley.akamine/rampagingRoombas/turtlebot4_ws/src/lab5_pkg', 'symlink_install': False, 'test_result_base': None}
[0.348s] Level 5:colcon.colcon_core.verb:set package 'turtlebot_lab_bringup' build argument 'cmake_args' from command line to 'None'
[0.348s] Level 5:colcon.colcon_core.verb:set package 'turtlebot_lab_bringup' build argument 'cmake_target' from command line to 'None'
[0.348s] Level 5:colcon.colcon_core.verb:set package 'turtlebot_lab_bringup' build argument 'cmake_target_skip_unavailable' from command line to 'False'
[0.348s] Level 5:colcon.colcon_core.verb:set package 'turtlebot_lab_bringup' build argument 'cmake_clean_cache' from command line to 'False'
[0.348s] Level 5:colcon.colcon_core.verb:set package 'turtlebot_lab_bringup' build argument 'cmake_clean_first' from command line to 'False'
[0.348s] Level 5:colcon.colcon_core.verb:set package 'turtlebot_lab_bringup' build argument 'cmake_force_configure' from command line to 'False'
[0.348s] Level 5:colcon.colcon_core.verb:set package 'turtlebot_lab_bringup' build argument 'ament_cmake_args' from command line to 'None'
[0.348s] Level 5:colcon.colcon_core.verb:set package 'turtlebot_lab_bringup' build argument 'catkin_cmake_args' from command line to 'None'
[0.348s] Level 5:colcon.colcon_core.verb:set package 'turtlebot_lab_bringup' build argument 'catkin_skip_building_tests' from command line to 'False'
[0.348s] DEBUG:colcon.colcon_core.verb:Building package 'turtlebot_lab_bringup' with the following arguments: {'ament_cmake_args': None, 'build_base': '/home/ashley.akamine/rampagingRoombas/turtlebot4_ws/build/turtlebot_lab_bringup', 'catkin_cmake_args': None, 'catkin_skip_building_tests': False, 'cmake_args': None, 'cmake_clean_cache': False, 'cmake_clean_first': False, 'cmake_force_configure': False, 'cmake_target': None, 'cmake_target_skip_unavailable': False, 'install_base': '/home/ashley.akamine/rampagingRoombas/turtlebot4_ws/install/turtlebot_lab_bringup', 'merge_install': False, 'path': '/home/ashley.akamine/rampagingRoombas/turtlebot4_ws/src/turtlebot_lab_bringup', 'symlink_install': False, 'test_result_base': None}
[0.348s] INFO:colcon.colcon_core.executor:Executing jobs using 'parallel' executor
[0.349s] DEBUG:colcon.colcon_parallel_executor.executor.parallel:run_until_complete
[0.349s] INFO:colcon.colcon_ros.task.ament_cmake.build:Building ROS package in '/home/ashley.akamine/rampagingRoombas/turtlebot4_ws/src/custom_interfaces' with build type 'ament_cmake'
[0.349s] INFO:colcon.colcon_cmake.task.cmake.build:Building CMake package in '/home/ashley.akamine/rampagingRoombas/turtlebot4_ws/src/custom_interfaces'
[0.351s] INFO:colcon.colcon_core.plugin_system:Skipping extension 'colcon_core.shell.bat': Not used on non-Windows systems
[0.351s] INFO:colcon.colcon_core.shell:Skip shell extension 'powershell' for command environment: Not usable outside of PowerShell
[0.351s] DEBUG:colcon.colcon_core.shell:Skip shell extension 'dsv' for command environment
[0.355s] INFO:colcon.colcon_ros.task.ament_python.build:Building ROS package in '/home/ashley.akamine/rampagingRoombas/turtlebot4_ws/src/lab2_pkg' with build type 'ament_python'
[0.355s] Level 1:colcon.colcon_core.shell:create_environment_hook('lab2_pkg', 'ament_prefix_path')
[0.355s] INFO:colcon.colcon_core.shell:Creating environment hook '/home/ashley.akamine/rampagingRoombas/turtlebot4_ws/install/lab2_pkg/share/lab2_pkg/hook/ament_prefix_path.ps1'
[0.355s] INFO:colcon.colcon_core.shell:Creating environment descriptor '/home/ashley.akamine/rampagingRoombas/turtlebot4_ws/install/lab2_pkg/share/lab2_pkg/hook/ament_prefix_path.dsv'
[0.356s] INFO:colcon.colcon_core.shell:Creating environment hook '/home/ashley.akamine/rampagingRoombas/turtlebot4_ws/install/lab2_pkg/share/lab2_pkg/hook/ament_prefix_path.sh'
[0.357s] INFO:colcon.colcon_core.shell:Skip shell extension 'powershell' for command environment: Not usable outside of PowerShell
[0.357s] DEBUG:colcon.colcon_core.shell:Skip shell extension 'dsv' for command environment
[0.361s] INFO:colcon.colcon_ros.task.ament_python.build:Building ROS package in '/home/ashley.akamine/rampagingRoombas/turtlebot4_ws/src/lab1_pkg' with build type 'ament_python'
[0.361s] Level 1:colcon.colcon_core.shell:create_environment_hook('lab1_pkg', 'ament_prefix_path')
[0.361s] INFO:colcon.colcon_core.shell:Creating environment hook '/home/ashley.akamine/rampagingRoombas/turtlebot4_ws/install/lab1_pkg/share/lab1_pkg/hook/ament_prefix_path.ps1'
[0.362s] INFO:colcon.colcon_core.shell:Creating environment descriptor '/home/ashley.akamine/rampagingRoombas/turtlebot4_ws/install/lab1_pkg/share/lab1_pkg/hook/ament_prefix_path.dsv'
[0.362s] INFO:colcon.colcon_core.shell:Creating environment hook '/home/ashley.akamine/rampagingRoombas/turtlebot4_ws/install/lab1_pkg/share/lab1_pkg/hook/ament_prefix_path.sh'
[0.363s] INFO:colcon.colcon_core.shell:Skip shell extension 'powershell' for command environment: Not usable outside of PowerShell
[0.363s] DEBUG:colcon.colcon_core.shell:Skip shell extension 'dsv' for command environment
[0.372s] DEBUG:colcon.colcon_core.event_handler.log_command:Invoking command in '/home/ashley.akamine/rampagingRoombas/turtlebot4_ws/build/custom_interfaces': CMAKE_PREFIX_PATH=${CMAKE_PREFIX_PATH}:/home/ashley.akamine/rampagingRoombas/turtlebot4_ws/install/lab5_pkg:/home/ashley.akamine/rampagingRoombas/turtlebot4_ws/install/lab3_pkg:/home/ashley.akamine/rampagingRoombas/turtlebot4_ws/install/lab2_pkg:/home/ashley.akamine/rampagingRoombas/turtlebot4_ws/install/lab1_pkg:/opt/ros/humble /usr/bin/cmake --build /home/ashley.akamine/rampagingRoombas/turtlebot4_ws/build/custom_interfaces -- -j16 -l16
[0.641s] INFO:colcon.colcon_core.task.python.build:Building Python package in '/home/ashley.akamine/rampagingRoombas/turtlebot4_ws/src/lab2_pkg'
[0.642s] INFO:colcon.colcon_core.shell:Skip shell extension 'powershell' for command environment: Not usable outside of PowerShell
[0.642s] DEBUG:colcon.colcon_core.shell:Skip shell extension 'dsv' for command environment
[0.881s] INFO:colcon.colcon_core.task.python.build:Building Python package in '/home/ashley.akamine/rampagingRoombas/turtlebot4_ws/src/lab1_pkg'
[0.881s] INFO:colcon.colcon_core.shell:Skip shell extension 'powershell' for command environment: Not usable outside of PowerShell
[0.881s] DEBUG:colcon.colcon_core.shell:Skip shell extension 'dsv' for command environment
[0.887s] DEBUG:colcon.colcon_core.event_handler.log_command:Invoked command in '/home/ashley.akamine/rampagingRoombas/turtlebot4_ws/build/custom_interfaces' returned '0': CMAKE_PREFIX_PATH=${CMAKE_PREFIX_PATH}:/home/ashley.akamine/rampagingRoombas/turtlebot4_ws/install/lab5_pkg:/home/ashley.akamine/rampagingRoombas/turtlebot4_ws/install/lab3_pkg:/home/ashley.akamine/rampagingRoombas/turtlebot4_ws/install/lab2_pkg:/home/ashley.akamine/rampagingRoombas/turtlebot4_ws/install/lab1_pkg:/opt/ros/humble /usr/bin/cmake --build /home/ashley.akamine/rampagingRoombas/turtlebot4_ws/build/custom_interfaces -- -j16 -l16
[0.895s] DEBUG:colcon.colcon_core.event_handler.log_command:Invoking command in '/home/ashley.akamine/rampagingRoombas/turtlebot4_ws/build/custom_interfaces': CMAKE_PREFIX_PATH=${CMAKE_PREFIX_PATH}:/home/ashley.akamine/rampagingRoombas/turtlebot4_ws/install/lab5_pkg:/home/ashley.akamine/rampagingRoombas/turtlebot4_ws/install/lab3_pkg:/home/ashley.akamine/rampagingRoombas/turtlebot4_ws/install/lab2_pkg:/home/ashley.akamine/rampagingRoombas/turtlebot4_ws/install/lab1_pkg:/opt/ros/humble /usr/bin/cmake --install /home/ashley.akamine/rampagingRoombas/turtlebot4_ws/build/custom_interfaces
[0.941s] Level 1:colcon.colcon_core.environment:create_environment_scripts_only(custom_interfaces)
[0.942s] DEBUG:colcon.colcon_core.event_handler.log_command:Invoked command in '/home/ashley.akamine/rampagingRoombas/turtlebot4_ws/build/custom_interfaces' returned '0': CMAKE_PREFIX_PATH=${CMAKE_PREFIX_PATH}:/home/ashley.akamine/rampagingRoombas/turtlebot4_ws/install/lab5_pkg:/home/ashley.akamine/rampagingRoombas/turtlebot4_ws/install/lab3_pkg:/home/ashley.akamine/rampagingRoombas/turtlebot4_ws/install/lab2_pkg:/home/ashley.akamine/rampagingRoombas/turtlebot4_ws/install/lab1_pkg:/opt/ros/humble /usr/bin/cmake --install /home/ashley.akamine/rampagingRoombas/turtlebot4_ws/build/custom_interfaces
[0.943s] Level 1:colcon.colcon_core.environment:checking '/home/ashley.akamine/rampagingRoombas/turtlebot4_ws/install/custom_interfaces' for CMake module files
[0.944s] Level 1:colcon.colcon_core.environment:checking '/home/ashley.akamine/rampagingRoombas/turtlebot4_ws/install/custom_interfaces' for CMake config files
[0.944s] Level 1:colcon.colcon_core.shell:create_environment_hook('custom_interfaces', 'cmake_prefix_path')
[0.944s] INFO:colcon.colcon_core.shell:Creating environment hook '/home/ashley.akamine/rampagingRoombas/turtlebot4_ws/install/custom_interfaces/share/custom_interfaces/hook/cmake_prefix_path.ps1'
[0.945s] INFO:colcon.colcon_core.shell:Creating environment descriptor '/home/ashley.akamine/rampagingRoombas/turtlebot4_ws/install/custom_interfaces/share/custom_interfaces/hook/cmake_prefix_path.dsv'
[0.945s] INFO:colcon.colcon_core.shell:Creating environment hook '/home/ashley.akamine/rampagingRoombas/turtlebot4_ws/install/custom_interfaces/share/custom_interfaces/hook/cmake_prefix_path.sh'
[0.945s] Level 1:colcon.colcon_core.environment:checking '/home/ashley.akamine/rampagingRoombas/turtlebot4_ws/install/custom_interfaces/lib'
[0.946s] Level 1:colcon.colcon_core.shell:create_environment_hook('custom_interfaces', 'ld_library_path_lib')
[0.946s] INFO:colcon.colcon_core.shell:Creating environment hook '/home/ashley.akamine/rampagingRoombas/turtlebot4_ws/install/custom_interfaces/share/custom_interfaces/hook/ld_library_path_lib.ps1'
[0.946s] INFO:colcon.colcon_core.shell:Creating environment descriptor '/home/ashley.akamine/rampagingRoombas/turtlebot4_ws/install/custom_interfaces/share/custom_interfaces/hook/ld_library_path_lib.dsv'
[0.947s] INFO:colcon.colcon_core.shell:Creating environment hook '/home/ashley.akamine/rampagingRoombas/turtlebot4_ws/install/custom_interfaces/share/custom_interfaces/hook/ld_library_path_lib.sh'
[0.947s] Level 1:colcon.colcon_core.environment:checking '/home/ashley.akamine/rampagingRoombas/turtlebot4_ws/install/custom_interfaces/bin'
[0.947s] Level 1:colcon.colcon_core.environment:checking '/home/ashley.akamine/rampagingRoombas/turtlebot4_ws/install/custom_interfaces/lib/pkgconfig/custom_interfaces.pc'
[0.948s] Level 1:colcon.colcon_core.environment:checking '/home/ashley.akamine/rampagingRoombas/turtlebot4_ws/install/custom_interfaces/lib/python3.10/site-packages'
[0.948s] Level 1:colcon.colcon_core.environment:checking '/home/ashley.akamine/rampagingRoombas/turtlebot4_ws/install/custom_interfaces/bin'
[0.948s] INFO:colcon.colcon_core.shell:Creating package script '/home/ashley.akamine/rampagingRoombas/turtlebot4_ws/install/custom_interfaces/share/custom_interfaces/package.ps1'
[0.949s] INFO:colcon.colcon_core.shell:Creating package descriptor '/home/ashley.akamine/rampagingRoombas/turtlebot4_ws/install/custom_interfaces/share/custom_interfaces/package.dsv'
[0.950s] INFO:colcon.colcon_core.shell:Creating package script '/home/ashley.akamine/rampagingRoombas/turtlebot4_ws/install/custom_interfaces/share/custom_interfaces/package.sh'
[0.951s] INFO:colcon.colcon_core.shell:Creating package script '/home/ashley.akamine/rampagingRoombas/turtlebot4_ws/install/custom_interfaces/share/custom_interfaces/package.bash'
[0.952s] INFO:colcon.colcon_core.shell:Creating package script '/home/ashley.akamine/rampagingRoombas/turtlebot4_ws/install/custom_interfaces/share/custom_interfaces/package.zsh'
[0.953s] Level 1:colcon.colcon_core.environment:create_file_with_runtime_dependencies(/home/ashley.akamine/rampagingRoombas/turtlebot4_ws/install/custom_interfaces/share/colcon-core/packages/custom_interfaces)
[0.954s] Level 1:colcon.colcon_core.environment:create_environment_scripts_only(custom_interfaces)
[0.954s] Level 1:colcon.colcon_core.environment:checking '/home/ashley.akamine/rampagingRoombas/turtlebot4_ws/install/custom_interfaces' for CMake module files
[0.955s] Level 1:colcon.colcon_core.environment:checking '/home/ashley.akamine/rampagingRoombas/turtlebot4_ws/install/custom_interfaces' for CMake config files
[0.955s] Level 1:colcon.colcon_core.shell:create_environment_hook('custom_interfaces', 'cmake_prefix_path')
[0.955s] INFO:colcon.colcon_core.shell:Creating environment hook '/home/ashley.akamine/rampagingRoombas/turtlebot4_ws/install/custom_interfaces/share/custom_interfaces/hook/cmake_prefix_path.ps1'
[0.956s] INFO:colcon.colcon_core.shell:Creating environment descriptor '/home/ashley.akamine/rampagingRoombas/turtlebot4_ws/install/custom_interfaces/share/custom_interfaces/hook/cmake_prefix_path.dsv'
[0.957s] INFO:colcon.colcon_core.shell:Creating environment hook '/home/ashley.akamine/rampagingRoombas/turtlebot4_ws/install/custom_interfaces/share/custom_interfaces/hook/cmake_prefix_path.sh'
[0.957s] Level 1:colcon.colcon_core.environment:checking '/home/ashley.akamine/rampagingRoombas/turtlebot4_ws/install/custom_interfaces/lib'
[0.957s] Level 1:colcon.colcon_core.shell:create_environment_hook('custom_interfaces', 'ld_library_path_lib')
[0.958s] INFO:colcon.colcon_core.shell:Creating environment hook '/home/ashley.akamine/rampagingRoombas/turtlebot4_ws/install/custom_interfaces/share/custom_interfaces/hook/ld_library_path_lib.ps1'
[0.958s] INFO:colcon.colcon_core.shell:Creating environment descriptor '/home/ashley.akamine/rampagingRoombas/turtlebot4_ws/install/custom_interfaces/share/custom_interfaces/hook/ld_library_path_lib.dsv'
[0.959s] INFO:colcon.colcon_core.shell:Creating environment hook '/home/ashley.akamine/rampagingRoombas/turtlebot4_ws/install/custom_interfaces/share/custom_interfaces/hook/ld_library_path_lib.sh'
[0.959s] Level 1:colcon.colcon_core.environment:checking '/home/ashley.akamine/rampagingRoombas/turtlebot4_ws/install/custom_interfaces/bin'
[0.959s] Level 1:colcon.colcon_core.environment:checking '/home/ashley.akamine/rampagingRoombas/turtlebot4_ws/install/custom_interfaces/lib/pkgconfig/custom_interfaces.pc'
[0.960s] Level 1:colcon.colcon_core.environment:checking '/home/ashley.akamine/rampagingRoombas/turtlebot4_ws/install/custom_interfaces/lib/python3.10/site-packages'
[0.960s] Level 1:colcon.colcon_core.environment:checking '/home/ashley.akamine/rampagingRoombas/turtlebot4_ws/install/custom_interfaces/bin'
[0.961s] INFO:colcon.colcon_core.shell:Creating package script '/home/ashley.akamine/rampagingRoombas/turtlebot4_ws/install/custom_interfaces/share/custom_interfaces/package.ps1'
[0.975s] INFO:colcon.colcon_core.shell:Creating package descriptor '/home/ashley.akamine/rampagingRoombas/turtlebot4_ws/install/custom_interfaces/share/custom_interfaces/package.dsv'
[0.976s] INFO:colcon.colcon_core.shell:Creating package script '/home/ashley.akamine/rampagingRoombas/turtlebot4_ws/install/custom_interfaces/share/custom_interfaces/package.sh'
[0.977s] INFO:colcon.colcon_core.shell:Creating package script '/home/ashley.akamine/rampagingRoombas/turtlebot4_ws/install/custom_interfaces/share/custom_interfaces/package.bash'
[0.977s] INFO:colcon.colcon_core.shell:Creating package script '/home/ashley.akamine/rampagingRoombas/turtlebot4_ws/install/custom_interfaces/share/custom_interfaces/package.zsh'
[0.978s] Level 1:colcon.colcon_core.environment:create_file_with_runtime_dependencies(/home/ashley.akamine/rampagingRoombas/turtlebot4_ws/install/custom_interfaces/share/colcon-core/packages/custom_interfaces)
[0.978s] INFO:colcon.colcon_ros.task.ament_python.build:Building ROS package in '/home/ashley.akamine/rampagingRoombas/turtlebot4_ws/src/lab3_pkg' with build type 'ament_python'
[0.978s] Level 1:colcon.colcon_core.shell:create_environment_hook('lab3_pkg', 'ament_prefix_path')
[0.979s] INFO:colcon.colcon_core.shell:Creating environment hook '/home/ashley.akamine/rampagingRoombas/turtlebot4_ws/install/lab3_pkg/share/lab3_pkg/hook/ament_prefix_path.ps1'
[0.979s] INFO:colcon.colcon_core.shell:Creating environment descriptor '/home/ashley.akamine/rampagingRoombas/turtlebot4_ws/install/lab3_pkg/share/lab3_pkg/hook/ament_prefix_path.dsv'
[0.980s] INFO:colcon.colcon_core.shell:Creating environment hook '/home/ashley.akamine/rampagingRoombas/turtlebot4_ws/install/lab3_pkg/share/lab3_pkg/hook/ament_prefix_path.sh'
[0.981s] INFO:colcon.colcon_core.shell:Skip shell extension 'powershell' for command environment: Not usable outside of PowerShell
[0.981s] DEBUG:colcon.colcon_core.shell:Skip shell extension 'dsv' for command environment
[0.986s] INFO:colcon.colcon_ros.task.ament_python.build:Building ROS package in '/home/ashley.akamine/rampagingRoombas/turtlebot4_ws/src/lab5_pkg' with build type 'ament_python'
[0.986s] Level 1:colcon.colcon_core.shell:create_environment_hook('lab5_pkg', 'ament_prefix_path')
[0.986s] INFO:colcon.colcon_core.shell:Creating environment hook '/home/ashley.akamine/rampagingRoombas/turtlebot4_ws/install/lab5_pkg/share/lab5_pkg/hook/ament_prefix_path.ps1'
[0.987s] INFO:colcon.colcon_core.shell:Creating environment descriptor '/home/ashley.akamine/rampagingRoombas/turtlebot4_ws/install/lab5_pkg/share/lab5_pkg/hook/ament_prefix_path.dsv'
[0.987s] INFO:colcon.colcon_core.shell:Creating environment hook '/home/ashley.akamine/rampagingRoombas/turtlebot4_ws/install/lab5_pkg/share/lab5_pkg/hook/ament_prefix_path.sh'
[0.988s] INFO:colcon.colcon_core.shell:Skip shell extension 'powershell' for command environment: Not usable outside of PowerShell
[0.988s] DEBUG:colcon.colcon_core.shell:Skip shell extension 'dsv' for command environment
[1.230s] INFO:colcon.colcon_core.task.python.build:Building Python package in '/home/ashley.akamine/rampagingRoombas/turtlebot4_ws/src/lab3_pkg'
[1.230s] INFO:colcon.colcon_core.shell:Skip shell extension 'powershell' for command environment: Not usable outside of PowerShell
[1.230s] DEBUG:colcon.colcon_core.shell:Skip shell extension 'dsv' for command environment
[1.465s] INFO:colcon.colcon_core.task.python.build:Building Python package in '/home/ashley.akamine/rampagingRoombas/turtlebot4_ws/src/lab5_pkg'
[1.465s] INFO:colcon.colcon_core.shell:Skip shell extension 'powershell' for command environment: Not usable outside of PowerShell
[1.465s] DEBUG:colcon.colcon_core.shell:Skip shell extension 'dsv' for command environment
[1.472s] DEBUG:colcon.colcon_core.event_handler.log_command:Invoking command in '/home/ashley.akamine/rampagingRoombas/turtlebot4_ws/src/lab2_pkg': PYTHONPATH=/home/ashley.akamine/rampagingRoombas/turtlebot4_ws/build/lab2_pkg/prefix_override:/usr/lib/python3/dist-packages/colcon_core/task/python/colcon_distutils_commands:/home/ashley.akamine/rampagingRoombas/turtlebot4_ws/install/lab2_pkg/lib/python3.10/site-packages:${PYTHONPATH} /usr/bin/python3 -W ignore:setup.py install is deprecated -W ignore:easy_install command is deprecated setup.py egg_info --egg-base ../../build/lab2_pkg build --build-base /home/ashley.akamine/rampagingRoombas/turtlebot4_ws/build/lab2_pkg/build install --record /home/ashley.akamine/rampagingRoombas/turtlebot4_ws/build/lab2_pkg/install.log --single-version-externally-managed install_data
[1.475s] DEBUG:colcon.colcon_core.event_handler.log_command:Invoking command in '/home/ashley.akamine/rampagingRoombas/turtlebot4_ws/src/lab1_pkg': PYTHONPATH=/home/ashley.akamine/rampagingRoombas/turtlebot4_ws/build/lab1_pkg/prefix_override:/usr/lib/python3/dist-packages/colcon_core/task/python/colcon_distutils_commands:/home/ashley.akamine/rampagingRoombas/turtlebot4_ws/install/lab1_pkg/lib/python3.10/site-packages:${PYTHONPATH} /usr/bin/python3 -W ignore:setup.py install is deprecated -W ignore:easy_install command is deprecated setup.py egg_info --egg-base ../../build/lab1_pkg build --build-base /home/ashley.akamine/rampagingRoombas/turtlebot4_ws/build/lab1_pkg/build install --record /home/ashley.akamine/rampagingRoombas/turtlebot4_ws/build/lab1_pkg/install.log --single-version-externally-managed install_data
[1.748s] Level 1:colcon.colcon_core.environment:checking '/home/ashley.akamine/rampagingRoombas/turtlebot4_ws/install/lab1_pkg' for CMake module files
[1.748s] DEBUG:colcon.colcon_core.event_handler.log_command:Invoked command in '/home/ashley.akamine/rampagingRoombas/turtlebot4_ws/src/lab1_pkg' returned '0': PYTHONPATH=/home/ashley.akamine/rampagingRoombas/turtlebot4_ws/build/lab1_pkg/prefix_override:/usr/lib/python3/dist-packages/colcon_core/task/python/colcon_distutils_commands:/home/ashley.akamine/rampagingRoombas/turtlebot4_ws/install/lab1_pkg/lib/python3.10/site-packages:${PYTHONPATH} /usr/bin/python3 -W ignore:setup.py install is deprecated -W ignore:easy_install command is deprecated setup.py egg_info --egg-base ../../build/lab1_pkg build --build-base /home/ashley.akamine/rampagingRoombas/turtlebot4_ws/build/lab1_pkg/build install --record /home/ashley.akamine/rampagingRoombas/turtlebot4_ws/build/lab1_pkg/install.log --single-version-externally-managed install_data
[1.748s] Level 1:colcon.colcon_core.environment:checking '/home/ashley.akamine/rampagingRoombas/turtlebot4_ws/install/lab1_pkg' for CMake config files
[1.749s] Level 1:colcon.colcon_core.environment:checking '/home/ashley.akamine/rampagingRoombas/turtlebot4_ws/install/lab1_pkg/lib'
[1.749s] Level 1:colcon.colcon_core.environment:checking '/home/ashley.akamine/rampagingRoombas/turtlebot4_ws/install/lab1_pkg/bin'
[1.749s] Level 1:colcon.colcon_core.environment:checking '/home/ashley.akamine/rampagingRoombas/turtlebot4_ws/install/lab1_pkg/lib/pkgconfig/lab1_pkg.pc'
[1.749s] Level 1:colcon.colcon_core.environment:checking '/home/ashley.akamine/rampagingRoombas/turtlebot4_ws/install/lab1_pkg/lib/python3.10/site-packages'
[1.749s] Level 1:colcon.colcon_core.shell:create_environment_hook('lab1_pkg', 'pythonpath')
[1.749s] INFO:colcon.colcon_core.shell:Creating environment hook '/home/ashley.akamine/rampagingRoombas/turtlebot4_ws/install/lab1_pkg/share/lab1_pkg/hook/pythonpath.ps1'
[1.750s] INFO:colcon.colcon_core.shell:Creating environment descriptor '/home/ashley.akamine/rampagingRoombas/turtlebot4_ws/install/lab1_pkg/share/lab1_pkg/hook/pythonpath.dsv'
[1.750s] INFO:colcon.colcon_core.shell:Creating environment hook '/home/ashley.akamine/rampagingRoombas/turtlebot4_ws/install/lab1_pkg/share/lab1_pkg/hook/pythonpath.sh'
[1.750s] Level 1:colcon.colcon_core.environment:checking '/home/ashley.akamine/rampagingRoombas/turtlebot4_ws/install/lab1_pkg/bin'
[1.750s] Level 1:colcon.colcon_core.environment:create_environment_scripts_only(lab1_pkg)
[1.751s] INFO:colcon.colcon_core.shell:Creating package script '/home/ashley.akamine/rampagingRoombas/turtlebot4_ws/install/lab1_pkg/share/lab1_pkg/package.ps1'
[1.751s] INFO:colcon.colcon_core.shell:Creating package descriptor '/home/ashley.akamine/rampagingRoombas/turtlebot4_ws/install/lab1_pkg/share/lab1_pkg/package.dsv'
[1.752s] INFO:colcon.colcon_core.shell:Creating package script '/home/ashley.akamine/rampagingRoombas/turtlebot4_ws/install/lab1_pkg/share/lab1_pkg/package.sh'
[1.752s] INFO:colcon.colcon_core.shell:Creating package script '/home/ashley.akamine/rampagingRoombas/turtlebot4_ws/install/lab1_pkg/share/lab1_pkg/package.bash'
[1.752s] INFO:colcon.colcon_core.shell:Creating package script '/home/ashley.akamine/rampagingRoombas/turtlebot4_ws/install/lab1_pkg/share/lab1_pkg/package.zsh'
[1.753s] Level 1:colcon.colcon_core.environment:create_file_with_runtime_dependencies(/home/ashley.akamine/rampagingRoombas/turtlebot4_ws/install/lab1_pkg/share/colcon-core/packages/lab1_pkg)
[1.754s] Level 1:colcon.colcon_core.environment:checking '/home/ashley.akamine/rampagingRoombas/turtlebot4_ws/install/lab2_pkg' for CMake module files
[1.755s] DEBUG:colcon.colcon_core.event_handler.log_command:Invoked command in '/home/ashley.akamine/rampagingRoombas/turtlebot4_ws/src/lab2_pkg' returned '0': PYTHONPATH=/home/ashley.akamine/rampagingRoombas/turtlebot4_ws/build/lab2_pkg/prefix_override:/usr/lib/python3/dist-packages/colcon_core/task/python/colcon_distutils_commands:/home/ashley.akamine/rampagingRoombas/turtlebot4_ws/install/lab2_pkg/lib/python3.10/site-packages:${PYTHONPATH} /usr/bin/python3 -W ignore:setup.py install is deprecated -W ignore:easy_install command is deprecated setup.py egg_info --egg-base ../../build/lab2_pkg build --build-base /home/ashley.akamine/rampagingRoombas/turtlebot4_ws/build/lab2_pkg/build install --record /home/ashley.akamine/rampagingRoombas/turtlebot4_ws/build/lab2_pkg/install.log --single-version-externally-managed install_data
[1.755s] Level 1:colcon.colcon_core.environment:checking '/home/ashley.akamine/rampagingRoombas/turtlebot4_ws/install/lab2_pkg' for CMake config files
[1.756s] Level 1:colcon.colcon_core.environment:checking '/home/ashley.akamine/rampagingRoombas/turtlebot4_ws/install/lab2_pkg/lib'
[1.756s] Level 1:colcon.colcon_core.environment:checking '/home/ashley.akamine/rampagingRoombas/turtlebot4_ws/install/lab2_pkg/bin'
[1.756s] Level 1:colcon.colcon_core.environment:checking '/home/ashley.akamine/rampagingRoombas/turtlebot4_ws/install/lab2_pkg/lib/pkgconfig/lab2_pkg.pc'
[1.756s] Level 1:colcon.colcon_core.environment:checking '/home/ashley.akamine/rampagingRoombas/turtlebot4_ws/install/lab2_pkg/lib/python3.10/site-packages'
[1.756s] Level 1:colcon.colcon_core.shell:create_environment_hook('lab2_pkg', 'pythonpath')
[1.756s] INFO:colcon.colcon_core.shell:Creating environment hook '/home/ashley.akamine/rampagingRoombas/turtlebot4_ws/install/lab2_pkg/share/lab2_pkg/hook/pythonpath.ps1'
[1.757s] INFO:colcon.colcon_core.shell:Creating environment descriptor '/home/ashley.akamine/rampagingRoombas/turtlebot4_ws/install/lab2_pkg/share/lab2_pkg/hook/pythonpath.dsv'
[1.757s] INFO:colcon.colcon_core.shell:Creating environment hook '/home/ashley.akamine/rampagingRoombas/turtlebot4_ws/install/lab2_pkg/share/lab2_pkg/hook/pythonpath.sh'
[1.758s] Level 1:colcon.colcon_core.environment:checking '/home/ashley.akamine/rampagingRoombas/turtlebot4_ws/install/lab2_pkg/bin'
[1.758s] Level 1:colcon.colcon_core.environment:create_environment_scripts_only(lab2_pkg)
[1.758s] INFO:colcon.colcon_core.shell:Creating package script '/home/ashley.akamine/rampagingRoombas/turtlebot4_ws/install/lab2_pkg/share/lab2_pkg/package.ps1'
[1.759s] INFO:colcon.colcon_core.shell:Creating package descriptor '/home/ashley.akamine/rampagingRoombas/turtlebot4_ws/install/lab2_pkg/share/lab2_pkg/package.dsv'
[1.759s] INFO:colcon.colcon_core.shell:Creating package script '/home/ashley.akamine/rampagingRoombas/turtlebot4_ws/install/lab2_pkg/share/lab2_pkg/package.sh'
[1.760s] INFO:colcon.colcon_core.shell:Creating package script '/home/ashley.akamine/rampagingRoombas/turtlebot4_ws/install/lab2_pkg/share/lab2_pkg/package.bash'
[1.760s] INFO:colcon.colcon_core.shell:Creating package script '/home/ashley.akamine/rampagingRoombas/turtlebot4_ws/install/lab2_pkg/share/lab2_pkg/package.zsh'
[1.760s] Level 1:colcon.colcon_core.environment:create_file_with_runtime_dependencies(/home/ashley.akamine/rampagingRoombas/turtlebot4_ws/install/lab2_pkg/share/colcon-core/packages/lab2_pkg)
[1.761s] INFO:colcon.colcon_ros.task.ament_cmake.build:Building ROS package in '/home/ashley.akamine/rampagingRoombas/turtlebot4_ws/src/turtlebot_lab_bringup' with build type 'ament_cmake'
[1.761s] INFO:colcon.colcon_cmake.task.cmake.build:Building CMake package in '/home/ashley.akamine/rampagingRoombas/turtlebot4_ws/src/turtlebot_lab_bringup'
[1.761s] INFO:colcon.colcon_core.shell:Skip shell extension 'powershell' for command environment: Not usable outside of PowerShell
[1.761s] DEBUG:colcon.colcon_core.shell:Skip shell extension 'dsv' for command environment
[1.774s] DEBUG:colcon.colcon_core.event_handler.log_command:Invoking command in '/home/ashley.akamine/rampagingRoombas/turtlebot4_ws/build/turtlebot_lab_bringup': AMENT_PREFIX_PATH=/home/ashley.akamine/rampagingRoombas/turtlebot4_ws/install/lab2_pkg:/home/ashley.akamine/rampagingRoombas/turtlebot4_ws/install/turtlebot_lab_bringup:/home/ashley.akamine/rampagingRoombas/turtlebot4_ws/install/lab5_pkg:/home/ashley.akamine/rampagingRoombas/turtlebot4_ws/install/lab3_pkg:/home/ashley.akamine/rampagingRoombas/turtlebot4_ws/install/lab1_pkg:/home/ashley.akamine/rampagingRoombas/turtlebot4_ws/install/custom_interfaces:/opt/ros/humble CMAKE_PREFIX_PATH=${CMAKE_PREFIX_PATH}:/home/ashley.akamine/rampagingRoombas/turtlebot4_ws/install/lab5_pkg:/home/ashley.akamine/rampagingRoombas/turtlebot4_ws/install/lab3_pkg:/home/ashley.akamine/rampagingRoombas/turtlebot4_ws/install/lab2_pkg:/home/ashley.akamine/rampagingRoombas/turtlebot4_ws/install/lab1_pkg:/opt/ros/humble PYTHONPATH=/home/ashley.akamine/rampagingRoombas/turtlebot4_ws/install/lab2_pkg/lib/python3.10/site-packages:/home/ashley.akamine/rampagingRoombas/turtlebot4_ws/install/lab5_pkg/lib/python3.10/site-packages:/home/ashley.akamine/rampagingRoombas/turtlebot4_ws/install/lab3_pkg/lib/python3.10/site-packages:/home/ashley.akamine/rampagingRoombas/turtlebot4_ws/install/lab1_pkg/lib/python3.10/site-packages:/home/ashley.akamine/rampagingRoombas/turtlebot4_ws/install/custom_interfaces/local/lib/python3.10/dist-packages:/opt/ros/humble/lib/python3.10/site-packages:/opt/ros/humble/local/lib/python3.10/dist-packages /usr/bin/cmake --build /home/ashley.akamine/rampagingRoombas/turtlebot4_ws/build/turtlebot_lab_bringup -- -j16 -l16
[1.823s] DEBUG:colcon.colcon_core.event_handler.log_command:Invoked command in '/home/ashley.akamine/rampagingRoombas/turtlebot4_ws/build/turtlebot_lab_bringup' returned '0': AMENT_PREFIX_PATH=/home/ashley.akamine/rampagingRoombas/turtlebot4_ws/install/lab2_pkg:/home/ashley.akamine/rampagingRoombas/turtlebot4_ws/install/turtlebot_lab_bringup:/home/ashley.akamine/rampagingRoombas/turtlebot4_ws/install/lab5_pkg:/home/ashley.akamine/rampagingRoombas/turtlebot4_ws/install/lab3_pkg:/home/ashley.akamine/rampagingRoombas/turtlebot4_ws/install/lab1_pkg:/home/ashley.akamine/rampagingRoombas/turtlebot4_ws/install/custom_interfaces:/opt/ros/humble CMAKE_PREFIX_PATH=${CMAKE_PREFIX_PATH}:/home/ashley.akamine/rampagingRoombas/turtlebot4_ws/install/lab5_pkg:/home/ashley.akamine/rampagingRoombas/turtlebot4_ws/install/lab3_pkg:/home/ashley.akamine/rampagingRoombas/turtlebot4_ws/install/lab2_pkg:/home/ashley.akamine/rampagingRoombas/turtlebot4_ws/install/lab1_pkg:/opt/ros/humble PYTHONPATH=/home/ashley.akamine/rampagingRoombas/turtlebot4_ws/install/lab2_pkg/lib/python3.10/site-packages:/home/ashley.akamine/rampagingRoombas/turtlebot4_ws/install/lab5_pkg/lib/python3.10/site-packages:/home/ashley.akamine/rampagingRoombas/turtlebot4_ws/install/lab3_pkg/lib/python3.10/site-packages:/home/ashley.akamine/rampagingRoombas/turtlebot4_ws/install/lab1_pkg/lib/python3.10/site-packages:/home/ashley.akamine/rampagingRoombas/turtlebot4_ws/install/custom_interfaces/local/lib/python3.10/dist-packages:/opt/ros/humble/lib/python3.10/site-packages:/opt/ros/humble/local/lib/python3.10/dist-packages /usr/bin/cmake --build /home/ashley.akamine/rampagingRoombas/turtlebot4_ws/build/turtlebot_lab_bringup -- -j16 -l16
[1.826s] DEBUG:colcon.colcon_core.event_handler.log_command:Invoking command in '/home/ashley.akamine/rampagingRoombas/turtlebot4_ws/build/turtlebot_lab_bringup': AMENT_PREFIX_PATH=/home/ashley.akamine/rampagingRoombas/turtlebot4_ws/install/lab2_pkg:/home/ashley.akamine/rampagingRoombas/turtlebot4_ws/install/turtlebot_lab_bringup:/home/ashley.akamine/rampagingRoombas/turtlebot4_ws/install/lab5_pkg:/home/ashley.akamine/rampagingRoombas/turtlebot4_ws/install/lab3_pkg:/home/ashley.akamine/rampagingRoombas/turtlebot4_ws/install/lab1_pkg:/home/ashley.akamine/rampagingRoombas/turtlebot4_ws/install/custom_interfaces:/opt/ros/humble CMAKE_PREFIX_PATH=${CMAKE_PREFIX_PATH}:/home/ashley.akamine/rampagingRoombas/turtlebot4_ws/install/lab5_pkg:/home/ashley.akamine/rampagingRoombas/turtlebot4_ws/install/lab3_pkg:/home/ashley.akamine/rampagingRoombas/turtlebot4_ws/install/lab2_pkg:/home/ashley.akamine/rampagingRoombas/turtlebot4_ws/install/lab1_pkg:/opt/ros/humble PYTHONPATH=/home/ashley.akamine/rampagingRoombas/turtlebot4_ws/install/lab2_pkg/lib/python3.10/site-packages:/home/ashley.akamine/rampagingRoombas/turtlebot4_ws/install/lab5_pkg/lib/python3.10/site-packages:/home/ashley.akamine/rampagingRoombas/turtlebot4_ws/install/lab3_pkg/lib/python3.10/site-packages:/home/ashley.akamine/rampagingRoombas/turtlebot4_ws/install/lab1_pkg/lib/python3.10/site-packages:/home/ashley.akamine/rampagingRoombas/turtlebot4_ws/install/custom_interfaces/local/lib/python3.10/dist-packages:/opt/ros/humble/lib/python3.10/site-packages:/opt/ros/humble/local/lib/python3.10/dist-packages /usr/bin/cmake --install /home/ashley.akamine/rampagingRoombas/turtlebot4_ws/build/turtlebot_lab_bringup
[1.837s] Level 1:colcon.colcon_core.environment:create_environment_scripts_only(turtlebot_lab_bringup)
[1.838s] Level 1:colcon.colcon_core.environment:checking '/home/ashley.akamine/rampagingRoombas/turtlebot4_ws/install/turtlebot_lab_bringup' for CMake module files
[1.838s] DEBUG:colcon.colcon_core.event_handler.log_command:Invoked command in '/home/ashley.akamine/rampagingRoombas/turtlebot4_ws/build/turtlebot_lab_bringup' returned '0': AMENT_PREFIX_PATH=/home/ashley.akamine/rampagingRoombas/turtlebot4_ws/install/lab2_pkg:/home/ashley.akamine/rampagingRoombas/turtlebot4_ws/install/turtlebot_lab_bringup:/home/ashley.akamine/rampagingRoombas/turtlebot4_ws/install/lab5_pkg:/home/ashley.akamine/rampagingRoombas/turtlebot4_ws/install/lab3_pkg:/home/ashley.akamine/rampagingRoombas/turtlebot4_ws/install/lab1_pkg:/home/ashley.akamine/rampagingRoombas/turtlebot4_ws/install/custom_interfaces:/opt/ros/humble CMAKE_PREFIX_PATH=${CMAKE_PREFIX_PATH}:/home/ashley.akamine/rampagingRoombas/turtlebot4_ws/install/lab5_pkg:/home/ashley.akamine/rampagingRoombas/turtlebot4_ws/install/lab3_pkg:/home/ashley.akamine/rampagingRoombas/turtlebot4_ws/install/lab2_pkg:/home/ashley.akamine/rampagingRoombas/turtlebot4_ws/install/lab1_pkg:/opt/ros/humble PYTHONPATH=/home/ashley.akamine/rampagingRoombas/turtlebot4_ws/install/lab2_pkg/lib/python3.10/site-packages:/home/ashley.akamine/rampagingRoombas/turtlebot4_ws/install/lab5_pkg/lib/python3.10/site-packages:/home/ashley.akamine/rampagingRoombas/turtlebot4_ws/install/lab3_pkg/lib/python3.10/site-packages:/home/ashley.akamine/rampagingRoombas/turtlebot4_ws/install/lab1_pkg/lib/python3.10/site-packages:/home/ashley.akamine/rampagingRoombas/turtlebot4_ws/install/custom_interfaces/local/lib/python3.10/dist-packages:/opt/ros/humble/lib/python3.10/site-packages:/opt/ros/humble/local/lib/python3.10/dist-packages /usr/bin/cmake --install /home/ashley.akamine/rampagingRoombas/turtlebot4_ws/build/turtlebot_lab_bringup
[1.839s] Level 1:colcon.colcon_core.environment:checking '/home/ashley.akamine/rampagingRoombas/turtlebot4_ws/install/turtlebot_lab_bringup' for CMake config files
[1.839s] Level 1:colcon.colcon_core.shell:create_environment_hook('turtlebot_lab_bringup', 'cmake_prefix_path')
[1.839s] INFO:colcon.colcon_core.shell:Creating environment hook '/home/ashley.akamine/rampagingRoombas/turtlebot4_ws/install/turtlebot_lab_bringup/share/turtlebot_lab_bringup/hook/cmake_prefix_path.ps1'
[1.840s] INFO:colcon.colcon_core.shell:Creating environment descriptor '/home/ashley.akamine/rampagingRoombas/turtlebot4_ws/install/turtlebot_lab_bringup/share/turtlebot_lab_bringup/hook/cmake_prefix_path.dsv'
[1.840s] INFO:colcon.colcon_core.shell:Creating environment hook '/home/ashley.akamine/rampagingRoombas/turtlebot4_ws/install/turtlebot_lab_bringup/share/turtlebot_lab_bringup/hook/cmake_prefix_path.sh'
[1.841s] Level 1:colcon.colcon_core.environment:checking '/home/ashley.akamine/rampagingRoombas/turtlebot4_ws/install/turtlebot_lab_bringup/bin'
[1.841s] Level 1:colcon.colcon_core.environment:checking '/home/ashley.akamine/rampagingRoombas/turtlebot4_ws/install/turtlebot_lab_bringup/lib/pkgconfig/turtlebot_lab_bringup.pc'
[1.841s] Level 1:colcon.colcon_core.environment:checking '/home/ashley.akamine/rampagingRoombas/turtlebot4_ws/install/turtlebot_lab_bringup/lib/python3.10/site-packages'
[1.841s] Level 1:colcon.colcon_core.environment:checking '/home/ashley.akamine/rampagingRoombas/turtlebot4_ws/install/turtlebot_lab_bringup/bin'
[1.842s] INFO:colcon.colcon_core.shell:Creating package script '/home/ashley.akamine/rampagingRoombas/turtlebot4_ws/install/turtlebot_lab_bringup/share/turtlebot_lab_bringup/package.ps1'
[1.842s] INFO:colcon.colcon_core.shell:Creating package descriptor '/home/ashley.akamine/rampagingRoombas/turtlebot4_ws/install/turtlebot_lab_bringup/share/turtlebot_lab_bringup/package.dsv'
[1.843s] INFO:colcon.colcon_core.shell:Creating package script '/home/ashley.akamine/rampagingRoombas/turtlebot4_ws/install/turtlebot_lab_bringup/share/turtlebot_lab_bringup/package.sh'
[1.843s] INFO:colcon.colcon_core.shell:Creating package script '/home/ashley.akamine/rampagingRoombas/turtlebot4_ws/install/turtlebot_lab_bringup/share/turtlebot_lab_bringup/package.bash'
[1.844s] INFO:colcon.colcon_core.shell:Creating package script '/home/ashley.akamine/rampagingRoombas/turtlebot4_ws/install/turtlebot_lab_bringup/share/turtlebot_lab_bringup/package.zsh'
[1.844s] Level 1:colcon.colcon_core.environment:create_file_with_runtime_dependencies(/home/ashley.akamine/rampagingRoombas/turtlebot4_ws/install/turtlebot_lab_bringup/share/colcon-core/packages/turtlebot_lab_bringup)
[1.845s] Level 1:colcon.colcon_core.environment:create_environment_scripts_only(turtlebot_lab_bringup)
[1.845s] Level 1:colcon.colcon_core.environment:checking '/home/ashley.akamine/rampagingRoombas/turtlebot4_ws/install/turtlebot_lab_bringup' for CMake module files
[1.845s] Level 1:colcon.colcon_core.environment:checking '/home/ashley.akamine/rampagingRoombas/turtlebot4_ws/install/turtlebot_lab_bringup' for CMake config files
[1.845s] Level 1:colcon.colcon_core.shell:create_environment_hook('turtlebot_lab_bringup', 'cmake_prefix_path')
[1.846s] INFO:colcon.colcon_core.shell:Creating environment hook '/home/ashley.akamine/rampagingRoombas/turtlebot4_ws/install/turtlebot_lab_bringup/share/turtlebot_lab_bringup/hook/cmake_prefix_path.ps1'
[1.846s] INFO:colcon.colcon_core.shell:Creating environment descriptor '/home/ashley.akamine/rampagingRoombas/turtlebot4_ws/install/turtlebot_lab_bringup/share/turtlebot_lab_bringup/hook/cmake_prefix_path.dsv'
[1.846s] INFO:colcon.colcon_core.shell:Creating environment hook '/home/ashley.akamine/rampagingRoombas/turtlebot4_ws/install/turtlebot_lab_bringup/share/turtlebot_lab_bringup/hook/cmake_prefix_path.sh'
[1.847s] Level 1:colcon.colcon_core.environment:checking '/home/ashley.akamine/rampagingRoombas/turtlebot4_ws/install/turtlebot_lab_bringup/bin'
[1.847s] Level 1:colcon.colcon_core.environment:checking '/home/ashley.akamine/rampagingRoombas/turtlebot4_ws/install/turtlebot_lab_bringup/lib/pkgconfig/turtlebot_lab_bringup.pc'
[1.847s] Level 1:colcon.colcon_core.environment:checking '/home/ashley.akamine/rampagingRoombas/turtlebot4_ws/install/turtlebot_lab_bringup/lib/python3.10/site-packages'
[1.848s] Level 1:colcon.colcon_core.environment:checking '/home/ashley.akamine/rampagingRoombas/turtlebot4_ws/install/turtlebot_lab_bringup/bin'
[1.848s] INFO:colcon.colcon_core.shell:Creating package script '/home/ashley.akamine/rampagingRoombas/turtlebot4_ws/install/turtlebot_lab_bringup/share/turtlebot_lab_bringup/package.ps1'
[1.890s] INFO:colcon.colcon_core.shell:Creating package descriptor '/home/ashley.akamine/rampagingRoombas/turtlebot4_ws/install/turtlebot_lab_bringup/share/turtlebot_lab_bringup/package.dsv'
[1.891s] INFO:colcon.colcon_core.shell:Creating package script '/home/ashley.akamine/rampagingRoombas/turtlebot4_ws/install/turtlebot_lab_bringup/share/turtlebot_lab_bringup/package.sh'
[1.892s] INFO:colcon.colcon_core.shell:Creating package script '/home/ashley.akamine/rampagingRoombas/turtlebot4_ws/install/turtlebot_lab_bringup/share/turtlebot_lab_bringup/package.bash'
[1.892s] INFO:colcon.colcon_core.shell:Creating package script '/home/ashley.akamine/rampagingRoombas/turtlebot4_ws/install/turtlebot_lab_bringup/share/turtlebot_lab_bringup/package.zsh'
[1.893s] Level 1:colcon.colcon_core.environment:create_file_with_runtime_dependencies(/home/ashley.akamine/rampagingRoombas/turtlebot4_ws/install/turtlebot_lab_bringup/share/colcon-core/packages/turtlebot_lab_bringup)
[1.898s] DEBUG:colcon.colcon_core.event_handler.log_command:Invoking command in '/home/ashley.akamine/rampagingRoombas/turtlebot4_ws/src/lab3_pkg': CMAKE_PREFIX_PATH=/home/ashley.akamine/rampagingRoombas/turtlebot4_ws/install/custom_interfaces:/home/ashley.akamine/rampagingRoombas/turtlebot4_ws/install/turtlebot_lab_bringup PYTHONPATH=/home/ashley.akamine/rampagingRoombas/turtlebot4_ws/build/lab3_pkg/prefix_override:/usr/lib/python3/dist-packages/colcon_core/task/python/colcon_distutils_commands:/home/ashley.akamine/rampagingRoombas/turtlebot4_ws/install/lab3_pkg/lib/python3.10/site-packages:${PYTHONPATH} /usr/bin/python3 -W ignore:setup.py install is deprecated -W ignore:easy_install command is deprecated setup.py egg_info --egg-base ../../build/lab3_pkg build --build-base /home/ashley.akamine/rampagingRoombas/turtlebot4_ws/build/lab3_pkg/build install --record /home/ashley.akamine/rampagingRoombas/turtlebot4_ws/build/lab3_pkg/install.log --single-version-externally-managed install_data
[1.900s] DEBUG:colcon.colcon_core.event_handler.log_command:Invoking command in '/home/ashley.akamine/rampagingRoombas/turtlebot4_ws/src/lab5_pkg': CMAKE_PREFIX_PATH=/home/ashley.akamine/rampagingRoombas/turtlebot4_ws/install/custom_interfaces:/home/ashley.akamine/rampagingRoombas/turtlebot4_ws/install/turtlebot_lab_bringup PYTHONPATH=/home/ashley.akamine/rampagingRoombas/turtlebot4_ws/build/lab5_pkg/prefix_override:/usr/lib/python3/dist-packages/colcon_core/task/python/colcon_distutils_commands:/home/ashley.akamine/rampagingRoombas/turtlebot4_ws/install/lab5_pkg/lib/python3.10/site-packages:${PYTHONPATH} /usr/bin/python3 -W ignore:setup.py install is deprecated -W ignore:easy_install command is deprecated setup.py egg_info --egg-base ../../build/lab5_pkg build --build-base /home/ashley.akamine/rampagingRoombas/turtlebot4_ws/build/lab5_pkg/build install --record /home/ashley.akamine/rampagingRoombas/turtlebot4_ws/build/lab5_pkg/install.log --single-version-externally-managed install_data
[2.189s] Level 1:colcon.colcon_core.environment:checking '/home/ashley.akamine/rampagingRoombas/turtlebot4_ws/install/lab3_pkg' for CMake module files
[2.190s] DEBUG:colcon.colcon_core.event_handler.log_command:Invoked command in '/home/ashley.akamine/rampagingRoombas/turtlebot4_ws/src/lab3_pkg' returned '0': CMAKE_PREFIX_PATH=/home/ashley.akamine/rampagingRoombas/turtlebot4_ws/install/custom_interfaces:/home/ashley.akamine/rampagingRoombas/turtlebot4_ws/install/turtlebot_lab_bringup PYTHONPATH=/home/ashley.akamine/rampagingRoombas/turtlebot4_ws/build/lab3_pkg/prefix_override:/usr/lib/python3/dist-packages/colcon_core/task/python/colcon_distutils_commands:/home/ashley.akamine/rampagingRoombas/turtlebot4_ws/install/lab3_pkg/lib/python3.10/site-packages:${PYTHONPATH} /usr/bin/python3 -W ignore:setup.py install is deprecated -W ignore:easy_install command is deprecated setup.py egg_info --egg-base ../../build/lab3_pkg build --build-base /home/ashley.akamine/rampagingRoombas/turtlebot4_ws/build/lab3_pkg/build install --record /home/ashley.akamine/rampagingRoombas/turtlebot4_ws/build/lab3_pkg/install.log --single-version-externally-managed install_data
[2.190s] Level 1:colcon.colcon_core.environment:checking '/home/ashley.akamine/rampagingRoombas/turtlebot4_ws/install/lab3_pkg' for CMake config files
[2.190s] Level 1:colcon.colcon_core.environment:checking '/home/ashley.akamine/rampagingRoombas/turtlebot4_ws/install/lab3_pkg/lib'
[2.190s] Level 1:colcon.colcon_core.environment:checking '/home/ashley.akamine/rampagingRoombas/turtlebot4_ws/install/lab3_pkg/bin'
[2.191s] Level 1:colcon.colcon_core.environment:checking '/home/ashley.akamine/rampagingRoombas/turtlebot4_ws/install/lab3_pkg/lib/pkgconfig/lab3_pkg.pc'
[2.191s] Level 1:colcon.colcon_core.environment:checking '/home/ashley.akamine/rampagingRoombas/turtlebot4_ws/install/lab3_pkg/lib/python3.10/site-packages'
[2.191s] Level 1:colcon.colcon_core.shell:create_environment_hook('lab3_pkg', 'pythonpath')
[2.191s] INFO:colcon.colcon_core.shell:Creating environment hook '/home/ashley.akamine/rampagingRoombas/turtlebot4_ws/install/lab3_pkg/share/lab3_pkg/hook/pythonpath.ps1'
[2.191s] INFO:colcon.colcon_core.shell:Creating environment descriptor '/home/ashley.akamine/rampagingRoombas/turtlebot4_ws/install/lab3_pkg/share/lab3_pkg/hook/pythonpath.dsv'
[2.192s] INFO:colcon.colcon_core.shell:Creating environment hook '/home/ashley.akamine/rampagingRoombas/turtlebot4_ws/install/lab3_pkg/share/lab3_pkg/hook/pythonpath.sh'
[2.192s] Level 1:colcon.colcon_core.environment:checking '/home/ashley.akamine/rampagingRoombas/turtlebot4_ws/install/lab3_pkg/bin'
[2.192s] Level 1:colcon.colcon_core.environment:create_environment_scripts_only(lab3_pkg)
[2.193s] INFO:colcon.colcon_core.shell:Creating package script '/home/ashley.akamine/rampagingRoombas/turtlebot4_ws/install/lab3_pkg/share/lab3_pkg/package.ps1'
[2.193s] INFO:colcon.colcon_core.shell:Creating package descriptor '/home/ashley.akamine/rampagingRoombas/turtlebot4_ws/install/lab3_pkg/share/lab3_pkg/package.dsv'
[2.194s] INFO:colcon.colcon_core.shell:Creating package script '/home/ashley.akamine/rampagingRoombas/turtlebot4_ws/install/lab3_pkg/share/lab3_pkg/package.sh'
[2.194s] INFO:colcon.colcon_core.shell:Creating package script '/home/ashley.akamine/rampagingRoombas/turtlebot4_ws/install/lab3_pkg/share/lab3_pkg/package.bash'
[2.195s] INFO:colcon.colcon_core.shell:Creating package script '/home/ashley.akamine/rampagingRoombas/turtlebot4_ws/install/lab3_pkg/share/lab3_pkg/package.zsh'
[2.195s] Level 1:colcon.colcon_core.environment:create_file_with_runtime_dependencies(/home/ashley.akamine/rampagingRoombas/turtlebot4_ws/install/lab3_pkg/share/colcon-core/packages/lab3_pkg)
[2.220s] Level 1:colcon.colcon_core.environment:checking '/home/ashley.akamine/rampagingRoombas/turtlebot4_ws/install/lab5_pkg' for CMake module files
[2.220s] DEBUG:colcon.colcon_core.event_handler.log_command:Invoked command in '/home/ashley.akamine/rampagingRoombas/turtlebot4_ws/src/lab5_pkg' returned '0': CMAKE_PREFIX_PATH=/home/ashley.akamine/rampagingRoombas/turtlebot4_ws/install/custom_interfaces:/home/ashley.akamine/rampagingRoombas/turtlebot4_ws/install/turtlebot_lab_bringup PYTHONPATH=/home/ashley.akamine/rampagingRoombas/turtlebot4_ws/build/lab5_pkg/prefix_override:/usr/lib/python3/dist-packages/colcon_core/task/python/colcon_distutils_commands:/home/ashley.akamine/rampagingRoombas/turtlebot4_ws/install/lab5_pkg/lib/python3.10/site-packages:${PYTHONPATH} /usr/bin/python3 -W ignore:setup.py install is deprecated -W ignore:easy_install command is deprecated setup.py egg_info --egg-base ../../build/lab5_pkg build --build-base /home/ashley.akamine/rampagingRoombas/turtlebot4_ws/build/lab5_pkg/build install --record /home/ashley.akamine/rampagingRoombas/turtlebot4_ws/build/lab5_pkg/install.log --single-version-externally-managed install_data
[2.220s] Level 1:colcon.colcon_core.environment:checking '/home/ashley.akamine/rampagingRoombas/turtlebot4_ws/install/lab5_pkg' for CMake config files
[2.221s] Level 1:colcon.colcon_core.environment:checking '/home/ashley.akamine/rampagingRoombas/turtlebot4_ws/install/lab5_pkg/lib'
[2.221s] Level 1:colcon.colcon_core.environment:checking '/home/ashley.akamine/rampagingRoombas/turtlebot4_ws/install/lab5_pkg/bin'
[2.221s] Level 1:colcon.colcon_core.environment:checking '/home/ashley.akamine/rampagingRoombas/turtlebot4_ws/install/lab5_pkg/lib/pkgconfig/lab5_pkg.pc'
[2.221s] Level 1:colcon.colcon_core.environment:checking '/home/ashley.akamine/rampagingRoombas/turtlebot4_ws/install/lab5_pkg/lib/python3.10/site-packages'
[2.221s] Level 1:colcon.colcon_core.shell:create_environment_hook('lab5_pkg', 'pythonpath')
[2.222s] INFO:colcon.colcon_core.shell:Creating environment hook '/home/ashley.akamine/rampagingRoombas/turtlebot4_ws/install/lab5_pkg/share/lab5_pkg/hook/pythonpath.ps1'
[2.222s] INFO:colcon.colcon_core.shell:Creating environment descriptor '/home/ashley.akamine/rampagingRoombas/turtlebot4_ws/install/lab5_pkg/share/lab5_pkg/hook/pythonpath.dsv'
[2.223s] INFO:colcon.colcon_core.shell:Creating environment hook '/home/ashley.akamine/rampagingRoombas/turtlebot4_ws/install/lab5_pkg/share/lab5_pkg/hook/pythonpath.sh'
[2.224s] Level 1:colcon.colcon_core.environment:checking '/home/ashley.akamine/rampagingRoombas/turtlebot4_ws/install/lab5_pkg/bin'
[2.224s] Level 1:colcon.colcon_core.environment:create_environment_scripts_only(lab5_pkg)
[2.224s] INFO:colcon.colcon_core.shell:Creating package script '/home/ashley.akamine/rampagingRoombas/turtlebot4_ws/install/lab5_pkg/share/lab5_pkg/package.ps1'
[2.225s] INFO:colcon.colcon_core.shell:Creating package descriptor '/home/ashley.akamine/rampagingRoombas/turtlebot4_ws/install/lab5_pkg/share/lab5_pkg/package.dsv'
[2.226s] INFO:colcon.colcon_core.shell:Creating package script '/home/ashley.akamine/rampagingRoombas/turtlebot4_ws/install/lab5_pkg/share/lab5_pkg/package.sh'
[2.227s] INFO:colcon.colcon_core.shell:Creating package script '/home/ashley.akamine/rampagingRoombas/turtlebot4_ws/install/lab5_pkg/share/lab5_pkg/package.bash'
[2.227s] INFO:colcon.colcon_core.shell:Creating package script '/home/ashley.akamine/rampagingRoombas/turtlebot4_ws/install/lab5_pkg/share/lab5_pkg/package.zsh'
[2.228s] Level 1:colcon.colcon_core.environment:create_file_with_runtime_dependencies(/home/ashley.akamine/rampagingRoombas/turtlebot4_ws/install/lab5_pkg/share/colcon-core/packages/lab5_pkg)
[2.228s] DEBUG:colcon.colcon_parallel_executor.executor.parallel:closing loop
[2.229s] DEBUG:colcon.colcon_parallel_executor.executor.parallel:loop closed
[2.229s] DEBUG:colcon.colcon_parallel_executor.executor.parallel:run_until_complete finished with '0'
[2.229s] DEBUG:colcon.colcon_core.event_reactor:joining thread
[2.236s] INFO:colcon.colcon_core.plugin_system:Skipping extension 'colcon_notification.desktop_notification.terminal_notifier': Not used on non-Darwin systems
[2.236s] INFO:colcon.colcon_core.plugin_system:Skipping extension 'colcon_notification.desktop_notification.win32': Not used on non-Windows systems
[2.236s] INFO:colcon.colcon_notification.desktop_notification:Sending desktop notification using 'notify2'
[2.246s] DEBUG:colcon.colcon_core.event_reactor:joined thread
[2.246s] INFO:colcon.colcon_core.shell:Creating prefix script '/home/ashley.akamine/rampagingRoombas/turtlebot4_ws/install/local_setup.ps1'
[2.247s] INFO:colcon.colcon_core.shell:Creating prefix util module '/home/ashley.akamine/rampagingRoombas/turtlebot4_ws/install/_local_setup_util_ps1.py'
[2.248s] INFO:colcon.colcon_core.shell:Creating prefix chain script '/home/ashley.akamine/rampagingRoombas/turtlebot4_ws/install/setup.ps1'
[2.250s] INFO:colcon.colcon_core.shell:Creating prefix script '/home/ashley.akamine/rampagingRoombas/turtlebot4_ws/install/local_setup.sh'
[2.251s] INFO:colcon.colcon_core.shell:Creating prefix util module '/home/ashley.akamine/rampagingRoombas/turtlebot4_ws/install/_local_setup_util_sh.py'
[2.252s] INFO:colcon.colcon_core.shell:Creating prefix chain script '/home/ashley.akamine/rampagingRoombas/turtlebot4_ws/install/setup.sh'
[2.254s] INFO:colcon.colcon_core.shell:Creating prefix script '/home/ashley.akamine/rampagingRoombas/turtlebot4_ws/install/local_setup.bash'
[2.254s] INFO:colcon.colcon_core.shell:Creating prefix chain script '/home/ashley.akamine/rampagingRoombas/turtlebot4_ws/install/setup.bash'
[2.256s] INFO:colcon.colcon_core.shell:Creating prefix script '/home/ashley.akamine/rampagingRoombas/turtlebot4_ws/install/local_setup.zsh'
[2.257s] INFO:colcon.colcon_core.shell:Creating prefix chain script '/home/ashley.akamine/rampagingRoombas/turtlebot4_ws/install/setup.zsh'
