[0.000000] (-) TimerEvent: {}
[0.000149] (custom_interfaces) JobQueued: {'identifier': 'custom_interfaces', 'dependencies': OrderedDict()}
[0.000174] (lab1_pkg) JobQueued: {'identifier': 'lab1_pkg', 'dependencies': OrderedDict()}
[0.000188] (lab2_pkg) JobQueued: {'identifier': 'lab2_pkg', 'dependencies': OrderedDict()}
[0.000201] (lab3_pkg) JobQueued: {'identifier': 'lab3_pkg', 'dependencies': OrderedDict([('custom_interfaces', '/home/ashley.akamine/rampagingRoombas/turtlebot4_ws/install/custom_interfaces')])}
[0.000215] (custom_interfaces) JobStarted: {'identifier': 'custom_interfaces'}
[0.005439] (lab1_pkg) JobStarted: {'identifier': 'lab1_pkg'}
[0.009800] (lab2_pkg) JobStarted: {'identifier': 'lab2_pkg'}
[0.014709] (custom_interfaces) JobProgress: {'identifier': 'custom_interfaces', 'progress': 'cmake'}
[0.015149] (custom_interfaces) JobProgress: {'identifier': 'custom_interfaces', 'progress': 'build'}
[0.015685] (custom_interfaces) Command: {'cmd': ['/usr/bin/cmake', '--build', '/home/ashley.akamine/rampagingRoombas/turtlebot4_ws/build/custom_interfaces', '--', '-j16', '-l16'], 'cwd': '/home/ashley.akamine/rampagingRoombas/turtlebot4_ws/build/custom_interfaces', 'env': OrderedDict([('USER', 'ashley.akamine@plu.edu'), ('XDG_SESSION_TYPE', 'wayland'), ('SHLVL', '1'), ('LD_LIBRARY_PATH', '/home/ashley.akamine/rampagingRoombas/turtlebot4_ws/install/custom_interfaces/lib:/opt/ros/humble/opt/rviz_ogre_vendor/lib:/opt/ros/humble/lib/x86_64-linux-gnu:/opt/ros/humble/lib'), ('OLDPWD', '/home/ashley.akamine/rampagingRoombas'), ('HOME', '/home/ashley.akamine'), ('DESKTOP_SESSION', 'ubuntu'), ('GTK_MODULES', 'gail:atk-bridge'), ('GNOME_SHELL_SESSION_MODE', 'ubuntu'), ('ROS_PYTHON_VERSION', '3'), ('SYSTEMD_EXEC_PID', '2420'), ('DBUS_SESSION_BUS_ADDRESS', 'unix:path=/run/user/481844462/bus'), ('COLORTERM', 'truecolor'), ('CONDA_CHANGEPS1', 'no'), ('WAYLAND_DISPLAY', 'wayland-0'), ('ROS_DISTRO', 'humble'), ('COLCON_PREFIX_PATH', '/home/ashley.akamine/rampagingRoombas/turtlebot4_ws/install'), ('LOGNAME', 'ashley.akamine@plu.edu'), ('_', '/usr/bin/colcon'), ('XDG_SESSION_CLASS', 'user'), ('ROS_VERSION', '2'), ('USERNAME', 'ashley.akamine@plu.edu'), ('TERM', 'xterm-256color'), ('PROMPT_EOL_MARK', ''), ('ROS_SUPER_CLIENT', 'True'), ('GNOME_DESKTOP_SESSION_ID', 'this-is-deprecated'), ('ROS_LOCALHOST_ONLY', '0'), ('PATH', '/opt/ros/humble/bin:/usr/local/sbin:/usr/local/bin:/usr/sbin:/usr/bin:/sbin:/bin:/usr/games:/usr/local/games:/snap/bin:/snap/bin'), ('SESSION_MANAGER', 'local/csci20145:@/tmp/.ICE-unix/2393,unix/csci20145:/tmp/.ICE-unix/2393'), ('GNOME_TERMINAL_SCREEN', '/org/gnome/Terminal/screen/692ab5cd_f86a_493b_9cc2_710230a5c68d'), ('XDG_MENU_PREFIX', 'gnome-'), ('GNOME_SETUP_DISPLAY', ':1'), ('XDG_RUNTIME_DIR', '/run/user/481844462'), ('DISPLAY', ':0'), ('LANG', 'en_US.UTF-8'), ('XDG_CURRENT_DESKTOP', 'ubuntu:GNOME'), ('RMW_IMPLEMENTATION', 'rmw_fastrtps_cpp'), ('XDG_SESSION_DESKTOP', 'ubuntu'), ('GNOME_TERMINAL_SERVICE', ':1.151'), ('XMODIFIERS', '@im=ibus'), ('XAUTHORITY', '/run/user/481844462/.mutter-Xwaylandauth.8OCC32'), ('SSH_AUTH_SOCK', '/run/user/481844462/keyring/ssh'), ('SSH_AGENT_LAUNCHER', 'gnome-keyring'), ('AMENT_PREFIX_PATH', '/home/ashley.akamine/rampagingRoombas/turtlebot4_ws/install/lab3_pkg:/home/ashley.akamine/rampagingRoombas/turtlebot4_ws/install/lab2_pkg:/home/ashley.akamine/rampagingRoombas/turtlebot4_ws/install/lab1_pkg:/home/ashley.akamine/rampagingRoombas/turtlebot4_ws/install/custom_interfaces:/opt/ros/humble'), ('ROS_DOMAIN_ID', '2'), ('KRB5CCNAME', 'FILE:/tmp/krb5cc_481844462_lLDPYm'), ('SHELL', '/bin/zsh'), ('ROS_DISCOVERY_SERVER', '10.5.113.101:11811'), ('QT_ACCESSIBILITY', '1'), ('GDMSESSION', 'ubuntu'), ('QT_IM_MODULE', 'ibus'), ('PWD', '/home/ashley.akamine/rampagingRoombas/turtlebot4_ws/build/custom_interfaces'), ('XDG_DATA_DIRS', '/usr/local/share/:/usr/share/:/var/lib/snapd/desktop'), ('VIRTUAL_ENV_DISABLE_PROMPT', '12'), ('PYTHONPATH', '/home/ashley.akamine/rampagingRoombas/turtlebot4_ws/install/lab3_pkg/lib/python3.10/site-packages:/home/ashley.akamine/rampagingRoombas/turtlebot4_ws/install/lab2_pkg/lib/python3.10/site-packages:/home/ashley.akamine/rampagingRoombas/turtlebot4_ws/install/lab1_pkg/lib/python3.10/site-packages:/home/ashley.akamine/rampagingRoombas/turtlebot4_ws/install/custom_interfaces/local/lib/python3.10/dist-packages:/opt/ros/humble/lib/python3.10/site-packages:/opt/ros/humble/local/lib/python3.10/dist-packages'), ('COLCON', '1'), ('VTE_VERSION', '6800'), ('CMAKE_PREFIX_PATH', '/home/ashley.akamine/rampagingRoombas/turtlebot4_ws/install/custom_interfaces:/home/ashley.akamine/rampagingRoombas/turtlebot4_ws/install/lab3_pkg:/home/ashley.akamine/rampagingRoombas/turtlebot4_ws/install/lab2_pkg:/home/ashley.akamine/rampagingRoombas/turtlebot4_ws/install/lab1_pkg:/opt/ros/humble')]), 'shell': False}
[0.099469] (-) TimerEvent: {}
[0.199667] (-) TimerEvent: {}
[0.244389] (custom_interfaces) StdoutLine: {'line': b'[  3%] Built target custom_interfaces__cpp\n'}
[0.244881] (custom_interfaces) StdoutLine: {'line': b'[ 12%] Built target custom_interfaces__rosidl_generator_c\n'}
[0.244979] (custom_interfaces) StdoutLine: {'line': b'[ 12%] Built target ament_cmake_python_copy_custom_interfaces\n'}
[0.245032] (custom_interfaces) StdoutLine: {'line': b'[ 32%] Built target custom_interfaces__rosidl_typesupport_fastrtps_cpp\n'}
[0.245097] (custom_interfaces) StdoutLine: {'line': b'[ 32%] Built target custom_interfaces__rosidl_typesupport_fastrtps_c\n'}
[0.245149] (custom_interfaces) StdoutLine: {'line': b'[ 41%] Built target custom_interfaces__rosidl_typesupport_introspection_cpp\n'}
[0.245203] (custom_interfaces) StdoutLine: {'line': b'[ 51%] Built target custom_interfaces__rosidl_typesupport_cpp\n'}
[0.245249] (custom_interfaces) StdoutLine: {'line': b'[ 70%] Built target custom_interfaces__rosidl_typesupport_introspection_c\n'}
[0.245302] (custom_interfaces) StdoutLine: {'line': b'[ 70%] Built target custom_interfaces__rosidl_typesupport_c\n'}
[0.245348] (custom_interfaces) StdoutLine: {'line': b'[ 70%] Built target custom_interfaces\n'}
[0.245400] (custom_interfaces) StdoutLine: {'line': b'[ 74%] Built target custom_interfaces__py\n'}
[0.245446] (custom_interfaces) StdoutLine: {'line': b'[ 80%] Built target custom_interfaces__rosidl_generator_py\n'}
[0.245498] (custom_interfaces) StdoutLine: {'line': b'[ 87%] Built target custom_interfaces__rosidl_typesupport_c__pyext\n'}
[0.245543] (custom_interfaces) StdoutLine: {'line': b'[100%] Built target custom_interfaces__rosidl_typesupport_fastrtps_c__pyext\n'}
[0.245594] (custom_interfaces) StdoutLine: {'line': b'[100%] Built target custom_interfaces__rosidl_typesupport_introspection_c__pyext\n'}
[0.281505] (custom_interfaces) StdoutLine: {'line': b'running egg_info\n'}
[0.281914] (custom_interfaces) StdoutLine: {'line': b'writing custom_interfaces.egg-info/PKG-INFO\n'}
[0.282084] (custom_interfaces) StdoutLine: {'line': b'writing dependency_links to custom_interfaces.egg-info/dependency_links.txt\n'}
[0.282249] (custom_interfaces) StdoutLine: {'line': b'writing top-level names to custom_interfaces.egg-info/top_level.txt\n'}
[0.283803] (custom_interfaces) StdoutLine: {'line': b"reading manifest file 'custom_interfaces.egg-info/SOURCES.txt'\n"}
[0.284249] (custom_interfaces) StdoutLine: {'line': b"writing manifest file 'custom_interfaces.egg-info/SOURCES.txt'\n"}
[0.299736] (-) TimerEvent: {}
[0.303336] (custom_interfaces) StdoutLine: {'line': b'[100%] Built target ament_cmake_python_build_custom_interfaces_egg\n'}
[0.399807] (-) TimerEvent: {}
[0.484487] (custom_interfaces) CommandEnded: {'returncode': 0}
[0.485043] (custom_interfaces) JobProgress: {'identifier': 'custom_interfaces', 'progress': 'install'}
[0.492209] (custom_interfaces) Command: {'cmd': ['/usr/bin/cmake', '--install', '/home/ashley.akamine/rampagingRoombas/turtlebot4_ws/build/custom_interfaces'], 'cwd': '/home/ashley.akamine/rampagingRoombas/turtlebot4_ws/build/custom_interfaces', 'env': OrderedDict([('USER', 'ashley.akamine@plu.edu'), ('XDG_SESSION_TYPE', 'wayland'), ('SHLVL', '1'), ('LD_LIBRARY_PATH', '/home/ashley.akamine/rampagingRoombas/turtlebot4_ws/install/custom_interfaces/lib:/opt/ros/humble/opt/rviz_ogre_vendor/lib:/opt/ros/humble/lib/x86_64-linux-gnu:/opt/ros/humble/lib'), ('OLDPWD', '/home/ashley.akamine/rampagingRoombas'), ('HOME', '/home/ashley.akamine'), ('DESKTOP_SESSION', 'ubuntu'), ('GTK_MODULES', 'gail:atk-bridge'), ('GNOME_SHELL_SESSION_MODE', 'ubuntu'), ('ROS_PYTHON_VERSION', '3'), ('SYSTEMD_EXEC_PID', '2420'), ('DBUS_SESSION_BUS_ADDRESS', 'unix:path=/run/user/481844462/bus'), ('COLORTERM', 'truecolor'), ('CONDA_CHANGEPS1', 'no'), ('WAYLAND_DISPLAY', 'wayland-0'), ('ROS_DISTRO', 'humble'), ('COLCON_PREFIX_PATH', '/home/ashley.akamine/rampagingRoombas/turtlebot4_ws/install'), ('LOGNAME', 'ashley.akamine@plu.edu'), ('_', '/usr/bin/colcon'), ('XDG_SESSION_CLASS', 'user'), ('ROS_VERSION', '2'), ('USERNAME', 'ashley.akamine@plu.edu'), ('TERM', 'xterm-256color'), ('PROMPT_EOL_MARK', ''), ('ROS_SUPER_CLIENT', 'True'), ('GNOME_DESKTOP_SESSION_ID', 'this-is-deprecated'), ('ROS_LOCALHOST_ONLY', '0'), ('PATH', '/opt/ros/humble/bin:/usr/local/sbin:/usr/local/bin:/usr/sbin:/usr/bin:/sbin:/bin:/usr/games:/usr/local/games:/snap/bin:/snap/bin'), ('SESSION_MANAGER', 'local/csci20145:@/tmp/.ICE-unix/2393,unix/csci20145:/tmp/.ICE-unix/2393'), ('GNOME_TERMINAL_SCREEN', '/org/gnome/Terminal/screen/692ab5cd_f86a_493b_9cc2_710230a5c68d'), ('XDG_MENU_PREFIX', 'gnome-'), ('GNOME_SETUP_DISPLAY', ':1'), ('XDG_RUNTIME_DIR', '/run/user/481844462'), ('DISPLAY', ':0'), ('LANG', 'en_US.UTF-8'), ('XDG_CURRENT_DESKTOP', 'ubuntu:GNOME'), ('RMW_IMPLEMENTATION', 'rmw_fastrtps_cpp'), ('XDG_SESSION_DESKTOP', 'ubuntu'), ('GNOME_TERMINAL_SERVICE', ':1.151'), ('XMODIFIERS', '@im=ibus'), ('XAUTHORITY', '/run/user/481844462/.mutter-Xwaylandauth.8OCC32'), ('SSH_AUTH_SOCK', '/run/user/481844462/keyring/ssh'), ('SSH_AGENT_LAUNCHER', 'gnome-keyring'), ('AMENT_PREFIX_PATH', '/home/ashley.akamine/rampagingRoombas/turtlebot4_ws/install/lab3_pkg:/home/ashley.akamine/rampagingRoombas/turtlebot4_ws/install/lab2_pkg:/home/ashley.akamine/rampagingRoombas/turtlebot4_ws/install/lab1_pkg:/home/ashley.akamine/rampagingRoombas/turtlebot4_ws/install/custom_interfaces:/opt/ros/humble'), ('ROS_DOMAIN_ID', '2'), ('KRB5CCNAME', 'FILE:/tmp/krb5cc_481844462_lLDPYm'), ('SHELL', '/bin/zsh'), ('ROS_DISCOVERY_SERVER', '10.5.113.101:11811'), ('QT_ACCESSIBILITY', '1'), ('GDMSESSION', 'ubuntu'), ('QT_IM_MODULE', 'ibus'), ('PWD', '/home/ashley.akamine/rampagingRoombas/turtlebot4_ws/build/custom_interfaces'), ('XDG_DATA_DIRS', '/usr/local/share/:/usr/share/:/var/lib/snapd/desktop'), ('VIRTUAL_ENV_DISABLE_PROMPT', '12'), ('PYTHONPATH', '/home/ashley.akamine/rampagingRoombas/turtlebot4_ws/install/lab3_pkg/lib/python3.10/site-packages:/home/ashley.akamine/rampagingRoombas/turtlebot4_ws/install/lab2_pkg/lib/python3.10/site-packages:/home/ashley.akamine/rampagingRoombas/turtlebot4_ws/install/lab1_pkg/lib/python3.10/site-packages:/home/ashley.akamine/rampagingRoombas/turtlebot4_ws/install/custom_interfaces/local/lib/python3.10/dist-packages:/opt/ros/humble/lib/python3.10/site-packages:/opt/ros/humble/local/lib/python3.10/dist-packages'), ('COLCON', '1'), ('VTE_VERSION', '6800'), ('CMAKE_PREFIX_PATH', '/home/ashley.akamine/rampagingRoombas/turtlebot4_ws/install/custom_interfaces:/home/ashley.akamine/rampagingRoombas/turtlebot4_ws/install/lab3_pkg:/home/ashley.akamine/rampagingRoombas/turtlebot4_ws/install/lab2_pkg:/home/ashley.akamine/rampagingRoombas/turtlebot4_ws/install/lab1_pkg:/opt/ros/humble')]), 'shell': False}
[0.499256] (custom_interfaces) StdoutLine: {'line': b'-- Install configuration: ""\n'}
[0.499394] (custom_interfaces) StdoutLine: {'line': b'-- Up-to-date: /home/ashley.akamine/rampagingRoombas/turtlebot4_ws/install/custom_interfaces/share/ament_index/resource_index/rosidl_interfaces/custom_interfaces\n'}
[0.499451] (custom_interfaces) StdoutLine: {'line': b'-- Up-to-date: /home/ashley.akamine/rampagingRoombas/turtlebot4_ws/install/custom_interfaces/include/custom_interfaces/custom_interfaces\n'}
[0.499499] (custom_interfaces) StdoutLine: {'line': b'-- Up-to-date: /home/ashley.akamine/rampagingRoombas/turtlebot4_ws/install/custom_interfaces/include/custom_interfaces/custom_interfaces/msg\n'}
[0.499563] (custom_interfaces) StdoutLine: {'line': b'-- Up-to-date: /home/ashley.akamine/rampagingRoombas/turtlebot4_ws/install/custom_interfaces/include/custom_interfaces/custom_interfaces/msg/rosidl_generator_c__visibility_control.h\n'}
[0.499610] (custom_interfaces) StdoutLine: {'line': b'-- Up-to-date: /home/ashley.akamine/rampagingRoombas/turtlebot4_ws/install/custom_interfaces/include/custom_interfaces/custom_interfaces/srv\n'}
[0.499692] (custom_interfaces) StdoutLine: {'line': b'-- Up-to-date: /home/ashley.akamine/rampagingRoombas/turtlebot4_ws/install/custom_interfaces/include/custom_interfaces/custom_interfaces/srv/get_summary.h\n'}
[0.499744] (custom_interfaces) StdoutLine: {'line': b'-- Up-to-date: /home/ashley.akamine/rampagingRoombas/turtlebot4_ws/install/custom_interfaces/include/custom_interfaces/custom_interfaces/srv/detail\n'}
[0.499803] (custom_interfaces) StdoutLine: {'line': b'-- Up-to-date: /home/ashley.akamine/rampagingRoombas/turtlebot4_ws/install/custom_interfaces/include/custom_interfaces/custom_interfaces/srv/detail/get_summary__type_support.h\n'}
[0.499848] (-) TimerEvent: {}
[0.499942] (custom_interfaces) StdoutLine: {'line': b'-- Up-to-date: /home/ashley.akamine/rampagingRoombas/turtlebot4_ws/install/custom_interfaces/include/custom_interfaces/custom_interfaces/srv/detail/get_summary__struct.h\n'}
[0.499994] (custom_interfaces) StdoutLine: {'line': b'-- Up-to-date: /home/ashley.akamine/rampagingRoombas/turtlebot4_ws/install/custom_interfaces/include/custom_interfaces/custom_interfaces/srv/detail/get_summary__functions.c\n'}
[0.500047] (custom_interfaces) StdoutLine: {'line': b'-- Up-to-date: /home/ashley.akamine/rampagingRoombas/turtlebot4_ws/install/custom_interfaces/include/custom_interfaces/custom_interfaces/srv/detail/get_summary__functions.h\n'}
[0.500114] (custom_interfaces) StdoutLine: {'line': b'-- Up-to-date: /home/ashley.akamine/rampagingRoombas/turtlebot4_ws/install/custom_interfaces/share/custom_interfaces/environment/library_path.sh\n'}
[0.500162] (custom_interfaces) StdoutLine: {'line': b'-- Up-to-date: /home/ashley.akamine/rampagingRoombas/turtlebot4_ws/install/custom_interfaces/share/custom_interfaces/environment/library_path.dsv\n'}
[0.500206] (custom_interfaces) StdoutLine: {'line': b'-- Up-to-date: /home/ashley.akamine/rampagingRoombas/turtlebot4_ws/install/custom_interfaces/lib/libcustom_interfaces__rosidl_generator_c.so\n'}
[0.500253] (custom_interfaces) StdoutLine: {'line': b'-- Up-to-date: /home/ashley.akamine/rampagingRoombas/turtlebot4_ws/install/custom_interfaces/include/custom_interfaces/custom_interfaces\n'}
[0.500311] (custom_interfaces) StdoutLine: {'line': b'-- Up-to-date: /home/ashley.akamine/rampagingRoombas/turtlebot4_ws/install/custom_interfaces/include/custom_interfaces/custom_interfaces/msg\n'}
[0.500360] (custom_interfaces) StdoutLine: {'line': b'-- Up-to-date: /home/ashley.akamine/rampagingRoombas/turtlebot4_ws/install/custom_interfaces/include/custom_interfaces/custom_interfaces/msg/rosidl_typesupport_fastrtps_c__visibility_control.h\n'}
[0.500408] (custom_interfaces) StdoutLine: {'line': b'-- Up-to-date: /home/ashley.akamine/rampagingRoombas/turtlebot4_ws/install/custom_interfaces/include/custom_interfaces/custom_interfaces/srv\n'}
[0.500482] (custom_interfaces) StdoutLine: {'line': b'-- Up-to-date: /home/ashley.akamine/rampagingRoombas/turtlebot4_ws/install/custom_interfaces/include/custom_interfaces/custom_interfaces/srv/detail\n'}
[0.500534] (custom_interfaces) StdoutLine: {'line': b'-- Up-to-date: /home/ashley.akamine/rampagingRoombas/turtlebot4_ws/install/custom_interfaces/include/custom_interfaces/custom_interfaces/srv/detail/get_summary__rosidl_typesupport_fastrtps_c.h\n'}
[0.500581] (custom_interfaces) StdoutLine: {'line': b'-- Up-to-date: /home/ashley.akamine/rampagingRoombas/turtlebot4_ws/install/custom_interfaces/lib/libcustom_interfaces__rosidl_typesupport_fastrtps_c.so\n'}
[0.500631] (custom_interfaces) StdoutLine: {'line': b'-- Up-to-date: /home/ashley.akamine/rampagingRoombas/turtlebot4_ws/install/custom_interfaces/include/custom_interfaces/custom_interfaces\n'}
[0.500693] (custom_interfaces) StdoutLine: {'line': b'-- Up-to-date: /home/ashley.akamine/rampagingRoombas/turtlebot4_ws/install/custom_interfaces/include/custom_interfaces/custom_interfaces/msg\n'}
[0.500739] (custom_interfaces) StdoutLine: {'line': b'-- Up-to-date: /home/ashley.akamine/rampagingRoombas/turtlebot4_ws/install/custom_interfaces/include/custom_interfaces/custom_interfaces/msg/rosidl_typesupport_introspection_c__visibility_control.h\n'}
[0.500782] (custom_interfaces) StdoutLine: {'line': b'-- Up-to-date: /home/ashley.akamine/rampagingRoombas/turtlebot4_ws/install/custom_interfaces/include/custom_interfaces/custom_interfaces/srv\n'}
[0.500826] (custom_interfaces) StdoutLine: {'line': b'-- Up-to-date: /home/ashley.akamine/rampagingRoombas/turtlebot4_ws/install/custom_interfaces/include/custom_interfaces/custom_interfaces/srv/detail\n'}
[0.500869] (custom_interfaces) StdoutLine: {'line': b'-- Up-to-date: /home/ashley.akamine/rampagingRoombas/turtlebot4_ws/install/custom_interfaces/include/custom_interfaces/custom_interfaces/srv/detail/get_summary__rosidl_typesupport_introspection_c.h\n'}
[0.500913] (custom_interfaces) StdoutLine: {'line': b'-- Up-to-date: /home/ashley.akamine/rampagingRoombas/turtlebot4_ws/install/custom_interfaces/include/custom_interfaces/custom_interfaces/srv/detail/get_summary__type_support.c\n'}
[0.500956] (custom_interfaces) StdoutLine: {'line': b'-- Up-to-date: /home/ashley.akamine/rampagingRoombas/turtlebot4_ws/install/custom_interfaces/lib/libcustom_interfaces__rosidl_typesupport_introspection_c.so\n'}
[0.501011] (custom_interfaces) StdoutLine: {'line': b'-- Up-to-date: /home/ashley.akamine/rampagingRoombas/turtlebot4_ws/install/custom_interfaces/lib/libcustom_interfaces__rosidl_typesupport_c.so\n'}
[0.501077] (custom_interfaces) StdoutLine: {'line': b'-- Up-to-date: /home/ashley.akamine/rampagingRoombas/turtlebot4_ws/install/custom_interfaces/include/custom_interfaces/custom_interfaces\n'}
[0.501167] (custom_interfaces) StdoutLine: {'line': b'-- Up-to-date: /home/ashley.akamine/rampagingRoombas/turtlebot4_ws/install/custom_interfaces/include/custom_interfaces/custom_interfaces/msg\n'}
[0.501221] (custom_interfaces) StdoutLine: {'line': b'-- Up-to-date: /home/ashley.akamine/rampagingRoombas/turtlebot4_ws/install/custom_interfaces/include/custom_interfaces/custom_interfaces/msg/rosidl_generator_cpp__visibility_control.hpp\n'}
[0.501267] (custom_interfaces) StdoutLine: {'line': b'-- Up-to-date: /home/ashley.akamine/rampagingRoombas/turtlebot4_ws/install/custom_interfaces/include/custom_interfaces/custom_interfaces/srv\n'}
[0.501318] (custom_interfaces) StdoutLine: {'line': b'-- Up-to-date: /home/ashley.akamine/rampagingRoombas/turtlebot4_ws/install/custom_interfaces/include/custom_interfaces/custom_interfaces/srv/get_summary.hpp\n'}
[0.501368] (custom_interfaces) StdoutLine: {'line': b'-- Up-to-date: /home/ashley.akamine/rampagingRoombas/turtlebot4_ws/install/custom_interfaces/include/custom_interfaces/custom_interfaces/srv/detail\n'}
[0.501417] (custom_interfaces) StdoutLine: {'line': b'-- Up-to-date: /home/ashley.akamine/rampagingRoombas/turtlebot4_ws/install/custom_interfaces/include/custom_interfaces/custom_interfaces/srv/detail/get_summary__traits.hpp\n'}
[0.501463] (custom_interfaces) StdoutLine: {'line': b'-- Up-to-date: /home/ashley.akamine/rampagingRoombas/turtlebot4_ws/install/custom_interfaces/include/custom_interfaces/custom_interfaces/srv/detail/get_summary__type_support.hpp\n'}
[0.501506] (custom_interfaces) StdoutLine: {'line': b'-- Up-to-date: /home/ashley.akamine/rampagingRoombas/turtlebot4_ws/install/custom_interfaces/include/custom_interfaces/custom_interfaces/srv/detail/get_summary__builder.hpp\n'}
[0.501557] (custom_interfaces) StdoutLine: {'line': b'-- Up-to-date: /home/ashley.akamine/rampagingRoombas/turtlebot4_ws/install/custom_interfaces/include/custom_interfaces/custom_interfaces/srv/detail/get_summary__struct.hpp\n'}
[0.501602] (custom_interfaces) StdoutLine: {'line': b'-- Up-to-date: /home/ashley.akamine/rampagingRoombas/turtlebot4_ws/install/custom_interfaces/include/custom_interfaces/custom_interfaces\n'}
[0.501674] (custom_interfaces) StdoutLine: {'line': b'-- Up-to-date: /home/ashley.akamine/rampagingRoombas/turtlebot4_ws/install/custom_interfaces/include/custom_interfaces/custom_interfaces/msg\n'}
[0.501716] (custom_interfaces) StdoutLine: {'line': b'-- Up-to-date: /home/ashley.akamine/rampagingRoombas/turtlebot4_ws/install/custom_interfaces/include/custom_interfaces/custom_interfaces/msg/rosidl_typesupport_fastrtps_cpp__visibility_control.h\n'}
[0.501760] (custom_interfaces) StdoutLine: {'line': b'-- Up-to-date: /home/ashley.akamine/rampagingRoombas/turtlebot4_ws/install/custom_interfaces/include/custom_interfaces/custom_interfaces/srv\n'}
[0.501829] (custom_interfaces) StdoutLine: {'line': b'-- Up-to-date: /home/ashley.akamine/rampagingRoombas/turtlebot4_ws/install/custom_interfaces/include/custom_interfaces/custom_interfaces/srv/detail\n'}
[0.501878] (custom_interfaces) StdoutLine: {'line': b'-- Up-to-date: /home/ashley.akamine/rampagingRoombas/turtlebot4_ws/install/custom_interfaces/include/custom_interfaces/custom_interfaces/srv/detail/get_summary__rosidl_typesupport_fastrtps_cpp.hpp\n'}
[0.501925] (custom_interfaces) StdoutLine: {'line': b'-- Up-to-date: /home/ashley.akamine/rampagingRoombas/turtlebot4_ws/install/custom_interfaces/include/custom_interfaces/custom_interfaces/srv/detail/dds_fastrtps\n'}
[0.501969] (custom_interfaces) StdoutLine: {'line': b'-- Up-to-date: /home/ashley.akamine/rampagingRoombas/turtlebot4_ws/install/custom_interfaces/lib/libcustom_interfaces__rosidl_typesupport_fastrtps_cpp.so\n'}
[0.502022] (custom_interfaces) StdoutLine: {'line': b'-- Up-to-date: /home/ashley.akamine/rampagingRoombas/turtlebot4_ws/install/custom_interfaces/include/custom_interfaces/custom_interfaces\n'}
[0.502070] (custom_interfaces) StdoutLine: {'line': b'-- Up-to-date: /home/ashley.akamine/rampagingRoombas/turtlebot4_ws/install/custom_interfaces/include/custom_interfaces/custom_interfaces/srv\n'}
[0.502135] (custom_interfaces) StdoutLine: {'line': b'-- Up-to-date: /home/ashley.akamine/rampagingRoombas/turtlebot4_ws/install/custom_interfaces/include/custom_interfaces/custom_interfaces/srv/detail\n'}
[0.502177] (custom_interfaces) StdoutLine: {'line': b'-- Up-to-date: /home/ashley.akamine/rampagingRoombas/turtlebot4_ws/install/custom_interfaces/include/custom_interfaces/custom_interfaces/srv/detail/get_summary__type_support.cpp\n'}
[0.502218] (custom_interfaces) StdoutLine: {'line': b'-- Up-to-date: /home/ashley.akamine/rampagingRoombas/turtlebot4_ws/install/custom_interfaces/include/custom_interfaces/custom_interfaces/srv/detail/get_summary__rosidl_typesupport_introspection_cpp.hpp\n'}
[0.502259] (custom_interfaces) StdoutLine: {'line': b'-- Up-to-date: /home/ashley.akamine/rampagingRoombas/turtlebot4_ws/install/custom_interfaces/lib/libcustom_interfaces__rosidl_typesupport_introspection_cpp.so\n'}
[0.502309] (custom_interfaces) StdoutLine: {'line': b'-- Up-to-date: /home/ashley.akamine/rampagingRoombas/turtlebot4_ws/install/custom_interfaces/lib/libcustom_interfaces__rosidl_typesupport_cpp.so\n'}
[0.502352] (custom_interfaces) StdoutLine: {'line': b'-- Up-to-date: /home/ashley.akamine/rampagingRoombas/turtlebot4_ws/install/custom_interfaces/share/custom_interfaces/environment/pythonpath.sh\n'}
[0.502422] (custom_interfaces) StdoutLine: {'line': b'-- Up-to-date: /home/ashley.akamine/rampagingRoombas/turtlebot4_ws/install/custom_interfaces/share/custom_interfaces/environment/pythonpath.dsv\n'}
[0.502480] (custom_interfaces) StdoutLine: {'line': b'-- Up-to-date: /home/ashley.akamine/rampagingRoombas/turtlebot4_ws/install/custom_interfaces/local/lib/python3.10/dist-packages/custom_interfaces-0.0.0-py3.10.egg-info\n'}
[0.502532] (custom_interfaces) StdoutLine: {'line': b'-- Installing: /home/ashley.akamine/rampagingRoombas/turtlebot4_ws/install/custom_interfaces/local/lib/python3.10/dist-packages/custom_interfaces-0.0.0-py3.10.egg-info/SOURCES.txt\n'}
[0.502574] (custom_interfaces) StdoutLine: {'line': b'-- Installing: /home/ashley.akamine/rampagingRoombas/turtlebot4_ws/install/custom_interfaces/local/lib/python3.10/dist-packages/custom_interfaces-0.0.0-py3.10.egg-info/PKG-INFO\n'}
[0.502890] (custom_interfaces) StdoutLine: {'line': b'-- Installing: /home/ashley.akamine/rampagingRoombas/turtlebot4_ws/install/custom_interfaces/local/lib/python3.10/dist-packages/custom_interfaces-0.0.0-py3.10.egg-info/top_level.txt\n'}
[0.503736] (custom_interfaces) StdoutLine: {'line': b'-- Installing: /home/ashley.akamine/rampagingRoombas/turtlebot4_ws/install/custom_interfaces/local/lib/python3.10/dist-packages/custom_interfaces-0.0.0-py3.10.egg-info/dependency_links.txt\n'}
[0.504272] (custom_interfaces) StdoutLine: {'line': b'-- Up-to-date: /home/ashley.akamine/rampagingRoombas/turtlebot4_ws/install/custom_interfaces/local/lib/python3.10/dist-packages/custom_interfaces\n'}
[0.504452] (custom_interfaces) StdoutLine: {'line': b'-- Up-to-date: /home/ashley.akamine/rampagingRoombas/turtlebot4_ws/install/custom_interfaces/local/lib/python3.10/dist-packages/custom_interfaces/_custom_interfaces_s.ep.rosidl_typesupport_fastrtps_c.c\n'}
[0.504544] (custom_interfaces) StdoutLine: {'line': b'-- Up-to-date: /home/ashley.akamine/rampagingRoombas/turtlebot4_ws/install/custom_interfaces/local/lib/python3.10/dist-packages/custom_interfaces/custom_interfaces_s__rosidl_typesupport_fastrtps_c.cpython-310-x86_64-linux-gnu.so\n'}
[0.504626] (custom_interfaces) StdoutLine: {'line': b'-- Up-to-date: /home/ashley.akamine/rampagingRoombas/turtlebot4_ws/install/custom_interfaces/local/lib/python3.10/dist-packages/custom_interfaces/__init__.py\n'}
[0.504705] (custom_interfaces) StdoutLine: {'line': b'-- Up-to-date: /home/ashley.akamine/rampagingRoombas/turtlebot4_ws/install/custom_interfaces/local/lib/python3.10/dist-packages/custom_interfaces/_custom_interfaces_s.ep.rosidl_typesupport_introspection_c.c\n'}
[0.504782] (custom_interfaces) StdoutLine: {'line': b'-- Up-to-date: /home/ashley.akamine/rampagingRoombas/turtlebot4_ws/install/custom_interfaces/local/lib/python3.10/dist-packages/custom_interfaces/custom_interfaces_s__rosidl_typesupport_c.cpython-310-x86_64-linux-gnu.so\n'}
[0.504876] (custom_interfaces) StdoutLine: {'line': b'-- Up-to-date: /home/ashley.akamine/rampagingRoombas/turtlebot4_ws/install/custom_interfaces/local/lib/python3.10/dist-packages/custom_interfaces/_custom_interfaces_s.ep.rosidl_typesupport_c.c\n'}
[0.504957] (custom_interfaces) StdoutLine: {'line': b'-- Up-to-date: /home/ashley.akamine/rampagingRoombas/turtlebot4_ws/install/custom_interfaces/local/lib/python3.10/dist-packages/custom_interfaces/libcustom_interfaces__rosidl_generator_py.so\n'}
[0.505037] (custom_interfaces) StdoutLine: {'line': b'-- Up-to-date: /home/ashley.akamine/rampagingRoombas/turtlebot4_ws/install/custom_interfaces/local/lib/python3.10/dist-packages/custom_interfaces/custom_interfaces_s__rosidl_typesupport_introspection_c.cpython-310-x86_64-linux-gnu.so\n'}
[0.505126] (custom_interfaces) StdoutLine: {'line': b'-- Up-to-date: /home/ashley.akamine/rampagingRoombas/turtlebot4_ws/install/custom_interfaces/local/lib/python3.10/dist-packages/custom_interfaces/srv\n'}
[0.505202] (custom_interfaces) StdoutLine: {'line': b'-- Up-to-date: /home/ashley.akamine/rampagingRoombas/turtlebot4_ws/install/custom_interfaces/local/lib/python3.10/dist-packages/custom_interfaces/srv/_get_summary.py\n'}
[0.505280] (custom_interfaces) StdoutLine: {'line': b'-- Up-to-date: /home/ashley.akamine/rampagingRoombas/turtlebot4_ws/install/custom_interfaces/local/lib/python3.10/dist-packages/custom_interfaces/srv/_get_summary_s.c\n'}
[0.505359] (custom_interfaces) StdoutLine: {'line': b'-- Up-to-date: /home/ashley.akamine/rampagingRoombas/turtlebot4_ws/install/custom_interfaces/local/lib/python3.10/dist-packages/custom_interfaces/srv/__init__.py\n'}
[0.529308] (custom_interfaces) StdoutLine: {'line': b"Listing '/home/ashley.akamine/rampagingRoombas/turtlebot4_ws/install/custom_interfaces/local/lib/python3.10/dist-packages/custom_interfaces'...\n"}
[0.529488] (custom_interfaces) StdoutLine: {'line': b"Listing '/home/ashley.akamine/rampagingRoombas/turtlebot4_ws/install/custom_interfaces/local/lib/python3.10/dist-packages/custom_interfaces/srv'...\n"}
[0.532490] (custom_interfaces) StdoutLine: {'line': b'-- Up-to-date: /home/ashley.akamine/rampagingRoombas/turtlebot4_ws/install/custom_interfaces/local/lib/python3.10/dist-packages/custom_interfaces/custom_interfaces_s__rosidl_typesupport_fastrtps_c.cpython-310-x86_64-linux-gnu.so\n'}
[0.532695] (custom_interfaces) StdoutLine: {'line': b'-- Up-to-date: /home/ashley.akamine/rampagingRoombas/turtlebot4_ws/install/custom_interfaces/local/lib/python3.10/dist-packages/custom_interfaces/custom_interfaces_s__rosidl_typesupport_introspection_c.cpython-310-x86_64-linux-gnu.so\n'}
[0.532903] (custom_interfaces) StdoutLine: {'line': b'-- Up-to-date: /home/ashley.akamine/rampagingRoombas/turtlebot4_ws/install/custom_interfaces/local/lib/python3.10/dist-packages/custom_interfaces/custom_interfaces_s__rosidl_typesupport_c.cpython-310-x86_64-linux-gnu.so\n'}
[0.533116] (custom_interfaces) StdoutLine: {'line': b'-- Up-to-date: /home/ashley.akamine/rampagingRoombas/turtlebot4_ws/install/custom_interfaces/lib/libcustom_interfaces__rosidl_generator_py.so\n'}
[0.533260] (custom_interfaces) StdoutLine: {'line': b'-- Up-to-date: /home/ashley.akamine/rampagingRoombas/turtlebot4_ws/install/custom_interfaces/share/custom_interfaces/srv/GetSummary.idl\n'}
[0.533385] (custom_interfaces) StdoutLine: {'line': b'-- Up-to-date: /home/ashley.akamine/rampagingRoombas/turtlebot4_ws/install/custom_interfaces/share/custom_interfaces/srv/GetSummary.srv\n'}
[0.533501] (custom_interfaces) StdoutLine: {'line': b'-- Up-to-date: /home/ashley.akamine/rampagingRoombas/turtlebot4_ws/install/custom_interfaces/share/custom_interfaces/srv/GetSummary_Request.msg\n'}
[0.533587] (custom_interfaces) StdoutLine: {'line': b'-- Up-to-date: /home/ashley.akamine/rampagingRoombas/turtlebot4_ws/install/custom_interfaces/share/custom_interfaces/srv/GetSummary_Response.msg\n'}
[0.533698] (custom_interfaces) StdoutLine: {'line': b'-- Up-to-date: /home/ashley.akamine/rampagingRoombas/turtlebot4_ws/install/custom_interfaces/share/ament_index/resource_index/package_run_dependencies/custom_interfaces\n'}
[0.533779] (custom_interfaces) StdoutLine: {'line': b'-- Up-to-date: /home/ashley.akamine/rampagingRoombas/turtlebot4_ws/install/custom_interfaces/share/ament_index/resource_index/parent_prefix_path/custom_interfaces\n'}
[0.533859] (custom_interfaces) StdoutLine: {'line': b'-- Up-to-date: /home/ashley.akamine/rampagingRoombas/turtlebot4_ws/install/custom_interfaces/share/custom_interfaces/environment/ament_prefix_path.sh\n'}
[0.533937] (custom_interfaces) StdoutLine: {'line': b'-- Up-to-date: /home/ashley.akamine/rampagingRoombas/turtlebot4_ws/install/custom_interfaces/share/custom_interfaces/environment/ament_prefix_path.dsv\n'}
[0.534015] (custom_interfaces) StdoutLine: {'line': b'-- Up-to-date: /home/ashley.akamine/rampagingRoombas/turtlebot4_ws/install/custom_interfaces/share/custom_interfaces/environment/path.sh\n'}
[0.534100] (custom_interfaces) StdoutLine: {'line': b'-- Up-to-date: /home/ashley.akamine/rampagingRoombas/turtlebot4_ws/install/custom_interfaces/share/custom_interfaces/environment/path.dsv\n'}
[0.534201] (custom_interfaces) StdoutLine: {'line': b'-- Up-to-date: /home/ashley.akamine/rampagingRoombas/turtlebot4_ws/install/custom_interfaces/share/custom_interfaces/local_setup.bash\n'}
[0.534292] (custom_interfaces) StdoutLine: {'line': b'-- Up-to-date: /home/ashley.akamine/rampagingRoombas/turtlebot4_ws/install/custom_interfaces/share/custom_interfaces/local_setup.sh\n'}
[0.534371] (custom_interfaces) StdoutLine: {'line': b'-- Up-to-date: /home/ashley.akamine/rampagingRoombas/turtlebot4_ws/install/custom_interfaces/share/custom_interfaces/local_setup.zsh\n'}
[0.534448] (custom_interfaces) StdoutLine: {'line': b'-- Up-to-date: /home/ashley.akamine/rampagingRoombas/turtlebot4_ws/install/custom_interfaces/share/custom_interfaces/local_setup.dsv\n'}
[0.534526] (custom_interfaces) StdoutLine: {'line': b'-- Installing: /home/ashley.akamine/rampagingRoombas/turtlebot4_ws/install/custom_interfaces/share/custom_interfaces/package.dsv\n'}
[0.534649] (custom_interfaces) StdoutLine: {'line': b'-- Up-to-date: /home/ashley.akamine/rampagingRoombas/turtlebot4_ws/install/custom_interfaces/share/ament_index/resource_index/packages/custom_interfaces\n'}
[0.534735] (custom_interfaces) StdoutLine: {'line': b'-- Up-to-date: /home/ashley.akamine/rampagingRoombas/turtlebot4_ws/install/custom_interfaces/share/custom_interfaces/cmake/export_custom_interfaces__rosidl_generator_cExport.cmake\n'}
[0.534818] (custom_interfaces) StdoutLine: {'line': b'-- Up-to-date: /home/ashley.akamine/rampagingRoombas/turtlebot4_ws/install/custom_interfaces/share/custom_interfaces/cmake/export_custom_interfaces__rosidl_generator_cExport-noconfig.cmake\n'}
[0.534900] (custom_interfaces) StdoutLine: {'line': b'-- Up-to-date: /home/ashley.akamine/rampagingRoombas/turtlebot4_ws/install/custom_interfaces/share/custom_interfaces/cmake/export_custom_interfaces__rosidl_typesupport_fastrtps_cExport.cmake\n'}
[0.534982] (custom_interfaces) StdoutLine: {'line': b'-- Up-to-date: /home/ashley.akamine/rampagingRoombas/turtlebot4_ws/install/custom_interfaces/share/custom_interfaces/cmake/export_custom_interfaces__rosidl_typesupport_fastrtps_cExport-noconfig.cmake\n'}
[0.535093] (custom_interfaces) StdoutLine: {'line': b'-- Up-to-date: /home/ashley.akamine/rampagingRoombas/turtlebot4_ws/install/custom_interfaces/share/custom_interfaces/cmake/custom_interfaces__rosidl_typesupport_introspection_cExport.cmake\n'}
[0.535202] (custom_interfaces) StdoutLine: {'line': b'-- Up-to-date: /home/ashley.akamine/rampagingRoombas/turtlebot4_ws/install/custom_interfaces/share/custom_interfaces/cmake/custom_interfaces__rosidl_typesupport_introspection_cExport-noconfig.cmake\n'}
[0.535284] (custom_interfaces) StdoutLine: {'line': b'-- Up-to-date: /home/ashley.akamine/rampagingRoombas/turtlebot4_ws/install/custom_interfaces/share/custom_interfaces/cmake/custom_interfaces__rosidl_typesupport_cExport.cmake\n'}
[0.535384] (custom_interfaces) StdoutLine: {'line': b'-- Up-to-date: /home/ashley.akamine/rampagingRoombas/turtlebot4_ws/install/custom_interfaces/share/custom_interfaces/cmake/custom_interfaces__rosidl_typesupport_cExport-noconfig.cmake\n'}
[0.535483] (custom_interfaces) StdoutLine: {'line': b'-- Up-to-date: /home/ashley.akamine/rampagingRoombas/turtlebot4_ws/install/custom_interfaces/share/custom_interfaces/cmake/export_custom_interfaces__rosidl_generator_cppExport.cmake\n'}
[0.535585] (custom_interfaces) StdoutLine: {'line': b'-- Up-to-date: /home/ashley.akamine/rampagingRoombas/turtlebot4_ws/install/custom_interfaces/share/custom_interfaces/cmake/export_custom_interfaces__rosidl_typesupport_fastrtps_cppExport.cmake\n'}
[0.535662] (custom_interfaces) StdoutLine: {'line': b'-- Up-to-date: /home/ashley.akamine/rampagingRoombas/turtlebot4_ws/install/custom_interfaces/share/custom_interfaces/cmake/export_custom_interfaces__rosidl_typesupport_fastrtps_cppExport-noconfig.cmake\n'}
[0.535765] (custom_interfaces) StdoutLine: {'line': b'-- Up-to-date: /home/ashley.akamine/rampagingRoombas/turtlebot4_ws/install/custom_interfaces/share/custom_interfaces/cmake/custom_interfaces__rosidl_typesupport_introspection_cppExport.cmake\n'}
[0.535843] (custom_interfaces) StdoutLine: {'line': b'-- Up-to-date: /home/ashley.akamine/rampagingRoombas/turtlebot4_ws/install/custom_interfaces/share/custom_interfaces/cmake/custom_interfaces__rosidl_typesupport_introspection_cppExport-noconfig.cmake\n'}
[0.535920] (custom_interfaces) StdoutLine: {'line': b'-- Up-to-date: /home/ashley.akamine/rampagingRoombas/turtlebot4_ws/install/custom_interfaces/share/custom_interfaces/cmake/custom_interfaces__rosidl_typesupport_cppExport.cmake\n'}
[0.536000] (custom_interfaces) StdoutLine: {'line': b'-- Up-to-date: /home/ashley.akamine/rampagingRoombas/turtlebot4_ws/install/custom_interfaces/share/custom_interfaces/cmake/custom_interfaces__rosidl_typesupport_cppExport-noconfig.cmake\n'}
[0.536079] (custom_interfaces) StdoutLine: {'line': b'-- Up-to-date: /home/ashley.akamine/rampagingRoombas/turtlebot4_ws/install/custom_interfaces/share/custom_interfaces/cmake/export_custom_interfaces__rosidl_generator_pyExport.cmake\n'}
[0.536170] (custom_interfaces) StdoutLine: {'line': b'-- Up-to-date: /home/ashley.akamine/rampagingRoombas/turtlebot4_ws/install/custom_interfaces/share/custom_interfaces/cmake/export_custom_interfaces__rosidl_generator_pyExport-noconfig.cmake\n'}
[0.536248] (custom_interfaces) StdoutLine: {'line': b'-- Up-to-date: /home/ashley.akamine/rampagingRoombas/turtlebot4_ws/install/custom_interfaces/share/custom_interfaces/cmake/rosidl_cmake-extras.cmake\n'}
[0.536326] (custom_interfaces) StdoutLine: {'line': b'-- Up-to-date: /home/ashley.akamine/rampagingRoombas/turtlebot4_ws/install/custom_interfaces/share/custom_interfaces/cmake/ament_cmake_export_include_directories-extras.cmake\n'}
[0.536411] (custom_interfaces) StdoutLine: {'line': b'-- Up-to-date: /home/ashley.akamine/rampagingRoombas/turtlebot4_ws/install/custom_interfaces/share/custom_interfaces/cmake/ament_cmake_export_libraries-extras.cmake\n'}
[0.536491] (custom_interfaces) StdoutLine: {'line': b'-- Up-to-date: /home/ashley.akamine/rampagingRoombas/turtlebot4_ws/install/custom_interfaces/share/custom_interfaces/cmake/ament_cmake_export_targets-extras.cmake\n'}
[0.536568] (custom_interfaces) StdoutLine: {'line': b'-- Up-to-date: /home/ashley.akamine/rampagingRoombas/turtlebot4_ws/install/custom_interfaces/share/custom_interfaces/cmake/rosidl_cmake_export_typesupport_targets-extras.cmake\n'}
[0.536648] (custom_interfaces) StdoutLine: {'line': b'-- Up-to-date: /home/ashley.akamine/rampagingRoombas/turtlebot4_ws/install/custom_interfaces/share/custom_interfaces/cmake/ament_cmake_export_dependencies-extras.cmake\n'}
[0.536724] (custom_interfaces) StdoutLine: {'line': b'-- Up-to-date: /home/ashley.akamine/rampagingRoombas/turtlebot4_ws/install/custom_interfaces/share/custom_interfaces/cmake/rosidl_cmake_export_typesupport_libraries-extras.cmake\n'}
[0.536800] (custom_interfaces) StdoutLine: {'line': b'-- Up-to-date: /home/ashley.akamine/rampagingRoombas/turtlebot4_ws/install/custom_interfaces/share/custom_interfaces/cmake/custom_interfacesConfig.cmake\n'}
[0.536914] (custom_interfaces) StdoutLine: {'line': b'-- Up-to-date: /home/ashley.akamine/rampagingRoombas/turtlebot4_ws/install/custom_interfaces/share/custom_interfaces/cmake/custom_interfacesConfig-version.cmake\n'}
[0.537056] (custom_interfaces) StdoutLine: {'line': b'-- Up-to-date: /home/ashley.akamine/rampagingRoombas/turtlebot4_ws/install/custom_interfaces/share/custom_interfaces/package.xml\n'}
[0.537598] (custom_interfaces) CommandEnded: {'returncode': 0}
[0.595522] (custom_interfaces) JobEnded: {'identifier': 'custom_interfaces', 'rc': 0}
[0.596428] (lab3_pkg) JobStarted: {'identifier': 'lab3_pkg'}
[0.599988] (-) TimerEvent: {}
[0.700178] (-) TimerEvent: {}
[0.800402] (-) TimerEvent: {}
[0.829484] (lab2_pkg) Command: {'cmd': ['/usr/bin/python3', '-W', 'ignore:setup.py install is deprecated', '-W', 'ignore:easy_install command is deprecated', 'setup.py', 'egg_info', '--egg-base', '../../build/lab2_pkg', 'build', '--build-base', '/home/ashley.akamine/rampagingRoombas/turtlebot4_ws/build/lab2_pkg/build', 'install', '--record', '/home/ashley.akamine/rampagingRoombas/turtlebot4_ws/build/lab2_pkg/install.log', '--single-version-externally-managed', 'install_data'], 'cwd': '/home/ashley.akamine/rampagingRoombas/turtlebot4_ws/src/lab2_pkg', 'env': {'USER': 'ashley.akamine@plu.edu', 'XDG_SESSION_TYPE': 'wayland', 'SHLVL': '1', 'LD_LIBRARY_PATH': '/home/ashley.akamine/rampagingRoombas/turtlebot4_ws/install/custom_interfaces/lib:/opt/ros/humble/opt/rviz_ogre_vendor/lib:/opt/ros/humble/lib/x86_64-linux-gnu:/opt/ros/humble/lib', 'OLDPWD': '/home/ashley.akamine/rampagingRoombas', 'HOME': '/home/ashley.akamine', 'DESKTOP_SESSION': 'ubuntu', 'GTK_MODULES': 'gail:atk-bridge', 'GNOME_SHELL_SESSION_MODE': 'ubuntu', 'ROS_PYTHON_VERSION': '3', 'SYSTEMD_EXEC_PID': '2420', 'DBUS_SESSION_BUS_ADDRESS': 'unix:path=/run/user/481844462/bus', 'COLORTERM': 'truecolor', 'CONDA_CHANGEPS1': 'no', 'WAYLAND_DISPLAY': 'wayland-0', 'ROS_DISTRO': 'humble', 'COLCON_PREFIX_PATH': '/home/ashley.akamine/rampagingRoombas/turtlebot4_ws/install', 'LOGNAME': 'ashley.akamine@plu.edu', '_': '/usr/bin/colcon', 'XDG_SESSION_CLASS': 'user', 'ROS_VERSION': '2', 'USERNAME': 'ashley.akamine@plu.edu', 'TERM': 'xterm-256color', 'PROMPT_EOL_MARK': '', 'ROS_SUPER_CLIENT': 'True', 'GNOME_DESKTOP_SESSION_ID': 'this-is-deprecated', 'ROS_LOCALHOST_ONLY': '0', 'PATH': '/opt/ros/humble/bin:/usr/local/sbin:/usr/local/bin:/usr/sbin:/usr/bin:/sbin:/bin:/usr/games:/usr/local/games:/snap/bin:/snap/bin', 'SESSION_MANAGER': 'local/csci20145:@/tmp/.ICE-unix/2393,unix/csci20145:/tmp/.ICE-unix/2393', 'GNOME_TERMINAL_SCREEN': '/org/gnome/Terminal/screen/692ab5cd_f86a_493b_9cc2_710230a5c68d', 'XDG_MENU_PREFIX': 'gnome-', 'GNOME_SETUP_DISPLAY': ':1', 'XDG_RUNTIME_DIR': '/run/user/481844462', 'DISPLAY': ':0', 'LANG': 'en_US.UTF-8', 'XDG_CURRENT_DESKTOP': 'ubuntu:GNOME', 'RMW_IMPLEMENTATION': 'rmw_fastrtps_cpp', 'XDG_SESSION_DESKTOP': 'ubuntu', 'GNOME_TERMINAL_SERVICE': ':1.151', 'XMODIFIERS': '@im=ibus', 'XAUTHORITY': '/run/user/481844462/.mutter-Xwaylandauth.8OCC32', 'SSH_AUTH_SOCK': '/run/user/481844462/keyring/ssh', 'SSH_AGENT_LAUNCHER': 'gnome-keyring', 'AMENT_PREFIX_PATH': '/home/ashley.akamine/rampagingRoombas/turtlebot4_ws/install/lab3_pkg:/home/ashley.akamine/rampagingRoombas/turtlebot4_ws/install/lab2_pkg:/home/ashley.akamine/rampagingRoombas/turtlebot4_ws/install/lab1_pkg:/home/ashley.akamine/rampagingRoombas/turtlebot4_ws/install/custom_interfaces:/opt/ros/humble', 'ROS_DOMAIN_ID': '2', 'KRB5CCNAME': 'FILE:/tmp/krb5cc_481844462_lLDPYm', 'SHELL': '/bin/zsh', 'ROS_DISCOVERY_SERVER': '10.5.113.101:11811', 'QT_ACCESSIBILITY': '1', 'GDMSESSION': 'ubuntu', 'QT_IM_MODULE': 'ibus', 'PWD': '/home/ashley.akamine/rampagingRoombas/turtlebot4_ws/build/lab2_pkg', 'XDG_DATA_DIRS': '/usr/local/share/:/usr/share/:/var/lib/snapd/desktop', 'VIRTUAL_ENV_DISABLE_PROMPT': '12', 'PYTHONPATH': '/home/ashley.akamine/rampagingRoombas/turtlebot4_ws/build/lab2_pkg/prefix_override:/usr/lib/python3/dist-packages/colcon_core/task/python/colcon_distutils_commands:/home/ashley.akamine/rampagingRoombas/turtlebot4_ws/install/lab2_pkg/lib/python3.10/site-packages:/home/ashley.akamine/rampagingRoombas/turtlebot4_ws/install/lab3_pkg/lib/python3.10/site-packages:/home/ashley.akamine/rampagingRoombas/turtlebot4_ws/install/lab2_pkg/lib/python3.10/site-packages:/home/ashley.akamine/rampagingRoombas/turtlebot4_ws/install/lab1_pkg/lib/python3.10/site-packages:/home/ashley.akamine/rampagingRoombas/turtlebot4_ws/install/custom_interfaces/local/lib/python3.10/dist-packages:/opt/ros/humble/lib/python3.10/site-packages:/opt/ros/humble/local/lib/python3.10/dist-packages', 'COLCON': '1', 'VTE_VERSION': '6800', 'CMAKE_PREFIX_PATH': '/home/ashley.akamine/rampagingRoombas/turtlebot4_ws/install/custom_interfaces'}, 'shell': False}
[0.832422] (lab1_pkg) Command: {'cmd': ['/usr/bin/python3', '-W', 'ignore:setup.py install is deprecated', '-W', 'ignore:easy_install command is deprecated', 'setup.py', 'egg_info', '--egg-base', '../../build/lab1_pkg', 'build', '--build-base', '/home/ashley.akamine/rampagingRoombas/turtlebot4_ws/build/lab1_pkg/build', 'install', '--record', '/home/ashley.akamine/rampagingRoombas/turtlebot4_ws/build/lab1_pkg/install.log', '--single-version-externally-managed', 'install_data'], 'cwd': '/home/ashley.akamine/rampagingRoombas/turtlebot4_ws/src/lab1_pkg', 'env': {'USER': 'ashley.akamine@plu.edu', 'XDG_SESSION_TYPE': 'wayland', 'SHLVL': '1', 'LD_LIBRARY_PATH': '/home/ashley.akamine/rampagingRoombas/turtlebot4_ws/install/custom_interfaces/lib:/opt/ros/humble/opt/rviz_ogre_vendor/lib:/opt/ros/humble/lib/x86_64-linux-gnu:/opt/ros/humble/lib', 'OLDPWD': '/home/ashley.akamine/rampagingRoombas', 'HOME': '/home/ashley.akamine', 'DESKTOP_SESSION': 'ubuntu', 'GTK_MODULES': 'gail:atk-bridge', 'GNOME_SHELL_SESSION_MODE': 'ubuntu', 'ROS_PYTHON_VERSION': '3', 'SYSTEMD_EXEC_PID': '2420', 'DBUS_SESSION_BUS_ADDRESS': 'unix:path=/run/user/481844462/bus', 'COLORTERM': 'truecolor', 'CONDA_CHANGEPS1': 'no', 'WAYLAND_DISPLAY': 'wayland-0', 'ROS_DISTRO': 'humble', 'COLCON_PREFIX_PATH': '/home/ashley.akamine/rampagingRoombas/turtlebot4_ws/install', 'LOGNAME': 'ashley.akamine@plu.edu', '_': '/usr/bin/colcon', 'XDG_SESSION_CLASS': 'user', 'ROS_VERSION': '2', 'USERNAME': 'ashley.akamine@plu.edu', 'TERM': 'xterm-256color', 'PROMPT_EOL_MARK': '', 'ROS_SUPER_CLIENT': 'True', 'GNOME_DESKTOP_SESSION_ID': 'this-is-deprecated', 'ROS_LOCALHOST_ONLY': '0', 'PATH': '/opt/ros/humble/bin:/usr/local/sbin:/usr/local/bin:/usr/sbin:/usr/bin:/sbin:/bin:/usr/games:/usr/local/games:/snap/bin:/snap/bin', 'SESSION_MANAGER': 'local/csci20145:@/tmp/.ICE-unix/2393,unix/csci20145:/tmp/.ICE-unix/2393', 'GNOME_TERMINAL_SCREEN': '/org/gnome/Terminal/screen/692ab5cd_f86a_493b_9cc2_710230a5c68d', 'XDG_MENU_PREFIX': 'gnome-', 'GNOME_SETUP_DISPLAY': ':1', 'XDG_RUNTIME_DIR': '/run/user/481844462', 'DISPLAY': ':0', 'LANG': 'en_US.UTF-8', 'XDG_CURRENT_DESKTOP': 'ubuntu:GNOME', 'RMW_IMPLEMENTATION': 'rmw_fastrtps_cpp', 'XDG_SESSION_DESKTOP': 'ubuntu', 'GNOME_TERMINAL_SERVICE': ':1.151', 'XMODIFIERS': '@im=ibus', 'XAUTHORITY': '/run/user/481844462/.mutter-Xwaylandauth.8OCC32', 'SSH_AUTH_SOCK': '/run/user/481844462/keyring/ssh', 'SSH_AGENT_LAUNCHER': 'gnome-keyring', 'AMENT_PREFIX_PATH': '/home/ashley.akamine/rampagingRoombas/turtlebot4_ws/install/lab3_pkg:/home/ashley.akamine/rampagingRoombas/turtlebot4_ws/install/lab2_pkg:/home/ashley.akamine/rampagingRoombas/turtlebot4_ws/install/lab1_pkg:/home/ashley.akamine/rampagingRoombas/turtlebot4_ws/install/custom_interfaces:/opt/ros/humble', 'ROS_DOMAIN_ID': '2', 'KRB5CCNAME': 'FILE:/tmp/krb5cc_481844462_lLDPYm', 'SHELL': '/bin/zsh', 'ROS_DISCOVERY_SERVER': '10.5.113.101:11811', 'QT_ACCESSIBILITY': '1', 'GDMSESSION': 'ubuntu', 'QT_IM_MODULE': 'ibus', 'PWD': '/home/ashley.akamine/rampagingRoombas/turtlebot4_ws/build/lab1_pkg', 'XDG_DATA_DIRS': '/usr/local/share/:/usr/share/:/var/lib/snapd/desktop', 'VIRTUAL_ENV_DISABLE_PROMPT': '12', 'PYTHONPATH': '/home/ashley.akamine/rampagingRoombas/turtlebot4_ws/build/lab1_pkg/prefix_override:/usr/lib/python3/dist-packages/colcon_core/task/python/colcon_distutils_commands:/home/ashley.akamine/rampagingRoombas/turtlebot4_ws/install/lab1_pkg/lib/python3.10/site-packages:/home/ashley.akamine/rampagingRoombas/turtlebot4_ws/install/lab3_pkg/lib/python3.10/site-packages:/home/ashley.akamine/rampagingRoombas/turtlebot4_ws/install/lab2_pkg/lib/python3.10/site-packages:/home/ashley.akamine/rampagingRoombas/turtlebot4_ws/install/lab1_pkg/lib/python3.10/site-packages:/home/ashley.akamine/rampagingRoombas/turtlebot4_ws/install/custom_interfaces/local/lib/python3.10/dist-packages:/opt/ros/humble/lib/python3.10/site-packages:/opt/ros/humble/local/lib/python3.10/dist-packages', 'COLCON': '1', 'VTE_VERSION': '6800', 'CMAKE_PREFIX_PATH': '/home/ashley.akamine/rampagingRoombas/turtlebot4_ws/install/custom_interfaces'}, 'shell': False}
[0.900468] (-) TimerEvent: {}
[1.000658] (-) TimerEvent: {}
[1.035121] (lab1_pkg) StdoutLine: {'line': b'running egg_info\n'}
[1.035568] (lab1_pkg) StdoutLine: {'line': b'writing ../../build/lab1_pkg/lab1_pkg.egg-info/PKG-INFO\n'}
[1.035753] (lab1_pkg) StdoutLine: {'line': b'writing dependency_links to ../../build/lab1_pkg/lab1_pkg.egg-info/dependency_links.txt\n'}
[1.035862] (lab1_pkg) StdoutLine: {'line': b'writing entry points to ../../build/lab1_pkg/lab1_pkg.egg-info/entry_points.txt\n'}
[1.035968] (lab1_pkg) StdoutLine: {'line': b'writing requirements to ../../build/lab1_pkg/lab1_pkg.egg-info/requires.txt\n'}
[1.036088] (lab1_pkg) StdoutLine: {'line': b'writing top-level names to ../../build/lab1_pkg/lab1_pkg.egg-info/top_level.txt\n'}
[1.037521] (lab2_pkg) StdoutLine: {'line': b'running egg_info\n'}
[1.037644] (lab1_pkg) StdoutLine: {'line': b"reading manifest file '../../build/lab1_pkg/lab1_pkg.egg-info/SOURCES.txt'\n"}
[1.038037] (lab2_pkg) StdoutLine: {'line': b'writing ../../build/lab2_pkg/lab2_pkg.egg-info/PKG-INFO\n'}
[1.038175] (lab1_pkg) StdoutLine: {'line': b"writing manifest file '../../build/lab1_pkg/lab1_pkg.egg-info/SOURCES.txt'\n"}
[1.038289] (lab2_pkg) StdoutLine: {'line': b'writing dependency_links to ../../build/lab2_pkg/lab2_pkg.egg-info/dependency_links.txt\n'}
[1.038361] (lab1_pkg) StdoutLine: {'line': b'running build\n'}
[1.038412] (lab1_pkg) StdoutLine: {'line': b'running build_py\n'}
[1.038462] (lab2_pkg) StdoutLine: {'line': b'writing entry points to ../../build/lab2_pkg/lab2_pkg.egg-info/entry_points.txt\n'}
[1.038542] (lab2_pkg) StdoutLine: {'line': b'writing requirements to ../../build/lab2_pkg/lab2_pkg.egg-info/requires.txt\n'}
[1.038628] (lab2_pkg) StdoutLine: {'line': b'writing top-level names to ../../build/lab2_pkg/lab2_pkg.egg-info/top_level.txt\n'}
[1.038711] (lab1_pkg) StdoutLine: {'line': b'running install\n'}
[1.038938] (lab1_pkg) StdoutLine: {'line': b'running install_lib\n'}
[1.039877] (lab2_pkg) StdoutLine: {'line': b"reading manifest file '../../build/lab2_pkg/lab2_pkg.egg-info/SOURCES.txt'\n"}
[1.040107] (lab1_pkg) StdoutLine: {'line': b'running install_data\n'}
[1.040185] (lab1_pkg) StdoutLine: {'line': b'running install_egg_info\n'}
[1.040501] (lab2_pkg) StdoutLine: {'line': b"writing manifest file '../../build/lab2_pkg/lab2_pkg.egg-info/SOURCES.txt'\n"}
[1.040583] (lab2_pkg) StdoutLine: {'line': b'running build\n'}
[1.040651] (lab2_pkg) StdoutLine: {'line': b'running build_py\n'}
[1.040801] (lab2_pkg) StdoutLine: {'line': b'running install\n'}
[1.041026] (lab2_pkg) StdoutLine: {'line': b'running install_lib\n'}
[1.041474] (lab1_pkg) StdoutLine: {'line': b"removing '/home/ashley.akamine/rampagingRoombas/turtlebot4_ws/install/lab1_pkg/lib/python3.10/site-packages/lab1_pkg-0.0.0-py3.10.egg-info' (and everything under it)\n"}
[1.041670] (lab1_pkg) StdoutLine: {'line': b'Copying ../../build/lab1_pkg/lab1_pkg.egg-info to /home/ashley.akamine/rampagingRoombas/turtlebot4_ws/install/lab1_pkg/lib/python3.10/site-packages/lab1_pkg-0.0.0-py3.10.egg-info\n'}
[1.042001] (lab2_pkg) StdoutLine: {'line': b'running install_data\n'}
[1.042140] (lab2_pkg) StdoutLine: {'line': b'running install_egg_info\n'}
[1.042676] (lab1_pkg) StdoutLine: {'line': b'running install_scripts\n'}
[1.044020] (lab2_pkg) StdoutLine: {'line': b"removing '/home/ashley.akamine/rampagingRoombas/turtlebot4_ws/install/lab2_pkg/lib/python3.10/site-packages/lab2_pkg-0.0.0-py3.10.egg-info' (and everything under it)\n"}
[1.044215] (lab2_pkg) StdoutLine: {'line': b'Copying ../../build/lab2_pkg/lab2_pkg.egg-info to /home/ashley.akamine/rampagingRoombas/turtlebot4_ws/install/lab2_pkg/lib/python3.10/site-packages/lab2_pkg-0.0.0-py3.10.egg-info\n'}
[1.045235] (lab2_pkg) StdoutLine: {'line': b'running install_scripts\n'}
[1.058453] (lab1_pkg) StdoutLine: {'line': b'Installing speed_behavior_node script to /home/ashley.akamine/rampagingRoombas/turtlebot4_ws/install/lab1_pkg/lib/lab1_pkg\n'}
[1.058737] (lab1_pkg) StdoutLine: {'line': b"writing list of installed files to '/home/ashley.akamine/rampagingRoombas/turtlebot4_ws/build/lab1_pkg/install.log'\n"}
[1.061568] (lab2_pkg) StdoutLine: {'line': b'Installing speed_cap_obstacle_detect_node script to /home/ashley.akamine/rampagingRoombas/turtlebot4_ws/install/lab2_pkg/lib/lab2_pkg\n'}
[1.061887] (lab2_pkg) StdoutLine: {'line': b"writing list of installed files to '/home/ashley.akamine/rampagingRoombas/turtlebot4_ws/build/lab2_pkg/install.log'\n"}
[1.080568] (lab1_pkg) CommandEnded: {'returncode': 0}
[1.085389] (lab1_pkg) JobEnded: {'identifier': 'lab1_pkg', 'rc': 0}
[1.086617] (lab2_pkg) CommandEnded: {'returncode': 0}
[1.091577] (lab2_pkg) JobEnded: {'identifier': 'lab2_pkg', 'rc': 0}
[1.100738] (-) TimerEvent: {}
[1.134777] (lab3_pkg) Command: {'cmd': ['/usr/bin/python3', '-W', 'ignore:setup.py install is deprecated', '-W', 'ignore:easy_install command is deprecated', 'setup.py', 'egg_info', '--egg-base', '../../build/lab3_pkg', 'build', '--build-base', '/home/ashley.akamine/rampagingRoombas/turtlebot4_ws/build/lab3_pkg/build', 'install', '--record', '/home/ashley.akamine/rampagingRoombas/turtlebot4_ws/build/lab3_pkg/install.log', '--single-version-externally-managed', 'install_data'], 'cwd': '/home/ashley.akamine/rampagingRoombas/turtlebot4_ws/src/lab3_pkg', 'env': {'USER': 'ashley.akamine@plu.edu', 'XDG_SESSION_TYPE': 'wayland', 'SHLVL': '1', 'LD_LIBRARY_PATH': '/home/ashley.akamine/rampagingRoombas/turtlebot4_ws/install/custom_interfaces/lib:/opt/ros/humble/opt/rviz_ogre_vendor/lib:/opt/ros/humble/lib/x86_64-linux-gnu:/opt/ros/humble/lib', 'OLDPWD': '/home/ashley.akamine/rampagingRoombas', 'HOME': '/home/ashley.akamine', 'DESKTOP_SESSION': 'ubuntu', 'GTK_MODULES': 'gail:atk-bridge', 'GNOME_SHELL_SESSION_MODE': 'ubuntu', 'ROS_PYTHON_VERSION': '3', 'SYSTEMD_EXEC_PID': '2420', 'DBUS_SESSION_BUS_ADDRESS': 'unix:path=/run/user/481844462/bus', 'COLORTERM': 'truecolor', 'CONDA_CHANGEPS1': 'no', 'WAYLAND_DISPLAY': 'wayland-0', 'ROS_DISTRO': 'humble', 'COLCON_PREFIX_PATH': '/home/ashley.akamine/rampagingRoombas/turtlebot4_ws/install', 'LOGNAME': 'ashley.akamine@plu.edu', '_': '/usr/bin/colcon', 'XDG_SESSION_CLASS': 'user', 'ROS_VERSION': '2', 'USERNAME': 'ashley.akamine@plu.edu', 'TERM': 'xterm-256color', 'PROMPT_EOL_MARK': '', 'ROS_SUPER_CLIENT': 'True', 'GNOME_DESKTOP_SESSION_ID': 'this-is-deprecated', 'ROS_LOCALHOST_ONLY': '0', 'PATH': '/opt/ros/humble/bin:/usr/local/sbin:/usr/local/bin:/usr/sbin:/usr/bin:/sbin:/bin:/usr/games:/usr/local/games:/snap/bin:/snap/bin', 'SESSION_MANAGER': 'local/csci20145:@/tmp/.ICE-unix/2393,unix/csci20145:/tmp/.ICE-unix/2393', 'GNOME_TERMINAL_SCREEN': '/org/gnome/Terminal/screen/692ab5cd_f86a_493b_9cc2_710230a5c68d', 'XDG_MENU_PREFIX': 'gnome-', 'GNOME_SETUP_DISPLAY': ':1', 'XDG_RUNTIME_DIR': '/run/user/481844462', 'DISPLAY': ':0', 'LANG': 'en_US.UTF-8', 'XDG_CURRENT_DESKTOP': 'ubuntu:GNOME', 'RMW_IMPLEMENTATION': 'rmw_fastrtps_cpp', 'XDG_SESSION_DESKTOP': 'ubuntu', 'GNOME_TERMINAL_SERVICE': ':1.151', 'XMODIFIERS': '@im=ibus', 'XAUTHORITY': '/run/user/481844462/.mutter-Xwaylandauth.8OCC32', 'SSH_AUTH_SOCK': '/run/user/481844462/keyring/ssh', 'SSH_AGENT_LAUNCHER': 'gnome-keyring', 'AMENT_PREFIX_PATH': '/home/ashley.akamine/rampagingRoombas/turtlebot4_ws/install/lab3_pkg:/home/ashley.akamine/rampagingRoombas/turtlebot4_ws/install/lab2_pkg:/home/ashley.akamine/rampagingRoombas/turtlebot4_ws/install/lab1_pkg:/home/ashley.akamine/rampagingRoombas/turtlebot4_ws/install/custom_interfaces:/opt/ros/humble', 'ROS_DOMAIN_ID': '2', 'KRB5CCNAME': 'FILE:/tmp/krb5cc_481844462_lLDPYm', 'SHELL': '/bin/zsh', 'ROS_DISCOVERY_SERVER': '10.5.113.101:11811', 'QT_ACCESSIBILITY': '1', 'GDMSESSION': 'ubuntu', 'QT_IM_MODULE': 'ibus', 'PWD': '/home/ashley.akamine/rampagingRoombas/turtlebot4_ws/build/lab3_pkg', 'XDG_DATA_DIRS': '/usr/local/share/:/usr/share/:/var/lib/snapd/desktop', 'VIRTUAL_ENV_DISABLE_PROMPT': '12', 'PYTHONPATH': '/home/ashley.akamine/rampagingRoombas/turtlebot4_ws/build/lab3_pkg/prefix_override:/usr/lib/python3/dist-packages/colcon_core/task/python/colcon_distutils_commands:/home/ashley.akamine/rampagingRoombas/turtlebot4_ws/install/lab3_pkg/lib/python3.10/site-packages:/home/ashley.akamine/rampagingRoombas/turtlebot4_ws/install/lab3_pkg/lib/python3.10/site-packages:/home/ashley.akamine/rampagingRoombas/turtlebot4_ws/install/lab2_pkg/lib/python3.10/site-packages:/home/ashley.akamine/rampagingRoombas/turtlebot4_ws/install/lab1_pkg/lib/python3.10/site-packages:/home/ashley.akamine/rampagingRoombas/turtlebot4_ws/install/custom_interfaces/local/lib/python3.10/dist-packages:/opt/ros/humble/lib/python3.10/site-packages:/opt/ros/humble/local/lib/python3.10/dist-packages', 'COLCON': '1', 'VTE_VERSION': '6800', 'CMAKE_PREFIX_PATH': '/home/ashley.akamine/rampagingRoombas/turtlebot4_ws/install/custom_interfaces'}, 'shell': False}
[1.200812] (-) TimerEvent: {}
[1.301019] (-) TimerEvent: {}
[1.370040] (lab3_pkg) StdoutLine: {'line': b'running egg_info\n'}
[1.370479] (lab3_pkg) StdoutLine: {'line': b'writing ../../build/lab3_pkg/lab3_pkg.egg-info/PKG-INFO\n'}
[1.370682] (lab3_pkg) StdoutLine: {'line': b'writing dependency_links to ../../build/lab3_pkg/lab3_pkg.egg-info/dependency_links.txt\n'}
[1.370908] (lab3_pkg) StdoutLine: {'line': b'writing entry points to ../../build/lab3_pkg/lab3_pkg.egg-info/entry_points.txt\n'}
[1.371062] (lab3_pkg) StdoutLine: {'line': b'writing requirements to ../../build/lab3_pkg/lab3_pkg.egg-info/requires.txt\n'}
[1.371205] (lab3_pkg) StdoutLine: {'line': b'writing top-level names to ../../build/lab3_pkg/lab3_pkg.egg-info/top_level.txt\n'}
[1.372535] (lab3_pkg) StdoutLine: {'line': b"reading manifest file '../../build/lab3_pkg/lab3_pkg.egg-info/SOURCES.txt'\n"}
[1.373250] (lab3_pkg) StdoutLine: {'line': b"writing manifest file '../../build/lab3_pkg/lab3_pkg.egg-info/SOURCES.txt'\n"}
[1.373380] (lab3_pkg) StdoutLine: {'line': b'running build\n'}
[1.373444] (lab3_pkg) StdoutLine: {'line': b'running build_py\n'}
[1.373583] (lab3_pkg) StdoutLine: {'line': b'running install\n'}
[1.373759] (lab3_pkg) StdoutLine: {'line': b'running install_lib\n'}
[1.374873] (lab3_pkg) StdoutLine: {'line': b'running install_data\n'}
[1.374954] (lab3_pkg) StdoutLine: {'line': b'running install_egg_info\n'}
[1.376341] (lab3_pkg) StdoutLine: {'line': b"removing '/home/ashley.akamine/rampagingRoombas/turtlebot4_ws/install/lab3_pkg/lib/python3.10/site-packages/lab3_pkg-0.0.0-py3.10.egg-info' (and everything under it)\n"}
[1.376492] (lab3_pkg) StdoutLine: {'line': b'Copying ../../build/lab3_pkg/lab3_pkg.egg-info to /home/ashley.akamine/rampagingRoombas/turtlebot4_ws/install/lab3_pkg/lib/python3.10/site-packages/lab3_pkg-0.0.0-py3.10.egg-info\n'}
[1.377770] (lab3_pkg) StdoutLine: {'line': b'running install_scripts\n'}
[1.393663] (lab3_pkg) StdoutLine: {'line': b'Installing battery_server_node script to /home/ashley.akamine/rampagingRoombas/turtlebot4_ws/install/lab3_pkg/lib/lab3_pkg\n'}
[1.393826] (lab3_pkg) StdoutLine: {'line': b'Installing state_summary_client_node script to /home/ashley.akamine/rampagingRoombas/turtlebot4_ws/install/lab3_pkg/lib/lab3_pkg\n'}
[1.394098] (lab3_pkg) StdoutLine: {'line': b"writing list of installed files to '/home/ashley.akamine/rampagingRoombas/turtlebot4_ws/build/lab3_pkg/install.log'\n"}
[1.401115] (-) TimerEvent: {}
[1.409159] (lab3_pkg) CommandEnded: {'returncode': 0}
[1.414389] (lab3_pkg) JobEnded: {'identifier': 'lab3_pkg', 'rc': 0}
[1.414991] (-) EventReactorShutdown: {}
