[1.275s] Invoking command in '/home/ashley.akamine/rampagingRoombas/turtlebot4_ws/src/maze_pkg': CMAKE_PREFIX_PATH=/home/ashley.akamine/rampagingRoombas/turtlebot4_ws/install/custom_interfaces:/home/ashley.akamine/rampagingRoombas/turtlebot4_ws/install/turtlebot_lab_bringup PYTHONPATH=/home/ashley.akamine/rampagingRoombas/turtlebot4_ws/build/maze_pkg/prefix_override:/usr/lib/python3/dist-packages/colcon_core/task/python/colcon_distutils_commands:/home/ashley.akamine/rampagingRoombas/turtlebot4_ws/install/maze_pkg/lib/python3.10/site-packages:${PYTHONPATH} /usr/bin/python3 -W ignore:setup.py install is deprecated -W ignore:easy_install command is deprecated setup.py egg_info --egg-base ../../build/maze_pkg build --build-base /home/ashley.akamine/rampagingRoombas/turtlebot4_ws/build/maze_pkg/build install --record /home/ashley.akamine/rampagingRoombas/turtlebot4_ws/build/maze_pkg/install.log --single-version-externally-managed install_data
[1.546s] running egg_info
[1.547s] writing ../../build/maze_pkg/maze_pkg.egg-info/PKG-INFO
[1.547s] writing dependency_links to ../../build/maze_pkg/maze_pkg.egg-info/dependency_links.txt
[1.547s] writing entry points to ../../build/maze_pkg/maze_pkg.egg-info/entry_points.txt
[1.547s] writing requirements to ../../build/maze_pkg/maze_pkg.egg-info/requires.txt
[1.548s] writing top-level names to ../../build/maze_pkg/maze_pkg.egg-info/top_level.txt
[1.550s] reading manifest file '../../build/maze_pkg/maze_pkg.egg-info/SOURCES.txt'
[1.551s] writing manifest file '../../build/maze_pkg/maze_pkg.egg-info/SOURCES.txt'
[1.551s] running build
[1.551s] running build_py
[1.551s] running install
[1.551s] running install_lib
[1.553s] running install_data
[1.553s] running install_egg_info
[1.555s] removing '/home/ashley.akamine/rampagingRoombas/turtlebot4_ws/install/maze_pkg/lib/python3.10/site-packages/maze_pkg-0.0.0-py3.10.egg-info' (and everything under it)
[1.555s] Copying ../../build/maze_pkg/maze_pkg.egg-info to /home/ashley.akamine/rampagingRoombas/turtlebot4_ws/install/maze_pkg/lib/python3.10/site-packages/maze_pkg-0.0.0-py3.10.egg-info
[1.557s] running install_scripts
[1.583s] Installing goal_pub script to /home/ashley.akamine/rampagingRoombas/turtlebot4_ws/install/maze_pkg/lib/maze_pkg
[1.583s] Installing potential_field script to /home/ashley.akamine/rampagingRoombas/turtlebot4_ws/install/maze_pkg/lib/maze_pkg
[1.584s] writing list of installed files to '/home/ashley.akamine/rampagingRoombas/turtlebot4_ws/build/maze_pkg/install.log'
[1.628s] Invoked command in '/home/ashley.akamine/rampagingRoombas/turtlebot4_ws/src/maze_pkg' returned '0': CMAKE_PREFIX_PATH=/home/ashley.akamine/rampagingRoombas/turtlebot4_ws/install/custom_interfaces:/home/ashley.akamine/rampagingRoombas/turtlebot4_ws/install/turtlebot_lab_bringup PYTHONPATH=/home/ashley.akamine/rampagingRoombas/turtlebot4_ws/build/maze_pkg/prefix_override:/usr/lib/python3/dist-packages/colcon_core/task/python/colcon_distutils_commands:/home/ashley.akamine/rampagingRoombas/turtlebot4_ws/install/maze_pkg/lib/python3.10/site-packages:${PYTHONPATH} /usr/bin/python3 -W ignore:setup.py install is deprecated -W ignore:easy_install command is deprecated setup.py egg_info --egg-base ../../build/maze_pkg build --build-base /home/ashley.akamine/rampagingRoombas/turtlebot4_ws/build/maze_pkg/build install --record /home/ashley.akamine/rampagingRoombas/turtlebot4_ws/build/maze_pkg/install.log --single-version-externally-managed install_data
