[0.058s] Invoking command in '/home/ashley.akamine/rampagingRoombas/turtlebot4_ws/build/custom_interfaces': CMAKE_PREFIX_PATH=${CMAKE_PREFIX_PATH}:/home/ashley.akamine/rampagingRoombas/turtlebot4_ws/install/lab5_pkg:/home/ashley.akamine/rampagingRoombas/turtlebot4_ws/install/lab3_pkg:/home/ashley.akamine/rampagingRoombas/turtlebot4_ws/install/lab2_pkg:/home/ashley.akamine/rampagingRoombas/turtlebot4_ws/install/lab1_pkg:/home/ashley.akamine/inclass_ws/install/chatroom_pkg:/home/ashley.akamine/inclass_ws/install/cat_nap:/opt/ros/humble /usr/bin/cmake --build /home/ashley.akamine/rampagingRoombas/turtlebot4_ws/build/custom_interfaces -- -j16 -l16
[0.330s] [  2%] Built target custom_interfaces__cpp
[0.330s] [ 12%] Built target custom_interfaces__rosidl_generator_c
[0.331s] [ 12%] Built target ament_cmake_python_copy_custom_interfaces
[0.331s] [ 33%] Built target custom_interfaces__rosidl_typesupport_introspection_cpp
[0.331s] [ 43%] Built target custom_interfaces__rosidl_typesupport_cpp
[0.331s] [ 43%] Built target custom_interfaces__rosidl_typesupport_fastrtps_cpp
[0.331s] [ 71%] Built target custom_interfaces__rosidl_typesupport_fastrtps_c
[0.331s] [ 71%] Built target custom_interfaces__rosidl_typesupport_introspection_c
[0.331s] [ 74%] Built target custom_interfaces__rosidl_typesupport_c
[0.331s] [ 74%] Built target custom_interfaces
[0.331s] [ 76%] Built target custom_interfaces__py
[0.331s] [ 84%] Built target custom_interfaces__rosidl_generator_py
[0.364s] [100%] Built target custom_interfaces__rosidl_typesupport_introspection_c__pyext
[0.365s] [100%] Built target custom_interfaces__rosidl_typesupport_c__pyext
[0.365s] [100%] Built target custom_interfaces__rosidl_typesupport_fastrtps_c__pyext
[0.466s] running egg_info
[0.467s] writing custom_interfaces.egg-info/PKG-INFO
[0.467s] writing dependency_links to custom_interfaces.egg-info/dependency_links.txt
[0.468s] writing top-level names to custom_interfaces.egg-info/top_level.txt
[0.473s] reading manifest file 'custom_interfaces.egg-info/SOURCES.txt'
[0.475s] writing manifest file 'custom_interfaces.egg-info/SOURCES.txt'
[0.493s] [100%] Built target ament_cmake_python_build_custom_interfaces_egg
[0.565s] Invoked command in '/home/ashley.akamine/rampagingRoombas/turtlebot4_ws/build/custom_interfaces' returned '0': CMAKE_PREFIX_PATH=${CMAKE_PREFIX_PATH}:/home/ashley.akamine/rampagingRoombas/turtlebot4_ws/install/lab5_pkg:/home/ashley.akamine/rampagingRoombas/turtlebot4_ws/install/lab3_pkg:/home/ashley.akamine/rampagingRoombas/turtlebot4_ws/install/lab2_pkg:/home/ashley.akamine/rampagingRoombas/turtlebot4_ws/install/lab1_pkg:/home/ashley.akamine/inclass_ws/install/chatroom_pkg:/home/ashley.akamine/inclass_ws/install/cat_nap:/opt/ros/humble /usr/bin/cmake --build /home/ashley.akamine/rampagingRoombas/turtlebot4_ws/build/custom_interfaces -- -j16 -l16
[0.576s] Invoking command in '/home/ashley.akamine/rampagingRoombas/turtlebot4_ws/build/custom_interfaces': CMAKE_PREFIX_PATH=${CMAKE_PREFIX_PATH}:/home/ashley.akamine/rampagingRoombas/turtlebot4_ws/install/lab5_pkg:/home/ashley.akamine/rampagingRoombas/turtlebot4_ws/install/lab3_pkg:/home/ashley.akamine/rampagingRoombas/turtlebot4_ws/install/lab2_pkg:/home/ashley.akamine/rampagingRoombas/turtlebot4_ws/install/lab1_pkg:/home/ashley.akamine/inclass_ws/install/chatroom_pkg:/home/ashley.akamine/inclass_ws/install/cat_nap:/opt/ros/humble /usr/bin/cmake --install /home/ashley.akamine/rampagingRoombas/turtlebot4_ws/build/custom_interfaces
[0.606s] -- Install configuration: ""
[0.609s] -- Up-to-date: /home/ashley.akamine/rampagingRoombas/turtlebot4_ws/install/custom_interfaces/share/ament_index/resource_index/rosidl_interfaces/custom_interfaces
[0.609s] -- Up-to-date: /home/ashley.akamine/rampagingRoombas/turtlebot4_ws/install/custom_interfaces/include/custom_interfaces/custom_interfaces
[0.609s] -- Up-to-date: /home/ashley.akamine/rampagingRoombas/turtlebot4_ws/install/custom_interfaces/include/custom_interfaces/custom_interfaces/msg
[0.609s] -- Up-to-date: /home/ashley.akamine/rampagingRoombas/turtlebot4_ws/install/custom_interfaces/include/custom_interfaces/custom_interfaces/msg/rosidl_generator_c__visibility_control.h
[0.610s] -- Up-to-date: /home/ashley.akamine/rampagingRoombas/turtlebot4_ws/install/custom_interfaces/include/custom_interfaces/custom_interfaces/action
[0.610s] -- Up-to-date: /home/ashley.akamine/rampagingRoombas/turtlebot4_ws/install/custom_interfaces/include/custom_interfaces/custom_interfaces/action/robot_goal.h
[0.610s] -- Up-to-date: /home/ashley.akamine/rampagingRoombas/turtlebot4_ws/install/custom_interfaces/include/custom_interfaces/custom_interfaces/action/detail
[0.610s] -- Up-to-date: /home/ashley.akamine/rampagingRoombas/turtlebot4_ws/install/custom_interfaces/include/custom_interfaces/custom_interfaces/action/detail/robot_goal__struct.h
[0.610s] -- Up-to-date: /home/ashley.akamine/rampagingRoombas/turtlebot4_ws/install/custom_interfaces/include/custom_interfaces/custom_interfaces/action/detail/robot_goal__functions.c
[0.610s] -- Up-to-date: /home/ashley.akamine/rampagingRoombas/turtlebot4_ws/install/custom_interfaces/include/custom_interfaces/custom_interfaces/action/detail/robot_goal__functions.h
[0.610s] -- Up-to-date: /home/ashley.akamine/rampagingRoombas/turtlebot4_ws/install/custom_interfaces/include/custom_interfaces/custom_interfaces/action/detail/robot_goal__type_support.h
[0.610s] -- Up-to-date: /home/ashley.akamine/rampagingRoombas/turtlebot4_ws/install/custom_interfaces/include/custom_interfaces/custom_interfaces/srv
[0.610s] -- Up-to-date: /home/ashley.akamine/rampagingRoombas/turtlebot4_ws/install/custom_interfaces/include/custom_interfaces/custom_interfaces/srv/get_summary.h
[0.610s] -- Up-to-date: /home/ashley.akamine/rampagingRoombas/turtlebot4_ws/install/custom_interfaces/include/custom_interfaces/custom_interfaces/srv/detail
[0.610s] -- Up-to-date: /home/ashley.akamine/rampagingRoombas/turtlebot4_ws/install/custom_interfaces/include/custom_interfaces/custom_interfaces/srv/detail/get_summary__type_support.h
[0.611s] -- Up-to-date: /home/ashley.akamine/rampagingRoombas/turtlebot4_ws/install/custom_interfaces/include/custom_interfaces/custom_interfaces/srv/detail/get_summary__struct.h
[0.611s] -- Up-to-date: /home/ashley.akamine/rampagingRoombas/turtlebot4_ws/install/custom_interfaces/include/custom_interfaces/custom_interfaces/srv/detail/get_summary__functions.c
[0.611s] -- Up-to-date: /home/ashley.akamine/rampagingRoombas/turtlebot4_ws/install/custom_interfaces/include/custom_interfaces/custom_interfaces/srv/detail/get_summary__functions.h
[0.611s] -- Up-to-date: /home/ashley.akamine/rampagingRoombas/turtlebot4_ws/install/custom_interfaces/share/custom_interfaces/environment/library_path.sh
[0.611s] -- Up-to-date: /home/ashley.akamine/rampagingRoombas/turtlebot4_ws/install/custom_interfaces/share/custom_interfaces/environment/library_path.dsv
[0.613s] -- Up-to-date: /home/ashley.akamine/rampagingRoombas/turtlebot4_ws/install/custom_interfaces/lib/libcustom_interfaces__rosidl_generator_c.so
[0.614s] -- Up-to-date: /home/ashley.akamine/rampagingRoombas/turtlebot4_ws/install/custom_interfaces/include/custom_interfaces/custom_interfaces
[0.614s] -- Up-to-date: /home/ashley.akamine/rampagingRoombas/turtlebot4_ws/install/custom_interfaces/include/custom_interfaces/custom_interfaces/msg
[0.614s] -- Up-to-date: /home/ashley.akamine/rampagingRoombas/turtlebot4_ws/install/custom_interfaces/include/custom_interfaces/custom_interfaces/msg/rosidl_typesupport_fastrtps_c__visibility_control.h
[0.614s] -- Up-to-date: /home/ashley.akamine/rampagingRoombas/turtlebot4_ws/install/custom_interfaces/include/custom_interfaces/custom_interfaces/action
[0.614s] -- Up-to-date: /home/ashley.akamine/rampagingRoombas/turtlebot4_ws/install/custom_interfaces/include/custom_interfaces/custom_interfaces/action/detail
[0.614s] -- Up-to-date: /home/ashley.akamine/rampagingRoombas/turtlebot4_ws/install/custom_interfaces/include/custom_interfaces/custom_interfaces/action/detail/robot_goal__rosidl_typesupport_fastrtps_c.h
[0.614s] -- Up-to-date: /home/ashley.akamine/rampagingRoombas/turtlebot4_ws/install/custom_interfaces/include/custom_interfaces/custom_interfaces/srv
[0.614s] -- Up-to-date: /home/ashley.akamine/rampagingRoombas/turtlebot4_ws/install/custom_interfaces/include/custom_interfaces/custom_interfaces/srv/detail
[0.614s] -- Up-to-date: /home/ashley.akamine/rampagingRoombas/turtlebot4_ws/install/custom_interfaces/include/custom_interfaces/custom_interfaces/srv/detail/get_summary__rosidl_typesupport_fastrtps_c.h
[0.616s] -- Up-to-date: /home/ashley.akamine/rampagingRoombas/turtlebot4_ws/install/custom_interfaces/lib/libcustom_interfaces__rosidl_typesupport_fastrtps_c.so
[0.616s] -- Up-to-date: /home/ashley.akamine/rampagingRoombas/turtlebot4_ws/install/custom_interfaces/include/custom_interfaces/custom_interfaces
[0.617s] -- Up-to-date: /home/ashley.akamine/rampagingRoombas/turtlebot4_ws/install/custom_interfaces/include/custom_interfaces/custom_interfaces/msg
[0.617s] -- Up-to-date: /home/ashley.akamine/rampagingRoombas/turtlebot4_ws/install/custom_interfaces/include/custom_interfaces/custom_interfaces/msg/rosidl_typesupport_introspection_c__visibility_control.h
[0.617s] -- Up-to-date: /home/ashley.akamine/rampagingRoombas/turtlebot4_ws/install/custom_interfaces/include/custom_interfaces/custom_interfaces/action
[0.617s] -- Up-to-date: /home/ashley.akamine/rampagingRoombas/turtlebot4_ws/install/custom_interfaces/include/custom_interfaces/custom_interfaces/action/detail
[0.617s] -- Up-to-date: /home/ashley.akamine/rampagingRoombas/turtlebot4_ws/install/custom_interfaces/include/custom_interfaces/custom_interfaces/action/detail/robot_goal__rosidl_typesupport_introspection_c.h
[0.617s] -- Up-to-date: /home/ashley.akamine/rampagingRoombas/turtlebot4_ws/install/custom_interfaces/include/custom_interfaces/custom_interfaces/action/detail/robot_goal__type_support.c
[0.617s] -- Up-to-date: /home/ashley.akamine/rampagingRoombas/turtlebot4_ws/install/custom_interfaces/include/custom_interfaces/custom_interfaces/srv
[0.617s] -- Up-to-date: /home/ashley.akamine/rampagingRoombas/turtlebot4_ws/install/custom_interfaces/include/custom_interfaces/custom_interfaces/srv/detail
[0.617s] -- Up-to-date: /home/ashley.akamine/rampagingRoombas/turtlebot4_ws/install/custom_interfaces/include/custom_interfaces/custom_interfaces/srv/detail/get_summary__rosidl_typesupport_introspection_c.h
[0.617s] -- Up-to-date: /home/ashley.akamine/rampagingRoombas/turtlebot4_ws/install/custom_interfaces/include/custom_interfaces/custom_interfaces/srv/detail/get_summary__type_support.c
[0.618s] -- Up-to-date: /home/ashley.akamine/rampagingRoombas/turtlebot4_ws/install/custom_interfaces/lib/libcustom_interfaces__rosidl_typesupport_introspection_c.so
[0.620s] -- Up-to-date: /home/ashley.akamine/rampagingRoombas/turtlebot4_ws/install/custom_interfaces/lib/libcustom_interfaces__rosidl_typesupport_c.so
[0.620s] -- Up-to-date: /home/ashley.akamine/rampagingRoombas/turtlebot4_ws/install/custom_interfaces/include/custom_interfaces/custom_interfaces
[0.621s] -- Up-to-date: /home/ashley.akamine/rampagingRoombas/turtlebot4_ws/install/custom_interfaces/include/custom_interfaces/custom_interfaces/msg
[0.621s] -- Up-to-date: /home/ashley.akamine/rampagingRoombas/turtlebot4_ws/install/custom_interfaces/include/custom_interfaces/custom_interfaces/msg/rosidl_generator_cpp__visibility_control.hpp
[0.621s] -- Up-to-date: /home/ashley.akamine/rampagingRoombas/turtlebot4_ws/install/custom_interfaces/include/custom_interfaces/custom_interfaces/action
[0.621s] -- Up-to-date: /home/ashley.akamine/rampagingRoombas/turtlebot4_ws/install/custom_interfaces/include/custom_interfaces/custom_interfaces/action/robot_goal.hpp
[0.621s] -- Up-to-date: /home/ashley.akamine/rampagingRoombas/turtlebot4_ws/install/custom_interfaces/include/custom_interfaces/custom_interfaces/action/detail
[0.621s] -- Up-to-date: /home/ashley.akamine/rampagingRoombas/turtlebot4_ws/install/custom_interfaces/include/custom_interfaces/custom_interfaces/action/detail/robot_goal__builder.hpp
[0.621s] -- Up-to-date: /home/ashley.akamine/rampagingRoombas/turtlebot4_ws/install/custom_interfaces/include/custom_interfaces/custom_interfaces/action/detail/robot_goal__struct.hpp
[0.621s] -- Up-to-date: /home/ashley.akamine/rampagingRoombas/turtlebot4_ws/install/custom_interfaces/include/custom_interfaces/custom_interfaces/action/detail/robot_goal__type_support.hpp
[0.621s] -- Up-to-date: /home/ashley.akamine/rampagingRoombas/turtlebot4_ws/install/custom_interfaces/include/custom_interfaces/custom_interfaces/action/detail/robot_goal__traits.hpp
[0.622s] -- Up-to-date: /home/ashley.akamine/rampagingRoombas/turtlebot4_ws/install/custom_interfaces/include/custom_interfaces/custom_interfaces/srv
[0.622s] -- Up-to-date: /home/ashley.akamine/rampagingRoombas/turtlebot4_ws/install/custom_interfaces/include/custom_interfaces/custom_interfaces/srv/get_summary.hpp
[0.622s] -- Up-to-date: /home/ashley.akamine/rampagingRoombas/turtlebot4_ws/install/custom_interfaces/include/custom_interfaces/custom_interfaces/srv/detail
[0.622s] -- Up-to-date: /home/ashley.akamine/rampagingRoombas/turtlebot4_ws/install/custom_interfaces/include/custom_interfaces/custom_interfaces/srv/detail/get_summary__traits.hpp
[0.622s] -- Up-to-date: /home/ashley.akamine/rampagingRoombas/turtlebot4_ws/install/custom_interfaces/include/custom_interfaces/custom_interfaces/srv/detail/get_summary__type_support.hpp
[0.622s] -- Up-to-date: /home/ashley.akamine/rampagingRoombas/turtlebot4_ws/install/custom_interfaces/include/custom_interfaces/custom_interfaces/srv/detail/get_summary__builder.hpp
[0.622s] -- Up-to-date: /home/ashley.akamine/rampagingRoombas/turtlebot4_ws/install/custom_interfaces/include/custom_interfaces/custom_interfaces/srv/detail/get_summary__struct.hpp
[0.622s] -- Up-to-date: /home/ashley.akamine/rampagingRoombas/turtlebot4_ws/install/custom_interfaces/include/custom_interfaces/custom_interfaces
[0.622s] -- Up-to-date: /home/ashley.akamine/rampagingRoombas/turtlebot4_ws/install/custom_interfaces/include/custom_interfaces/custom_interfaces/msg
[0.622s] -- Up-to-date: /home/ashley.akamine/rampagingRoombas/turtlebot4_ws/install/custom_interfaces/include/custom_interfaces/custom_interfaces/msg/rosidl_typesupport_fastrtps_cpp__visibility_control.h
[0.622s] -- Up-to-date: /home/ashley.akamine/rampagingRoombas/turtlebot4_ws/install/custom_interfaces/include/custom_interfaces/custom_interfaces/action
[0.622s] -- Up-to-date: /home/ashley.akamine/rampagingRoombas/turtlebot4_ws/install/custom_interfaces/include/custom_interfaces/custom_interfaces/action/detail
[0.623s] -- Up-to-date: /home/ashley.akamine/rampagingRoombas/turtlebot4_ws/install/custom_interfaces/include/custom_interfaces/custom_interfaces/action/detail/dds_fastrtps
[0.623s] -- Up-to-date: /home/ashley.akamine/rampagingRoombas/turtlebot4_ws/install/custom_interfaces/include/custom_interfaces/custom_interfaces/action/detail/robot_goal__rosidl_typesupport_fastrtps_cpp.hpp
[0.623s] -- Up-to-date: /home/ashley.akamine/rampagingRoombas/turtlebot4_ws/install/custom_interfaces/include/custom_interfaces/custom_interfaces/srv
[0.623s] -- Up-to-date: /home/ashley.akamine/rampagingRoombas/turtlebot4_ws/install/custom_interfaces/include/custom_interfaces/custom_interfaces/srv/detail
[0.623s] -- Up-to-date: /home/ashley.akamine/rampagingRoombas/turtlebot4_ws/install/custom_interfaces/include/custom_interfaces/custom_interfaces/srv/detail/get_summary__rosidl_typesupport_fastrtps_cpp.hpp
[0.623s] -- Up-to-date: /home/ashley.akamine/rampagingRoombas/turtlebot4_ws/install/custom_interfaces/include/custom_interfaces/custom_interfaces/srv/detail/dds_fastrtps
[0.623s] -- Up-to-date: /home/ashley.akamine/rampagingRoombas/turtlebot4_ws/install/custom_interfaces/lib/libcustom_interfaces__rosidl_typesupport_fastrtps_cpp.so
[0.623s] -- Up-to-date: /home/ashley.akamine/rampagingRoombas/turtlebot4_ws/install/custom_interfaces/include/custom_interfaces/custom_interfaces
[0.623s] -- Up-to-date: /home/ashley.akamine/rampagingRoombas/turtlebot4_ws/install/custom_interfaces/include/custom_interfaces/custom_interfaces/action
[0.623s] -- Up-to-date: /home/ashley.akamine/rampagingRoombas/turtlebot4_ws/install/custom_interfaces/include/custom_interfaces/custom_interfaces/action/detail
[0.623s] -- Up-to-date: /home/ashley.akamine/rampagingRoombas/turtlebot4_ws/install/custom_interfaces/include/custom_interfaces/custom_interfaces/action/detail/robot_goal__rosidl_typesupport_introspection_cpp.hpp
[0.624s] -- Up-to-date: /home/ashley.akamine/rampagingRoombas/turtlebot4_ws/install/custom_interfaces/include/custom_interfaces/custom_interfaces/action/detail/robot_goal__type_support.cpp
[0.624s] -- Up-to-date: /home/ashley.akamine/rampagingRoombas/turtlebot4_ws/install/custom_interfaces/include/custom_interfaces/custom_interfaces/srv
[0.624s] -- Up-to-date: /home/ashley.akamine/rampagingRoombas/turtlebot4_ws/install/custom_interfaces/include/custom_interfaces/custom_interfaces/srv/detail
[0.624s] -- Up-to-date: /home/ashley.akamine/rampagingRoombas/turtlebot4_ws/install/custom_interfaces/include/custom_interfaces/custom_interfaces/srv/detail/get_summary__type_support.cpp
[0.624s] -- Up-to-date: /home/ashley.akamine/rampagingRoombas/turtlebot4_ws/install/custom_interfaces/include/custom_interfaces/custom_interfaces/srv/detail/get_summary__rosidl_typesupport_introspection_cpp.hpp
[0.625s] -- Up-to-date: /home/ashley.akamine/rampagingRoombas/turtlebot4_ws/install/custom_interfaces/lib/libcustom_interfaces__rosidl_typesupport_introspection_cpp.so
[0.627s] -- Up-to-date: /home/ashley.akamine/rampagingRoombas/turtlebot4_ws/install/custom_interfaces/lib/libcustom_interfaces__rosidl_typesupport_cpp.so
[0.628s] -- Up-to-date: /home/ashley.akamine/rampagingRoombas/turtlebot4_ws/install/custom_interfaces/share/custom_interfaces/environment/pythonpath.sh
[0.628s] -- Up-to-date: /home/ashley.akamine/rampagingRoombas/turtlebot4_ws/install/custom_interfaces/share/custom_interfaces/environment/pythonpath.dsv
[0.628s] -- Up-to-date: /home/ashley.akamine/rampagingRoombas/turtlebot4_ws/install/custom_interfaces/local/lib/python3.10/dist-packages/custom_interfaces-0.0.0-py3.10.egg-info
[0.628s] -- Installing: /home/ashley.akamine/rampagingRoombas/turtlebot4_ws/install/custom_interfaces/local/lib/python3.10/dist-packages/custom_interfaces-0.0.0-py3.10.egg-info/SOURCES.txt
[0.628s] -- Installing: /home/ashley.akamine/rampagingRoombas/turtlebot4_ws/install/custom_interfaces/local/lib/python3.10/dist-packages/custom_interfaces-0.0.0-py3.10.egg-info/PKG-INFO
[0.629s] -- Installing: /home/ashley.akamine/rampagingRoombas/turtlebot4_ws/install/custom_interfaces/local/lib/python3.10/dist-packages/custom_interfaces-0.0.0-py3.10.egg-info/top_level.txt
[0.630s] -- Installing: /home/ashley.akamine/rampagingRoombas/turtlebot4_ws/install/custom_interfaces/local/lib/python3.10/dist-packages/custom_interfaces-0.0.0-py3.10.egg-info/dependency_links.txt
[0.631s] -- Up-to-date: /home/ashley.akamine/rampagingRoombas/turtlebot4_ws/install/custom_interfaces/local/lib/python3.10/dist-packages/custom_interfaces
[0.631s] -- Up-to-date: /home/ashley.akamine/rampagingRoombas/turtlebot4_ws/install/custom_interfaces/local/lib/python3.10/dist-packages/custom_interfaces/_custom_interfaces_s.ep.rosidl_typesupport_fastrtps_c.c
[0.631s] -- Up-to-date: /home/ashley.akamine/rampagingRoombas/turtlebot4_ws/install/custom_interfaces/local/lib/python3.10/dist-packages/custom_interfaces/custom_interfaces_s__rosidl_typesupport_fastrtps_c.cpython-310-x86_64-linux-gnu.so
[0.631s] -- Up-to-date: /home/ashley.akamine/rampagingRoombas/turtlebot4_ws/install/custom_interfaces/local/lib/python3.10/dist-packages/custom_interfaces/__init__.py
[0.631s] -- Up-to-date: /home/ashley.akamine/rampagingRoombas/turtlebot4_ws/install/custom_interfaces/local/lib/python3.10/dist-packages/custom_interfaces/_custom_interfaces_s.ep.rosidl_typesupport_introspection_c.c
[0.631s] -- Up-to-date: /home/ashley.akamine/rampagingRoombas/turtlebot4_ws/install/custom_interfaces/local/lib/python3.10/dist-packages/custom_interfaces/custom_interfaces_s__rosidl_typesupport_c.cpython-310-x86_64-linux-gnu.so
[0.631s] -- Up-to-date: /home/ashley.akamine/rampagingRoombas/turtlebot4_ws/install/custom_interfaces/local/lib/python3.10/dist-packages/custom_interfaces/_custom_interfaces_s.ep.rosidl_typesupport_c.c
[0.631s] -- Up-to-date: /home/ashley.akamine/rampagingRoombas/turtlebot4_ws/install/custom_interfaces/local/lib/python3.10/dist-packages/custom_interfaces/libcustom_interfaces__rosidl_generator_py.so
[0.631s] -- Up-to-date: /home/ashley.akamine/rampagingRoombas/turtlebot4_ws/install/custom_interfaces/local/lib/python3.10/dist-packages/custom_interfaces/action
[0.631s] -- Up-to-date: /home/ashley.akamine/rampagingRoombas/turtlebot4_ws/install/custom_interfaces/local/lib/python3.10/dist-packages/custom_interfaces/action/__init__.py
[0.631s] -- Up-to-date: /home/ashley.akamine/rampagingRoombas/turtlebot4_ws/install/custom_interfaces/local/lib/python3.10/dist-packages/custom_interfaces/action/_robot_goal_s.c
[0.631s] -- Up-to-date: /home/ashley.akamine/rampagingRoombas/turtlebot4_ws/install/custom_interfaces/local/lib/python3.10/dist-packages/custom_interfaces/action/_robot_goal.py
[0.631s] -- Up-to-date: /home/ashley.akamine/rampagingRoombas/turtlebot4_ws/install/custom_interfaces/local/lib/python3.10/dist-packages/custom_interfaces/custom_interfaces_s__rosidl_typesupport_introspection_c.cpython-310-x86_64-linux-gnu.so
[0.631s] -- Up-to-date: /home/ashley.akamine/rampagingRoombas/turtlebot4_ws/install/custom_interfaces/local/lib/python3.10/dist-packages/custom_interfaces/srv
[0.631s] -- Up-to-date: /home/ashley.akamine/rampagingRoombas/turtlebot4_ws/install/custom_interfaces/local/lib/python3.10/dist-packages/custom_interfaces/srv/_get_summary.py
[0.631s] -- Up-to-date: /home/ashley.akamine/rampagingRoombas/turtlebot4_ws/install/custom_interfaces/local/lib/python3.10/dist-packages/custom_interfaces/srv/_get_summary_s.c
[0.631s] -- Up-to-date: /home/ashley.akamine/rampagingRoombas/turtlebot4_ws/install/custom_interfaces/local/lib/python3.10/dist-packages/custom_interfaces/srv/__init__.py
[0.667s] Listing '/home/ashley.akamine/rampagingRoombas/turtlebot4_ws/install/custom_interfaces/local/lib/python3.10/dist-packages/custom_interfaces'...
[0.667s] Listing '/home/ashley.akamine/rampagingRoombas/turtlebot4_ws/install/custom_interfaces/local/lib/python3.10/dist-packages/custom_interfaces/action'...
[0.667s] Listing '/home/ashley.akamine/rampagingRoombas/turtlebot4_ws/install/custom_interfaces/local/lib/python3.10/dist-packages/custom_interfaces/srv'...
[0.672s] -- Up-to-date: /home/ashley.akamine/rampagingRoombas/turtlebot4_ws/install/custom_interfaces/local/lib/python3.10/dist-packages/custom_interfaces/custom_interfaces_s__rosidl_typesupport_fastrtps_c.cpython-310-x86_64-linux-gnu.so
[0.673s] -- Up-to-date: /home/ashley.akamine/rampagingRoombas/turtlebot4_ws/install/custom_interfaces/local/lib/python3.10/dist-packages/custom_interfaces/custom_interfaces_s__rosidl_typesupport_introspection_c.cpython-310-x86_64-linux-gnu.so
[0.675s] -- Up-to-date: /home/ashley.akamine/rampagingRoombas/turtlebot4_ws/install/custom_interfaces/local/lib/python3.10/dist-packages/custom_interfaces/custom_interfaces_s__rosidl_typesupport_c.cpython-310-x86_64-linux-gnu.so
[0.677s] -- Up-to-date: /home/ashley.akamine/rampagingRoombas/turtlebot4_ws/install/custom_interfaces/lib/libcustom_interfaces__rosidl_generator_py.so
[0.677s] -- Up-to-date: /home/ashley.akamine/rampagingRoombas/turtlebot4_ws/install/custom_interfaces/share/custom_interfaces/srv/GetSummary.idl
[0.677s] -- Up-to-date: /home/ashley.akamine/rampagingRoombas/turtlebot4_ws/install/custom_interfaces/share/custom_interfaces/action/RobotGoal.idl
[0.677s] -- Up-to-date: /home/ashley.akamine/rampagingRoombas/turtlebot4_ws/install/custom_interfaces/share/custom_interfaces/srv/GetSummary.srv
[0.677s] -- Up-to-date: /home/ashley.akamine/rampagingRoombas/turtlebot4_ws/install/custom_interfaces/share/custom_interfaces/srv/GetSummary_Request.msg
[0.677s] -- Up-to-date: /home/ashley.akamine/rampagingRoombas/turtlebot4_ws/install/custom_interfaces/share/custom_interfaces/srv/GetSummary_Response.msg
[0.677s] -- Up-to-date: /home/ashley.akamine/rampagingRoombas/turtlebot4_ws/install/custom_interfaces/share/custom_interfaces/action/RobotGoal.action
[0.677s] -- Up-to-date: /home/ashley.akamine/rampagingRoombas/turtlebot4_ws/install/custom_interfaces/share/ament_index/resource_index/package_run_dependencies/custom_interfaces
[0.677s] -- Up-to-date: /home/ashley.akamine/rampagingRoombas/turtlebot4_ws/install/custom_interfaces/share/ament_index/resource_index/parent_prefix_path/custom_interfaces
[0.677s] -- Up-to-date: /home/ashley.akamine/rampagingRoombas/turtlebot4_ws/install/custom_interfaces/share/custom_interfaces/environment/ament_prefix_path.sh
[0.677s] -- Up-to-date: /home/ashley.akamine/rampagingRoombas/turtlebot4_ws/install/custom_interfaces/share/custom_interfaces/environment/ament_prefix_path.dsv
[0.677s] -- Up-to-date: /home/ashley.akamine/rampagingRoombas/turtlebot4_ws/install/custom_interfaces/share/custom_interfaces/environment/path.sh
[0.677s] -- Up-to-date: /home/ashley.akamine/rampagingRoombas/turtlebot4_ws/install/custom_interfaces/share/custom_interfaces/environment/path.dsv
[0.677s] -- Up-to-date: /home/ashley.akamine/rampagingRoombas/turtlebot4_ws/install/custom_interfaces/share/custom_interfaces/local_setup.bash
[0.677s] -- Up-to-date: /home/ashley.akamine/rampagingRoombas/turtlebot4_ws/install/custom_interfaces/share/custom_interfaces/local_setup.sh
[0.678s] -- Up-to-date: /home/ashley.akamine/rampagingRoombas/turtlebot4_ws/install/custom_interfaces/share/custom_interfaces/local_setup.zsh
[0.678s] -- Up-to-date: /home/ashley.akamine/rampagingRoombas/turtlebot4_ws/install/custom_interfaces/share/custom_interfaces/local_setup.dsv
[0.678s] -- Installing: /home/ashley.akamine/rampagingRoombas/turtlebot4_ws/install/custom_interfaces/share/custom_interfaces/package.dsv
[0.679s] -- Up-to-date: /home/ashley.akamine/rampagingRoombas/turtlebot4_ws/install/custom_interfaces/share/ament_index/resource_index/packages/custom_interfaces
[0.706s] -- Up-to-date: /home/ashley.akamine/rampagingRoombas/turtlebot4_ws/install/custom_interfaces/share/custom_interfaces/cmake/export_custom_interfaces__rosidl_generator_cExport.cmake
[0.706s] -- Up-to-date: /home/ashley.akamine/rampagingRoombas/turtlebot4_ws/install/custom_interfaces/share/custom_interfaces/cmake/export_custom_interfaces__rosidl_generator_cExport-noconfig.cmake
[0.743s] -- Up-to-date: /home/ashley.akamine/rampagingRoombas/turtlebot4_ws/install/custom_interfaces/share/custom_interfaces/cmake/export_custom_interfaces__rosidl_typesupport_fastrtps_cExport.cmake
[0.743s] -- Up-to-date: /home/ashley.akamine/rampagingRoombas/turtlebot4_ws/install/custom_interfaces/share/custom_interfaces/cmake/export_custom_interfaces__rosidl_typesupport_fastrtps_cExport-noconfig.cmake
[0.770s] -- Up-to-date: /home/ashley.akamine/rampagingRoombas/turtlebot4_ws/install/custom_interfaces/share/custom_interfaces/cmake/custom_interfaces__rosidl_typesupport_introspection_cExport.cmake
[0.770s] -- Up-to-date: /home/ashley.akamine/rampagingRoombas/turtlebot4_ws/install/custom_interfaces/share/custom_interfaces/cmake/custom_interfaces__rosidl_typesupport_introspection_cExport-noconfig.cmake
[0.797s] -- Up-to-date: /home/ashley.akamine/rampagingRoombas/turtlebot4_ws/install/custom_interfaces/share/custom_interfaces/cmake/custom_interfaces__rosidl_typesupport_cExport.cmake
[0.797s] -- Up-to-date: /home/ashley.akamine/rampagingRoombas/turtlebot4_ws/install/custom_interfaces/share/custom_interfaces/cmake/custom_interfaces__rosidl_typesupport_cExport-noconfig.cmake
[0.825s] -- Up-to-date: /home/ashley.akamine/rampagingRoombas/turtlebot4_ws/install/custom_interfaces/share/custom_interfaces/cmake/export_custom_interfaces__rosidl_generator_cppExport.cmake
[0.860s] -- Up-to-date: /home/ashley.akamine/rampagingRoombas/turtlebot4_ws/install/custom_interfaces/share/custom_interfaces/cmake/export_custom_interfaces__rosidl_typesupport_fastrtps_cppExport.cmake
[0.860s] -- Up-to-date: /home/ashley.akamine/rampagingRoombas/turtlebot4_ws/install/custom_interfaces/share/custom_interfaces/cmake/export_custom_interfaces__rosidl_typesupport_fastrtps_cppExport-noconfig.cmake
[0.893s] -- Up-to-date: /home/ashley.akamine/rampagingRoombas/turtlebot4_ws/install/custom_interfaces/share/custom_interfaces/cmake/custom_interfaces__rosidl_typesupport_introspection_cppExport.cmake
[0.893s] -- Up-to-date: /home/ashley.akamine/rampagingRoombas/turtlebot4_ws/install/custom_interfaces/share/custom_interfaces/cmake/custom_interfaces__rosidl_typesupport_introspection_cppExport-noconfig.cmake
[0.922s] -- Up-to-date: /home/ashley.akamine/rampagingRoombas/turtlebot4_ws/install/custom_interfaces/share/custom_interfaces/cmake/custom_interfaces__rosidl_typesupport_cppExport.cmake
[0.922s] -- Up-to-date: /home/ashley.akamine/rampagingRoombas/turtlebot4_ws/install/custom_interfaces/share/custom_interfaces/cmake/custom_interfaces__rosidl_typesupport_cppExport-noconfig.cmake
[0.950s] -- Up-to-date: /home/ashley.akamine/rampagingRoombas/turtlebot4_ws/install/custom_interfaces/share/custom_interfaces/cmake/export_custom_interfaces__rosidl_generator_pyExport.cmake
[0.950s] -- Up-to-date: /home/ashley.akamine/rampagingRoombas/turtlebot4_ws/install/custom_interfaces/share/custom_interfaces/cmake/export_custom_interfaces__rosidl_generator_pyExport-noconfig.cmake
[0.950s] -- Up-to-date: /home/ashley.akamine/rampagingRoombas/turtlebot4_ws/install/custom_interfaces/share/custom_interfaces/cmake/rosidl_cmake-extras.cmake
[0.950s] -- Up-to-date: /home/ashley.akamine/rampagingRoombas/turtlebot4_ws/install/custom_interfaces/share/custom_interfaces/cmake/ament_cmake_export_dependencies-extras.cmake
[0.950s] -- Up-to-date: /home/ashley.akamine/rampagingRoombas/turtlebot4_ws/install/custom_interfaces/share/custom_interfaces/cmake/ament_cmake_export_include_directories-extras.cmake
[0.950s] -- Up-to-date: /home/ashley.akamine/rampagingRoombas/turtlebot4_ws/install/custom_interfaces/share/custom_interfaces/cmake/ament_cmake_export_libraries-extras.cmake
[0.950s] -- Up-to-date: /home/ashley.akamine/rampagingRoombas/turtlebot4_ws/install/custom_interfaces/share/custom_interfaces/cmake/ament_cmake_export_targets-extras.cmake
[0.950s] -- Up-to-date: /home/ashley.akamine/rampagingRoombas/turtlebot4_ws/install/custom_interfaces/share/custom_interfaces/cmake/rosidl_cmake_export_typesupport_targets-extras.cmake
[0.950s] -- Up-to-date: /home/ashley.akamine/rampagingRoombas/turtlebot4_ws/install/custom_interfaces/share/custom_interfaces/cmake/rosidl_cmake_export_typesupport_libraries-extras.cmake
[0.950s] -- Up-to-date: /home/ashley.akamine/rampagingRoombas/turtlebot4_ws/install/custom_interfaces/share/custom_interfaces/cmake/custom_interfacesConfig.cmake
[0.950s] -- Up-to-date: /home/ashley.akamine/rampagingRoombas/turtlebot4_ws/install/custom_interfaces/share/custom_interfaces/cmake/custom_interfacesConfig-version.cmake
[0.950s] -- Up-to-date: /home/ashley.akamine/rampagingRoombas/turtlebot4_ws/install/custom_interfaces/share/custom_interfaces/package.xml
[0.966s] Invoked command in '/home/ashley.akamine/rampagingRoombas/turtlebot4_ws/build/custom_interfaces' returned '0': CMAKE_PREFIX_PATH=${CMAKE_PREFIX_PATH}:/home/ashley.akamine/rampagingRoombas/turtlebot4_ws/install/lab5_pkg:/home/ashley.akamine/rampagingRoombas/turtlebot4_ws/install/lab3_pkg:/home/ashley.akamine/rampagingRoombas/turtlebot4_ws/install/lab2_pkg:/home/ashley.akamine/rampagingRoombas/turtlebot4_ws/install/lab1_pkg:/home/ashley.akamine/inclass_ws/install/chatroom_pkg:/home/ashley.akamine/inclass_ws/install/cat_nap:/opt/ros/humble /usr/bin/cmake --install /home/ashley.akamine/rampagingRoombas/turtlebot4_ws/build/custom_interfaces
