[0.000000] (-) TimerEvent: {}
[0.000154] (lab1_pkg) JobQueued: {'identifier': 'lab1_pkg', 'dependencies': OrderedDict()}
[0.000175] (lab2_pkg) JobQueued: {'identifier': 'lab2_pkg', 'dependencies': OrderedDict()}
[0.000188] (lab1_pkg) JobStarted: {'identifier': 'lab1_pkg'}
[0.006503] (lab2_pkg) JobStarted: {'identifier': 'lab2_pkg'}
[0.099497] (-) TimerEvent: {}
[0.199710] (-) TimerEvent: {}
[0.299878] (-) TimerEvent: {}
[0.400077] (-) TimerEvent: {}
[0.500268] (-) TimerEvent: {}
[0.600439] (-) TimerEvent: {}
[0.700622] (-) TimerEvent: {}
[0.785564] (lab2_pkg) Command: {'cmd': ['/usr/bin/python3', '-W', 'ignore:setup.py install is deprecated', '-W', 'ignore:easy_install command is deprecated', 'setup.py', 'egg_info', '--egg-base', '../../build/lab2_pkg', 'build', '--build-base', '/home/ashley.akamine/rampagingRoombas/turtlebot4_ws/build/lab2_pkg/build', 'install', '--record', '/home/ashley.akamine/rampagingRoombas/turtlebot4_ws/build/lab2_pkg/install.log', '--single-version-externally-managed', 'install_data'], 'cwd': '/home/ashley.akamine/rampagingRoombas/turtlebot4_ws/src/lab2_pkg', 'env': {'USER': 'ashley.akamine', 'XDG_SESSION_TYPE': 'wayland', 'SHLVL': '1', 'LD_LIBRARY_PATH': '/opt/ros/humble/opt/rviz_ogre_vendor/lib:/opt/ros/humble/lib/x86_64-linux-gnu:/opt/ros/humble/lib', 'OLDPWD': '/home/ashley.akamine/rampagingRoombas/turtlebot4_ws/src/lab2_pkg/lab2_pkg', 'HOME': '/home/ashley.akamine', 'DESKTOP_SESSION': 'ubuntu', 'GTK_MODULES': 'gail:atk-bridge', 'GNOME_SHELL_SESSION_MODE': 'ubuntu', 'ROS_PYTHON_VERSION': '3', 'SYSTEMD_EXEC_PID': '504765', 'DBUS_SESSION_BUS_ADDRESS': 'unix:path=/run/user/481844462/bus,guid=a58d7046003313697ecb046267c20015', 'DBUS_STARTER_BUS_TYPE': 'session', 'COLORTERM': 'truecolor', 'CONDA_CHANGEPS1': 'no', 'WAYLAND_DISPLAY': 'wayland-0', 'ROS_DISTRO': 'humble', 'COLCON_PREFIX_PATH': '/home/ashley.akamine/rampagingRoombas/turtlebot4_ws/install', 'LOGNAME': 'ashley.akamine', '_': '/usr/bin/colcon', 'XDG_SESSION_CLASS': 'user', 'ROS_VERSION': '2', 'USERNAME': 'ashley.akamine', 'TERM': 'xterm-256color', 'PROMPT_EOL_MARK': '', 'ROS_SUPER_CLIENT': 'True', 'GNOME_DESKTOP_SESSION_ID': 'this-is-deprecated', 'ROS_LOCALHOST_ONLY': '0', 'PATH': '/opt/ros/humble/bin:/usr/local/sbin:/usr/local/bin:/usr/sbin:/usr/bin:/sbin:/bin:/usr/games:/usr/local/games:/snap/bin:/snap/bin', 'SESSION_MANAGER': 'local/csci20145:@/tmp/.ICE-unix/504765,unix/csci20145:/tmp/.ICE-unix/504765', 'GNOME_TERMINAL_SCREEN': '/org/gnome/Terminal/screen/12cd0cb0_d9c9_4183_ae35_04454e6e2681', 'XDG_MENU_PREFIX': 'gnome-', 'GNOME_SETUP_DISPLAY': ':3', 'XDG_RUNTIME_DIR': '/run/user/481844462', 'DISPLAY': ':2', 'LANG': 'en_US.UTF-8', 'XDG_CURRENT_DESKTOP': 'ubuntu:GNOME', 'RMW_IMPLEMENTATION': 'rmw_fastrtps_cpp', 'XDG_SESSION_DESKTOP': 'ubuntu', 'GNOME_TERMINAL_SERVICE': ':1.119', 'XMODIFIERS': '@im=ibus', 'XAUTHORITY': '/run/user/481844462/.mutter-Xwaylandauth.WYMM22', 'SSH_AUTH_SOCK': '/run/user/481844462/keyring/ssh', 'SSH_AGENT_LAUNCHER': 'gnome-keyring', 'AMENT_PREFIX_PATH': '/home/ashley.akamine/rampagingRoombas/turtlebot4_ws/install/lab1_pkg:/opt/ros/humble', 'ROS_DOMAIN_ID': '2', 'KRB5CCNAME': 'FILE:/tmp/krb5cc_481844462_Cp75Sk', 'SHELL': '/bin/zsh', 'ROS_DISCOVERY_SERVER': '10.5.112.168:11811', 'QT_ACCESSIBILITY': '1', 'GDMSESSION': 'ubuntu', 'QT_IM_MODULE': 'ibus', 'PWD': '/home/ashley.akamine/rampagingRoombas/turtlebot4_ws/build/lab2_pkg', 'XDG_DATA_DIRS': '/usr/local/share/:/usr/share/:/var/lib/snapd/desktop', 'DBUS_STARTER_ADDRESS': 'unix:path=/run/user/481844462/bus,guid=a58d7046003313697ecb046267c20015', 'VIRTUAL_ENV_DISABLE_PROMPT': '12', 'PYTHONPATH': '/home/ashley.akamine/rampagingRoombas/turtlebot4_ws/build/lab2_pkg/prefix_override:/usr/lib/python3/dist-packages/colcon_core/task/python/colcon_distutils_commands:/home/ashley.akamine/rampagingRoombas/turtlebot4_ws/install/lab2_pkg/lib/python3.10/site-packages:/home/ashley.akamine/rampagingRoombas/turtlebot4_ws/install/lab1_pkg/lib/python3.10/site-packages:/opt/ros/humble/lib/python3.10/site-packages:/opt/ros/humble/local/lib/python3.10/dist-packages', 'COLCON': '1', 'VTE_VERSION': '6800'}, 'shell': False}
[0.789069] (lab1_pkg) Command: {'cmd': ['/usr/bin/python3', '-W', 'ignore:setup.py install is deprecated', '-W', 'ignore:easy_install command is deprecated', 'setup.py', 'egg_info', '--egg-base', '../../build/lab1_pkg', 'build', '--build-base', '/home/ashley.akamine/rampagingRoombas/turtlebot4_ws/build/lab1_pkg/build', 'install', '--record', '/home/ashley.akamine/rampagingRoombas/turtlebot4_ws/build/lab1_pkg/install.log', '--single-version-externally-managed', 'install_data'], 'cwd': '/home/ashley.akamine/rampagingRoombas/turtlebot4_ws/src/lab1_pkg', 'env': {'USER': 'ashley.akamine', 'XDG_SESSION_TYPE': 'wayland', 'SHLVL': '1', 'LD_LIBRARY_PATH': '/opt/ros/humble/opt/rviz_ogre_vendor/lib:/opt/ros/humble/lib/x86_64-linux-gnu:/opt/ros/humble/lib', 'OLDPWD': '/home/ashley.akamine/rampagingRoombas/turtlebot4_ws/src/lab2_pkg/lab2_pkg', 'HOME': '/home/ashley.akamine', 'DESKTOP_SESSION': 'ubuntu', 'GTK_MODULES': 'gail:atk-bridge', 'GNOME_SHELL_SESSION_MODE': 'ubuntu', 'ROS_PYTHON_VERSION': '3', 'SYSTEMD_EXEC_PID': '504765', 'DBUS_SESSION_BUS_ADDRESS': 'unix:path=/run/user/481844462/bus,guid=a58d7046003313697ecb046267c20015', 'DBUS_STARTER_BUS_TYPE': 'session', 'COLORTERM': 'truecolor', 'CONDA_CHANGEPS1': 'no', 'WAYLAND_DISPLAY': 'wayland-0', 'ROS_DISTRO': 'humble', 'COLCON_PREFIX_PATH': '/home/ashley.akamine/rampagingRoombas/turtlebot4_ws/install', 'LOGNAME': 'ashley.akamine', '_': '/usr/bin/colcon', 'XDG_SESSION_CLASS': 'user', 'ROS_VERSION': '2', 'USERNAME': 'ashley.akamine', 'TERM': 'xterm-256color', 'PROMPT_EOL_MARK': '', 'ROS_SUPER_CLIENT': 'True', 'GNOME_DESKTOP_SESSION_ID': 'this-is-deprecated', 'ROS_LOCALHOST_ONLY': '0', 'PATH': '/opt/ros/humble/bin:/usr/local/sbin:/usr/local/bin:/usr/sbin:/usr/bin:/sbin:/bin:/usr/games:/usr/local/games:/snap/bin:/snap/bin', 'SESSION_MANAGER': 'local/csci20145:@/tmp/.ICE-unix/504765,unix/csci20145:/tmp/.ICE-unix/504765', 'GNOME_TERMINAL_SCREEN': '/org/gnome/Terminal/screen/12cd0cb0_d9c9_4183_ae35_04454e6e2681', 'XDG_MENU_PREFIX': 'gnome-', 'GNOME_SETUP_DISPLAY': ':3', 'XDG_RUNTIME_DIR': '/run/user/481844462', 'DISPLAY': ':2', 'LANG': 'en_US.UTF-8', 'XDG_CURRENT_DESKTOP': 'ubuntu:GNOME', 'RMW_IMPLEMENTATION': 'rmw_fastrtps_cpp', 'XDG_SESSION_DESKTOP': 'ubuntu', 'GNOME_TERMINAL_SERVICE': ':1.119', 'XMODIFIERS': '@im=ibus', 'XAUTHORITY': '/run/user/481844462/.mutter-Xwaylandauth.WYMM22', 'SSH_AUTH_SOCK': '/run/user/481844462/keyring/ssh', 'SSH_AGENT_LAUNCHER': 'gnome-keyring', 'AMENT_PREFIX_PATH': '/home/ashley.akamine/rampagingRoombas/turtlebot4_ws/install/lab1_pkg:/opt/ros/humble', 'ROS_DOMAIN_ID': '2', 'KRB5CCNAME': 'FILE:/tmp/krb5cc_481844462_Cp75Sk', 'SHELL': '/bin/zsh', 'ROS_DISCOVERY_SERVER': '10.5.112.168:11811', 'QT_ACCESSIBILITY': '1', 'GDMSESSION': 'ubuntu', 'QT_IM_MODULE': 'ibus', 'PWD': '/home/ashley.akamine/rampagingRoombas/turtlebot4_ws/build/lab1_pkg', 'XDG_DATA_DIRS': '/usr/local/share/:/usr/share/:/var/lib/snapd/desktop', 'DBUS_STARTER_ADDRESS': 'unix:path=/run/user/481844462/bus,guid=a58d7046003313697ecb046267c20015', 'VIRTUAL_ENV_DISABLE_PROMPT': '12', 'PYTHONPATH': '/home/ashley.akamine/rampagingRoombas/turtlebot4_ws/build/lab1_pkg/prefix_override:/usr/lib/python3/dist-packages/colcon_core/task/python/colcon_distutils_commands:/home/ashley.akamine/rampagingRoombas/turtlebot4_ws/install/lab1_pkg/lib/python3.10/site-packages:/home/ashley.akamine/rampagingRoombas/turtlebot4_ws/install/lab1_pkg/lib/python3.10/site-packages:/opt/ros/humble/lib/python3.10/site-packages:/opt/ros/humble/local/lib/python3.10/dist-packages', 'COLCON': '1', 'VTE_VERSION': '6800'}, 'shell': False}
[0.800725] (-) TimerEvent: {}
[0.900909] (-) TimerEvent: {}
[0.996280] (lab1_pkg) StdoutLine: {'line': b'running egg_info\n'}
[0.996757] (lab1_pkg) StdoutLine: {'line': b'writing ../../build/lab1_pkg/lab1_pkg.egg-info/PKG-INFO\n'}
[0.996984] (lab1_pkg) StdoutLine: {'line': b'writing dependency_links to ../../build/lab1_pkg/lab1_pkg.egg-info/dependency_links.txt\n'}
[0.997169] (lab1_pkg) StdoutLine: {'line': b'writing entry points to ../../build/lab1_pkg/lab1_pkg.egg-info/entry_points.txt\n'}
[0.997300] (lab1_pkg) StdoutLine: {'line': b'writing requirements to ../../build/lab1_pkg/lab1_pkg.egg-info/requires.txt\n'}
[0.997397] (lab1_pkg) StdoutLine: {'line': b'writing top-level names to ../../build/lab1_pkg/lab1_pkg.egg-info/top_level.txt\n'}
[0.998725] (lab2_pkg) StdoutLine: {'line': b'running egg_info\n'}
[0.998939] (lab1_pkg) StdoutLine: {'line': b"reading manifest file '../../build/lab1_pkg/lab1_pkg.egg-info/SOURCES.txt'\n"}
[0.999263] (lab2_pkg) StdoutLine: {'line': b'creating ../../build/lab2_pkg/lab2_pkg.egg-info\n'}
[0.999379] (lab2_pkg) StdoutLine: {'line': b'writing ../../build/lab2_pkg/lab2_pkg.egg-info/PKG-INFO\n'}
[0.999592] (lab1_pkg) StdoutLine: {'line': b"writing manifest file '../../build/lab1_pkg/lab1_pkg.egg-info/SOURCES.txt'\n"}
[0.999668] (lab1_pkg) StdoutLine: {'line': b'running build\n'}
[0.999739] (lab1_pkg) StdoutLine: {'line': b'running build_py\n'}
[0.999933] (lab1_pkg) StdoutLine: {'line': b'running install\n'}
[1.000025] (lab2_pkg) StdoutLine: {'line': b'writing dependency_links to ../../build/lab2_pkg/lab2_pkg.egg-info/dependency_links.txt\n'}
[1.000169] (lab1_pkg) StdoutLine: {'line': b'running install_lib\n'}
[1.000302] (lab2_pkg) StdoutLine: {'line': b'writing entry points to ../../build/lab2_pkg/lab2_pkg.egg-info/entry_points.txt\n'}
[1.000638] (lab2_pkg) StdoutLine: {'line': b'writing requirements to ../../build/lab2_pkg/lab2_pkg.egg-info/requires.txt\n'}
[1.000867] (lab2_pkg) StdoutLine: {'line': b'writing top-level names to ../../build/lab2_pkg/lab2_pkg.egg-info/top_level.txt\n'}
[1.000918] (-) TimerEvent: {}
[1.001095] (lab1_pkg) StdoutLine: {'line': b'running install_data\n'}
[1.001202] (lab1_pkg) StdoutLine: {'line': b'running install_egg_info\n'}
[1.001249] (lab2_pkg) StdoutLine: {'line': b"writing manifest file '../../build/lab2_pkg/lab2_pkg.egg-info/SOURCES.txt'\n"}
[1.002594] (lab2_pkg) StdoutLine: {'line': b"reading manifest file '../../build/lab2_pkg/lab2_pkg.egg-info/SOURCES.txt'\n"}
[1.003078] (lab1_pkg) StdoutLine: {'line': b"removing '/home/ashley.akamine/rampagingRoombas/turtlebot4_ws/install/lab1_pkg/lib/python3.10/site-packages/lab1_pkg-0.0.0-py3.10.egg-info' (and everything under it)\n"}
[1.003160] (lab2_pkg) StdoutLine: {'line': b"writing manifest file '../../build/lab2_pkg/lab2_pkg.egg-info/SOURCES.txt'\n"}
[1.003232] (lab2_pkg) StdoutLine: {'line': b'running build\n'}
[1.003296] (lab2_pkg) StdoutLine: {'line': b'running build_py\n'}
[1.003335] (lab1_pkg) StdoutLine: {'line': b'Copying ../../build/lab1_pkg/lab1_pkg.egg-info to /home/ashley.akamine/rampagingRoombas/turtlebot4_ws/install/lab1_pkg/lib/python3.10/site-packages/lab1_pkg-0.0.0-py3.10.egg-info\n'}
[1.003404] (lab2_pkg) StdoutLine: {'line': b'creating /home/ashley.akamine/rampagingRoombas/turtlebot4_ws/build/lab2_pkg/build\n'}
[1.003475] (lab2_pkg) StdoutLine: {'line': b'creating /home/ashley.akamine/rampagingRoombas/turtlebot4_ws/build/lab2_pkg/build/lib\n'}
[1.003520] (lab2_pkg) StdoutLine: {'line': b'creating /home/ashley.akamine/rampagingRoombas/turtlebot4_ws/build/lab2_pkg/build/lib/lab2_pkg\n'}
[1.003578] (lab2_pkg) StdoutLine: {'line': b'copying lab2_pkg/__init__.py -> /home/ashley.akamine/rampagingRoombas/turtlebot4_ws/build/lab2_pkg/build/lib/lab2_pkg\n'}
[1.003776] (lab2_pkg) StdoutLine: {'line': b'copying lab2_pkg/speed_cap_obstacle_detect.py -> /home/ashley.akamine/rampagingRoombas/turtlebot4_ws/build/lab2_pkg/build/lib/lab2_pkg\n'}
[1.004246] (lab2_pkg) StdoutLine: {'line': b'running install\n'}
[1.004385] (lab1_pkg) StdoutLine: {'line': b'running install_scripts\n'}
[1.004505] (lab2_pkg) StdoutLine: {'line': b'running install_lib\n'}
[1.005048] (lab2_pkg) StdoutLine: {'line': b'creating /home/ashley.akamine/rampagingRoombas/turtlebot4_ws/install/lab2_pkg/lib/python3.10/site-packages/lab2_pkg\n'}
[1.005140] (lab2_pkg) StdoutLine: {'line': b'copying /home/ashley.akamine/rampagingRoombas/turtlebot4_ws/build/lab2_pkg/build/lib/lab2_pkg/__init__.py -> /home/ashley.akamine/rampagingRoombas/turtlebot4_ws/install/lab2_pkg/lib/python3.10/site-packages/lab2_pkg\n'}
[1.005363] (lab2_pkg) StdoutLine: {'line': b'copying /home/ashley.akamine/rampagingRoombas/turtlebot4_ws/build/lab2_pkg/build/lib/lab2_pkg/speed_cap_obstacle_detect.py -> /home/ashley.akamine/rampagingRoombas/turtlebot4_ws/install/lab2_pkg/lib/python3.10/site-packages/lab2_pkg\n'}
[1.006299] (lab2_pkg) StdoutLine: {'line': b'byte-compiling /home/ashley.akamine/rampagingRoombas/turtlebot4_ws/install/lab2_pkg/lib/python3.10/site-packages/lab2_pkg/__init__.py to __init__.cpython-310.pyc\n'}
[1.006638] (lab2_pkg) StdoutLine: {'line': b'byte-compiling /home/ashley.akamine/rampagingRoombas/turtlebot4_ws/install/lab2_pkg/lib/python3.10/site-packages/lab2_pkg/speed_cap_obstacle_detect.py to speed_cap_obstacle_detect.cpython-310.pyc\n'}
[1.007515] (lab2_pkg) StderrLine: {'line': b'Sorry: IndentationError: expected an indented block after function definition on line 13 (speed_cap_obstacle_detect.py, line 14)\n'}
[1.007606] (lab2_pkg) StdoutLine: {'line': b'running install_data\n'}
[1.007673] (lab2_pkg) StdoutLine: {'line': b'creating /home/ashley.akamine/rampagingRoombas/turtlebot4_ws/install/lab2_pkg/share/ament_index\n'}
[1.007724] (lab2_pkg) StdoutLine: {'line': b'creating /home/ashley.akamine/rampagingRoombas/turtlebot4_ws/install/lab2_pkg/share/ament_index/resource_index\n'}
[1.007774] (lab2_pkg) StdoutLine: {'line': b'creating /home/ashley.akamine/rampagingRoombas/turtlebot4_ws/install/lab2_pkg/share/ament_index/resource_index/packages\n'}
[1.007837] (lab2_pkg) StdoutLine: {'line': b'copying resource/lab2_pkg -> /home/ashley.akamine/rampagingRoombas/turtlebot4_ws/install/lab2_pkg/share/ament_index/resource_index/packages\n'}
[1.007962] (lab2_pkg) StdoutLine: {'line': b'copying package.xml -> /home/ashley.akamine/rampagingRoombas/turtlebot4_ws/install/lab2_pkg/share/lab2_pkg\n'}
[1.008205] (lab2_pkg) StdoutLine: {'line': b'running install_egg_info\n'}
[1.010406] (lab2_pkg) StdoutLine: {'line': b'Copying ../../build/lab2_pkg/lab2_pkg.egg-info to /home/ashley.akamine/rampagingRoombas/turtlebot4_ws/install/lab2_pkg/lib/python3.10/site-packages/lab2_pkg-0.0.0-py3.10.egg-info\n'}
[1.012764] (lab2_pkg) StdoutLine: {'line': b'running install_scripts\n'}
[1.020034] (lab1_pkg) StdoutLine: {'line': b'Installing speed_behavior_node script to /home/ashley.akamine/rampagingRoombas/turtlebot4_ws/install/lab1_pkg/lib/lab1_pkg\n'}
[1.020303] (lab1_pkg) StdoutLine: {'line': b"writing list of installed files to '/home/ashley.akamine/rampagingRoombas/turtlebot4_ws/build/lab1_pkg/install.log'\n"}
[1.028292] (lab2_pkg) StdoutLine: {'line': b"writing list of installed files to '/home/ashley.akamine/rampagingRoombas/turtlebot4_ws/build/lab2_pkg/install.log'\n"}
[1.037752] (lab1_pkg) CommandEnded: {'returncode': 0}
[1.047291] (lab1_pkg) JobEnded: {'identifier': 'lab1_pkg', 'rc': 0}
[1.048427] (lab2_pkg) CommandEnded: {'returncode': 0}
[1.054831] (lab2_pkg) JobEnded: {'identifier': 'lab2_pkg', 'rc': 0}
[1.055507] (-) EventReactorShutdown: {}
