[0.796s] Invoking command in '/home/ashley.akamine/rampagingRoombas/turtlebot4_ws/src/lab2_pkg': PYTHONPATH=/home/ashley.akamine/rampagingRoombas/build/lab2_pkg/prefix_override:/usr/lib/python3/dist-packages/colcon_core/task/python/colcon_distutils_commands:/home/ashley.akamine/rampagingRoombas/install/lab2_pkg/lib/python3.10/site-packages:${PYTHONPATH} /usr/bin/python3 -W ignore:setup.py install is deprecated -W ignore:easy_install command is deprecated setup.py egg_info --egg-base ../../../build/lab2_pkg build --build-base /home/ashley.akamine/rampagingRoombas/build/lab2_pkg/build install --record /home/ashley.akamine/rampagingRoombas/build/lab2_pkg/install.log --single-version-externally-managed install_data
[1.004s] running egg_info
[1.005s] creating ../../../build/lab2_pkg/lab2_pkg.egg-info
[1.005s] writing ../../../build/lab2_pkg/lab2_pkg.egg-info/PKG-INFO
[1.006s] writing dependency_links to ../../../build/lab2_pkg/lab2_pkg.egg-info/dependency_links.txt
[1.006s] writing entry points to ../../../build/lab2_pkg/lab2_pkg.egg-info/entry_points.txt
[1.006s] writing requirements to ../../../build/lab2_pkg/lab2_pkg.egg-info/requires.txt
[1.007s] writing top-level names to ../../../build/lab2_pkg/lab2_pkg.egg-info/top_level.txt
[1.007s] writing manifest file '../../../build/lab2_pkg/lab2_pkg.egg-info/SOURCES.txt'
[1.008s] reading manifest file '../../../build/lab2_pkg/lab2_pkg.egg-info/SOURCES.txt'
[1.009s] writing manifest file '../../../build/lab2_pkg/lab2_pkg.egg-info/SOURCES.txt'
[1.009s] running build
[1.009s] running build_py
[1.009s] creating /home/ashley.akamine/rampagingRoombas/build/lab2_pkg/build
[1.009s] creating /home/ashley.akamine/rampagingRoombas/build/lab2_pkg/build/lib
[1.009s] creating /home/ashley.akamine/rampagingRoombas/build/lab2_pkg/build/lib/lab2_pkg
[1.009s] copying lab2_pkg/__init__.py -> /home/ashley.akamine/rampagingRoombas/build/lab2_pkg/build/lib/lab2_pkg
[1.009s] copying lab2_pkg/speed_cap_obstacle_detect.py -> /home/ashley.akamine/rampagingRoombas/build/lab2_pkg/build/lib/lab2_pkg
[1.010s] running install
[1.010s] running install_lib
[1.011s] creating /home/ashley.akamine/rampagingRoombas/install/lab2_pkg/lib/python3.10/site-packages/lab2_pkg
[1.011s] copying /home/ashley.akamine/rampagingRoombas/build/lab2_pkg/build/lib/lab2_pkg/__init__.py -> /home/ashley.akamine/rampagingRoombas/install/lab2_pkg/lib/python3.10/site-packages/lab2_pkg
[1.011s] copying /home/ashley.akamine/rampagingRoombas/build/lab2_pkg/build/lib/lab2_pkg/speed_cap_obstacle_detect.py -> /home/ashley.akamine/rampagingRoombas/install/lab2_pkg/lib/python3.10/site-packages/lab2_pkg
[1.012s] byte-compiling /home/ashley.akamine/rampagingRoombas/install/lab2_pkg/lib/python3.10/site-packages/lab2_pkg/__init__.py to __init__.cpython-310.pyc
[1.012s] byte-compiling /home/ashley.akamine/rampagingRoombas/install/lab2_pkg/lib/python3.10/site-packages/lab2_pkg/speed_cap_obstacle_detect.py to speed_cap_obstacle_detect.cpython-310.pyc
[1.013s] running install_data
[1.013s] creating /home/ashley.akamine/rampagingRoombas/install/lab2_pkg/share/ament_index
[1.013s] creating /home/ashley.akamine/rampagingRoombas/install/lab2_pkg/share/ament_index/resource_index
[1.013s] creating /home/ashley.akamine/rampagingRoombas/install/lab2_pkg/share/ament_index/resource_index/packages
[1.013s] copying resource/lab2_pkg -> /home/ashley.akamine/rampagingRoombas/install/lab2_pkg/share/ament_index/resource_index/packages
[1.013s] copying package.xml -> /home/ashley.akamine/rampagingRoombas/install/lab2_pkg/share/lab2_pkg
[1.013s] running install_egg_info
[1.016s] Copying ../../../build/lab2_pkg/lab2_pkg.egg-info to /home/ashley.akamine/rampagingRoombas/install/lab2_pkg/lib/python3.10/site-packages/lab2_pkg-0.0.0-py3.10.egg-info
[1.018s] running install_scripts
[1.034s] Installing SpeedCapObstacleDetect script to /home/ashley.akamine/rampagingRoombas/install/lab2_pkg/lib/lab2_pkg
[1.035s] writing list of installed files to '/home/ashley.akamine/rampagingRoombas/build/lab2_pkg/install.log'
[1.054s] Invoked command in '/home/ashley.akamine/rampagingRoombas/turtlebot4_ws/src/lab2_pkg' returned '0': PYTHONPATH=/home/ashley.akamine/rampagingRoombas/build/lab2_pkg/prefix_override:/usr/lib/python3/dist-packages/colcon_core/task/python/colcon_distutils_commands:/home/ashley.akamine/rampagingRoombas/install/lab2_pkg/lib/python3.10/site-packages:${PYTHONPATH} /usr/bin/python3 -W ignore:setup.py install is deprecated -W ignore:easy_install command is deprecated setup.py egg_info --egg-base ../../../build/lab2_pkg build --build-base /home/ashley.akamine/rampagingRoombas/build/lab2_pkg/build install --record /home/ashley.akamine/rampagingRoombas/build/lab2_pkg/install.log --single-version-externally-managed install_data
