[0.730s] DEBUG:colcon:Command line arguments: ['/usr/bin/colcon', 'build']
[0.730s] DEBUG:colcon:Parsed command line arguments: Namespace(log_base=None, log_level=None, verb_name='build', build_base='build', install_base='install', merge_install=False, symlink_install=False, test_result_base=None, continue_on_error=False, executor='parallel', parallel_workers=16, event_handlers=None, ignore_user_meta=False, metas=['./colcon.meta'], base_paths=['.'], packages_ignore=None, packages_ignore_regex=None, paths=None, packages_up_to=None, packages_up_to_regex=None, packages_above=None, packages_above_and_dependencies=None, packages_above_depth=None, packages_select_by_dep=None, packages_skip_by_dep=None, packages_skip_up_to=None, packages_select_build_failed=False, packages_skip_build_finished=False, packages_select_test_failures=False, packages_skip_test_passed=False, packages_select=None, packages_skip=None, packages_select_regex=None, packages_skip_regex=None, packages_start=None, packages_end=None, allow_overriding=[], cmake_args=None, cmake_target=None, cmake_target_skip_unavailable=False, cmake_clean_cache=False, cmake_clean_first=False, cmake_force_configure=False, ament_cmake_args=None, catkin_cmake_args=None, catkin_skip_building_tests=False, mixin_files=None, mixin=None, verb_parser=<colcon_mixin.mixin.mixin_argument.MixinArgumentDecorator object at 0x73c6d48fbd30>, verb_extension=<colcon_core.verb.build.BuildVerb object at 0x73c6d48fb760>, main=<bound method BuildVerb.main of <colcon_core.verb.build.BuildVerb object at 0x73c6d48fb760>>, mixin_verb=('build',))
[1.718s] Level 1:colcon.colcon_core.package_discovery:discover_packages(colcon_meta) check parameters
[1.718s] Level 1:colcon.colcon_core.package_discovery:discover_packages(recursive) check parameters
[1.718s] Level 1:colcon.colcon_core.package_discovery:discover_packages(ignore) check parameters
[1.718s] Level 1:colcon.colcon_core.package_discovery:discover_packages(path) check parameters
[1.718s] Level 1:colcon.colcon_core.package_discovery:discover_packages(colcon_meta) discover
[1.718s] Level 1:colcon.colcon_core.package_discovery:discover_packages(recursive) discover
[1.718s] INFO:colcon.colcon_core.package_discovery:Crawling recursively for packages in '/home/ashley.akamine/rampagingRoombas/turtlebot4_ws'
[1.718s] Level 1:colcon.colcon_core.package_identification:_identify(.) by extensions ['ignore', 'ignore_ament_install']
[1.718s] Level 1:colcon.colcon_core.package_identification:_identify(.) by extension 'ignore'
[1.718s] Level 1:colcon.colcon_core.package_identification:_identify(.) by extension 'ignore_ament_install'
[1.718s] Level 1:colcon.colcon_core.package_identification:_identify(.) by extensions ['colcon_pkg']
[1.718s] Level 1:colcon.colcon_core.package_identification:_identify(.) by extension 'colcon_pkg'
[1.719s] Level 1:colcon.colcon_core.package_identification:_identify(.) by extensions ['colcon_meta']
[1.719s] Level 1:colcon.colcon_core.package_identification:_identify(.) by extension 'colcon_meta'
[1.719s] Level 1:colcon.colcon_core.package_identification:_identify(.) by extensions ['ros']
[1.719s] Level 1:colcon.colcon_core.package_identification:_identify(.) by extension 'ros'
[1.756s] Level 1:colcon.colcon_core.package_identification:_identify(.) by extensions ['cmake', 'python']
[1.756s] Level 1:colcon.colcon_core.package_identification:_identify(.) by extension 'cmake'
[1.756s] Level 1:colcon.colcon_core.package_identification:_identify(.) by extension 'python'
[1.757s] Level 1:colcon.colcon_core.package_identification:_identify(.) by extensions ['python_setup_py']
[1.757s] Level 1:colcon.colcon_core.package_identification:_identify(.) by extension 'python_setup_py'
[1.757s] Level 1:colcon.colcon_core.package_identification:_identify(build) by extensions ['ignore', 'ignore_ament_install']
[1.757s] Level 1:colcon.colcon_core.package_identification:_identify(build) by extension 'ignore'
[1.757s] Level 1:colcon.colcon_core.package_identification:_identify(build) ignored
[1.757s] Level 1:colcon.colcon_core.package_identification:_identify(install) by extensions ['ignore', 'ignore_ament_install']
[1.757s] Level 1:colcon.colcon_core.package_identification:_identify(install) by extension 'ignore'
[1.757s] Level 1:colcon.colcon_core.package_identification:_identify(install) ignored
[1.757s] Level 1:colcon.colcon_core.package_identification:_identify(log) by extensions ['ignore', 'ignore_ament_install']
[1.757s] Level 1:colcon.colcon_core.package_identification:_identify(log) by extension 'ignore'
[1.757s] Level 1:colcon.colcon_core.package_identification:_identify(log) ignored
[1.757s] Level 1:colcon.colcon_core.package_identification:_identify(src) by extensions ['ignore', 'ignore_ament_install']
[1.757s] Level 1:colcon.colcon_core.package_identification:_identify(src) by extension 'ignore'
[1.757s] Level 1:colcon.colcon_core.package_identification:_identify(src) by extension 'ignore_ament_install'
[1.757s] Level 1:colcon.colcon_core.package_identification:_identify(src) by extensions ['colcon_pkg']
[1.757s] Level 1:colcon.colcon_core.package_identification:_identify(src) by extension 'colcon_pkg'
[1.757s] Level 1:colcon.colcon_core.package_identification:_identify(src) by extensions ['colcon_meta']
[1.757s] Level 1:colcon.colcon_core.package_identification:_identify(src) by extension 'colcon_meta'
[1.757s] Level 1:colcon.colcon_core.package_identification:_identify(src) by extensions ['ros']
[1.757s] Level 1:colcon.colcon_core.package_identification:_identify(src) by extension 'ros'
[1.758s] Level 1:colcon.colcon_core.package_identification:_identify(src) by extensions ['cmake', 'python']
[1.758s] Level 1:colcon.colcon_core.package_identification:_identify(src) by extension 'cmake'
[1.758s] Level 1:colcon.colcon_core.package_identification:_identify(src) by extension 'python'
[1.758s] Level 1:colcon.colcon_core.package_identification:_identify(src) by extensions ['python_setup_py']
[1.758s] Level 1:colcon.colcon_core.package_identification:_identify(src) by extension 'python_setup_py'
[1.758s] Level 1:colcon.colcon_core.package_identification:_identify(src/custom_interfaces) by extensions ['ignore', 'ignore_ament_install']
[1.758s] Level 1:colcon.colcon_core.package_identification:_identify(src/custom_interfaces) by extension 'ignore'
[1.758s] Level 1:colcon.colcon_core.package_identification:_identify(src/custom_interfaces) by extension 'ignore_ament_install'
[1.758s] Level 1:colcon.colcon_core.package_identification:_identify(src/custom_interfaces) by extensions ['colcon_pkg']
[1.758s] Level 1:colcon.colcon_core.package_identification:_identify(src/custom_interfaces) by extension 'colcon_pkg'
[1.758s] Level 1:colcon.colcon_core.package_identification:_identify(src/custom_interfaces) by extensions ['colcon_meta']
[1.758s] Level 1:colcon.colcon_core.package_identification:_identify(src/custom_interfaces) by extension 'colcon_meta'
[1.758s] Level 1:colcon.colcon_core.package_identification:_identify(src/custom_interfaces) by extensions ['ros']
[1.758s] Level 1:colcon.colcon_core.package_identification:_identify(src/custom_interfaces) by extension 'ros'
[1.765s] DEBUG:colcon.colcon_core.package_identification:Package 'src/custom_interfaces' with type 'ros.ament_cmake' and name 'custom_interfaces'
[1.765s] Level 1:colcon.colcon_core.package_identification:_identify(src/lab1_pkg) by extensions ['ignore', 'ignore_ament_install']
[1.765s] Level 1:colcon.colcon_core.package_identification:_identify(src/lab1_pkg) by extension 'ignore'
[1.765s] Level 1:colcon.colcon_core.package_identification:_identify(src/lab1_pkg) by extension 'ignore_ament_install'
[1.765s] Level 1:colcon.colcon_core.package_identification:_identify(src/lab1_pkg) by extensions ['colcon_pkg']
[1.765s] Level 1:colcon.colcon_core.package_identification:_identify(src/lab1_pkg) by extension 'colcon_pkg'
[1.765s] Level 1:colcon.colcon_core.package_identification:_identify(src/lab1_pkg) by extensions ['colcon_meta']
[1.766s] Level 1:colcon.colcon_core.package_identification:_identify(src/lab1_pkg) by extension 'colcon_meta'
[1.766s] Level 1:colcon.colcon_core.package_identification:_identify(src/lab1_pkg) by extensions ['ros']
[1.766s] Level 1:colcon.colcon_core.package_identification:_identify(src/lab1_pkg) by extension 'ros'
[1.767s] DEBUG:colcon.colcon_core.package_identification:Package 'src/lab1_pkg' with type 'ros.ament_python' and name 'lab1_pkg'
[1.767s] Level 1:colcon.colcon_core.package_identification:_identify(src/lab2_pkg) by extensions ['ignore', 'ignore_ament_install']
[1.767s] Level 1:colcon.colcon_core.package_identification:_identify(src/lab2_pkg) by extension 'ignore'
[1.767s] Level 1:colcon.colcon_core.package_identification:_identify(src/lab2_pkg) by extension 'ignore_ament_install'
[1.767s] Level 1:colcon.colcon_core.package_identification:_identify(src/lab2_pkg) by extensions ['colcon_pkg']
[1.767s] Level 1:colcon.colcon_core.package_identification:_identify(src/lab2_pkg) by extension 'colcon_pkg'
[1.767s] Level 1:colcon.colcon_core.package_identification:_identify(src/lab2_pkg) by extensions ['colcon_meta']
[1.767s] Level 1:colcon.colcon_core.package_identification:_identify(src/lab2_pkg) by extension 'colcon_meta'
[1.767s] Level 1:colcon.colcon_core.package_identification:_identify(src/lab2_pkg) by extensions ['ros']
[1.767s] Level 1:colcon.colcon_core.package_identification:_identify(src/lab2_pkg) by extension 'ros'
[1.769s] DEBUG:colcon.colcon_core.package_identification:Package 'src/lab2_pkg' with type 'ros.ament_python' and name 'lab2_pkg'
[1.769s] Level 1:colcon.colcon_core.package_identification:_identify(src/lab3_pkg) by extensions ['ignore', 'ignore_ament_install']
[1.769s] Level 1:colcon.colcon_core.package_identification:_identify(src/lab3_pkg) by extension 'ignore'
[1.769s] Level 1:colcon.colcon_core.package_identification:_identify(src/lab3_pkg) by extension 'ignore_ament_install'
[1.769s] Level 1:colcon.colcon_core.package_identification:_identify(src/lab3_pkg) by extensions ['colcon_pkg']
[1.769s] Level 1:colcon.colcon_core.package_identification:_identify(src/lab3_pkg) by extension 'colcon_pkg'
[1.769s] Level 1:colcon.colcon_core.package_identification:_identify(src/lab3_pkg) by extensions ['colcon_meta']
[1.769s] Level 1:colcon.colcon_core.package_identification:_identify(src/lab3_pkg) by extension 'colcon_meta'
[1.769s] Level 1:colcon.colcon_core.package_identification:_identify(src/lab3_pkg) by extensions ['ros']
[1.769s] Level 1:colcon.colcon_core.package_identification:_identify(src/lab3_pkg) by extension 'ros'
[1.770s] DEBUG:colcon.colcon_core.package_identification:Package 'src/lab3_pkg' with type 'ros.ament_python' and name 'lab3_pkg'
[1.770s] Level 1:colcon.colcon_core.package_discovery:discover_packages(recursive) using defaults
[1.770s] Level 1:colcon.colcon_core.package_discovery:discover_packages(ignore) discover
[1.770s] Level 1:colcon.colcon_core.package_discovery:discover_packages(ignore) using defaults
[1.770s] Level 1:colcon.colcon_core.package_discovery:discover_packages(path) discover
[1.770s] Level 1:colcon.colcon_core.package_discovery:discover_packages(path) using defaults
[1.984s] Level 1:colcon.colcon_core.package_discovery:discover_packages(prefix_path) check parameters
[1.984s] Level 1:colcon.colcon_core.package_discovery:discover_packages(prefix_path) discover
[1.989s] Level 1:colcon.colcon_core.package_discovery:discover_packages(prefix_path) using defaults
[1.993s] Level 5:colcon.colcon_core.verb:set package 'custom_interfaces' build argument 'cmake_args' from command line to 'None'
[1.993s] Level 5:colcon.colcon_core.verb:set package 'custom_interfaces' build argument 'cmake_target' from command line to 'None'
[1.993s] Level 5:colcon.colcon_core.verb:set package 'custom_interfaces' build argument 'cmake_target_skip_unavailable' from command line to 'False'
[1.993s] Level 5:colcon.colcon_core.verb:set package 'custom_interfaces' build argument 'cmake_clean_cache' from command line to 'False'
[1.993s] Level 5:colcon.colcon_core.verb:set package 'custom_interfaces' build argument 'cmake_clean_first' from command line to 'False'
[1.993s] Level 5:colcon.colcon_core.verb:set package 'custom_interfaces' build argument 'cmake_force_configure' from command line to 'False'
[1.993s] Level 5:colcon.colcon_core.verb:set package 'custom_interfaces' build argument 'ament_cmake_args' from command line to 'None'
[1.993s] Level 5:colcon.colcon_core.verb:set package 'custom_interfaces' build argument 'catkin_cmake_args' from command line to 'None'
[1.993s] Level 5:colcon.colcon_core.verb:set package 'custom_interfaces' build argument 'catkin_skip_building_tests' from command line to 'False'
[1.993s] DEBUG:colcon.colcon_core.verb:Building package 'custom_interfaces' with the following arguments: {'ament_cmake_args': None, 'build_base': '/home/ashley.akamine/rampagingRoombas/turtlebot4_ws/build/custom_interfaces', 'catkin_cmake_args': None, 'catkin_skip_building_tests': False, 'cmake_args': None, 'cmake_clean_cache': False, 'cmake_clean_first': False, 'cmake_force_configure': False, 'cmake_target': None, 'cmake_target_skip_unavailable': False, 'install_base': '/home/ashley.akamine/rampagingRoombas/turtlebot4_ws/install/custom_interfaces', 'merge_install': False, 'path': '/home/ashley.akamine/rampagingRoombas/turtlebot4_ws/src/custom_interfaces', 'symlink_install': False, 'test_result_base': None}
[1.993s] Level 5:colcon.colcon_core.verb:set package 'lab1_pkg' build argument 'cmake_args' from command line to 'None'
[1.993s] Level 5:colcon.colcon_core.verb:set package 'lab1_pkg' build argument 'cmake_target' from command line to 'None'
[1.993s] Level 5:colcon.colcon_core.verb:set package 'lab1_pkg' build argument 'cmake_target_skip_unavailable' from command line to 'False'
[1.993s] Level 5:colcon.colcon_core.verb:set package 'lab1_pkg' build argument 'cmake_clean_cache' from command line to 'False'
[1.993s] Level 5:colcon.colcon_core.verb:set package 'lab1_pkg' build argument 'cmake_clean_first' from command line to 'False'
[1.993s] Level 5:colcon.colcon_core.verb:set package 'lab1_pkg' build argument 'cmake_force_configure' from command line to 'False'
[1.994s] Level 5:colcon.colcon_core.verb:set package 'lab1_pkg' build argument 'ament_cmake_args' from command line to 'None'
[1.994s] Level 5:colcon.colcon_core.verb:set package 'lab1_pkg' build argument 'catkin_cmake_args' from command line to 'None'
[1.994s] Level 5:colcon.colcon_core.verb:set package 'lab1_pkg' build argument 'catkin_skip_building_tests' from command line to 'False'
[1.994s] DEBUG:colcon.colcon_core.verb:Building package 'lab1_pkg' with the following arguments: {'ament_cmake_args': None, 'build_base': '/home/ashley.akamine/rampagingRoombas/turtlebot4_ws/build/lab1_pkg', 'catkin_cmake_args': None, 'catkin_skip_building_tests': False, 'cmake_args': None, 'cmake_clean_cache': False, 'cmake_clean_first': False, 'cmake_force_configure': False, 'cmake_target': None, 'cmake_target_skip_unavailable': False, 'install_base': '/home/ashley.akamine/rampagingRoombas/turtlebot4_ws/install/lab1_pkg', 'merge_install': False, 'path': '/home/ashley.akamine/rampagingRoombas/turtlebot4_ws/src/lab1_pkg', 'symlink_install': False, 'test_result_base': None}
[1.994s] Level 5:colcon.colcon_core.verb:set package 'lab2_pkg' build argument 'cmake_args' from command line to 'None'
[1.994s] Level 5:colcon.colcon_core.verb:set package 'lab2_pkg' build argument 'cmake_target' from command line to 'None'
[1.994s] Level 5:colcon.colcon_core.verb:set package 'lab2_pkg' build argument 'cmake_target_skip_unavailable' from command line to 'False'
[1.994s] Level 5:colcon.colcon_core.verb:set package 'lab2_pkg' build argument 'cmake_clean_cache' from command line to 'False'
[1.994s] Level 5:colcon.colcon_core.verb:set package 'lab2_pkg' build argument 'cmake_clean_first' from command line to 'False'
[1.994s] Level 5:colcon.colcon_core.verb:set package 'lab2_pkg' build argument 'cmake_force_configure' from command line to 'False'
[1.994s] Level 5:colcon.colcon_core.verb:set package 'lab2_pkg' build argument 'ament_cmake_args' from command line to 'None'
[1.994s] Level 5:colcon.colcon_core.verb:set package 'lab2_pkg' build argument 'catkin_cmake_args' from command line to 'None'
[1.994s] Level 5:colcon.colcon_core.verb:set package 'lab2_pkg' build argument 'catkin_skip_building_tests' from command line to 'False'
[1.994s] DEBUG:colcon.colcon_core.verb:Building package 'lab2_pkg' with the following arguments: {'ament_cmake_args': None, 'build_base': '/home/ashley.akamine/rampagingRoombas/turtlebot4_ws/build/lab2_pkg', 'catkin_cmake_args': None, 'catkin_skip_building_tests': False, 'cmake_args': None, 'cmake_clean_cache': False, 'cmake_clean_first': False, 'cmake_force_configure': False, 'cmake_target': None, 'cmake_target_skip_unavailable': False, 'install_base': '/home/ashley.akamine/rampagingRoombas/turtlebot4_ws/install/lab2_pkg', 'merge_install': False, 'path': '/home/ashley.akamine/rampagingRoombas/turtlebot4_ws/src/lab2_pkg', 'symlink_install': False, 'test_result_base': None}
[1.994s] Level 5:colcon.colcon_core.verb:set package 'lab3_pkg' build argument 'cmake_args' from command line to 'None'
[1.994s] Level 5:colcon.colcon_core.verb:set package 'lab3_pkg' build argument 'cmake_target' from command line to 'None'
[1.994s] Level 5:colcon.colcon_core.verb:set package 'lab3_pkg' build argument 'cmake_target_skip_unavailable' from command line to 'False'
[1.994s] Level 5:colcon.colcon_core.verb:set package 'lab3_pkg' build argument 'cmake_clean_cache' from command line to 'False'
[1.994s] Level 5:colcon.colcon_core.verb:set package 'lab3_pkg' build argument 'cmake_clean_first' from command line to 'False'
[1.994s] Level 5:colcon.colcon_core.verb:set package 'lab3_pkg' build argument 'cmake_force_configure' from command line to 'False'
[1.994s] Level 5:colcon.colcon_core.verb:set package 'lab3_pkg' build argument 'ament_cmake_args' from command line to 'None'
[1.994s] Level 5:colcon.colcon_core.verb:set package 'lab3_pkg' build argument 'catkin_cmake_args' from command line to 'None'
[1.994s] Level 5:colcon.colcon_core.verb:set package 'lab3_pkg' build argument 'catkin_skip_building_tests' from command line to 'False'
[1.994s] DEBUG:colcon.colcon_core.verb:Building package 'lab3_pkg' with the following arguments: {'ament_cmake_args': None, 'build_base': '/home/ashley.akamine/rampagingRoombas/turtlebot4_ws/build/lab3_pkg', 'catkin_cmake_args': None, 'catkin_skip_building_tests': False, 'cmake_args': None, 'cmake_clean_cache': False, 'cmake_clean_first': False, 'cmake_force_configure': False, 'cmake_target': None, 'cmake_target_skip_unavailable': False, 'install_base': '/home/ashley.akamine/rampagingRoombas/turtlebot4_ws/install/lab3_pkg', 'merge_install': False, 'path': '/home/ashley.akamine/rampagingRoombas/turtlebot4_ws/src/lab3_pkg', 'symlink_install': False, 'test_result_base': None}
[1.995s] INFO:colcon.colcon_core.executor:Executing jobs using 'parallel' executor
[1.995s] DEBUG:colcon.colcon_parallel_executor.executor.parallel:run_until_complete
[1.995s] INFO:colcon.colcon_ros.task.ament_cmake.build:Building ROS package in '/home/ashley.akamine/rampagingRoombas/turtlebot4_ws/src/custom_interfaces' with build type 'ament_cmake'
[1.995s] INFO:colcon.colcon_cmake.task.cmake.build:Building CMake package in '/home/ashley.akamine/rampagingRoombas/turtlebot4_ws/src/custom_interfaces'
[2.006s] INFO:colcon.colcon_core.plugin_system:Skipping extension 'colcon_core.shell.bat': Not used on non-Windows systems
[2.006s] INFO:colcon.colcon_core.shell:Skip shell extension 'powershell' for command environment: Not usable outside of PowerShell
[2.006s] DEBUG:colcon.colcon_core.shell:Skip shell extension 'dsv' for command environment
[2.009s] INFO:colcon.colcon_ros.task.ament_python.build:Building ROS package in '/home/ashley.akamine/rampagingRoombas/turtlebot4_ws/src/lab1_pkg' with build type 'ament_python'
[2.009s] Level 1:colcon.colcon_core.shell:create_environment_hook('lab1_pkg', 'ament_prefix_path')
[2.009s] INFO:colcon.colcon_core.shell:Creating environment hook '/home/ashley.akamine/rampagingRoombas/turtlebot4_ws/install/lab1_pkg/share/lab1_pkg/hook/ament_prefix_path.ps1'
[2.016s] INFO:colcon.colcon_core.shell:Creating environment descriptor '/home/ashley.akamine/rampagingRoombas/turtlebot4_ws/install/lab1_pkg/share/lab1_pkg/hook/ament_prefix_path.dsv'
[2.017s] INFO:colcon.colcon_core.shell:Creating environment hook '/home/ashley.akamine/rampagingRoombas/turtlebot4_ws/install/lab1_pkg/share/lab1_pkg/hook/ament_prefix_path.sh'
[2.022s] INFO:colcon.colcon_core.shell:Skip shell extension 'powershell' for command environment: Not usable outside of PowerShell
[2.022s] DEBUG:colcon.colcon_core.shell:Skip shell extension 'dsv' for command environment
[2.024s] INFO:colcon.colcon_ros.task.ament_python.build:Building ROS package in '/home/ashley.akamine/rampagingRoombas/turtlebot4_ws/src/lab2_pkg' with build type 'ament_python'
[2.024s] Level 1:colcon.colcon_core.shell:create_environment_hook('lab2_pkg', 'ament_prefix_path')
[2.024s] INFO:colcon.colcon_core.shell:Creating environment hook '/home/ashley.akamine/rampagingRoombas/turtlebot4_ws/install/lab2_pkg/share/lab2_pkg/hook/ament_prefix_path.ps1'
[2.027s] INFO:colcon.colcon_core.shell:Creating environment descriptor '/home/ashley.akamine/rampagingRoombas/turtlebot4_ws/install/lab2_pkg/share/lab2_pkg/hook/ament_prefix_path.dsv'
[2.028s] INFO:colcon.colcon_core.shell:Creating environment hook '/home/ashley.akamine/rampagingRoombas/turtlebot4_ws/install/lab2_pkg/share/lab2_pkg/hook/ament_prefix_path.sh'
[2.030s] INFO:colcon.colcon_core.shell:Skip shell extension 'powershell' for command environment: Not usable outside of PowerShell
[2.030s] DEBUG:colcon.colcon_core.shell:Skip shell extension 'dsv' for command environment
[2.035s] DEBUG:colcon.colcon_core.event_handler.log_command:Invoking command in '/home/ashley.akamine/rampagingRoombas/turtlebot4_ws/build/custom_interfaces': /usr/bin/cmake /home/ashley.akamine/rampagingRoombas/turtlebot4_ws/src/custom_interfaces -DCMAKE_INSTALL_PREFIX=/home/ashley.akamine/rampagingRoombas/turtlebot4_ws/install/custom_interfaces
[2.319s] INFO:colcon.colcon_core.task.python.build:Building Python package in '/home/ashley.akamine/rampagingRoombas/turtlebot4_ws/src/lab1_pkg'
[2.319s] INFO:colcon.colcon_core.shell:Skip shell extension 'powershell' for command environment: Not usable outside of PowerShell
[2.319s] DEBUG:colcon.colcon_core.shell:Skip shell extension 'dsv' for command environment
[2.496s] INFO:colcon.colcon_core.task.python.build:Building Python package in '/home/ashley.akamine/rampagingRoombas/turtlebot4_ws/src/lab2_pkg'
[2.496s] INFO:colcon.colcon_core.shell:Skip shell extension 'powershell' for command environment: Not usable outside of PowerShell
[2.496s] DEBUG:colcon.colcon_core.shell:Skip shell extension 'dsv' for command environment
[3.134s] DEBUG:colcon.colcon_core.event_handler.log_command:Invoked command in '/home/ashley.akamine/rampagingRoombas/turtlebot4_ws/build/custom_interfaces' returned '1': /usr/bin/cmake /home/ashley.akamine/rampagingRoombas/turtlebot4_ws/src/custom_interfaces -DCMAKE_INSTALL_PREFIX=/home/ashley.akamine/rampagingRoombas/turtlebot4_ws/install/custom_interfaces
[3.144s] Level 1:colcon.colcon_core.environment:create_environment_scripts_only(custom_interfaces)
[3.159s] Level 1:colcon.colcon_core.environment:checking '/home/ashley.akamine/rampagingRoombas/turtlebot4_ws/install/custom_interfaces' for CMake module files
[3.159s] Level 1:colcon.colcon_core.environment:checking '/home/ashley.akamine/rampagingRoombas/turtlebot4_ws/install/custom_interfaces' for CMake config files
[3.159s] Level 1:colcon.colcon_core.environment:checking '/home/ashley.akamine/rampagingRoombas/turtlebot4_ws/install/custom_interfaces/bin'
[3.159s] Level 1:colcon.colcon_core.environment:checking '/home/ashley.akamine/rampagingRoombas/turtlebot4_ws/install/custom_interfaces/lib/pkgconfig/custom_interfaces.pc'
[3.159s] Level 1:colcon.colcon_core.environment:checking '/home/ashley.akamine/rampagingRoombas/turtlebot4_ws/install/custom_interfaces/lib/python3.10/site-packages'
[3.159s] Level 1:colcon.colcon_core.environment:checking '/home/ashley.akamine/rampagingRoombas/turtlebot4_ws/install/custom_interfaces/bin'
[3.160s] INFO:colcon.colcon_core.shell:Creating package script '/home/ashley.akamine/rampagingRoombas/turtlebot4_ws/install/custom_interfaces/share/custom_interfaces/package.ps1'
[3.162s] INFO:colcon.colcon_core.shell:Creating package descriptor '/home/ashley.akamine/rampagingRoombas/turtlebot4_ws/install/custom_interfaces/share/custom_interfaces/package.dsv'
[3.164s] INFO:colcon.colcon_core.shell:Creating package script '/home/ashley.akamine/rampagingRoombas/turtlebot4_ws/install/custom_interfaces/share/custom_interfaces/package.sh'
[3.166s] INFO:colcon.colcon_core.shell:Creating package script '/home/ashley.akamine/rampagingRoombas/turtlebot4_ws/install/custom_interfaces/share/custom_interfaces/package.bash'
[3.175s] INFO:colcon.colcon_core.shell:Creating package script '/home/ashley.akamine/rampagingRoombas/turtlebot4_ws/install/custom_interfaces/share/custom_interfaces/package.zsh'
[3.180s] Level 1:colcon.colcon_core.environment:create_file_with_runtime_dependencies(/home/ashley.akamine/rampagingRoombas/turtlebot4_ws/install/custom_interfaces/share/colcon-core/packages/custom_interfaces)
[3.916s] DEBUG:colcon.colcon_parallel_executor.executor.parallel:closing loop
[3.916s] DEBUG:colcon.colcon_parallel_executor.executor.parallel:loop closed
[3.916s] DEBUG:colcon.colcon_parallel_executor.executor.parallel:run_until_complete finished with '1'
[3.916s] DEBUG:colcon.colcon_core.event_reactor:joining thread
[3.940s] INFO:colcon.colcon_core.plugin_system:Skipping extension 'colcon_notification.desktop_notification.terminal_notifier': Not used on non-Darwin systems
[3.940s] INFO:colcon.colcon_core.plugin_system:Skipping extension 'colcon_notification.desktop_notification.win32': Not used on non-Windows systems
[3.940s] INFO:colcon.colcon_notification.desktop_notification:Sending desktop notification using 'notify2'
[3.957s] DEBUG:colcon.colcon_core.event_reactor:joined thread
[3.958s] INFO:colcon.colcon_core.shell:Creating prefix script '/home/ashley.akamine/rampagingRoombas/turtlebot4_ws/install/local_setup.ps1'
[3.997s] INFO:colcon.colcon_core.shell:Creating prefix util module '/home/ashley.akamine/rampagingRoombas/turtlebot4_ws/install/_local_setup_util_ps1.py'
[4.003s] INFO:colcon.colcon_core.shell:Creating prefix chain script '/home/ashley.akamine/rampagingRoombas/turtlebot4_ws/install/setup.ps1'
[4.030s] INFO:colcon.colcon_core.shell:Creating prefix script '/home/ashley.akamine/rampagingRoombas/turtlebot4_ws/install/local_setup.sh'
[4.039s] INFO:colcon.colcon_core.shell:Creating prefix util module '/home/ashley.akamine/rampagingRoombas/turtlebot4_ws/install/_local_setup_util_sh.py'
[4.042s] INFO:colcon.colcon_core.shell:Creating prefix chain script '/home/ashley.akamine/rampagingRoombas/turtlebot4_ws/install/setup.sh'
[4.048s] INFO:colcon.colcon_core.shell:Creating prefix script '/home/ashley.akamine/rampagingRoombas/turtlebot4_ws/install/local_setup.bash'
[4.050s] INFO:colcon.colcon_core.shell:Creating prefix chain script '/home/ashley.akamine/rampagingRoombas/turtlebot4_ws/install/setup.bash'
[4.053s] INFO:colcon.colcon_core.shell:Creating prefix script '/home/ashley.akamine/rampagingRoombas/turtlebot4_ws/install/local_setup.zsh'
[4.056s] INFO:colcon.colcon_core.shell:Creating prefix chain script '/home/ashley.akamine/rampagingRoombas/turtlebot4_ws/install/setup.zsh'
