[0.000000] (-) TimerEvent: {}
[0.000108] (lab1_pkg) JobQueued: {'identifier': 'lab1_pkg', 'dependencies': OrderedDict()}
[0.000129] (lab2_pkg) JobQueued: {'identifier': 'lab2_pkg', 'dependencies': OrderedDict()}
[0.000144] (lab1_pkg) JobStarted: {'identifier': 'lab1_pkg'}
[0.006577] (lab2_pkg) JobStarted: {'identifier': 'lab2_pkg'}
[0.099409] (-) TimerEvent: {}
[0.199622] (-) TimerEvent: {}
[0.299812] (-) TimerEvent: {}
[0.400041] (-) TimerEvent: {}
[0.500246] (-) TimerEvent: {}
[0.600451] (-) TimerEvent: {}
[0.700669] (-) TimerEvent: {}
[0.784463] (lab2_pkg) Command: {'cmd': ['/usr/bin/python3', '-W', 'ignore:setup.py install is deprecated', '-W', 'ignore:easy_install command is deprecated', 'setup.py', 'egg_info', '--egg-base', '../../build/lab2_pkg', 'build', '--build-base', '/home/ashley.akamine/rampagingRoombas/turtlebot4_ws/build/lab2_pkg/build', 'install', '--record', '/home/ashley.akamine/rampagingRoombas/turtlebot4_ws/build/lab2_pkg/install.log', '--single-version-externally-managed', 'install_data'], 'cwd': '/home/ashley.akamine/rampagingRoombas/turtlebot4_ws/src/lab2_pkg', 'env': {'USER': 'ashley.akamine', 'XDG_SESSION_TYPE': 'wayland', 'SHLVL': '1', 'LD_LIBRARY_PATH': '/opt/ros/humble/opt/rviz_ogre_vendor/lib:/opt/ros/humble/lib/x86_64-linux-gnu:/opt/ros/humble/lib', 'OLDPWD': '/home/ashley.akamine/rampagingRoombas/turtlebot4_ws/src/lab2_pkg/lab2_pkg', 'HOME': '/home/ashley.akamine', 'DESKTOP_SESSION': 'ubuntu', 'GTK_MODULES': 'gail:atk-bridge', 'GNOME_SHELL_SESSION_MODE': 'ubuntu', 'ROS_PYTHON_VERSION': '3', 'SYSTEMD_EXEC_PID': '504765', 'DBUS_SESSION_BUS_ADDRESS': 'unix:path=/run/user/481844462/bus,guid=a58d7046003313697ecb046267c20015', 'DBUS_STARTER_BUS_TYPE': 'session', 'COLORTERM': 'truecolor', 'CONDA_CHANGEPS1': 'no', 'WAYLAND_DISPLAY': 'wayland-0', 'ROS_DISTRO': 'humble', 'COLCON_PREFIX_PATH': '/home/ashley.akamine/rampagingRoombas/turtlebot4_ws/install', 'LOGNAME': 'ashley.akamine', '_': '/usr/bin/colcon', 'XDG_SESSION_CLASS': 'user', 'ROS_VERSION': '2', 'USERNAME': 'ashley.akamine', 'TERM': 'xterm-256color', 'PROMPT_EOL_MARK': '', 'ROS_SUPER_CLIENT': 'True', 'GNOME_DESKTOP_SESSION_ID': 'this-is-deprecated', 'ROS_LOCALHOST_ONLY': '0', 'PATH': '/opt/ros/humble/bin:/usr/local/sbin:/usr/local/bin:/usr/sbin:/usr/bin:/sbin:/bin:/usr/games:/usr/local/games:/snap/bin:/snap/bin', 'SESSION_MANAGER': 'local/csci20145:@/tmp/.ICE-unix/504765,unix/csci20145:/tmp/.ICE-unix/504765', 'GNOME_TERMINAL_SCREEN': '/org/gnome/Terminal/screen/12cd0cb0_d9c9_4183_ae35_04454e6e2681', 'XDG_MENU_PREFIX': 'gnome-', 'GNOME_SETUP_DISPLAY': ':3', 'XDG_RUNTIME_DIR': '/run/user/481844462', 'DISPLAY': ':2', 'LANG': 'en_US.UTF-8', 'XDG_CURRENT_DESKTOP': 'ubuntu:GNOME', 'RMW_IMPLEMENTATION': 'rmw_fastrtps_cpp', 'XDG_SESSION_DESKTOP': 'ubuntu', 'GNOME_TERMINAL_SERVICE': ':1.119', 'XMODIFIERS': '@im=ibus', 'XAUTHORITY': '/run/user/481844462/.mutter-Xwaylandauth.WYMM22', 'SSH_AUTH_SOCK': '/run/user/481844462/keyring/ssh', 'SSH_AGENT_LAUNCHER': 'gnome-keyring', 'AMENT_PREFIX_PATH': '/home/ashley.akamine/rampagingRoombas/turtlebot4_ws/install/lab2_pkg:/home/ashley.akamine/rampagingRoombas/turtlebot4_ws/install/lab1_pkg:/opt/ros/humble', 'ROS_DOMAIN_ID': '2', 'KRB5CCNAME': 'FILE:/tmp/krb5cc_481844462_Cp75Sk', 'SHELL': '/bin/zsh', 'ROS_DISCOVERY_SERVER': '10.5.112.168:11811', 'QT_ACCESSIBILITY': '1', 'GDMSESSION': 'ubuntu', 'QT_IM_MODULE': 'ibus', 'PWD': '/home/ashley.akamine/rampagingRoombas/turtlebot4_ws/build/lab2_pkg', 'XDG_DATA_DIRS': '/usr/local/share/:/usr/share/:/var/lib/snapd/desktop', 'DBUS_STARTER_ADDRESS': 'unix:path=/run/user/481844462/bus,guid=a58d7046003313697ecb046267c20015', 'VIRTUAL_ENV_DISABLE_PROMPT': '12', 'PYTHONPATH': '/home/ashley.akamine/rampagingRoombas/turtlebot4_ws/build/lab2_pkg/prefix_override:/usr/lib/python3/dist-packages/colcon_core/task/python/colcon_distutils_commands:/home/ashley.akamine/rampagingRoombas/turtlebot4_ws/install/lab2_pkg/lib/python3.10/site-packages:/home/ashley.akamine/rampagingRoombas/turtlebot4_ws/install/lab2_pkg/lib/python3.10/site-packages:/home/ashley.akamine/rampagingRoombas/turtlebot4_ws/install/lab1_pkg/lib/python3.10/site-packages:/opt/ros/humble/lib/python3.10/site-packages:/opt/ros/humble/local/lib/python3.10/dist-packages', 'COLCON': '1', 'VTE_VERSION': '6800'}, 'shell': False}
[0.789599] (lab1_pkg) Command: {'cmd': ['/usr/bin/python3', '-W', 'ignore:setup.py install is deprecated', '-W', 'ignore:easy_install command is deprecated', 'setup.py', 'egg_info', '--egg-base', '../../build/lab1_pkg', 'build', '--build-base', '/home/ashley.akamine/rampagingRoombas/turtlebot4_ws/build/lab1_pkg/build', 'install', '--record', '/home/ashley.akamine/rampagingRoombas/turtlebot4_ws/build/lab1_pkg/install.log', '--single-version-externally-managed', 'install_data'], 'cwd': '/home/ashley.akamine/rampagingRoombas/turtlebot4_ws/src/lab1_pkg', 'env': {'USER': 'ashley.akamine', 'XDG_SESSION_TYPE': 'wayland', 'SHLVL': '1', 'LD_LIBRARY_PATH': '/opt/ros/humble/opt/rviz_ogre_vendor/lib:/opt/ros/humble/lib/x86_64-linux-gnu:/opt/ros/humble/lib', 'OLDPWD': '/home/ashley.akamine/rampagingRoombas/turtlebot4_ws/src/lab2_pkg/lab2_pkg', 'HOME': '/home/ashley.akamine', 'DESKTOP_SESSION': 'ubuntu', 'GTK_MODULES': 'gail:atk-bridge', 'GNOME_SHELL_SESSION_MODE': 'ubuntu', 'ROS_PYTHON_VERSION': '3', 'SYSTEMD_EXEC_PID': '504765', 'DBUS_SESSION_BUS_ADDRESS': 'unix:path=/run/user/481844462/bus,guid=a58d7046003313697ecb046267c20015', 'DBUS_STARTER_BUS_TYPE': 'session', 'COLORTERM': 'truecolor', 'CONDA_CHANGEPS1': 'no', 'WAYLAND_DISPLAY': 'wayland-0', 'ROS_DISTRO': 'humble', 'COLCON_PREFIX_PATH': '/home/ashley.akamine/rampagingRoombas/turtlebot4_ws/install', 'LOGNAME': 'ashley.akamine', '_': '/usr/bin/colcon', 'XDG_SESSION_CLASS': 'user', 'ROS_VERSION': '2', 'USERNAME': 'ashley.akamine', 'TERM': 'xterm-256color', 'PROMPT_EOL_MARK': '', 'ROS_SUPER_CLIENT': 'True', 'GNOME_DESKTOP_SESSION_ID': 'this-is-deprecated', 'ROS_LOCALHOST_ONLY': '0', 'PATH': '/opt/ros/humble/bin:/usr/local/sbin:/usr/local/bin:/usr/sbin:/usr/bin:/sbin:/bin:/usr/games:/usr/local/games:/snap/bin:/snap/bin', 'SESSION_MANAGER': 'local/csci20145:@/tmp/.ICE-unix/504765,unix/csci20145:/tmp/.ICE-unix/504765', 'GNOME_TERMINAL_SCREEN': '/org/gnome/Terminal/screen/12cd0cb0_d9c9_4183_ae35_04454e6e2681', 'XDG_MENU_PREFIX': 'gnome-', 'GNOME_SETUP_DISPLAY': ':3', 'XDG_RUNTIME_DIR': '/run/user/481844462', 'DISPLAY': ':2', 'LANG': 'en_US.UTF-8', 'XDG_CURRENT_DESKTOP': 'ubuntu:GNOME', 'RMW_IMPLEMENTATION': 'rmw_fastrtps_cpp', 'XDG_SESSION_DESKTOP': 'ubuntu', 'GNOME_TERMINAL_SERVICE': ':1.119', 'XMODIFIERS': '@im=ibus', 'XAUTHORITY': '/run/user/481844462/.mutter-Xwaylandauth.WYMM22', 'SSH_AUTH_SOCK': '/run/user/481844462/keyring/ssh', 'SSH_AGENT_LAUNCHER': 'gnome-keyring', 'AMENT_PREFIX_PATH': '/home/ashley.akamine/rampagingRoombas/turtlebot4_ws/install/lab2_pkg:/home/ashley.akamine/rampagingRoombas/turtlebot4_ws/install/lab1_pkg:/opt/ros/humble', 'ROS_DOMAIN_ID': '2', 'KRB5CCNAME': 'FILE:/tmp/krb5cc_481844462_Cp75Sk', 'SHELL': '/bin/zsh', 'ROS_DISCOVERY_SERVER': '10.5.112.168:11811', 'QT_ACCESSIBILITY': '1', 'GDMSESSION': 'ubuntu', 'QT_IM_MODULE': 'ibus', 'PWD': '/home/ashley.akamine/rampagingRoombas/turtlebot4_ws/build/lab1_pkg', 'XDG_DATA_DIRS': '/usr/local/share/:/usr/share/:/var/lib/snapd/desktop', 'DBUS_STARTER_ADDRESS': 'unix:path=/run/user/481844462/bus,guid=a58d7046003313697ecb046267c20015', 'VIRTUAL_ENV_DISABLE_PROMPT': '12', 'PYTHONPATH': '/home/ashley.akamine/rampagingRoombas/turtlebot4_ws/build/lab1_pkg/prefix_override:/usr/lib/python3/dist-packages/colcon_core/task/python/colcon_distutils_commands:/home/ashley.akamine/rampagingRoombas/turtlebot4_ws/install/lab1_pkg/lib/python3.10/site-packages:/home/ashley.akamine/rampagingRoombas/turtlebot4_ws/install/lab2_pkg/lib/python3.10/site-packages:/home/ashley.akamine/rampagingRoombas/turtlebot4_ws/install/lab1_pkg/lib/python3.10/site-packages:/opt/ros/humble/lib/python3.10/site-packages:/opt/ros/humble/local/lib/python3.10/dist-packages', 'COLCON': '1', 'VTE_VERSION': '6800'}, 'shell': False}
[0.800735] (-) TimerEvent: {}
[0.900892] (-) TimerEvent: {}
[0.995454] (lab1_pkg) StdoutLine: {'line': b'running egg_info\n'}
[0.995713] (lab2_pkg) StdoutLine: {'line': b'running egg_info\n'}
[0.995987] (lab1_pkg) StdoutLine: {'line': b'writing ../../build/lab1_pkg/lab1_pkg.egg-info/PKG-INFO\n'}
[0.996128] (lab1_pkg) StdoutLine: {'line': b'writing dependency_links to ../../build/lab1_pkg/lab1_pkg.egg-info/dependency_links.txt\n'}
[0.996249] (lab1_pkg) StdoutLine: {'line': b'writing entry points to ../../build/lab1_pkg/lab1_pkg.egg-info/entry_points.txt\n'}
[0.996352] (lab2_pkg) StdoutLine: {'line': b'writing ../../build/lab2_pkg/lab2_pkg.egg-info/PKG-INFO\n'}
[0.996452] (lab1_pkg) StdoutLine: {'line': b'writing requirements to ../../build/lab1_pkg/lab1_pkg.egg-info/requires.txt\n'}
[0.996579] (lab2_pkg) StdoutLine: {'line': b'writing dependency_links to ../../build/lab2_pkg/lab2_pkg.egg-info/dependency_links.txt\n'}
[0.996664] (lab1_pkg) StdoutLine: {'line': b'writing top-level names to ../../build/lab1_pkg/lab1_pkg.egg-info/top_level.txt\n'}
[0.996760] (lab2_pkg) StdoutLine: {'line': b'writing entry points to ../../build/lab2_pkg/lab2_pkg.egg-info/entry_points.txt\n'}
[0.996861] (lab2_pkg) StdoutLine: {'line': b'writing requirements to ../../build/lab2_pkg/lab2_pkg.egg-info/requires.txt\n'}
[0.996950] (lab2_pkg) StdoutLine: {'line': b'writing top-level names to ../../build/lab2_pkg/lab2_pkg.egg-info/top_level.txt\n'}
[0.997917] (lab1_pkg) StdoutLine: {'line': b"reading manifest file '../../build/lab1_pkg/lab1_pkg.egg-info/SOURCES.txt'\n"}
[0.998240] (lab2_pkg) StdoutLine: {'line': b"reading manifest file '../../build/lab2_pkg/lab2_pkg.egg-info/SOURCES.txt'\n"}
[0.998552] (lab1_pkg) StdoutLine: {'line': b"writing manifest file '../../build/lab1_pkg/lab1_pkg.egg-info/SOURCES.txt'\n"}
[0.998642] (lab1_pkg) StdoutLine: {'line': b'running build\n'}
[0.998691] (lab1_pkg) StdoutLine: {'line': b'running build_py\n'}
[0.998847] (lab2_pkg) StdoutLine: {'line': b"writing manifest file '../../build/lab2_pkg/lab2_pkg.egg-info/SOURCES.txt'\n"}
[0.998924] (lab2_pkg) StdoutLine: {'line': b'running build\n'}
[0.998985] (lab1_pkg) StdoutLine: {'line': b'running install\n'}
[0.999062] (lab2_pkg) StdoutLine: {'line': b'running build_py\n'}
[0.999132] (lab2_pkg) StdoutLine: {'line': b'copying lab2_pkg/speed_cap_obstacle_detect.py -> /home/ashley.akamine/rampagingRoombas/turtlebot4_ws/build/lab2_pkg/build/lib/lab2_pkg\n'}
[0.999297] (lab1_pkg) StdoutLine: {'line': b'running install_lib\n'}
[0.999339] (lab2_pkg) StdoutLine: {'line': b'running install\n'}
[0.999524] (lab2_pkg) StdoutLine: {'line': b'running install_lib\n'}
[1.000097] (lab2_pkg) StdoutLine: {'line': b'copying /home/ashley.akamine/rampagingRoombas/turtlebot4_ws/build/lab2_pkg/build/lib/lab2_pkg/speed_cap_obstacle_detect.py -> /home/ashley.akamine/rampagingRoombas/turtlebot4_ws/install/lab2_pkg/lib/python3.10/site-packages/lab2_pkg\n'}
[1.000410] (lab1_pkg) StdoutLine: {'line': b'running install_data\n'}
[1.000483] (lab1_pkg) StdoutLine: {'line': b'running install_egg_info\n'}
[1.000885] (lab2_pkg) StdoutLine: {'line': b'byte-compiling /home/ashley.akamine/rampagingRoombas/turtlebot4_ws/install/lab2_pkg/lib/python3.10/site-packages/lab2_pkg/speed_cap_obstacle_detect.py to speed_cap_obstacle_detect.cpython-310.pyc\n'}
[1.000932] (-) TimerEvent: {}
[1.002224] (lab2_pkg) StdoutLine: {'line': b'running install_data\n'}
[1.002313] (lab2_pkg) StdoutLine: {'line': b'running install_egg_info\n'}
[1.002440] (lab1_pkg) StdoutLine: {'line': b"removing '/home/ashley.akamine/rampagingRoombas/turtlebot4_ws/install/lab1_pkg/lib/python3.10/site-packages/lab1_pkg-0.0.0-py3.10.egg-info' (and everything under it)\n"}
[1.002627] (lab1_pkg) StdoutLine: {'line': b'Copying ../../build/lab1_pkg/lab1_pkg.egg-info to /home/ashley.akamine/rampagingRoombas/turtlebot4_ws/install/lab1_pkg/lib/python3.10/site-packages/lab1_pkg-0.0.0-py3.10.egg-info\n'}
[1.003546] (lab1_pkg) StdoutLine: {'line': b'running install_scripts\n'}
[1.004764] (lab2_pkg) StdoutLine: {'line': b"removing '/home/ashley.akamine/rampagingRoombas/turtlebot4_ws/install/lab2_pkg/lib/python3.10/site-packages/lab2_pkg-0.0.0-py3.10.egg-info' (and everything under it)\n"}
[1.004952] (lab2_pkg) StdoutLine: {'line': b'Copying ../../build/lab2_pkg/lab2_pkg.egg-info to /home/ashley.akamine/rampagingRoombas/turtlebot4_ws/install/lab2_pkg/lib/python3.10/site-packages/lab2_pkg-0.0.0-py3.10.egg-info\n'}
[1.005860] (lab2_pkg) StdoutLine: {'line': b'running install_scripts\n'}
[1.018366] (lab1_pkg) StdoutLine: {'line': b'Installing speed_behavior_node script to /home/ashley.akamine/rampagingRoombas/turtlebot4_ws/install/lab1_pkg/lib/lab1_pkg\n'}
[1.018633] (lab1_pkg) StdoutLine: {'line': b"writing list of installed files to '/home/ashley.akamine/rampagingRoombas/turtlebot4_ws/build/lab1_pkg/install.log'\n"}
[1.021174] (lab2_pkg) StdoutLine: {'line': b'Installing SpeedOp script to /home/ashley.akamine/rampagingRoombas/turtlebot4_ws/install/lab2_pkg/lib/lab2_pkg\n'}
[1.021497] (lab2_pkg) StdoutLine: {'line': b"writing list of installed files to '/home/ashley.akamine/rampagingRoombas/turtlebot4_ws/build/lab2_pkg/install.log'\n"}
[1.037935] (lab1_pkg) CommandEnded: {'returncode': 0}
[1.047406] (lab1_pkg) JobEnded: {'identifier': 'lab1_pkg', 'rc': 0}
[1.048536] (lab2_pkg) CommandEnded: {'returncode': 0}
[1.053437] (lab2_pkg) JobEnded: {'identifier': 'lab2_pkg', 'rc': 0}
[1.054055] (-) EventReactorShutdown: {}
