running egg_info
writing ../../build/lab6_pkg/lab6_pkg.egg-info/PKG-INFO
writing dependency_links to ../../build/lab6_pkg/lab6_pkg.egg-info/dependency_links.txt
writing entry points to ../../build/lab6_pkg/lab6_pkg.egg-info/entry_points.txt
writing requirements to ../../build/lab6_pkg/lab6_pkg.egg-info/requires.txt
writing top-level names to ../../build/lab6_pkg/lab6_pkg.egg-info/top_level.txt
reading manifest file '../../build/lab6_pkg/lab6_pkg.egg-info/SOURCES.txt'
writing manifest file '../../build/lab6_pkg/lab6_pkg.egg-info/SOURCES.txt'
running build
running build_py
copying lab6_pkg/go_to_goal_server.py -> /home/ashley.akamine/rampagingRoombas/turtlebot4_ws/build/lab6_pkg/build/lib/lab6_pkg
running install
running install_lib
copying /home/ashley.akamine/rampagingRoombas/turtlebot4_ws/build/lab6_pkg/build/lib/lab6_pkg/go_to_goal_server.py -> /home/ashley.akamine/rampagingRoombas/turtlebot4_ws/install/lab6_pkg/lib/python3.10/site-packages/lab6_pkg
byte-compiling /home/ashley.akamine/rampagingRoombas/turtlebot4_ws/install/lab6_pkg/lib/python3.10/site-packages/lab6_pkg/go_to_goal_server.py to go_to_goal_server.cpython-310.pyc
running install_data
running install_egg_info
removing '/home/ashley.akamine/rampagingRoombas/turtlebot4_ws/install/lab6_pkg/lib/python3.10/site-packages/lab6_pkg-0.0.0-py3.10.egg-info' (and everything under it)
Copying ../../build/lab6_pkg/lab6_pkg.egg-info to /home/ashley.akamine/rampagingRoombas/turtlebot4_ws/install/lab6_pkg/lib/python3.10/site-packages/lab6_pkg-0.0.0-py3.10.egg-info
running install_scripts
Installing go_to_goal script to /home/ashley.akamine/rampagingRoombas/turtlebot4_ws/install/lab6_pkg/lib/lab6_pkg
Installing go_to_goal_client script to /home/ashley.akamine/rampagingRoombas/turtlebot4_ws/install/lab6_pkg/lib/lab6_pkg
writing list of installed files to '/home/ashley.akamine/rampagingRoombas/turtlebot4_ws/build/lab6_pkg/install.log'
