[0.000000] (-) TimerEvent: {}
[0.000094] (custom_interfaces) JobQueued: {'identifier': 'custom_interfaces', 'dependencies': OrderedDict()}
[0.000118] (lab1_pkg) JobQueued: {'identifier': 'lab1_pkg', 'dependencies': OrderedDict()}
[0.000135] (lab2_pkg) JobQueued: {'identifier': 'lab2_pkg', 'dependencies': OrderedDict()}
[0.000149] (lab3_pkg) JobQueued: {'identifier': 'lab3_pkg', 'dependencies': OrderedDict([('custom_interfaces', '/home/ashley.akamine/rampagingRoombas/turtlebot4_ws/install/custom_interfaces')])}
[0.000165] (lab5_pkg) JobQueued: {'identifier': 'lab5_pkg', 'dependencies': OrderedDict([('custom_interfaces', '/home/ashley.akamine/rampagingRoombas/turtlebot4_ws/install/custom_interfaces')])}
[0.000180] (turtlebot_lab_bringup) JobQueued: {'identifier': 'turtlebot_lab_bringup', 'dependencies': OrderedDict([('lab2_pkg', '/home/ashley.akamine/rampagingRoombas/turtlebot4_ws/install/lab2_pkg')])}
[0.000194] (custom_interfaces) JobStarted: {'identifier': 'custom_interfaces'}
[0.005140] (lab2_pkg) JobStarted: {'identifier': 'lab2_pkg'}
[0.010358] (lab1_pkg) JobStarted: {'identifier': 'lab1_pkg'}
[0.017088] (custom_interfaces) JobProgress: {'identifier': 'custom_interfaces', 'progress': 'cmake'}
[0.018275] (custom_interfaces) JobProgress: {'identifier': 'custom_interfaces', 'progress': 'build'}
[0.019279] (custom_interfaces) Command: {'cmd': ['/usr/bin/cmake', '--build', '/home/ashley.akamine/rampagingRoombas/turtlebot4_ws/build/custom_interfaces', '--', '-j16', '-l16'], 'cwd': '/home/ashley.akamine/rampagingRoombas/turtlebot4_ws/build/custom_interfaces', 'env': OrderedDict([('GJS_DEBUG_TOPICS', 'JS ERROR;JS LOG'), ('USER', 'ashley.akamine@plu.edu'), ('XDG_SESSION_TYPE', 'wayland'), ('GIT_ASKPASS', '/usr/share/code/resources/app/extensions/git/dist/askpass.sh'), ('SHLVL', '1'), ('LD_LIBRARY_PATH', '/home/ashley.akamine/rampagingRoombas/turtlebot4_ws/install/custom_interfaces/lib:/opt/ros/humble/opt/rviz_ogre_vendor/lib:/opt/ros/humble/lib/x86_64-linux-gnu:/opt/ros/humble/lib'), ('HOME', '/home/ashley.akamine'), ('OLDPWD', '/home/ashley.akamine/rampagingRoombas/turtlebot4_ws'), ('CHROME_DESKTOP', 'code.desktop'), ('DESKTOP_SESSION', 'ubuntu'), ('TERM_PROGRAM_VERSION', '1.98.2'), ('GIO_LAUNCHED_DESKTOP_FILE', '/usr/share/applications/code.desktop'), ('GTK_MODULES', 'gail:atk-bridge'), ('GNOME_SHELL_SESSION_MODE', 'ubuntu'), ('VSCODE_GIT_ASKPASS_MAIN', '/usr/share/code/resources/app/extensions/git/dist/askpass-main.js'), ('ROS_PYTHON_VERSION', '3'), ('MANAGERPID', '318657'), ('VSCODE_GIT_ASKPASS_NODE', '/usr/share/code/code'), ('SYSTEMD_EXEC_PID', '318826'), ('DBUS_SESSION_BUS_ADDRESS', 'unix:path=/run/user/481844462/bus'), ('PYDEVD_DISABLE_FILE_VALIDATION', '1'), ('BUNDLED_DEBUGPY_PATH', '/home/ashley.akamine/.vscode/extensions/ms-python.debugpy-2025.4.1-linux-x64/bundled/libs/debugpy'), ('GIO_LAUNCHED_DESKTOP_FILE_PID', '319552'), ('COLORTERM', 'truecolor'), ('CONDA_CHANGEPS1', 'no'), ('WAYLAND_DISPLAY', 'wayland-0'), ('ROS_DISTRO', 'humble'), ('COLCON_PREFIX_PATH', '/home/ashley.akamine/rampagingRoombas/turtlebot4_ws/install'), ('LOGNAME', 'ashley.akamine@plu.edu'), ('_', '/usr/bin/colcon'), ('JOURNAL_STREAM', '8:1641300'), ('XDG_SESSION_CLASS', 'user'), ('USER_ZDOTDIR', '/home/ashley.akamine'), ('ROS_VERSION', '2'), ('USERNAME', 'ashley.akamine@plu.edu'), ('PROMPT_EOL_MARK', ''), ('TERM', 'xterm-256color'), ('ROS_SUPER_CLIENT', 'True'), ('GNOME_DESKTOP_SESSION_ID', 'this-is-deprecated'), ('ROS_LOCALHOST_ONLY', '0'), ('PATH', '/opt/ros/humble/bin:/usr/local/sbin:/usr/local/bin:/usr/sbin:/usr/bin:/sbin:/bin:/usr/games:/usr/local/games:/snap/bin:/snap/bin:/home/ashley.akamine/.vscode/extensions/ms-python.debugpy-2025.4.1-linux-x64/bundled/scripts/noConfigScripts'), ('SESSION_MANAGER', 'local/csci20145:@/tmp/.ICE-unix/318801,unix/csci20145:/tmp/.ICE-unix/318801'), ('INVOCATION_ID', '61114afdaf10442f9f957b940ed2fd79'), ('XDG_RUNTIME_DIR', '/run/user/481844462'), ('XDG_MENU_PREFIX', 'gnome-'), ('GNOME_SETUP_DISPLAY', ':1'), ('GDK_BACKEND', 'x11'), ('DISPLAY', ':0'), ('LANG', 'en_US.UTF-8'), ('XDG_CURRENT_DESKTOP', 'Unity'), ('VSCODE_DEBUGPY_ADAPTER_ENDPOINTS', '/home/ashley.akamine/.vscode/extensions/ms-python.debugpy-2025.4.1-linux-x64/.noConfigDebugAdapterEndpoints/endpoint-5e84f070e7f40046.txt'), ('VSCODE_INJECTION', '1'), ('RMW_IMPLEMENTATION', 'rmw_fastrtps_cpp'), ('XDG_SESSION_DESKTOP', 'ubuntu'), ('XMODIFIERS', '@im=ibus'), ('XAUTHORITY', '/run/user/481844462/.mutter-Xwaylandauth.9EXU42'), ('TERM_PROGRAM', 'vscode'), ('VSCODE_GIT_IPC_HANDLE', '/run/user/481844462/vscode-git-eb3a6a45bf.sock'), ('SSH_AGENT_LAUNCHER', 'gnome-keyring'), ('SSH_AUTH_SOCK', '/run/user/481844462/keyring/ssh'), ('ORIGINAL_XDG_CURRENT_DESKTOP', 'ubuntu:GNOME'), ('AMENT_PREFIX_PATH', '/home/ashley.akamine/rampagingRoombas/turtlebot4_ws/install/turtlebot_lab_bringup:/home/ashley.akamine/rampagingRoombas/turtlebot4_ws/install/lab5_pkg:/home/ashley.akamine/rampagingRoombas/turtlebot4_ws/install/lab3_pkg:/home/ashley.akamine/rampagingRoombas/turtlebot4_ws/install/lab2_pkg:/home/ashley.akamine/rampagingRoombas/turtlebot4_ws/install/lab1_pkg:/home/ashley.akamine/rampagingRoombas/turtlebot4_ws/install/custom_interfaces:/opt/ros/humble'), ('ROS_DOMAIN_ID', '2'), ('SHELL', '/bin/zsh'), ('KRB5CCNAME', 'FILE:/tmp/krb5cc_481844462_VDG5Kq'), ('ROS_DISCOVERY_SERVER', '10.5.113.101:11811'), ('QT_ACCESSIBILITY', '1'), ('GDMSESSION', 'ubuntu'), ('GJS_DEBUG_OUTPUT', 'stderr'), ('QT_IM_MODULE', 'ibus'), ('VSCODE_GIT_ASKPASS_EXTRA_ARGS', ''), ('PWD', '/home/ashley.akamine/rampagingRoombas/turtlebot4_ws/build/custom_interfaces'), ('XDG_DATA_DIRS', '/usr/local/share/:/usr/share/:/var/lib/snapd/desktop'), ('ZDOTDIR', '/home/ashley.akamine'), ('VIRTUAL_ENV_DISABLE_PROMPT', '12'), ('PYTHONPATH', '/home/ashley.akamine/rampagingRoombas/turtlebot4_ws/install/lab5_pkg/lib/python3.10/site-packages:/home/ashley.akamine/rampagingRoombas/turtlebot4_ws/install/lab3_pkg/lib/python3.10/site-packages:/home/ashley.akamine/rampagingRoombas/turtlebot4_ws/install/lab2_pkg/lib/python3.10/site-packages:/home/ashley.akamine/rampagingRoombas/turtlebot4_ws/install/lab1_pkg/lib/python3.10/site-packages:/home/ashley.akamine/rampagingRoombas/turtlebot4_ws/install/custom_interfaces/local/lib/python3.10/dist-packages:/opt/ros/humble/lib/python3.10/site-packages:/opt/ros/humble/local/lib/python3.10/dist-packages'), ('COLCON', '1'), ('CMAKE_PREFIX_PATH', '/home/ashley.akamine/rampagingRoombas/turtlebot4_ws/install/turtlebot_lab_bringup:/home/ashley.akamine/rampagingRoombas/turtlebot4_ws/install/custom_interfaces:/home/ashley.akamine/rampagingRoombas/turtlebot4_ws/install/lab5_pkg:/home/ashley.akamine/rampagingRoombas/turtlebot4_ws/install/lab3_pkg:/home/ashley.akamine/rampagingRoombas/turtlebot4_ws/install/lab2_pkg:/home/ashley.akamine/rampagingRoombas/turtlebot4_ws/install/lab1_pkg:/opt/ros/humble')]), 'shell': False}
[0.099494] (-) TimerEvent: {}
[0.199726] (-) TimerEvent: {}
[0.270920] (custom_interfaces) StdoutLine: {'line': b'[  2%] Built target custom_interfaces__cpp\n'}
[0.271285] (custom_interfaces) StdoutLine: {'line': b'[ 12%] Built target custom_interfaces__rosidl_generator_c\n'}
[0.271350] (custom_interfaces) StdoutLine: {'line': b'[ 12%] Built target ament_cmake_python_copy_custom_interfaces\n'}
[0.271465] (custom_interfaces) StdoutLine: {'line': b'[ 43%] Built target custom_interfaces__rosidl_typesupport_c\n'}
[0.271519] (custom_interfaces) StdoutLine: {'line': b'[ 58%] Built target custom_interfaces__rosidl_typesupport_introspection_c\n'}
[0.271752] (custom_interfaces) StdoutLine: {'line': b'[ 58%] Built target custom_interfaces__rosidl_typesupport_fastrtps_c\n'}
[0.271810] (custom_interfaces) StdoutLine: {'line': b'[ 61%] Built target custom_interfaces__rosidl_typesupport_fastrtps_cpp\n'}
[0.271862] (custom_interfaces) StdoutLine: {'line': b'[ 64%] Built target custom_interfaces__rosidl_typesupport_introspection_cpp\n'}
[0.271913] (custom_interfaces) StdoutLine: {'line': b'[ 74%] Built target custom_interfaces__rosidl_typesupport_cpp\n'}
[0.271963] (custom_interfaces) StdoutLine: {'line': b'[ 74%] Built target custom_interfaces\n'}
[0.272013] (custom_interfaces) StdoutLine: {'line': b'[ 76%] Built target custom_interfaces__py\n'}
[0.272359] (custom_interfaces) StdoutLine: {'line': b'[ 84%] Built target custom_interfaces__rosidl_generator_py\n'}
[0.272408] (custom_interfaces) StdoutLine: {'line': b'[100%] Built target custom_interfaces__rosidl_typesupport_fastrtps_c__pyext\n'}
[0.272456] (custom_interfaces) StdoutLine: {'line': b'[100%] Built target custom_interfaces__rosidl_typesupport_c__pyext\n'}
[0.272504] (custom_interfaces) StdoutLine: {'line': b'[100%] Built target custom_interfaces__rosidl_typesupport_introspection_c__pyext\n'}
[0.299795] (-) TimerEvent: {}
[0.310476] (custom_interfaces) StdoutLine: {'line': b'running egg_info\n'}
[0.311402] (custom_interfaces) StdoutLine: {'line': b'writing custom_interfaces.egg-info/PKG-INFO\n'}
[0.311623] (custom_interfaces) StdoutLine: {'line': b'writing dependency_links to custom_interfaces.egg-info/dependency_links.txt\n'}
[0.311809] (custom_interfaces) StdoutLine: {'line': b'writing top-level names to custom_interfaces.egg-info/top_level.txt\n'}
[0.314181] (custom_interfaces) StdoutLine: {'line': b"reading manifest file 'custom_interfaces.egg-info/SOURCES.txt'\n"}
[0.314640] (custom_interfaces) StdoutLine: {'line': b"writing manifest file 'custom_interfaces.egg-info/SOURCES.txt'\n"}
[0.342518] (custom_interfaces) StdoutLine: {'line': b'[100%] Built target ament_cmake_python_build_custom_interfaces_egg\n'}
[0.399877] (-) TimerEvent: {}
[0.500226] (-) TimerEvent: {}
[0.504868] (custom_interfaces) CommandEnded: {'returncode': 0}
[0.505319] (custom_interfaces) JobProgress: {'identifier': 'custom_interfaces', 'progress': 'install'}
[0.512941] (custom_interfaces) Command: {'cmd': ['/usr/bin/cmake', '--install', '/home/ashley.akamine/rampagingRoombas/turtlebot4_ws/build/custom_interfaces'], 'cwd': '/home/ashley.akamine/rampagingRoombas/turtlebot4_ws/build/custom_interfaces', 'env': OrderedDict([('GJS_DEBUG_TOPICS', 'JS ERROR;JS LOG'), ('USER', 'ashley.akamine@plu.edu'), ('XDG_SESSION_TYPE', 'wayland'), ('GIT_ASKPASS', '/usr/share/code/resources/app/extensions/git/dist/askpass.sh'), ('SHLVL', '1'), ('LD_LIBRARY_PATH', '/home/ashley.akamine/rampagingRoombas/turtlebot4_ws/install/custom_interfaces/lib:/opt/ros/humble/opt/rviz_ogre_vendor/lib:/opt/ros/humble/lib/x86_64-linux-gnu:/opt/ros/humble/lib'), ('HOME', '/home/ashley.akamine'), ('OLDPWD', '/home/ashley.akamine/rampagingRoombas/turtlebot4_ws'), ('CHROME_DESKTOP', 'code.desktop'), ('DESKTOP_SESSION', 'ubuntu'), ('TERM_PROGRAM_VERSION', '1.98.2'), ('GIO_LAUNCHED_DESKTOP_FILE', '/usr/share/applications/code.desktop'), ('GTK_MODULES', 'gail:atk-bridge'), ('GNOME_SHELL_SESSION_MODE', 'ubuntu'), ('VSCODE_GIT_ASKPASS_MAIN', '/usr/share/code/resources/app/extensions/git/dist/askpass-main.js'), ('ROS_PYTHON_VERSION', '3'), ('MANAGERPID', '318657'), ('VSCODE_GIT_ASKPASS_NODE', '/usr/share/code/code'), ('SYSTEMD_EXEC_PID', '318826'), ('DBUS_SESSION_BUS_ADDRESS', 'unix:path=/run/user/481844462/bus'), ('PYDEVD_DISABLE_FILE_VALIDATION', '1'), ('BUNDLED_DEBUGPY_PATH', '/home/ashley.akamine/.vscode/extensions/ms-python.debugpy-2025.4.1-linux-x64/bundled/libs/debugpy'), ('GIO_LAUNCHED_DESKTOP_FILE_PID', '319552'), ('COLORTERM', 'truecolor'), ('CONDA_CHANGEPS1', 'no'), ('WAYLAND_DISPLAY', 'wayland-0'), ('ROS_DISTRO', 'humble'), ('COLCON_PREFIX_PATH', '/home/ashley.akamine/rampagingRoombas/turtlebot4_ws/install'), ('LOGNAME', 'ashley.akamine@plu.edu'), ('_', '/usr/bin/colcon'), ('JOURNAL_STREAM', '8:1641300'), ('XDG_SESSION_CLASS', 'user'), ('USER_ZDOTDIR', '/home/ashley.akamine'), ('ROS_VERSION', '2'), ('USERNAME', 'ashley.akamine@plu.edu'), ('PROMPT_EOL_MARK', ''), ('TERM', 'xterm-256color'), ('ROS_SUPER_CLIENT', 'True'), ('GNOME_DESKTOP_SESSION_ID', 'this-is-deprecated'), ('ROS_LOCALHOST_ONLY', '0'), ('PATH', '/opt/ros/humble/bin:/usr/local/sbin:/usr/local/bin:/usr/sbin:/usr/bin:/sbin:/bin:/usr/games:/usr/local/games:/snap/bin:/snap/bin:/home/ashley.akamine/.vscode/extensions/ms-python.debugpy-2025.4.1-linux-x64/bundled/scripts/noConfigScripts'), ('SESSION_MANAGER', 'local/csci20145:@/tmp/.ICE-unix/318801,unix/csci20145:/tmp/.ICE-unix/318801'), ('INVOCATION_ID', '61114afdaf10442f9f957b940ed2fd79'), ('XDG_RUNTIME_DIR', '/run/user/481844462'), ('XDG_MENU_PREFIX', 'gnome-'), ('GNOME_SETUP_DISPLAY', ':1'), ('GDK_BACKEND', 'x11'), ('DISPLAY', ':0'), ('LANG', 'en_US.UTF-8'), ('XDG_CURRENT_DESKTOP', 'Unity'), ('VSCODE_DEBUGPY_ADAPTER_ENDPOINTS', '/home/ashley.akamine/.vscode/extensions/ms-python.debugpy-2025.4.1-linux-x64/.noConfigDebugAdapterEndpoints/endpoint-5e84f070e7f40046.txt'), ('VSCODE_INJECTION', '1'), ('RMW_IMPLEMENTATION', 'rmw_fastrtps_cpp'), ('XDG_SESSION_DESKTOP', 'ubuntu'), ('XMODIFIERS', '@im=ibus'), ('XAUTHORITY', '/run/user/481844462/.mutter-Xwaylandauth.9EXU42'), ('TERM_PROGRAM', 'vscode'), ('VSCODE_GIT_IPC_HANDLE', '/run/user/481844462/vscode-git-eb3a6a45bf.sock'), ('SSH_AGENT_LAUNCHER', 'gnome-keyring'), ('SSH_AUTH_SOCK', '/run/user/481844462/keyring/ssh'), ('ORIGINAL_XDG_CURRENT_DESKTOP', 'ubuntu:GNOME'), ('AMENT_PREFIX_PATH', '/home/ashley.akamine/rampagingRoombas/turtlebot4_ws/install/turtlebot_lab_bringup:/home/ashley.akamine/rampagingRoombas/turtlebot4_ws/install/lab5_pkg:/home/ashley.akamine/rampagingRoombas/turtlebot4_ws/install/lab3_pkg:/home/ashley.akamine/rampagingRoombas/turtlebot4_ws/install/lab2_pkg:/home/ashley.akamine/rampagingRoombas/turtlebot4_ws/install/lab1_pkg:/home/ashley.akamine/rampagingRoombas/turtlebot4_ws/install/custom_interfaces:/opt/ros/humble'), ('ROS_DOMAIN_ID', '2'), ('SHELL', '/bin/zsh'), ('KRB5CCNAME', 'FILE:/tmp/krb5cc_481844462_VDG5Kq'), ('ROS_DISCOVERY_SERVER', '10.5.113.101:11811'), ('QT_ACCESSIBILITY', '1'), ('GDMSESSION', 'ubuntu'), ('GJS_DEBUG_OUTPUT', 'stderr'), ('QT_IM_MODULE', 'ibus'), ('VSCODE_GIT_ASKPASS_EXTRA_ARGS', ''), ('PWD', '/home/ashley.akamine/rampagingRoombas/turtlebot4_ws/build/custom_interfaces'), ('XDG_DATA_DIRS', '/usr/local/share/:/usr/share/:/var/lib/snapd/desktop'), ('ZDOTDIR', '/home/ashley.akamine'), ('VIRTUAL_ENV_DISABLE_PROMPT', '12'), ('PYTHONPATH', '/home/ashley.akamine/rampagingRoombas/turtlebot4_ws/install/lab5_pkg/lib/python3.10/site-packages:/home/ashley.akamine/rampagingRoombas/turtlebot4_ws/install/lab3_pkg/lib/python3.10/site-packages:/home/ashley.akamine/rampagingRoombas/turtlebot4_ws/install/lab2_pkg/lib/python3.10/site-packages:/home/ashley.akamine/rampagingRoombas/turtlebot4_ws/install/lab1_pkg/lib/python3.10/site-packages:/home/ashley.akamine/rampagingRoombas/turtlebot4_ws/install/custom_interfaces/local/lib/python3.10/dist-packages:/opt/ros/humble/lib/python3.10/site-packages:/opt/ros/humble/local/lib/python3.10/dist-packages'), ('COLCON', '1'), ('CMAKE_PREFIX_PATH', '/home/ashley.akamine/rampagingRoombas/turtlebot4_ws/install/turtlebot_lab_bringup:/home/ashley.akamine/rampagingRoombas/turtlebot4_ws/install/custom_interfaces:/home/ashley.akamine/rampagingRoombas/turtlebot4_ws/install/lab5_pkg:/home/ashley.akamine/rampagingRoombas/turtlebot4_ws/install/lab3_pkg:/home/ashley.akamine/rampagingRoombas/turtlebot4_ws/install/lab2_pkg:/home/ashley.akamine/rampagingRoombas/turtlebot4_ws/install/lab1_pkg:/opt/ros/humble')]), 'shell': False}
[0.521352] (custom_interfaces) StdoutLine: {'line': b'-- Install configuration: ""\n'}
[0.521603] (custom_interfaces) StdoutLine: {'line': b'-- Up-to-date: /home/ashley.akamine/rampagingRoombas/turtlebot4_ws/install/custom_interfaces/share/ament_index/resource_index/rosidl_interfaces/custom_interfaces\n'}
[0.521734] (custom_interfaces) StdoutLine: {'line': b'-- Up-to-date: /home/ashley.akamine/rampagingRoombas/turtlebot4_ws/install/custom_interfaces/include/custom_interfaces/custom_interfaces\n'}
[0.521849] (custom_interfaces) StdoutLine: {'line': b'-- Up-to-date: /home/ashley.akamine/rampagingRoombas/turtlebot4_ws/install/custom_interfaces/include/custom_interfaces/custom_interfaces/msg\n'}
[0.521913] (custom_interfaces) StdoutLine: {'line': b'-- Up-to-date: /home/ashley.akamine/rampagingRoombas/turtlebot4_ws/install/custom_interfaces/include/custom_interfaces/custom_interfaces/msg/rosidl_generator_c__visibility_control.h\n'}
[0.521965] (custom_interfaces) StdoutLine: {'line': b'-- Up-to-date: /home/ashley.akamine/rampagingRoombas/turtlebot4_ws/install/custom_interfaces/include/custom_interfaces/custom_interfaces/action\n'}
[0.522032] (custom_interfaces) StdoutLine: {'line': b'-- Up-to-date: /home/ashley.akamine/rampagingRoombas/turtlebot4_ws/install/custom_interfaces/include/custom_interfaces/custom_interfaces/action/robot_goal.h\n'}
[0.522084] (custom_interfaces) StdoutLine: {'line': b'-- Up-to-date: /home/ashley.akamine/rampagingRoombas/turtlebot4_ws/install/custom_interfaces/include/custom_interfaces/custom_interfaces/action/detail\n'}
[0.522128] (custom_interfaces) StdoutLine: {'line': b'-- Up-to-date: /home/ashley.akamine/rampagingRoombas/turtlebot4_ws/install/custom_interfaces/include/custom_interfaces/custom_interfaces/action/detail/robot_goal__struct.h\n'}
[0.522175] (custom_interfaces) StdoutLine: {'line': b'-- Up-to-date: /home/ashley.akamine/rampagingRoombas/turtlebot4_ws/install/custom_interfaces/include/custom_interfaces/custom_interfaces/action/detail/robot_goal__functions.c\n'}
[0.522229] (custom_interfaces) StdoutLine: {'line': b'-- Up-to-date: /home/ashley.akamine/rampagingRoombas/turtlebot4_ws/install/custom_interfaces/include/custom_interfaces/custom_interfaces/action/detail/robot_goal__functions.h\n'}
[0.522276] (custom_interfaces) StdoutLine: {'line': b'-- Up-to-date: /home/ashley.akamine/rampagingRoombas/turtlebot4_ws/install/custom_interfaces/include/custom_interfaces/custom_interfaces/action/detail/robot_goal__type_support.h\n'}
[0.522321] (custom_interfaces) StdoutLine: {'line': b'-- Up-to-date: /home/ashley.akamine/rampagingRoombas/turtlebot4_ws/install/custom_interfaces/include/custom_interfaces/custom_interfaces/srv\n'}
[0.522367] (custom_interfaces) StdoutLine: {'line': b'-- Up-to-date: /home/ashley.akamine/rampagingRoombas/turtlebot4_ws/install/custom_interfaces/include/custom_interfaces/custom_interfaces/srv/get_summary.h\n'}
[0.522412] (custom_interfaces) StdoutLine: {'line': b'-- Up-to-date: /home/ashley.akamine/rampagingRoombas/turtlebot4_ws/install/custom_interfaces/include/custom_interfaces/custom_interfaces/srv/detail\n'}
[0.522457] (custom_interfaces) StdoutLine: {'line': b'-- Up-to-date: /home/ashley.akamine/rampagingRoombas/turtlebot4_ws/install/custom_interfaces/include/custom_interfaces/custom_interfaces/srv/detail/get_summary__type_support.h\n'}
[0.522503] (custom_interfaces) StdoutLine: {'line': b'-- Up-to-date: /home/ashley.akamine/rampagingRoombas/turtlebot4_ws/install/custom_interfaces/include/custom_interfaces/custom_interfaces/srv/detail/get_summary__struct.h\n'}
[0.522549] (custom_interfaces) StdoutLine: {'line': b'-- Up-to-date: /home/ashley.akamine/rampagingRoombas/turtlebot4_ws/install/custom_interfaces/include/custom_interfaces/custom_interfaces/srv/detail/get_summary__functions.c\n'}
[0.522640] (custom_interfaces) StdoutLine: {'line': b'-- Up-to-date: /home/ashley.akamine/rampagingRoombas/turtlebot4_ws/install/custom_interfaces/include/custom_interfaces/custom_interfaces/srv/detail/get_summary__functions.h\n'}
[0.522686] (custom_interfaces) StdoutLine: {'line': b'-- Up-to-date: /home/ashley.akamine/rampagingRoombas/turtlebot4_ws/install/custom_interfaces/share/custom_interfaces/environment/library_path.sh\n'}
[0.522788] (custom_interfaces) StdoutLine: {'line': b'-- Up-to-date: /home/ashley.akamine/rampagingRoombas/turtlebot4_ws/install/custom_interfaces/share/custom_interfaces/environment/library_path.dsv\n'}
[0.522834] (custom_interfaces) StdoutLine: {'line': b'-- Up-to-date: /home/ashley.akamine/rampagingRoombas/turtlebot4_ws/install/custom_interfaces/lib/libcustom_interfaces__rosidl_generator_c.so\n'}
[0.522878] (custom_interfaces) StdoutLine: {'line': b'-- Up-to-date: /home/ashley.akamine/rampagingRoombas/turtlebot4_ws/install/custom_interfaces/include/custom_interfaces/custom_interfaces\n'}
[0.522943] (custom_interfaces) StdoutLine: {'line': b'-- Up-to-date: /home/ashley.akamine/rampagingRoombas/turtlebot4_ws/install/custom_interfaces/include/custom_interfaces/custom_interfaces/msg\n'}
[0.522987] (custom_interfaces) StdoutLine: {'line': b'-- Up-to-date: /home/ashley.akamine/rampagingRoombas/turtlebot4_ws/install/custom_interfaces/include/custom_interfaces/custom_interfaces/msg/rosidl_typesupport_fastrtps_c__visibility_control.h\n'}
[0.523035] (custom_interfaces) StdoutLine: {'line': b'-- Up-to-date: /home/ashley.akamine/rampagingRoombas/turtlebot4_ws/install/custom_interfaces/include/custom_interfaces/custom_interfaces/action\n'}
[0.523078] (custom_interfaces) StdoutLine: {'line': b'-- Up-to-date: /home/ashley.akamine/rampagingRoombas/turtlebot4_ws/install/custom_interfaces/include/custom_interfaces/custom_interfaces/action/detail\n'}
[0.523122] (custom_interfaces) StdoutLine: {'line': b'-- Up-to-date: /home/ashley.akamine/rampagingRoombas/turtlebot4_ws/install/custom_interfaces/include/custom_interfaces/custom_interfaces/action/detail/robot_goal__rosidl_typesupport_fastrtps_c.h\n'}
[0.523168] (custom_interfaces) StdoutLine: {'line': b'-- Up-to-date: /home/ashley.akamine/rampagingRoombas/turtlebot4_ws/install/custom_interfaces/include/custom_interfaces/custom_interfaces/srv\n'}
[0.523213] (custom_interfaces) StdoutLine: {'line': b'-- Up-to-date: /home/ashley.akamine/rampagingRoombas/turtlebot4_ws/install/custom_interfaces/include/custom_interfaces/custom_interfaces/srv/detail\n'}
[0.523259] (custom_interfaces) StdoutLine: {'line': b'-- Up-to-date: /home/ashley.akamine/rampagingRoombas/turtlebot4_ws/install/custom_interfaces/include/custom_interfaces/custom_interfaces/srv/detail/get_summary__rosidl_typesupport_fastrtps_c.h\n'}
[0.523331] (custom_interfaces) StdoutLine: {'line': b'-- Up-to-date: /home/ashley.akamine/rampagingRoombas/turtlebot4_ws/install/custom_interfaces/lib/libcustom_interfaces__rosidl_typesupport_fastrtps_c.so\n'}
[0.523408] (custom_interfaces) StdoutLine: {'line': b'-- Up-to-date: /home/ashley.akamine/rampagingRoombas/turtlebot4_ws/install/custom_interfaces/include/custom_interfaces/custom_interfaces\n'}
[0.523456] (custom_interfaces) StdoutLine: {'line': b'-- Up-to-date: /home/ashley.akamine/rampagingRoombas/turtlebot4_ws/install/custom_interfaces/include/custom_interfaces/custom_interfaces/msg\n'}
[0.523503] (custom_interfaces) StdoutLine: {'line': b'-- Up-to-date: /home/ashley.akamine/rampagingRoombas/turtlebot4_ws/install/custom_interfaces/include/custom_interfaces/custom_interfaces/msg/rosidl_typesupport_introspection_c__visibility_control.h\n'}
[0.523549] (custom_interfaces) StdoutLine: {'line': b'-- Up-to-date: /home/ashley.akamine/rampagingRoombas/turtlebot4_ws/install/custom_interfaces/include/custom_interfaces/custom_interfaces/action\n'}
[0.523594] (custom_interfaces) StdoutLine: {'line': b'-- Up-to-date: /home/ashley.akamine/rampagingRoombas/turtlebot4_ws/install/custom_interfaces/include/custom_interfaces/custom_interfaces/action/detail\n'}
[0.523641] (custom_interfaces) StdoutLine: {'line': b'-- Up-to-date: /home/ashley.akamine/rampagingRoombas/turtlebot4_ws/install/custom_interfaces/include/custom_interfaces/custom_interfaces/action/detail/robot_goal__rosidl_typesupport_introspection_c.h\n'}
[0.523687] (custom_interfaces) StdoutLine: {'line': b'-- Up-to-date: /home/ashley.akamine/rampagingRoombas/turtlebot4_ws/install/custom_interfaces/include/custom_interfaces/custom_interfaces/action/detail/robot_goal__type_support.c\n'}
[0.523795] (custom_interfaces) StdoutLine: {'line': b'-- Up-to-date: /home/ashley.akamine/rampagingRoombas/turtlebot4_ws/install/custom_interfaces/include/custom_interfaces/custom_interfaces/srv\n'}
[0.523842] (custom_interfaces) StdoutLine: {'line': b'-- Up-to-date: /home/ashley.akamine/rampagingRoombas/turtlebot4_ws/install/custom_interfaces/include/custom_interfaces/custom_interfaces/srv/detail\n'}
[0.523888] (custom_interfaces) StdoutLine: {'line': b'-- Up-to-date: /home/ashley.akamine/rampagingRoombas/turtlebot4_ws/install/custom_interfaces/include/custom_interfaces/custom_interfaces/srv/detail/get_summary__rosidl_typesupport_introspection_c.h\n'}
[0.523935] (custom_interfaces) StdoutLine: {'line': b'-- Up-to-date: /home/ashley.akamine/rampagingRoombas/turtlebot4_ws/install/custom_interfaces/include/custom_interfaces/custom_interfaces/srv/detail/get_summary__type_support.c\n'}
[0.524003] (custom_interfaces) StdoutLine: {'line': b'-- Up-to-date: /home/ashley.akamine/rampagingRoombas/turtlebot4_ws/install/custom_interfaces/lib/libcustom_interfaces__rosidl_typesupport_introspection_c.so\n'}
[0.524075] (custom_interfaces) StdoutLine: {'line': b'-- Up-to-date: /home/ashley.akamine/rampagingRoombas/turtlebot4_ws/install/custom_interfaces/lib/libcustom_interfaces__rosidl_typesupport_c.so\n'}
[0.524122] (custom_interfaces) StdoutLine: {'line': b'-- Up-to-date: /home/ashley.akamine/rampagingRoombas/turtlebot4_ws/install/custom_interfaces/include/custom_interfaces/custom_interfaces\n'}
[0.524168] (custom_interfaces) StdoutLine: {'line': b'-- Up-to-date: /home/ashley.akamine/rampagingRoombas/turtlebot4_ws/install/custom_interfaces/include/custom_interfaces/custom_interfaces/msg\n'}
[0.524214] (custom_interfaces) StdoutLine: {'line': b'-- Up-to-date: /home/ashley.akamine/rampagingRoombas/turtlebot4_ws/install/custom_interfaces/include/custom_interfaces/custom_interfaces/msg/rosidl_generator_cpp__visibility_control.hpp\n'}
[0.524260] (custom_interfaces) StdoutLine: {'line': b'-- Up-to-date: /home/ashley.akamine/rampagingRoombas/turtlebot4_ws/install/custom_interfaces/include/custom_interfaces/custom_interfaces/action\n'}
[0.524305] (custom_interfaces) StdoutLine: {'line': b'-- Up-to-date: /home/ashley.akamine/rampagingRoombas/turtlebot4_ws/install/custom_interfaces/include/custom_interfaces/custom_interfaces/action/robot_goal.hpp\n'}
[0.524351] (custom_interfaces) StdoutLine: {'line': b'-- Up-to-date: /home/ashley.akamine/rampagingRoombas/turtlebot4_ws/install/custom_interfaces/include/custom_interfaces/custom_interfaces/action/detail\n'}
[0.524396] (custom_interfaces) StdoutLine: {'line': b'-- Up-to-date: /home/ashley.akamine/rampagingRoombas/turtlebot4_ws/install/custom_interfaces/include/custom_interfaces/custom_interfaces/action/detail/robot_goal__builder.hpp\n'}
[0.524441] (custom_interfaces) StdoutLine: {'line': b'-- Up-to-date: /home/ashley.akamine/rampagingRoombas/turtlebot4_ws/install/custom_interfaces/include/custom_interfaces/custom_interfaces/action/detail/robot_goal__struct.hpp\n'}
[0.524486] (custom_interfaces) StdoutLine: {'line': b'-- Up-to-date: /home/ashley.akamine/rampagingRoombas/turtlebot4_ws/install/custom_interfaces/include/custom_interfaces/custom_interfaces/action/detail/robot_goal__type_support.hpp\n'}
[0.524531] (custom_interfaces) StdoutLine: {'line': b'-- Up-to-date: /home/ashley.akamine/rampagingRoombas/turtlebot4_ws/install/custom_interfaces/include/custom_interfaces/custom_interfaces/action/detail/robot_goal__traits.hpp\n'}
[0.524607] (custom_interfaces) StdoutLine: {'line': b'-- Up-to-date: /home/ashley.akamine/rampagingRoombas/turtlebot4_ws/install/custom_interfaces/include/custom_interfaces/custom_interfaces/srv\n'}
[0.524669] (custom_interfaces) StdoutLine: {'line': b'-- Up-to-date: /home/ashley.akamine/rampagingRoombas/turtlebot4_ws/install/custom_interfaces/include/custom_interfaces/custom_interfaces/srv/get_summary.hpp\n'}
[0.524722] (custom_interfaces) StdoutLine: {'line': b'-- Up-to-date: /home/ashley.akamine/rampagingRoombas/turtlebot4_ws/install/custom_interfaces/include/custom_interfaces/custom_interfaces/srv/detail\n'}
[0.524769] (custom_interfaces) StdoutLine: {'line': b'-- Up-to-date: /home/ashley.akamine/rampagingRoombas/turtlebot4_ws/install/custom_interfaces/include/custom_interfaces/custom_interfaces/srv/detail/get_summary__traits.hpp\n'}
[0.524812] (custom_interfaces) StdoutLine: {'line': b'-- Up-to-date: /home/ashley.akamine/rampagingRoombas/turtlebot4_ws/install/custom_interfaces/include/custom_interfaces/custom_interfaces/srv/detail/get_summary__type_support.hpp\n'}
[0.524855] (custom_interfaces) StdoutLine: {'line': b'-- Up-to-date: /home/ashley.akamine/rampagingRoombas/turtlebot4_ws/install/custom_interfaces/include/custom_interfaces/custom_interfaces/srv/detail/get_summary__builder.hpp\n'}
[0.524914] (custom_interfaces) StdoutLine: {'line': b'-- Up-to-date: /home/ashley.akamine/rampagingRoombas/turtlebot4_ws/install/custom_interfaces/include/custom_interfaces/custom_interfaces/srv/detail/get_summary__struct.hpp\n'}
[0.524969] (custom_interfaces) StdoutLine: {'line': b'-- Up-to-date: /home/ashley.akamine/rampagingRoombas/turtlebot4_ws/install/custom_interfaces/include/custom_interfaces/custom_interfaces\n'}
[0.525013] (custom_interfaces) StdoutLine: {'line': b'-- Up-to-date: /home/ashley.akamine/rampagingRoombas/turtlebot4_ws/install/custom_interfaces/include/custom_interfaces/custom_interfaces/msg\n'}
[0.525057] (custom_interfaces) StdoutLine: {'line': b'-- Up-to-date: /home/ashley.akamine/rampagingRoombas/turtlebot4_ws/install/custom_interfaces/include/custom_interfaces/custom_interfaces/msg/rosidl_typesupport_fastrtps_cpp__visibility_control.h\n'}
[0.525102] (custom_interfaces) StdoutLine: {'line': b'-- Up-to-date: /home/ashley.akamine/rampagingRoombas/turtlebot4_ws/install/custom_interfaces/include/custom_interfaces/custom_interfaces/action\n'}
[0.525148] (custom_interfaces) StdoutLine: {'line': b'-- Up-to-date: /home/ashley.akamine/rampagingRoombas/turtlebot4_ws/install/custom_interfaces/include/custom_interfaces/custom_interfaces/action/detail\n'}
[0.525193] (custom_interfaces) StdoutLine: {'line': b'-- Up-to-date: /home/ashley.akamine/rampagingRoombas/turtlebot4_ws/install/custom_interfaces/include/custom_interfaces/custom_interfaces/action/detail/dds_fastrtps\n'}
[0.525238] (custom_interfaces) StdoutLine: {'line': b'-- Up-to-date: /home/ashley.akamine/rampagingRoombas/turtlebot4_ws/install/custom_interfaces/include/custom_interfaces/custom_interfaces/action/detail/robot_goal__rosidl_typesupport_fastrtps_cpp.hpp\n'}
[0.525305] (custom_interfaces) StdoutLine: {'line': b'-- Up-to-date: /home/ashley.akamine/rampagingRoombas/turtlebot4_ws/install/custom_interfaces/include/custom_interfaces/custom_interfaces/srv\n'}
[0.525348] (custom_interfaces) StdoutLine: {'line': b'-- Up-to-date: /home/ashley.akamine/rampagingRoombas/turtlebot4_ws/install/custom_interfaces/include/custom_interfaces/custom_interfaces/srv/detail\n'}
[0.525390] (custom_interfaces) StdoutLine: {'line': b'-- Up-to-date: /home/ashley.akamine/rampagingRoombas/turtlebot4_ws/install/custom_interfaces/include/custom_interfaces/custom_interfaces/srv/detail/get_summary__rosidl_typesupport_fastrtps_cpp.hpp\n'}
[0.525432] (custom_interfaces) StdoutLine: {'line': b'-- Up-to-date: /home/ashley.akamine/rampagingRoombas/turtlebot4_ws/install/custom_interfaces/include/custom_interfaces/custom_interfaces/srv/detail/dds_fastrtps\n'}
[0.525473] (custom_interfaces) StdoutLine: {'line': b'-- Up-to-date: /home/ashley.akamine/rampagingRoombas/turtlebot4_ws/install/custom_interfaces/lib/libcustom_interfaces__rosidl_typesupport_fastrtps_cpp.so\n'}
[0.525515] (custom_interfaces) StdoutLine: {'line': b'-- Up-to-date: /home/ashley.akamine/rampagingRoombas/turtlebot4_ws/install/custom_interfaces/include/custom_interfaces/custom_interfaces\n'}
[0.525567] (custom_interfaces) StdoutLine: {'line': b'-- Up-to-date: /home/ashley.akamine/rampagingRoombas/turtlebot4_ws/install/custom_interfaces/include/custom_interfaces/custom_interfaces/action\n'}
[0.525619] (custom_interfaces) StdoutLine: {'line': b'-- Up-to-date: /home/ashley.akamine/rampagingRoombas/turtlebot4_ws/install/custom_interfaces/include/custom_interfaces/custom_interfaces/action/detail\n'}
[0.525670] (custom_interfaces) StdoutLine: {'line': b'-- Up-to-date: /home/ashley.akamine/rampagingRoombas/turtlebot4_ws/install/custom_interfaces/include/custom_interfaces/custom_interfaces/action/detail/robot_goal__rosidl_typesupport_introspection_cpp.hpp\n'}
[0.525759] (custom_interfaces) StdoutLine: {'line': b'-- Up-to-date: /home/ashley.akamine/rampagingRoombas/turtlebot4_ws/install/custom_interfaces/include/custom_interfaces/custom_interfaces/action/detail/robot_goal__type_support.cpp\n'}
[0.525821] (custom_interfaces) StdoutLine: {'line': b'-- Up-to-date: /home/ashley.akamine/rampagingRoombas/turtlebot4_ws/install/custom_interfaces/include/custom_interfaces/custom_interfaces/srv\n'}
[0.525900] (custom_interfaces) StdoutLine: {'line': b'-- Up-to-date: /home/ashley.akamine/rampagingRoombas/turtlebot4_ws/install/custom_interfaces/include/custom_interfaces/custom_interfaces/srv/detail\n'}
[0.525963] (custom_interfaces) StdoutLine: {'line': b'-- Up-to-date: /home/ashley.akamine/rampagingRoombas/turtlebot4_ws/install/custom_interfaces/include/custom_interfaces/custom_interfaces/srv/detail/get_summary__type_support.cpp\n'}
[0.526007] (custom_interfaces) StdoutLine: {'line': b'-- Up-to-date: /home/ashley.akamine/rampagingRoombas/turtlebot4_ws/install/custom_interfaces/include/custom_interfaces/custom_interfaces/srv/detail/get_summary__rosidl_typesupport_introspection_cpp.hpp\n'}
[0.526051] (custom_interfaces) StdoutLine: {'line': b'-- Up-to-date: /home/ashley.akamine/rampagingRoombas/turtlebot4_ws/install/custom_interfaces/lib/libcustom_interfaces__rosidl_typesupport_introspection_cpp.so\n'}
[0.526094] (custom_interfaces) StdoutLine: {'line': b'-- Up-to-date: /home/ashley.akamine/rampagingRoombas/turtlebot4_ws/install/custom_interfaces/lib/libcustom_interfaces__rosidl_typesupport_cpp.so\n'}
[0.526141] (custom_interfaces) StdoutLine: {'line': b'-- Up-to-date: /home/ashley.akamine/rampagingRoombas/turtlebot4_ws/install/custom_interfaces/share/custom_interfaces/environment/pythonpath.sh\n'}
[0.526187] (custom_interfaces) StdoutLine: {'line': b'-- Up-to-date: /home/ashley.akamine/rampagingRoombas/turtlebot4_ws/install/custom_interfaces/share/custom_interfaces/environment/pythonpath.dsv\n'}
[0.526233] (custom_interfaces) StdoutLine: {'line': b'-- Up-to-date: /home/ashley.akamine/rampagingRoombas/turtlebot4_ws/install/custom_interfaces/local/lib/python3.10/dist-packages/custom_interfaces-0.0.0-py3.10.egg-info\n'}
[0.526282] (custom_interfaces) StdoutLine: {'line': b'-- Installing: /home/ashley.akamine/rampagingRoombas/turtlebot4_ws/install/custom_interfaces/local/lib/python3.10/dist-packages/custom_interfaces-0.0.0-py3.10.egg-info/SOURCES.txt\n'}
[0.526327] (custom_interfaces) StdoutLine: {'line': b'-- Installing: /home/ashley.akamine/rampagingRoombas/turtlebot4_ws/install/custom_interfaces/local/lib/python3.10/dist-packages/custom_interfaces-0.0.0-py3.10.egg-info/PKG-INFO\n'}
[0.526373] (custom_interfaces) StdoutLine: {'line': b'-- Installing: /home/ashley.akamine/rampagingRoombas/turtlebot4_ws/install/custom_interfaces/local/lib/python3.10/dist-packages/custom_interfaces-0.0.0-py3.10.egg-info/top_level.txt\n'}
[0.526456] (custom_interfaces) StdoutLine: {'line': b'-- Installing: /home/ashley.akamine/rampagingRoombas/turtlebot4_ws/install/custom_interfaces/local/lib/python3.10/dist-packages/custom_interfaces-0.0.0-py3.10.egg-info/dependency_links.txt\n'}
[0.526727] (custom_interfaces) StdoutLine: {'line': b'-- Up-to-date: /home/ashley.akamine/rampagingRoombas/turtlebot4_ws/install/custom_interfaces/local/lib/python3.10/dist-packages/custom_interfaces\n'}
[0.526916] (custom_interfaces) StdoutLine: {'line': b'-- Up-to-date: /home/ashley.akamine/rampagingRoombas/turtlebot4_ws/install/custom_interfaces/local/lib/python3.10/dist-packages/custom_interfaces/_custom_interfaces_s.ep.rosidl_typesupport_fastrtps_c.c\n'}
[0.527060] (custom_interfaces) StdoutLine: {'line': b'-- Up-to-date: /home/ashley.akamine/rampagingRoombas/turtlebot4_ws/install/custom_interfaces/local/lib/python3.10/dist-packages/custom_interfaces/custom_interfaces_s__rosidl_typesupport_fastrtps_c.cpython-310-x86_64-linux-gnu.so\n'}
[0.527146] (custom_interfaces) StdoutLine: {'line': b'-- Up-to-date: /home/ashley.akamine/rampagingRoombas/turtlebot4_ws/install/custom_interfaces/local/lib/python3.10/dist-packages/custom_interfaces/__init__.py\n'}
[0.527225] (custom_interfaces) StdoutLine: {'line': b'-- Up-to-date: /home/ashley.akamine/rampagingRoombas/turtlebot4_ws/install/custom_interfaces/local/lib/python3.10/dist-packages/custom_interfaces/_custom_interfaces_s.ep.rosidl_typesupport_introspection_c.c\n'}
[0.527304] (custom_interfaces) StdoutLine: {'line': b'-- Up-to-date: /home/ashley.akamine/rampagingRoombas/turtlebot4_ws/install/custom_interfaces/local/lib/python3.10/dist-packages/custom_interfaces/custom_interfaces_s__rosidl_typesupport_c.cpython-310-x86_64-linux-gnu.so\n'}
[0.527391] (custom_interfaces) StdoutLine: {'line': b'-- Up-to-date: /home/ashley.akamine/rampagingRoombas/turtlebot4_ws/install/custom_interfaces/local/lib/python3.10/dist-packages/custom_interfaces/_custom_interfaces_s.ep.rosidl_typesupport_c.c\n'}
[0.527473] (custom_interfaces) StdoutLine: {'line': b'-- Up-to-date: /home/ashley.akamine/rampagingRoombas/turtlebot4_ws/install/custom_interfaces/local/lib/python3.10/dist-packages/custom_interfaces/libcustom_interfaces__rosidl_generator_py.so\n'}
[0.527555] (custom_interfaces) StdoutLine: {'line': b'-- Up-to-date: /home/ashley.akamine/rampagingRoombas/turtlebot4_ws/install/custom_interfaces/local/lib/python3.10/dist-packages/custom_interfaces/action\n'}
[0.527642] (custom_interfaces) StdoutLine: {'line': b'-- Up-to-date: /home/ashley.akamine/rampagingRoombas/turtlebot4_ws/install/custom_interfaces/local/lib/python3.10/dist-packages/custom_interfaces/action/__init__.py\n'}
[0.527732] (custom_interfaces) StdoutLine: {'line': b'-- Up-to-date: /home/ashley.akamine/rampagingRoombas/turtlebot4_ws/install/custom_interfaces/local/lib/python3.10/dist-packages/custom_interfaces/action/_robot_goal_s.c\n'}
[0.527816] (custom_interfaces) StdoutLine: {'line': b'-- Up-to-date: /home/ashley.akamine/rampagingRoombas/turtlebot4_ws/install/custom_interfaces/local/lib/python3.10/dist-packages/custom_interfaces/action/_robot_goal.py\n'}
[0.527896] (custom_interfaces) StdoutLine: {'line': b'-- Up-to-date: /home/ashley.akamine/rampagingRoombas/turtlebot4_ws/install/custom_interfaces/local/lib/python3.10/dist-packages/custom_interfaces/custom_interfaces_s__rosidl_typesupport_introspection_c.cpython-310-x86_64-linux-gnu.so\n'}
[0.527975] (custom_interfaces) StdoutLine: {'line': b'-- Up-to-date: /home/ashley.akamine/rampagingRoombas/turtlebot4_ws/install/custom_interfaces/local/lib/python3.10/dist-packages/custom_interfaces/srv\n'}
[0.528054] (custom_interfaces) StdoutLine: {'line': b'-- Up-to-date: /home/ashley.akamine/rampagingRoombas/turtlebot4_ws/install/custom_interfaces/local/lib/python3.10/dist-packages/custom_interfaces/srv/_get_summary.py\n'}
[0.528134] (custom_interfaces) StdoutLine: {'line': b'-- Up-to-date: /home/ashley.akamine/rampagingRoombas/turtlebot4_ws/install/custom_interfaces/local/lib/python3.10/dist-packages/custom_interfaces/srv/_get_summary_s.c\n'}
[0.528213] (custom_interfaces) StdoutLine: {'line': b'-- Up-to-date: /home/ashley.akamine/rampagingRoombas/turtlebot4_ws/install/custom_interfaces/local/lib/python3.10/dist-packages/custom_interfaces/srv/__init__.py\n'}
[0.559920] (custom_interfaces) StdoutLine: {'line': b"Listing '/home/ashley.akamine/rampagingRoombas/turtlebot4_ws/install/custom_interfaces/local/lib/python3.10/dist-packages/custom_interfaces'...\n"}
[0.560102] (custom_interfaces) StdoutLine: {'line': b"Listing '/home/ashley.akamine/rampagingRoombas/turtlebot4_ws/install/custom_interfaces/local/lib/python3.10/dist-packages/custom_interfaces/action'...\n"}
[0.560195] (custom_interfaces) StdoutLine: {'line': b"Listing '/home/ashley.akamine/rampagingRoombas/turtlebot4_ws/install/custom_interfaces/local/lib/python3.10/dist-packages/custom_interfaces/srv'...\n"}
[0.563346] (custom_interfaces) StdoutLine: {'line': b'-- Up-to-date: /home/ashley.akamine/rampagingRoombas/turtlebot4_ws/install/custom_interfaces/local/lib/python3.10/dist-packages/custom_interfaces/custom_interfaces_s__rosidl_typesupport_fastrtps_c.cpython-310-x86_64-linux-gnu.so\n'}
[0.563581] (custom_interfaces) StdoutLine: {'line': b'-- Up-to-date: /home/ashley.akamine/rampagingRoombas/turtlebot4_ws/install/custom_interfaces/local/lib/python3.10/dist-packages/custom_interfaces/custom_interfaces_s__rosidl_typesupport_introspection_c.cpython-310-x86_64-linux-gnu.so\n'}
[0.563818] (custom_interfaces) StdoutLine: {'line': b'-- Up-to-date: /home/ashley.akamine/rampagingRoombas/turtlebot4_ws/install/custom_interfaces/local/lib/python3.10/dist-packages/custom_interfaces/custom_interfaces_s__rosidl_typesupport_c.cpython-310-x86_64-linux-gnu.so\n'}
[0.564038] (custom_interfaces) StdoutLine: {'line': b'-- Up-to-date: /home/ashley.akamine/rampagingRoombas/turtlebot4_ws/install/custom_interfaces/lib/libcustom_interfaces__rosidl_generator_py.so\n'}
[0.564180] (custom_interfaces) StdoutLine: {'line': b'-- Up-to-date: /home/ashley.akamine/rampagingRoombas/turtlebot4_ws/install/custom_interfaces/share/custom_interfaces/srv/GetSummary.idl\n'}
[0.564264] (custom_interfaces) StdoutLine: {'line': b'-- Up-to-date: /home/ashley.akamine/rampagingRoombas/turtlebot4_ws/install/custom_interfaces/share/custom_interfaces/action/RobotGoal.idl\n'}
[0.564335] (custom_interfaces) StdoutLine: {'line': b'-- Up-to-date: /home/ashley.akamine/rampagingRoombas/turtlebot4_ws/install/custom_interfaces/share/custom_interfaces/srv/GetSummary.srv\n'}
[0.564418] (custom_interfaces) StdoutLine: {'line': b'-- Up-to-date: /home/ashley.akamine/rampagingRoombas/turtlebot4_ws/install/custom_interfaces/share/custom_interfaces/srv/GetSummary_Request.msg\n'}
[0.564488] (custom_interfaces) StdoutLine: {'line': b'-- Up-to-date: /home/ashley.akamine/rampagingRoombas/turtlebot4_ws/install/custom_interfaces/share/custom_interfaces/srv/GetSummary_Response.msg\n'}
[0.564557] (custom_interfaces) StdoutLine: {'line': b'-- Up-to-date: /home/ashley.akamine/rampagingRoombas/turtlebot4_ws/install/custom_interfaces/share/custom_interfaces/action/RobotGoal.action\n'}
[0.564612] (custom_interfaces) StdoutLine: {'line': b'-- Up-to-date: /home/ashley.akamine/rampagingRoombas/turtlebot4_ws/install/custom_interfaces/share/ament_index/resource_index/package_run_dependencies/custom_interfaces\n'}
[0.564661] (custom_interfaces) StdoutLine: {'line': b'-- Up-to-date: /home/ashley.akamine/rampagingRoombas/turtlebot4_ws/install/custom_interfaces/share/ament_index/resource_index/parent_prefix_path/custom_interfaces\n'}
[0.564762] (custom_interfaces) StdoutLine: {'line': b'-- Up-to-date: /home/ashley.akamine/rampagingRoombas/turtlebot4_ws/install/custom_interfaces/share/custom_interfaces/environment/ament_prefix_path.sh\n'}
[0.564817] (custom_interfaces) StdoutLine: {'line': b'-- Up-to-date: /home/ashley.akamine/rampagingRoombas/turtlebot4_ws/install/custom_interfaces/share/custom_interfaces/environment/ament_prefix_path.dsv\n'}
[0.564864] (custom_interfaces) StdoutLine: {'line': b'-- Up-to-date: /home/ashley.akamine/rampagingRoombas/turtlebot4_ws/install/custom_interfaces/share/custom_interfaces/environment/path.sh\n'}
[0.564923] (custom_interfaces) StdoutLine: {'line': b'-- Up-to-date: /home/ashley.akamine/rampagingRoombas/turtlebot4_ws/install/custom_interfaces/share/custom_interfaces/environment/path.dsv\n'}
[0.564986] (custom_interfaces) StdoutLine: {'line': b'-- Up-to-date: /home/ashley.akamine/rampagingRoombas/turtlebot4_ws/install/custom_interfaces/share/custom_interfaces/local_setup.bash\n'}
[0.565034] (custom_interfaces) StdoutLine: {'line': b'-- Up-to-date: /home/ashley.akamine/rampagingRoombas/turtlebot4_ws/install/custom_interfaces/share/custom_interfaces/local_setup.sh\n'}
[0.565078] (custom_interfaces) StdoutLine: {'line': b'-- Up-to-date: /home/ashley.akamine/rampagingRoombas/turtlebot4_ws/install/custom_interfaces/share/custom_interfaces/local_setup.zsh\n'}
[0.565121] (custom_interfaces) StdoutLine: {'line': b'-- Up-to-date: /home/ashley.akamine/rampagingRoombas/turtlebot4_ws/install/custom_interfaces/share/custom_interfaces/local_setup.dsv\n'}
[0.565165] (custom_interfaces) StdoutLine: {'line': b'-- Installing: /home/ashley.akamine/rampagingRoombas/turtlebot4_ws/install/custom_interfaces/share/custom_interfaces/package.dsv\n'}
[0.565233] (custom_interfaces) StdoutLine: {'line': b'-- Up-to-date: /home/ashley.akamine/rampagingRoombas/turtlebot4_ws/install/custom_interfaces/share/ament_index/resource_index/packages/custom_interfaces\n'}
[0.565333] (custom_interfaces) StdoutLine: {'line': b'-- Up-to-date: /home/ashley.akamine/rampagingRoombas/turtlebot4_ws/install/custom_interfaces/share/custom_interfaces/cmake/export_custom_interfaces__rosidl_generator_cExport.cmake\n'}
[0.565399] (custom_interfaces) StdoutLine: {'line': b'-- Up-to-date: /home/ashley.akamine/rampagingRoombas/turtlebot4_ws/install/custom_interfaces/share/custom_interfaces/cmake/export_custom_interfaces__rosidl_generator_cExport-noconfig.cmake\n'}
[0.565479] (custom_interfaces) StdoutLine: {'line': b'-- Up-to-date: /home/ashley.akamine/rampagingRoombas/turtlebot4_ws/install/custom_interfaces/share/custom_interfaces/cmake/export_custom_interfaces__rosidl_typesupport_fastrtps_cExport.cmake\n'}
[0.565544] (custom_interfaces) StdoutLine: {'line': b'-- Up-to-date: /home/ashley.akamine/rampagingRoombas/turtlebot4_ws/install/custom_interfaces/share/custom_interfaces/cmake/export_custom_interfaces__rosidl_typesupport_fastrtps_cExport-noconfig.cmake\n'}
[0.565660] (custom_interfaces) StdoutLine: {'line': b'-- Up-to-date: /home/ashley.akamine/rampagingRoombas/turtlebot4_ws/install/custom_interfaces/share/custom_interfaces/cmake/custom_interfaces__rosidl_typesupport_introspection_cExport.cmake\n'}
[0.565737] (custom_interfaces) StdoutLine: {'line': b'-- Up-to-date: /home/ashley.akamine/rampagingRoombas/turtlebot4_ws/install/custom_interfaces/share/custom_interfaces/cmake/custom_interfaces__rosidl_typesupport_introspection_cExport-noconfig.cmake\n'}
[0.565811] (custom_interfaces) StdoutLine: {'line': b'-- Up-to-date: /home/ashley.akamine/rampagingRoombas/turtlebot4_ws/install/custom_interfaces/share/custom_interfaces/cmake/custom_interfaces__rosidl_typesupport_cExport.cmake\n'}
[0.565888] (custom_interfaces) StdoutLine: {'line': b'-- Up-to-date: /home/ashley.akamine/rampagingRoombas/turtlebot4_ws/install/custom_interfaces/share/custom_interfaces/cmake/custom_interfaces__rosidl_typesupport_cExport-noconfig.cmake\n'}
[0.566043] (custom_interfaces) StdoutLine: {'line': b'-- Up-to-date: /home/ashley.akamine/rampagingRoombas/turtlebot4_ws/install/custom_interfaces/share/custom_interfaces/cmake/export_custom_interfaces__rosidl_generator_cppExport.cmake\n'}
[0.566164] (custom_interfaces) StdoutLine: {'line': b'-- Up-to-date: /home/ashley.akamine/rampagingRoombas/turtlebot4_ws/install/custom_interfaces/share/custom_interfaces/cmake/export_custom_interfaces__rosidl_typesupport_fastrtps_cppExport.cmake\n'}
[0.566211] (custom_interfaces) StdoutLine: {'line': b'-- Up-to-date: /home/ashley.akamine/rampagingRoombas/turtlebot4_ws/install/custom_interfaces/share/custom_interfaces/cmake/export_custom_interfaces__rosidl_typesupport_fastrtps_cppExport-noconfig.cmake\n'}
[0.566274] (custom_interfaces) StdoutLine: {'line': b'-- Up-to-date: /home/ashley.akamine/rampagingRoombas/turtlebot4_ws/install/custom_interfaces/share/custom_interfaces/cmake/custom_interfaces__rosidl_typesupport_introspection_cppExport.cmake\n'}
[0.566347] (custom_interfaces) StdoutLine: {'line': b'-- Up-to-date: /home/ashley.akamine/rampagingRoombas/turtlebot4_ws/install/custom_interfaces/share/custom_interfaces/cmake/custom_interfaces__rosidl_typesupport_introspection_cppExport-noconfig.cmake\n'}
[0.566413] (custom_interfaces) StdoutLine: {'line': b'-- Up-to-date: /home/ashley.akamine/rampagingRoombas/turtlebot4_ws/install/custom_interfaces/share/custom_interfaces/cmake/custom_interfaces__rosidl_typesupport_cppExport.cmake\n'}
[0.566480] (custom_interfaces) StdoutLine: {'line': b'-- Up-to-date: /home/ashley.akamine/rampagingRoombas/turtlebot4_ws/install/custom_interfaces/share/custom_interfaces/cmake/custom_interfaces__rosidl_typesupport_cppExport-noconfig.cmake\n'}
[0.566543] (custom_interfaces) StdoutLine: {'line': b'-- Up-to-date: /home/ashley.akamine/rampagingRoombas/turtlebot4_ws/install/custom_interfaces/share/custom_interfaces/cmake/export_custom_interfaces__rosidl_generator_pyExport.cmake\n'}
[0.566615] (custom_interfaces) StdoutLine: {'line': b'-- Up-to-date: /home/ashley.akamine/rampagingRoombas/turtlebot4_ws/install/custom_interfaces/share/custom_interfaces/cmake/export_custom_interfaces__rosidl_generator_pyExport-noconfig.cmake\n'}
[0.566688] (custom_interfaces) StdoutLine: {'line': b'-- Up-to-date: /home/ashley.akamine/rampagingRoombas/turtlebot4_ws/install/custom_interfaces/share/custom_interfaces/cmake/rosidl_cmake-extras.cmake\n'}
[0.566780] (custom_interfaces) StdoutLine: {'line': b'-- Up-to-date: /home/ashley.akamine/rampagingRoombas/turtlebot4_ws/install/custom_interfaces/share/custom_interfaces/cmake/ament_cmake_export_dependencies-extras.cmake\n'}
[0.566847] (custom_interfaces) StdoutLine: {'line': b'-- Up-to-date: /home/ashley.akamine/rampagingRoombas/turtlebot4_ws/install/custom_interfaces/share/custom_interfaces/cmake/ament_cmake_export_include_directories-extras.cmake\n'}
[0.566910] (custom_interfaces) StdoutLine: {'line': b'-- Up-to-date: /home/ashley.akamine/rampagingRoombas/turtlebot4_ws/install/custom_interfaces/share/custom_interfaces/cmake/ament_cmake_export_libraries-extras.cmake\n'}
[0.566954] (custom_interfaces) StdoutLine: {'line': b'-- Up-to-date: /home/ashley.akamine/rampagingRoombas/turtlebot4_ws/install/custom_interfaces/share/custom_interfaces/cmake/ament_cmake_export_targets-extras.cmake\n'}
[0.566998] (custom_interfaces) StdoutLine: {'line': b'-- Up-to-date: /home/ashley.akamine/rampagingRoombas/turtlebot4_ws/install/custom_interfaces/share/custom_interfaces/cmake/rosidl_cmake_export_typesupport_targets-extras.cmake\n'}
[0.567041] (custom_interfaces) StdoutLine: {'line': b'-- Up-to-date: /home/ashley.akamine/rampagingRoombas/turtlebot4_ws/install/custom_interfaces/share/custom_interfaces/cmake/rosidl_cmake_export_typesupport_libraries-extras.cmake\n'}
[0.567084] (custom_interfaces) StdoutLine: {'line': b'-- Up-to-date: /home/ashley.akamine/rampagingRoombas/turtlebot4_ws/install/custom_interfaces/share/custom_interfaces/cmake/custom_interfacesConfig.cmake\n'}
[0.567131] (custom_interfaces) StdoutLine: {'line': b'-- Up-to-date: /home/ashley.akamine/rampagingRoombas/turtlebot4_ws/install/custom_interfaces/share/custom_interfaces/cmake/custom_interfacesConfig-version.cmake\n'}
[0.567202] (custom_interfaces) StdoutLine: {'line': b'-- Up-to-date: /home/ashley.akamine/rampagingRoombas/turtlebot4_ws/install/custom_interfaces/share/custom_interfaces/package.xml\n'}
[0.568771] (custom_interfaces) CommandEnded: {'returncode': 0}
[0.600305] (-) TimerEvent: {}
[0.603722] (custom_interfaces) JobEnded: {'identifier': 'custom_interfaces', 'rc': 0}
[0.604944] (lab3_pkg) JobStarted: {'identifier': 'lab3_pkg'}
[0.610036] (lab5_pkg) JobStarted: {'identifier': 'lab5_pkg'}
[0.700383] (-) TimerEvent: {}
[0.800597] (-) TimerEvent: {}
[0.900849] (-) TimerEvent: {}
[1.001053] (-) TimerEvent: {}
[1.089422] (lab2_pkg) Command: {'cmd': ['/usr/bin/python3', '-W', 'ignore:setup.py install is deprecated', '-W', 'ignore:easy_install command is deprecated', 'setup.py', 'egg_info', '--egg-base', '../../build/lab2_pkg', 'build', '--build-base', '/home/ashley.akamine/rampagingRoombas/turtlebot4_ws/build/lab2_pkg/build', 'install', '--record', '/home/ashley.akamine/rampagingRoombas/turtlebot4_ws/build/lab2_pkg/install.log', '--single-version-externally-managed', 'install_data'], 'cwd': '/home/ashley.akamine/rampagingRoombas/turtlebot4_ws/src/lab2_pkg', 'env': {'GJS_DEBUG_TOPICS': 'JS ERROR;JS LOG', 'USER': 'ashley.akamine@plu.edu', 'XDG_SESSION_TYPE': 'wayland', 'GIT_ASKPASS': '/usr/share/code/resources/app/extensions/git/dist/askpass.sh', 'SHLVL': '1', 'LD_LIBRARY_PATH': '/home/ashley.akamine/rampagingRoombas/turtlebot4_ws/install/custom_interfaces/lib:/opt/ros/humble/opt/rviz_ogre_vendor/lib:/opt/ros/humble/lib/x86_64-linux-gnu:/opt/ros/humble/lib', 'HOME': '/home/ashley.akamine', 'OLDPWD': '/home/ashley.akamine/rampagingRoombas/turtlebot4_ws', 'CHROME_DESKTOP': 'code.desktop', 'DESKTOP_SESSION': 'ubuntu', 'TERM_PROGRAM_VERSION': '1.98.2', 'GIO_LAUNCHED_DESKTOP_FILE': '/usr/share/applications/code.desktop', 'GTK_MODULES': 'gail:atk-bridge', 'GNOME_SHELL_SESSION_MODE': 'ubuntu', 'VSCODE_GIT_ASKPASS_MAIN': '/usr/share/code/resources/app/extensions/git/dist/askpass-main.js', 'ROS_PYTHON_VERSION': '3', 'MANAGERPID': '318657', 'VSCODE_GIT_ASKPASS_NODE': '/usr/share/code/code', 'SYSTEMD_EXEC_PID': '318826', 'DBUS_SESSION_BUS_ADDRESS': 'unix:path=/run/user/481844462/bus', 'PYDEVD_DISABLE_FILE_VALIDATION': '1', 'BUNDLED_DEBUGPY_PATH': '/home/ashley.akamine/.vscode/extensions/ms-python.debugpy-2025.4.1-linux-x64/bundled/libs/debugpy', 'GIO_LAUNCHED_DESKTOP_FILE_PID': '319552', 'COLORTERM': 'truecolor', 'CONDA_CHANGEPS1': 'no', 'WAYLAND_DISPLAY': 'wayland-0', 'ROS_DISTRO': 'humble', 'COLCON_PREFIX_PATH': '/home/ashley.akamine/rampagingRoombas/turtlebot4_ws/install', 'LOGNAME': 'ashley.akamine@plu.edu', '_': '/usr/bin/colcon', 'JOURNAL_STREAM': '8:1641300', 'XDG_SESSION_CLASS': 'user', 'USER_ZDOTDIR': '/home/ashley.akamine', 'ROS_VERSION': '2', 'USERNAME': 'ashley.akamine@plu.edu', 'PROMPT_EOL_MARK': '', 'TERM': 'xterm-256color', 'ROS_SUPER_CLIENT': 'True', 'GNOME_DESKTOP_SESSION_ID': 'this-is-deprecated', 'ROS_LOCALHOST_ONLY': '0', 'PATH': '/opt/ros/humble/bin:/usr/local/sbin:/usr/local/bin:/usr/sbin:/usr/bin:/sbin:/bin:/usr/games:/usr/local/games:/snap/bin:/snap/bin:/home/ashley.akamine/.vscode/extensions/ms-python.debugpy-2025.4.1-linux-x64/bundled/scripts/noConfigScripts', 'SESSION_MANAGER': 'local/csci20145:@/tmp/.ICE-unix/318801,unix/csci20145:/tmp/.ICE-unix/318801', 'INVOCATION_ID': '61114afdaf10442f9f957b940ed2fd79', 'XDG_RUNTIME_DIR': '/run/user/481844462', 'XDG_MENU_PREFIX': 'gnome-', 'GNOME_SETUP_DISPLAY': ':1', 'GDK_BACKEND': 'x11', 'DISPLAY': ':0', 'LANG': 'en_US.UTF-8', 'XDG_CURRENT_DESKTOP': 'Unity', 'VSCODE_DEBUGPY_ADAPTER_ENDPOINTS': '/home/ashley.akamine/.vscode/extensions/ms-python.debugpy-2025.4.1-linux-x64/.noConfigDebugAdapterEndpoints/endpoint-5e84f070e7f40046.txt', 'VSCODE_INJECTION': '1', 'RMW_IMPLEMENTATION': 'rmw_fastrtps_cpp', 'XDG_SESSION_DESKTOP': 'ubuntu', 'XMODIFIERS': '@im=ibus', 'XAUTHORITY': '/run/user/481844462/.mutter-Xwaylandauth.9EXU42', 'TERM_PROGRAM': 'vscode', 'VSCODE_GIT_IPC_HANDLE': '/run/user/481844462/vscode-git-eb3a6a45bf.sock', 'SSH_AGENT_LAUNCHER': 'gnome-keyring', 'SSH_AUTH_SOCK': '/run/user/481844462/keyring/ssh', 'ORIGINAL_XDG_CURRENT_DESKTOP': 'ubuntu:GNOME', 'AMENT_PREFIX_PATH': '/home/ashley.akamine/rampagingRoombas/turtlebot4_ws/install/turtlebot_lab_bringup:/home/ashley.akamine/rampagingRoombas/turtlebot4_ws/install/lab5_pkg:/home/ashley.akamine/rampagingRoombas/turtlebot4_ws/install/lab3_pkg:/home/ashley.akamine/rampagingRoombas/turtlebot4_ws/install/lab2_pkg:/home/ashley.akamine/rampagingRoombas/turtlebot4_ws/install/lab1_pkg:/home/ashley.akamine/rampagingRoombas/turtlebot4_ws/install/custom_interfaces:/opt/ros/humble', 'ROS_DOMAIN_ID': '2', 'SHELL': '/bin/zsh', 'KRB5CCNAME': 'FILE:/tmp/krb5cc_481844462_VDG5Kq', 'ROS_DISCOVERY_SERVER': '10.5.113.101:11811', 'QT_ACCESSIBILITY': '1', 'GDMSESSION': 'ubuntu', 'GJS_DEBUG_OUTPUT': 'stderr', 'QT_IM_MODULE': 'ibus', 'VSCODE_GIT_ASKPASS_EXTRA_ARGS': '', 'PWD': '/home/ashley.akamine/rampagingRoombas/turtlebot4_ws/build/lab2_pkg', 'XDG_DATA_DIRS': '/usr/local/share/:/usr/share/:/var/lib/snapd/desktop', 'ZDOTDIR': '/home/ashley.akamine', 'VIRTUAL_ENV_DISABLE_PROMPT': '12', 'PYTHONPATH': '/home/ashley.akamine/rampagingRoombas/turtlebot4_ws/build/lab2_pkg/prefix_override:/usr/lib/python3/dist-packages/colcon_core/task/python/colcon_distutils_commands:/home/ashley.akamine/rampagingRoombas/turtlebot4_ws/install/lab2_pkg/lib/python3.10/site-packages:/home/ashley.akamine/rampagingRoombas/turtlebot4_ws/install/lab5_pkg/lib/python3.10/site-packages:/home/ashley.akamine/rampagingRoombas/turtlebot4_ws/install/lab3_pkg/lib/python3.10/site-packages:/home/ashley.akamine/rampagingRoombas/turtlebot4_ws/install/lab2_pkg/lib/python3.10/site-packages:/home/ashley.akamine/rampagingRoombas/turtlebot4_ws/install/lab1_pkg/lib/python3.10/site-packages:/home/ashley.akamine/rampagingRoombas/turtlebot4_ws/install/custom_interfaces/local/lib/python3.10/dist-packages:/opt/ros/humble/lib/python3.10/site-packages:/opt/ros/humble/local/lib/python3.10/dist-packages', 'COLCON': '1', 'CMAKE_PREFIX_PATH': '/home/ashley.akamine/rampagingRoombas/turtlebot4_ws/install/turtlebot_lab_bringup:/home/ashley.akamine/rampagingRoombas/turtlebot4_ws/install/custom_interfaces'}, 'shell': False}
[1.092364] (lab1_pkg) Command: {'cmd': ['/usr/bin/python3', '-W', 'ignore:setup.py install is deprecated', '-W', 'ignore:easy_install command is deprecated', 'setup.py', 'egg_info', '--egg-base', '../../build/lab1_pkg', 'build', '--build-base', '/home/ashley.akamine/rampagingRoombas/turtlebot4_ws/build/lab1_pkg/build', 'install', '--record', '/home/ashley.akamine/rampagingRoombas/turtlebot4_ws/build/lab1_pkg/install.log', '--single-version-externally-managed', 'install_data'], 'cwd': '/home/ashley.akamine/rampagingRoombas/turtlebot4_ws/src/lab1_pkg', 'env': {'GJS_DEBUG_TOPICS': 'JS ERROR;JS LOG', 'USER': 'ashley.akamine@plu.edu', 'XDG_SESSION_TYPE': 'wayland', 'GIT_ASKPASS': '/usr/share/code/resources/app/extensions/git/dist/askpass.sh', 'SHLVL': '1', 'LD_LIBRARY_PATH': '/home/ashley.akamine/rampagingRoombas/turtlebot4_ws/install/custom_interfaces/lib:/opt/ros/humble/opt/rviz_ogre_vendor/lib:/opt/ros/humble/lib/x86_64-linux-gnu:/opt/ros/humble/lib', 'HOME': '/home/ashley.akamine', 'OLDPWD': '/home/ashley.akamine/rampagingRoombas/turtlebot4_ws', 'CHROME_DESKTOP': 'code.desktop', 'DESKTOP_SESSION': 'ubuntu', 'TERM_PROGRAM_VERSION': '1.98.2', 'GIO_LAUNCHED_DESKTOP_FILE': '/usr/share/applications/code.desktop', 'GTK_MODULES': 'gail:atk-bridge', 'GNOME_SHELL_SESSION_MODE': 'ubuntu', 'VSCODE_GIT_ASKPASS_MAIN': '/usr/share/code/resources/app/extensions/git/dist/askpass-main.js', 'ROS_PYTHON_VERSION': '3', 'MANAGERPID': '318657', 'VSCODE_GIT_ASKPASS_NODE': '/usr/share/code/code', 'SYSTEMD_EXEC_PID': '318826', 'DBUS_SESSION_BUS_ADDRESS': 'unix:path=/run/user/481844462/bus', 'PYDEVD_DISABLE_FILE_VALIDATION': '1', 'BUNDLED_DEBUGPY_PATH': '/home/ashley.akamine/.vscode/extensions/ms-python.debugpy-2025.4.1-linux-x64/bundled/libs/debugpy', 'GIO_LAUNCHED_DESKTOP_FILE_PID': '319552', 'COLORTERM': 'truecolor', 'CONDA_CHANGEPS1': 'no', 'WAYLAND_DISPLAY': 'wayland-0', 'ROS_DISTRO': 'humble', 'COLCON_PREFIX_PATH': '/home/ashley.akamine/rampagingRoombas/turtlebot4_ws/install', 'LOGNAME': 'ashley.akamine@plu.edu', '_': '/usr/bin/colcon', 'JOURNAL_STREAM': '8:1641300', 'XDG_SESSION_CLASS': 'user', 'USER_ZDOTDIR': '/home/ashley.akamine', 'ROS_VERSION': '2', 'USERNAME': 'ashley.akamine@plu.edu', 'PROMPT_EOL_MARK': '', 'TERM': 'xterm-256color', 'ROS_SUPER_CLIENT': 'True', 'GNOME_DESKTOP_SESSION_ID': 'this-is-deprecated', 'ROS_LOCALHOST_ONLY': '0', 'PATH': '/opt/ros/humble/bin:/usr/local/sbin:/usr/local/bin:/usr/sbin:/usr/bin:/sbin:/bin:/usr/games:/usr/local/games:/snap/bin:/snap/bin:/home/ashley.akamine/.vscode/extensions/ms-python.debugpy-2025.4.1-linux-x64/bundled/scripts/noConfigScripts', 'SESSION_MANAGER': 'local/csci20145:@/tmp/.ICE-unix/318801,unix/csci20145:/tmp/.ICE-unix/318801', 'INVOCATION_ID': '61114afdaf10442f9f957b940ed2fd79', 'XDG_RUNTIME_DIR': '/run/user/481844462', 'XDG_MENU_PREFIX': 'gnome-', 'GNOME_SETUP_DISPLAY': ':1', 'GDK_BACKEND': 'x11', 'DISPLAY': ':0', 'LANG': 'en_US.UTF-8', 'XDG_CURRENT_DESKTOP': 'Unity', 'VSCODE_DEBUGPY_ADAPTER_ENDPOINTS': '/home/ashley.akamine/.vscode/extensions/ms-python.debugpy-2025.4.1-linux-x64/.noConfigDebugAdapterEndpoints/endpoint-5e84f070e7f40046.txt', 'VSCODE_INJECTION': '1', 'RMW_IMPLEMENTATION': 'rmw_fastrtps_cpp', 'XDG_SESSION_DESKTOP': 'ubuntu', 'XMODIFIERS': '@im=ibus', 'XAUTHORITY': '/run/user/481844462/.mutter-Xwaylandauth.9EXU42', 'TERM_PROGRAM': 'vscode', 'VSCODE_GIT_IPC_HANDLE': '/run/user/481844462/vscode-git-eb3a6a45bf.sock', 'SSH_AGENT_LAUNCHER': 'gnome-keyring', 'SSH_AUTH_SOCK': '/run/user/481844462/keyring/ssh', 'ORIGINAL_XDG_CURRENT_DESKTOP': 'ubuntu:GNOME', 'AMENT_PREFIX_PATH': '/home/ashley.akamine/rampagingRoombas/turtlebot4_ws/install/turtlebot_lab_bringup:/home/ashley.akamine/rampagingRoombas/turtlebot4_ws/install/lab5_pkg:/home/ashley.akamine/rampagingRoombas/turtlebot4_ws/install/lab3_pkg:/home/ashley.akamine/rampagingRoombas/turtlebot4_ws/install/lab2_pkg:/home/ashley.akamine/rampagingRoombas/turtlebot4_ws/install/lab1_pkg:/home/ashley.akamine/rampagingRoombas/turtlebot4_ws/install/custom_interfaces:/opt/ros/humble', 'ROS_DOMAIN_ID': '2', 'SHELL': '/bin/zsh', 'KRB5CCNAME': 'FILE:/tmp/krb5cc_481844462_VDG5Kq', 'ROS_DISCOVERY_SERVER': '10.5.113.101:11811', 'QT_ACCESSIBILITY': '1', 'GDMSESSION': 'ubuntu', 'GJS_DEBUG_OUTPUT': 'stderr', 'QT_IM_MODULE': 'ibus', 'VSCODE_GIT_ASKPASS_EXTRA_ARGS': '', 'PWD': '/home/ashley.akamine/rampagingRoombas/turtlebot4_ws/build/lab1_pkg', 'XDG_DATA_DIRS': '/usr/local/share/:/usr/share/:/var/lib/snapd/desktop', 'ZDOTDIR': '/home/ashley.akamine', 'VIRTUAL_ENV_DISABLE_PROMPT': '12', 'PYTHONPATH': '/home/ashley.akamine/rampagingRoombas/turtlebot4_ws/build/lab1_pkg/prefix_override:/usr/lib/python3/dist-packages/colcon_core/task/python/colcon_distutils_commands:/home/ashley.akamine/rampagingRoombas/turtlebot4_ws/install/lab1_pkg/lib/python3.10/site-packages:/home/ashley.akamine/rampagingRoombas/turtlebot4_ws/install/lab5_pkg/lib/python3.10/site-packages:/home/ashley.akamine/rampagingRoombas/turtlebot4_ws/install/lab3_pkg/lib/python3.10/site-packages:/home/ashley.akamine/rampagingRoombas/turtlebot4_ws/install/lab2_pkg/lib/python3.10/site-packages:/home/ashley.akamine/rampagingRoombas/turtlebot4_ws/install/lab1_pkg/lib/python3.10/site-packages:/home/ashley.akamine/rampagingRoombas/turtlebot4_ws/install/custom_interfaces/local/lib/python3.10/dist-packages:/opt/ros/humble/lib/python3.10/site-packages:/opt/ros/humble/local/lib/python3.10/dist-packages', 'COLCON': '1', 'CMAKE_PREFIX_PATH': '/home/ashley.akamine/rampagingRoombas/turtlebot4_ws/install/turtlebot_lab_bringup:/home/ashley.akamine/rampagingRoombas/turtlebot4_ws/install/custom_interfaces'}, 'shell': False}
[1.101139] (-) TimerEvent: {}
[1.201388] (-) TimerEvent: {}
[1.301586] (-) TimerEvent: {}
[1.303386] (lab2_pkg) StdoutLine: {'line': b'running egg_info\n'}
[1.303872] (lab2_pkg) StdoutLine: {'line': b'writing ../../build/lab2_pkg/lab2_pkg.egg-info/PKG-INFO\n'}
[1.304066] (lab2_pkg) StdoutLine: {'line': b'writing dependency_links to ../../build/lab2_pkg/lab2_pkg.egg-info/dependency_links.txt\n'}
[1.304180] (lab2_pkg) StdoutLine: {'line': b'writing entry points to ../../build/lab2_pkg/lab2_pkg.egg-info/entry_points.txt\n'}
[1.304291] (lab2_pkg) StdoutLine: {'line': b'writing requirements to ../../build/lab2_pkg/lab2_pkg.egg-info/requires.txt\n'}
[1.304415] (lab2_pkg) StdoutLine: {'line': b'writing top-level names to ../../build/lab2_pkg/lab2_pkg.egg-info/top_level.txt\n'}
[1.305798] (lab2_pkg) StdoutLine: {'line': b"reading manifest file '../../build/lab2_pkg/lab2_pkg.egg-info/SOURCES.txt'\n"}
[1.306425] (lab2_pkg) StdoutLine: {'line': b"writing manifest file '../../build/lab2_pkg/lab2_pkg.egg-info/SOURCES.txt'\n"}
[1.306514] (lab2_pkg) StdoutLine: {'line': b'running build\n'}
[1.306590] (lab2_pkg) StdoutLine: {'line': b'running build_py\n'}
[1.306746] (lab2_pkg) StdoutLine: {'line': b'running install\n'}
[1.306980] (lab2_pkg) StdoutLine: {'line': b'running install_lib\n'}
[1.308046] (lab2_pkg) StdoutLine: {'line': b'running install_data\n'}
[1.308138] (lab2_pkg) StdoutLine: {'line': b'running install_egg_info\n'}
[1.309731] (lab2_pkg) StdoutLine: {'line': b"removing '/home/ashley.akamine/rampagingRoombas/turtlebot4_ws/install/lab2_pkg/lib/python3.10/site-packages/lab2_pkg-0.0.0-py3.10.egg-info' (and everything under it)\n"}
[1.309959] (lab2_pkg) StdoutLine: {'line': b'Copying ../../build/lab2_pkg/lab2_pkg.egg-info to /home/ashley.akamine/rampagingRoombas/turtlebot4_ws/install/lab2_pkg/lib/python3.10/site-packages/lab2_pkg-0.0.0-py3.10.egg-info\n'}
[1.311346] (lab2_pkg) StdoutLine: {'line': b'running install_scripts\n'}
[1.319284] (lab1_pkg) StdoutLine: {'line': b'running egg_info\n'}
[1.319894] (lab1_pkg) StdoutLine: {'line': b'writing ../../build/lab1_pkg/lab1_pkg.egg-info/PKG-INFO\n'}
[1.320124] (lab1_pkg) StdoutLine: {'line': b'writing dependency_links to ../../build/lab1_pkg/lab1_pkg.egg-info/dependency_links.txt\n'}
[1.320274] (lab1_pkg) StdoutLine: {'line': b'writing entry points to ../../build/lab1_pkg/lab1_pkg.egg-info/entry_points.txt\n'}
[1.320405] (lab1_pkg) StdoutLine: {'line': b'writing requirements to ../../build/lab1_pkg/lab1_pkg.egg-info/requires.txt\n'}
[1.320496] (lab1_pkg) StdoutLine: {'line': b'writing top-level names to ../../build/lab1_pkg/lab1_pkg.egg-info/top_level.txt\n'}
[1.323122] (lab1_pkg) StdoutLine: {'line': b"reading manifest file '../../build/lab1_pkg/lab1_pkg.egg-info/SOURCES.txt'\n"}
[1.323821] (lab1_pkg) StdoutLine: {'line': b"writing manifest file '../../build/lab1_pkg/lab1_pkg.egg-info/SOURCES.txt'\n"}
[1.324052] (lab1_pkg) StdoutLine: {'line': b'running build\n'}
[1.324108] (lab1_pkg) StdoutLine: {'line': b'running build_py\n'}
[1.324403] (lab1_pkg) StdoutLine: {'line': b'running install\n'}
[1.324777] (lab1_pkg) StdoutLine: {'line': b'running install_lib\n'}
[1.326174] (lab1_pkg) StdoutLine: {'line': b'running install_data\n'}
[1.326287] (lab1_pkg) StdoutLine: {'line': b'running install_egg_info\n'}
[1.327661] (lab1_pkg) StdoutLine: {'line': b"removing '/home/ashley.akamine/rampagingRoombas/turtlebot4_ws/install/lab1_pkg/lib/python3.10/site-packages/lab1_pkg-0.0.0-py3.10.egg-info' (and everything under it)\n"}
[1.327886] (lab1_pkg) StdoutLine: {'line': b'Copying ../../build/lab1_pkg/lab1_pkg.egg-info to /home/ashley.akamine/rampagingRoombas/turtlebot4_ws/install/lab1_pkg/lib/python3.10/site-packages/lab1_pkg-0.0.0-py3.10.egg-info\n'}
[1.329143] (lab1_pkg) StdoutLine: {'line': b'running install_scripts\n'}
[1.330924] (lab2_pkg) StdoutLine: {'line': b'Installing speed_cap_obstacle_detect_node script to /home/ashley.akamine/rampagingRoombas/turtlebot4_ws/install/lab2_pkg/lib/lab2_pkg\n'}
[1.331205] (lab2_pkg) StdoutLine: {'line': b"writing list of installed files to '/home/ashley.akamine/rampagingRoombas/turtlebot4_ws/build/lab2_pkg/install.log'\n"}
[1.346059] (lab1_pkg) StdoutLine: {'line': b'Installing speed_behavior_node script to /home/ashley.akamine/rampagingRoombas/turtlebot4_ws/install/lab1_pkg/lib/lab1_pkg\n'}
[1.346385] (lab1_pkg) StdoutLine: {'line': b"writing list of installed files to '/home/ashley.akamine/rampagingRoombas/turtlebot4_ws/build/lab1_pkg/install.log'\n"}
[1.354454] (lab2_pkg) CommandEnded: {'returncode': 0}
[1.360834] (lab2_pkg) JobEnded: {'identifier': 'lab2_pkg', 'rc': 0}
[1.362008] (turtlebot_lab_bringup) JobStarted: {'identifier': 'turtlebot_lab_bringup'}
[1.367993] (turtlebot_lab_bringup) JobProgress: {'identifier': 'turtlebot_lab_bringup', 'progress': 'cmake'}
[1.368593] (turtlebot_lab_bringup) JobProgress: {'identifier': 'turtlebot_lab_bringup', 'progress': 'build'}
[1.369076] (turtlebot_lab_bringup) Command: {'cmd': ['/usr/bin/cmake', '--build', '/home/ashley.akamine/rampagingRoombas/turtlebot4_ws/build/turtlebot_lab_bringup', '--', '-j16', '-l16'], 'cwd': '/home/ashley.akamine/rampagingRoombas/turtlebot4_ws/build/turtlebot_lab_bringup', 'env': OrderedDict([('GJS_DEBUG_TOPICS', 'JS ERROR;JS LOG'), ('USER', 'ashley.akamine@plu.edu'), ('XDG_SESSION_TYPE', 'wayland'), ('GIT_ASKPASS', '/usr/share/code/resources/app/extensions/git/dist/askpass.sh'), ('SHLVL', '1'), ('LD_LIBRARY_PATH', '/home/ashley.akamine/rampagingRoombas/turtlebot4_ws/install/custom_interfaces/lib:/opt/ros/humble/opt/rviz_ogre_vendor/lib:/opt/ros/humble/lib/x86_64-linux-gnu:/opt/ros/humble/lib'), ('HOME', '/home/ashley.akamine'), ('OLDPWD', '/home/ashley.akamine/rampagingRoombas/turtlebot4_ws'), ('CHROME_DESKTOP', 'code.desktop'), ('DESKTOP_SESSION', 'ubuntu'), ('TERM_PROGRAM_VERSION', '1.98.2'), ('GIO_LAUNCHED_DESKTOP_FILE', '/usr/share/applications/code.desktop'), ('GTK_MODULES', 'gail:atk-bridge'), ('GNOME_SHELL_SESSION_MODE', 'ubuntu'), ('VSCODE_GIT_ASKPASS_MAIN', '/usr/share/code/resources/app/extensions/git/dist/askpass-main.js'), ('ROS_PYTHON_VERSION', '3'), ('MANAGERPID', '318657'), ('VSCODE_GIT_ASKPASS_NODE', '/usr/share/code/code'), ('SYSTEMD_EXEC_PID', '318826'), ('DBUS_SESSION_BUS_ADDRESS', 'unix:path=/run/user/481844462/bus'), ('PYDEVD_DISABLE_FILE_VALIDATION', '1'), ('BUNDLED_DEBUGPY_PATH', '/home/ashley.akamine/.vscode/extensions/ms-python.debugpy-2025.4.1-linux-x64/bundled/libs/debugpy'), ('GIO_LAUNCHED_DESKTOP_FILE_PID', '319552'), ('COLORTERM', 'truecolor'), ('CONDA_CHANGEPS1', 'no'), ('WAYLAND_DISPLAY', 'wayland-0'), ('ROS_DISTRO', 'humble'), ('COLCON_PREFIX_PATH', '/home/ashley.akamine/rampagingRoombas/turtlebot4_ws/install'), ('LOGNAME', 'ashley.akamine@plu.edu'), ('_', '/usr/bin/colcon'), ('JOURNAL_STREAM', '8:1641300'), ('XDG_SESSION_CLASS', 'user'), ('USER_ZDOTDIR', '/home/ashley.akamine'), ('ROS_VERSION', '2'), ('USERNAME', 'ashley.akamine@plu.edu'), ('PROMPT_EOL_MARK', ''), ('TERM', 'xterm-256color'), ('ROS_SUPER_CLIENT', 'True'), ('GNOME_DESKTOP_SESSION_ID', 'this-is-deprecated'), ('ROS_LOCALHOST_ONLY', '0'), ('PATH', '/opt/ros/humble/bin:/usr/local/sbin:/usr/local/bin:/usr/sbin:/usr/bin:/sbin:/bin:/usr/games:/usr/local/games:/snap/bin:/snap/bin:/home/ashley.akamine/.vscode/extensions/ms-python.debugpy-2025.4.1-linux-x64/bundled/scripts/noConfigScripts'), ('SESSION_MANAGER', 'local/csci20145:@/tmp/.ICE-unix/318801,unix/csci20145:/tmp/.ICE-unix/318801'), ('INVOCATION_ID', '61114afdaf10442f9f957b940ed2fd79'), ('XDG_RUNTIME_DIR', '/run/user/481844462'), ('XDG_MENU_PREFIX', 'gnome-'), ('GNOME_SETUP_DISPLAY', ':1'), ('GDK_BACKEND', 'x11'), ('DISPLAY', ':0'), ('LANG', 'en_US.UTF-8'), ('XDG_CURRENT_DESKTOP', 'Unity'), ('VSCODE_DEBUGPY_ADAPTER_ENDPOINTS', '/home/ashley.akamine/.vscode/extensions/ms-python.debugpy-2025.4.1-linux-x64/.noConfigDebugAdapterEndpoints/endpoint-5e84f070e7f40046.txt'), ('VSCODE_INJECTION', '1'), ('RMW_IMPLEMENTATION', 'rmw_fastrtps_cpp'), ('XDG_SESSION_DESKTOP', 'ubuntu'), ('XMODIFIERS', '@im=ibus'), ('XAUTHORITY', '/run/user/481844462/.mutter-Xwaylandauth.9EXU42'), ('TERM_PROGRAM', 'vscode'), ('VSCODE_GIT_IPC_HANDLE', '/run/user/481844462/vscode-git-eb3a6a45bf.sock'), ('SSH_AGENT_LAUNCHER', 'gnome-keyring'), ('SSH_AUTH_SOCK', '/run/user/481844462/keyring/ssh'), ('ORIGINAL_XDG_CURRENT_DESKTOP', 'ubuntu:GNOME'), ('AMENT_PREFIX_PATH', '/home/ashley.akamine/rampagingRoombas/turtlebot4_ws/install/lab2_pkg:/home/ashley.akamine/rampagingRoombas/turtlebot4_ws/install/turtlebot_lab_bringup:/home/ashley.akamine/rampagingRoombas/turtlebot4_ws/install/lab5_pkg:/home/ashley.akamine/rampagingRoombas/turtlebot4_ws/install/lab3_pkg:/home/ashley.akamine/rampagingRoombas/turtlebot4_ws/install/lab1_pkg:/home/ashley.akamine/rampagingRoombas/turtlebot4_ws/install/custom_interfaces:/opt/ros/humble'), ('ROS_DOMAIN_ID', '2'), ('SHELL', '/bin/zsh'), ('KRB5CCNAME', 'FILE:/tmp/krb5cc_481844462_VDG5Kq'), ('ROS_DISCOVERY_SERVER', '10.5.113.101:11811'), ('QT_ACCESSIBILITY', '1'), ('GDMSESSION', 'ubuntu'), ('GJS_DEBUG_OUTPUT', 'stderr'), ('QT_IM_MODULE', 'ibus'), ('VSCODE_GIT_ASKPASS_EXTRA_ARGS', ''), ('PWD', '/home/ashley.akamine/rampagingRoombas/turtlebot4_ws/build/turtlebot_lab_bringup'), ('XDG_DATA_DIRS', '/usr/local/share/:/usr/share/:/var/lib/snapd/desktop'), ('ZDOTDIR', '/home/ashley.akamine'), ('VIRTUAL_ENV_DISABLE_PROMPT', '12'), ('PYTHONPATH', '/home/ashley.akamine/rampagingRoombas/turtlebot4_ws/install/lab2_pkg/lib/python3.10/site-packages:/home/ashley.akamine/rampagingRoombas/turtlebot4_ws/install/lab5_pkg/lib/python3.10/site-packages:/home/ashley.akamine/rampagingRoombas/turtlebot4_ws/install/lab3_pkg/lib/python3.10/site-packages:/home/ashley.akamine/rampagingRoombas/turtlebot4_ws/install/lab1_pkg/lib/python3.10/site-packages:/home/ashley.akamine/rampagingRoombas/turtlebot4_ws/install/custom_interfaces/local/lib/python3.10/dist-packages:/opt/ros/humble/lib/python3.10/site-packages:/opt/ros/humble/local/lib/python3.10/dist-packages'), ('COLCON', '1'), ('CMAKE_PREFIX_PATH', '/home/ashley.akamine/rampagingRoombas/turtlebot4_ws/install/turtlebot_lab_bringup:/home/ashley.akamine/rampagingRoombas/turtlebot4_ws/install/custom_interfaces:/home/ashley.akamine/rampagingRoombas/turtlebot4_ws/install/lab5_pkg:/home/ashley.akamine/rampagingRoombas/turtlebot4_ws/install/lab3_pkg:/home/ashley.akamine/rampagingRoombas/turtlebot4_ws/install/lab2_pkg:/home/ashley.akamine/rampagingRoombas/turtlebot4_ws/install/lab1_pkg:/opt/ros/humble')]), 'shell': False}
[1.372427] (lab1_pkg) CommandEnded: {'returncode': 0}
[1.378237] (lab1_pkg) JobEnded: {'identifier': 'lab1_pkg', 'rc': 0}
[1.401737] (-) TimerEvent: {}
[1.411196] (turtlebot_lab_bringup) CommandEnded: {'returncode': 0}
[1.411841] (turtlebot_lab_bringup) JobProgress: {'identifier': 'turtlebot_lab_bringup', 'progress': 'install'}
[1.411984] (turtlebot_lab_bringup) Command: {'cmd': ['/usr/bin/cmake', '--install', '/home/ashley.akamine/rampagingRoombas/turtlebot4_ws/build/turtlebot_lab_bringup'], 'cwd': '/home/ashley.akamine/rampagingRoombas/turtlebot4_ws/build/turtlebot_lab_bringup', 'env': OrderedDict([('GJS_DEBUG_TOPICS', 'JS ERROR;JS LOG'), ('USER', 'ashley.akamine@plu.edu'), ('XDG_SESSION_TYPE', 'wayland'), ('GIT_ASKPASS', '/usr/share/code/resources/app/extensions/git/dist/askpass.sh'), ('SHLVL', '1'), ('LD_LIBRARY_PATH', '/home/ashley.akamine/rampagingRoombas/turtlebot4_ws/install/custom_interfaces/lib:/opt/ros/humble/opt/rviz_ogre_vendor/lib:/opt/ros/humble/lib/x86_64-linux-gnu:/opt/ros/humble/lib'), ('HOME', '/home/ashley.akamine'), ('OLDPWD', '/home/ashley.akamine/rampagingRoombas/turtlebot4_ws'), ('CHROME_DESKTOP', 'code.desktop'), ('DESKTOP_SESSION', 'ubuntu'), ('TERM_PROGRAM_VERSION', '1.98.2'), ('GIO_LAUNCHED_DESKTOP_FILE', '/usr/share/applications/code.desktop'), ('GTK_MODULES', 'gail:atk-bridge'), ('GNOME_SHELL_SESSION_MODE', 'ubuntu'), ('VSCODE_GIT_ASKPASS_MAIN', '/usr/share/code/resources/app/extensions/git/dist/askpass-main.js'), ('ROS_PYTHON_VERSION', '3'), ('MANAGERPID', '318657'), ('VSCODE_GIT_ASKPASS_NODE', '/usr/share/code/code'), ('SYSTEMD_EXEC_PID', '318826'), ('DBUS_SESSION_BUS_ADDRESS', 'unix:path=/run/user/481844462/bus'), ('PYDEVD_DISABLE_FILE_VALIDATION', '1'), ('BUNDLED_DEBUGPY_PATH', '/home/ashley.akamine/.vscode/extensions/ms-python.debugpy-2025.4.1-linux-x64/bundled/libs/debugpy'), ('GIO_LAUNCHED_DESKTOP_FILE_PID', '319552'), ('COLORTERM', 'truecolor'), ('CONDA_CHANGEPS1', 'no'), ('WAYLAND_DISPLAY', 'wayland-0'), ('ROS_DISTRO', 'humble'), ('COLCON_PREFIX_PATH', '/home/ashley.akamine/rampagingRoombas/turtlebot4_ws/install'), ('LOGNAME', 'ashley.akamine@plu.edu'), ('_', '/usr/bin/colcon'), ('JOURNAL_STREAM', '8:1641300'), ('XDG_SESSION_CLASS', 'user'), ('USER_ZDOTDIR', '/home/ashley.akamine'), ('ROS_VERSION', '2'), ('USERNAME', 'ashley.akamine@plu.edu'), ('PROMPT_EOL_MARK', ''), ('TERM', 'xterm-256color'), ('ROS_SUPER_CLIENT', 'True'), ('GNOME_DESKTOP_SESSION_ID', 'this-is-deprecated'), ('ROS_LOCALHOST_ONLY', '0'), ('PATH', '/opt/ros/humble/bin:/usr/local/sbin:/usr/local/bin:/usr/sbin:/usr/bin:/sbin:/bin:/usr/games:/usr/local/games:/snap/bin:/snap/bin:/home/ashley.akamine/.vscode/extensions/ms-python.debugpy-2025.4.1-linux-x64/bundled/scripts/noConfigScripts'), ('SESSION_MANAGER', 'local/csci20145:@/tmp/.ICE-unix/318801,unix/csci20145:/tmp/.ICE-unix/318801'), ('INVOCATION_ID', '61114afdaf10442f9f957b940ed2fd79'), ('XDG_RUNTIME_DIR', '/run/user/481844462'), ('XDG_MENU_PREFIX', 'gnome-'), ('GNOME_SETUP_DISPLAY', ':1'), ('GDK_BACKEND', 'x11'), ('DISPLAY', ':0'), ('LANG', 'en_US.UTF-8'), ('XDG_CURRENT_DESKTOP', 'Unity'), ('VSCODE_DEBUGPY_ADAPTER_ENDPOINTS', '/home/ashley.akamine/.vscode/extensions/ms-python.debugpy-2025.4.1-linux-x64/.noConfigDebugAdapterEndpoints/endpoint-5e84f070e7f40046.txt'), ('VSCODE_INJECTION', '1'), ('RMW_IMPLEMENTATION', 'rmw_fastrtps_cpp'), ('XDG_SESSION_DESKTOP', 'ubuntu'), ('XMODIFIERS', '@im=ibus'), ('XAUTHORITY', '/run/user/481844462/.mutter-Xwaylandauth.9EXU42'), ('TERM_PROGRAM', 'vscode'), ('VSCODE_GIT_IPC_HANDLE', '/run/user/481844462/vscode-git-eb3a6a45bf.sock'), ('SSH_AGENT_LAUNCHER', 'gnome-keyring'), ('SSH_AUTH_SOCK', '/run/user/481844462/keyring/ssh'), ('ORIGINAL_XDG_CURRENT_DESKTOP', 'ubuntu:GNOME'), ('AMENT_PREFIX_PATH', '/home/ashley.akamine/rampagingRoombas/turtlebot4_ws/install/lab2_pkg:/home/ashley.akamine/rampagingRoombas/turtlebot4_ws/install/turtlebot_lab_bringup:/home/ashley.akamine/rampagingRoombas/turtlebot4_ws/install/lab5_pkg:/home/ashley.akamine/rampagingRoombas/turtlebot4_ws/install/lab3_pkg:/home/ashley.akamine/rampagingRoombas/turtlebot4_ws/install/lab1_pkg:/home/ashley.akamine/rampagingRoombas/turtlebot4_ws/install/custom_interfaces:/opt/ros/humble'), ('ROS_DOMAIN_ID', '2'), ('SHELL', '/bin/zsh'), ('KRB5CCNAME', 'FILE:/tmp/krb5cc_481844462_VDG5Kq'), ('ROS_DISCOVERY_SERVER', '10.5.113.101:11811'), ('QT_ACCESSIBILITY', '1'), ('GDMSESSION', 'ubuntu'), ('GJS_DEBUG_OUTPUT', 'stderr'), ('QT_IM_MODULE', 'ibus'), ('VSCODE_GIT_ASKPASS_EXTRA_ARGS', ''), ('PWD', '/home/ashley.akamine/rampagingRoombas/turtlebot4_ws/build/turtlebot_lab_bringup'), ('XDG_DATA_DIRS', '/usr/local/share/:/usr/share/:/var/lib/snapd/desktop'), ('ZDOTDIR', '/home/ashley.akamine'), ('VIRTUAL_ENV_DISABLE_PROMPT', '12'), ('PYTHONPATH', '/home/ashley.akamine/rampagingRoombas/turtlebot4_ws/install/lab2_pkg/lib/python3.10/site-packages:/home/ashley.akamine/rampagingRoombas/turtlebot4_ws/install/lab5_pkg/lib/python3.10/site-packages:/home/ashley.akamine/rampagingRoombas/turtlebot4_ws/install/lab3_pkg/lib/python3.10/site-packages:/home/ashley.akamine/rampagingRoombas/turtlebot4_ws/install/lab1_pkg/lib/python3.10/site-packages:/home/ashley.akamine/rampagingRoombas/turtlebot4_ws/install/custom_interfaces/local/lib/python3.10/dist-packages:/opt/ros/humble/lib/python3.10/site-packages:/opt/ros/humble/local/lib/python3.10/dist-packages'), ('COLCON', '1'), ('CMAKE_PREFIX_PATH', '/home/ashley.akamine/rampagingRoombas/turtlebot4_ws/install/turtlebot_lab_bringup:/home/ashley.akamine/rampagingRoombas/turtlebot4_ws/install/custom_interfaces:/home/ashley.akamine/rampagingRoombas/turtlebot4_ws/install/lab5_pkg:/home/ashley.akamine/rampagingRoombas/turtlebot4_ws/install/lab3_pkg:/home/ashley.akamine/rampagingRoombas/turtlebot4_ws/install/lab2_pkg:/home/ashley.akamine/rampagingRoombas/turtlebot4_ws/install/lab1_pkg:/opt/ros/humble')]), 'shell': False}
[1.419439] (turtlebot_lab_bringup) StdoutLine: {'line': b'-- Install configuration: ""\n'}
[1.419910] (turtlebot_lab_bringup) StdoutLine: {'line': b'-- Up-to-date: /home/ashley.akamine/rampagingRoombas/turtlebot4_ws/install/turtlebot_lab_bringup/share/turtlebot_lab_bringup//launch\n'}
[1.420040] (turtlebot_lab_bringup) StdoutLine: {'line': b'-- Up-to-date: /home/ashley.akamine/rampagingRoombas/turtlebot4_ws/install/turtlebot_lab_bringup/share/turtlebot_lab_bringup//launch/launching_robots.launch.xml\n'}
[1.420102] (turtlebot_lab_bringup) StdoutLine: {'line': b'-- Up-to-date: /home/ashley.akamine/rampagingRoombas/turtlebot4_ws/install/turtlebot_lab_bringup/share/turtlebot_lab_bringup//launch/fun_launchfile_name.launch.xml\n'}
[1.420150] (turtlebot_lab_bringup) StdoutLine: {'line': b'-- Up-to-date: /home/ashley.akamine/rampagingRoombas/turtlebot4_ws/install/turtlebot_lab_bringup/share/ament_index/resource_index/package_run_dependencies/turtlebot_lab_bringup\n'}
[1.420198] (turtlebot_lab_bringup) StdoutLine: {'line': b'-- Up-to-date: /home/ashley.akamine/rampagingRoombas/turtlebot4_ws/install/turtlebot_lab_bringup/share/ament_index/resource_index/parent_prefix_path/turtlebot_lab_bringup\n'}
[1.420242] (turtlebot_lab_bringup) StdoutLine: {'line': b'-- Up-to-date: /home/ashley.akamine/rampagingRoombas/turtlebot4_ws/install/turtlebot_lab_bringup/share/turtlebot_lab_bringup/environment/ament_prefix_path.sh\n'}
[1.420286] (turtlebot_lab_bringup) StdoutLine: {'line': b'-- Up-to-date: /home/ashley.akamine/rampagingRoombas/turtlebot4_ws/install/turtlebot_lab_bringup/share/turtlebot_lab_bringup/environment/ament_prefix_path.dsv\n'}
[1.420328] (turtlebot_lab_bringup) StdoutLine: {'line': b'-- Up-to-date: /home/ashley.akamine/rampagingRoombas/turtlebot4_ws/install/turtlebot_lab_bringup/share/turtlebot_lab_bringup/environment/path.sh\n'}
[1.420374] (turtlebot_lab_bringup) StdoutLine: {'line': b'-- Up-to-date: /home/ashley.akamine/rampagingRoombas/turtlebot4_ws/install/turtlebot_lab_bringup/share/turtlebot_lab_bringup/environment/path.dsv\n'}
[1.420417] (turtlebot_lab_bringup) StdoutLine: {'line': b'-- Up-to-date: /home/ashley.akamine/rampagingRoombas/turtlebot4_ws/install/turtlebot_lab_bringup/share/turtlebot_lab_bringup/local_setup.bash\n'}
[1.420460] (turtlebot_lab_bringup) StdoutLine: {'line': b'-- Up-to-date: /home/ashley.akamine/rampagingRoombas/turtlebot4_ws/install/turtlebot_lab_bringup/share/turtlebot_lab_bringup/local_setup.sh\n'}
[1.420503] (turtlebot_lab_bringup) StdoutLine: {'line': b'-- Up-to-date: /home/ashley.akamine/rampagingRoombas/turtlebot4_ws/install/turtlebot_lab_bringup/share/turtlebot_lab_bringup/local_setup.zsh\n'}
[1.420545] (turtlebot_lab_bringup) StdoutLine: {'line': b'-- Up-to-date: /home/ashley.akamine/rampagingRoombas/turtlebot4_ws/install/turtlebot_lab_bringup/share/turtlebot_lab_bringup/local_setup.dsv\n'}
[1.420598] (turtlebot_lab_bringup) StdoutLine: {'line': b'-- Installing: /home/ashley.akamine/rampagingRoombas/turtlebot4_ws/install/turtlebot_lab_bringup/share/turtlebot_lab_bringup/package.dsv\n'}
[1.421333] (turtlebot_lab_bringup) StdoutLine: {'line': b'-- Up-to-date: /home/ashley.akamine/rampagingRoombas/turtlebot4_ws/install/turtlebot_lab_bringup/share/ament_index/resource_index/packages/turtlebot_lab_bringup\n'}
[1.421421] (turtlebot_lab_bringup) StdoutLine: {'line': b'-- Up-to-date: /home/ashley.akamine/rampagingRoombas/turtlebot4_ws/install/turtlebot_lab_bringup/share/turtlebot_lab_bringup/cmake/turtlebot_lab_bringupConfig.cmake\n'}
[1.421471] (turtlebot_lab_bringup) StdoutLine: {'line': b'-- Up-to-date: /home/ashley.akamine/rampagingRoombas/turtlebot4_ws/install/turtlebot_lab_bringup/share/turtlebot_lab_bringup/cmake/turtlebot_lab_bringupConfig-version.cmake\n'}
[1.421542] (turtlebot_lab_bringup) StdoutLine: {'line': b'-- Up-to-date: /home/ashley.akamine/rampagingRoombas/turtlebot4_ws/install/turtlebot_lab_bringup/share/turtlebot_lab_bringup/package.xml\n'}
[1.424127] (turtlebot_lab_bringup) CommandEnded: {'returncode': 0}
[1.455371] (turtlebot_lab_bringup) JobEnded: {'identifier': 'turtlebot_lab_bringup', 'rc': 0}
[1.458348] (lab5_pkg) Command: {'cmd': ['/usr/bin/python3', '-W', 'ignore:setup.py install is deprecated', '-W', 'ignore:easy_install command is deprecated', 'setup.py', 'egg_info', '--egg-base', '../../build/lab5_pkg', 'build', '--build-base', '/home/ashley.akamine/rampagingRoombas/turtlebot4_ws/build/lab5_pkg/build', 'install', '--record', '/home/ashley.akamine/rampagingRoombas/turtlebot4_ws/build/lab5_pkg/install.log', '--single-version-externally-managed', 'install_data'], 'cwd': '/home/ashley.akamine/rampagingRoombas/turtlebot4_ws/src/lab5_pkg', 'env': {'GJS_DEBUG_TOPICS': 'JS ERROR;JS LOG', 'USER': 'ashley.akamine@plu.edu', 'XDG_SESSION_TYPE': 'wayland', 'GIT_ASKPASS': '/usr/share/code/resources/app/extensions/git/dist/askpass.sh', 'SHLVL': '1', 'LD_LIBRARY_PATH': '/home/ashley.akamine/rampagingRoombas/turtlebot4_ws/install/custom_interfaces/lib:/opt/ros/humble/opt/rviz_ogre_vendor/lib:/opt/ros/humble/lib/x86_64-linux-gnu:/opt/ros/humble/lib', 'HOME': '/home/ashley.akamine', 'OLDPWD': '/home/ashley.akamine/rampagingRoombas/turtlebot4_ws', 'CHROME_DESKTOP': 'code.desktop', 'DESKTOP_SESSION': 'ubuntu', 'TERM_PROGRAM_VERSION': '1.98.2', 'GIO_LAUNCHED_DESKTOP_FILE': '/usr/share/applications/code.desktop', 'GTK_MODULES': 'gail:atk-bridge', 'GNOME_SHELL_SESSION_MODE': 'ubuntu', 'VSCODE_GIT_ASKPASS_MAIN': '/usr/share/code/resources/app/extensions/git/dist/askpass-main.js', 'ROS_PYTHON_VERSION': '3', 'MANAGERPID': '318657', 'VSCODE_GIT_ASKPASS_NODE': '/usr/share/code/code', 'SYSTEMD_EXEC_PID': '318826', 'DBUS_SESSION_BUS_ADDRESS': 'unix:path=/run/user/481844462/bus', 'PYDEVD_DISABLE_FILE_VALIDATION': '1', 'BUNDLED_DEBUGPY_PATH': '/home/ashley.akamine/.vscode/extensions/ms-python.debugpy-2025.4.1-linux-x64/bundled/libs/debugpy', 'GIO_LAUNCHED_DESKTOP_FILE_PID': '319552', 'COLORTERM': 'truecolor', 'CONDA_CHANGEPS1': 'no', 'WAYLAND_DISPLAY': 'wayland-0', 'ROS_DISTRO': 'humble', 'COLCON_PREFIX_PATH': '/home/ashley.akamine/rampagingRoombas/turtlebot4_ws/install', 'LOGNAME': 'ashley.akamine@plu.edu', '_': '/usr/bin/colcon', 'JOURNAL_STREAM': '8:1641300', 'XDG_SESSION_CLASS': 'user', 'USER_ZDOTDIR': '/home/ashley.akamine', 'ROS_VERSION': '2', 'USERNAME': 'ashley.akamine@plu.edu', 'PROMPT_EOL_MARK': '', 'TERM': 'xterm-256color', 'ROS_SUPER_CLIENT': 'True', 'GNOME_DESKTOP_SESSION_ID': 'this-is-deprecated', 'ROS_LOCALHOST_ONLY': '0', 'PATH': '/opt/ros/humble/bin:/usr/local/sbin:/usr/local/bin:/usr/sbin:/usr/bin:/sbin:/bin:/usr/games:/usr/local/games:/snap/bin:/snap/bin:/home/ashley.akamine/.vscode/extensions/ms-python.debugpy-2025.4.1-linux-x64/bundled/scripts/noConfigScripts', 'SESSION_MANAGER': 'local/csci20145:@/tmp/.ICE-unix/318801,unix/csci20145:/tmp/.ICE-unix/318801', 'INVOCATION_ID': '61114afdaf10442f9f957b940ed2fd79', 'XDG_RUNTIME_DIR': '/run/user/481844462', 'XDG_MENU_PREFIX': 'gnome-', 'GNOME_SETUP_DISPLAY': ':1', 'GDK_BACKEND': 'x11', 'DISPLAY': ':0', 'LANG': 'en_US.UTF-8', 'XDG_CURRENT_DESKTOP': 'Unity', 'VSCODE_DEBUGPY_ADAPTER_ENDPOINTS': '/home/ashley.akamine/.vscode/extensions/ms-python.debugpy-2025.4.1-linux-x64/.noConfigDebugAdapterEndpoints/endpoint-5e84f070e7f40046.txt', 'VSCODE_INJECTION': '1', 'RMW_IMPLEMENTATION': 'rmw_fastrtps_cpp', 'XDG_SESSION_DESKTOP': 'ubuntu', 'XMODIFIERS': '@im=ibus', 'XAUTHORITY': '/run/user/481844462/.mutter-Xwaylandauth.9EXU42', 'TERM_PROGRAM': 'vscode', 'VSCODE_GIT_IPC_HANDLE': '/run/user/481844462/vscode-git-eb3a6a45bf.sock', 'SSH_AGENT_LAUNCHER': 'gnome-keyring', 'SSH_AUTH_SOCK': '/run/user/481844462/keyring/ssh', 'ORIGINAL_XDG_CURRENT_DESKTOP': 'ubuntu:GNOME', 'AMENT_PREFIX_PATH': '/home/ashley.akamine/rampagingRoombas/turtlebot4_ws/install/turtlebot_lab_bringup:/home/ashley.akamine/rampagingRoombas/turtlebot4_ws/install/lab5_pkg:/home/ashley.akamine/rampagingRoombas/turtlebot4_ws/install/lab3_pkg:/home/ashley.akamine/rampagingRoombas/turtlebot4_ws/install/lab2_pkg:/home/ashley.akamine/rampagingRoombas/turtlebot4_ws/install/lab1_pkg:/home/ashley.akamine/rampagingRoombas/turtlebot4_ws/install/custom_interfaces:/opt/ros/humble', 'ROS_DOMAIN_ID': '2', 'SHELL': '/bin/zsh', 'KRB5CCNAME': 'FILE:/tmp/krb5cc_481844462_VDG5Kq', 'ROS_DISCOVERY_SERVER': '10.5.113.101:11811', 'QT_ACCESSIBILITY': '1', 'GDMSESSION': 'ubuntu', 'GJS_DEBUG_OUTPUT': 'stderr', 'QT_IM_MODULE': 'ibus', 'VSCODE_GIT_ASKPASS_EXTRA_ARGS': '', 'PWD': '/home/ashley.akamine/rampagingRoombas/turtlebot4_ws/build/lab5_pkg', 'XDG_DATA_DIRS': '/usr/local/share/:/usr/share/:/var/lib/snapd/desktop', 'ZDOTDIR': '/home/ashley.akamine', 'VIRTUAL_ENV_DISABLE_PROMPT': '12', 'PYTHONPATH': '/home/ashley.akamine/rampagingRoombas/turtlebot4_ws/build/lab5_pkg/prefix_override:/usr/lib/python3/dist-packages/colcon_core/task/python/colcon_distutils_commands:/home/ashley.akamine/rampagingRoombas/turtlebot4_ws/install/lab5_pkg/lib/python3.10/site-packages:/home/ashley.akamine/rampagingRoombas/turtlebot4_ws/install/lab5_pkg/lib/python3.10/site-packages:/home/ashley.akamine/rampagingRoombas/turtlebot4_ws/install/lab3_pkg/lib/python3.10/site-packages:/home/ashley.akamine/rampagingRoombas/turtlebot4_ws/install/lab2_pkg/lib/python3.10/site-packages:/home/ashley.akamine/rampagingRoombas/turtlebot4_ws/install/lab1_pkg/lib/python3.10/site-packages:/home/ashley.akamine/rampagingRoombas/turtlebot4_ws/install/custom_interfaces/local/lib/python3.10/dist-packages:/opt/ros/humble/lib/python3.10/site-packages:/opt/ros/humble/local/lib/python3.10/dist-packages', 'COLCON': '1', 'CMAKE_PREFIX_PATH': '/home/ashley.akamine/rampagingRoombas/turtlebot4_ws/install/custom_interfaces:/home/ashley.akamine/rampagingRoombas/turtlebot4_ws/install/turtlebot_lab_bringup'}, 'shell': False}
[1.461700] (lab3_pkg) Command: {'cmd': ['/usr/bin/python3', '-W', 'ignore:setup.py install is deprecated', '-W', 'ignore:easy_install command is deprecated', 'setup.py', 'egg_info', '--egg-base', '../../build/lab3_pkg', 'build', '--build-base', '/home/ashley.akamine/rampagingRoombas/turtlebot4_ws/build/lab3_pkg/build', 'install', '--record', '/home/ashley.akamine/rampagingRoombas/turtlebot4_ws/build/lab3_pkg/install.log', '--single-version-externally-managed', 'install_data'], 'cwd': '/home/ashley.akamine/rampagingRoombas/turtlebot4_ws/src/lab3_pkg', 'env': {'GJS_DEBUG_TOPICS': 'JS ERROR;JS LOG', 'USER': 'ashley.akamine@plu.edu', 'XDG_SESSION_TYPE': 'wayland', 'GIT_ASKPASS': '/usr/share/code/resources/app/extensions/git/dist/askpass.sh', 'SHLVL': '1', 'LD_LIBRARY_PATH': '/home/ashley.akamine/rampagingRoombas/turtlebot4_ws/install/custom_interfaces/lib:/opt/ros/humble/opt/rviz_ogre_vendor/lib:/opt/ros/humble/lib/x86_64-linux-gnu:/opt/ros/humble/lib', 'HOME': '/home/ashley.akamine', 'OLDPWD': '/home/ashley.akamine/rampagingRoombas/turtlebot4_ws', 'CHROME_DESKTOP': 'code.desktop', 'DESKTOP_SESSION': 'ubuntu', 'TERM_PROGRAM_VERSION': '1.98.2', 'GIO_LAUNCHED_DESKTOP_FILE': '/usr/share/applications/code.desktop', 'GTK_MODULES': 'gail:atk-bridge', 'GNOME_SHELL_SESSION_MODE': 'ubuntu', 'VSCODE_GIT_ASKPASS_MAIN': '/usr/share/code/resources/app/extensions/git/dist/askpass-main.js', 'ROS_PYTHON_VERSION': '3', 'MANAGERPID': '318657', 'VSCODE_GIT_ASKPASS_NODE': '/usr/share/code/code', 'SYSTEMD_EXEC_PID': '318826', 'DBUS_SESSION_BUS_ADDRESS': 'unix:path=/run/user/481844462/bus', 'PYDEVD_DISABLE_FILE_VALIDATION': '1', 'BUNDLED_DEBUGPY_PATH': '/home/ashley.akamine/.vscode/extensions/ms-python.debugpy-2025.4.1-linux-x64/bundled/libs/debugpy', 'GIO_LAUNCHED_DESKTOP_FILE_PID': '319552', 'COLORTERM': 'truecolor', 'CONDA_CHANGEPS1': 'no', 'WAYLAND_DISPLAY': 'wayland-0', 'ROS_DISTRO': 'humble', 'COLCON_PREFIX_PATH': '/home/ashley.akamine/rampagingRoombas/turtlebot4_ws/install', 'LOGNAME': 'ashley.akamine@plu.edu', '_': '/usr/bin/colcon', 'JOURNAL_STREAM': '8:1641300', 'XDG_SESSION_CLASS': 'user', 'USER_ZDOTDIR': '/home/ashley.akamine', 'ROS_VERSION': '2', 'USERNAME': 'ashley.akamine@plu.edu', 'PROMPT_EOL_MARK': '', 'TERM': 'xterm-256color', 'ROS_SUPER_CLIENT': 'True', 'GNOME_DESKTOP_SESSION_ID': 'this-is-deprecated', 'ROS_LOCALHOST_ONLY': '0', 'PATH': '/opt/ros/humble/bin:/usr/local/sbin:/usr/local/bin:/usr/sbin:/usr/bin:/sbin:/bin:/usr/games:/usr/local/games:/snap/bin:/snap/bin:/home/ashley.akamine/.vscode/extensions/ms-python.debugpy-2025.4.1-linux-x64/bundled/scripts/noConfigScripts', 'SESSION_MANAGER': 'local/csci20145:@/tmp/.ICE-unix/318801,unix/csci20145:/tmp/.ICE-unix/318801', 'INVOCATION_ID': '61114afdaf10442f9f957b940ed2fd79', 'XDG_RUNTIME_DIR': '/run/user/481844462', 'XDG_MENU_PREFIX': 'gnome-', 'GNOME_SETUP_DISPLAY': ':1', 'GDK_BACKEND': 'x11', 'DISPLAY': ':0', 'LANG': 'en_US.UTF-8', 'XDG_CURRENT_DESKTOP': 'Unity', 'VSCODE_DEBUGPY_ADAPTER_ENDPOINTS': '/home/ashley.akamine/.vscode/extensions/ms-python.debugpy-2025.4.1-linux-x64/.noConfigDebugAdapterEndpoints/endpoint-5e84f070e7f40046.txt', 'VSCODE_INJECTION': '1', 'RMW_IMPLEMENTATION': 'rmw_fastrtps_cpp', 'XDG_SESSION_DESKTOP': 'ubuntu', 'XMODIFIERS': '@im=ibus', 'XAUTHORITY': '/run/user/481844462/.mutter-Xwaylandauth.9EXU42', 'TERM_PROGRAM': 'vscode', 'VSCODE_GIT_IPC_HANDLE': '/run/user/481844462/vscode-git-eb3a6a45bf.sock', 'SSH_AGENT_LAUNCHER': 'gnome-keyring', 'SSH_AUTH_SOCK': '/run/user/481844462/keyring/ssh', 'ORIGINAL_XDG_CURRENT_DESKTOP': 'ubuntu:GNOME', 'AMENT_PREFIX_PATH': '/home/ashley.akamine/rampagingRoombas/turtlebot4_ws/install/turtlebot_lab_bringup:/home/ashley.akamine/rampagingRoombas/turtlebot4_ws/install/lab5_pkg:/home/ashley.akamine/rampagingRoombas/turtlebot4_ws/install/lab3_pkg:/home/ashley.akamine/rampagingRoombas/turtlebot4_ws/install/lab2_pkg:/home/ashley.akamine/rampagingRoombas/turtlebot4_ws/install/lab1_pkg:/home/ashley.akamine/rampagingRoombas/turtlebot4_ws/install/custom_interfaces:/opt/ros/humble', 'ROS_DOMAIN_ID': '2', 'SHELL': '/bin/zsh', 'KRB5CCNAME': 'FILE:/tmp/krb5cc_481844462_VDG5Kq', 'ROS_DISCOVERY_SERVER': '10.5.113.101:11811', 'QT_ACCESSIBILITY': '1', 'GDMSESSION': 'ubuntu', 'GJS_DEBUG_OUTPUT': 'stderr', 'QT_IM_MODULE': 'ibus', 'VSCODE_GIT_ASKPASS_EXTRA_ARGS': '', 'PWD': '/home/ashley.akamine/rampagingRoombas/turtlebot4_ws/build/lab3_pkg', 'XDG_DATA_DIRS': '/usr/local/share/:/usr/share/:/var/lib/snapd/desktop', 'ZDOTDIR': '/home/ashley.akamine', 'VIRTUAL_ENV_DISABLE_PROMPT': '12', 'PYTHONPATH': '/home/ashley.akamine/rampagingRoombas/turtlebot4_ws/build/lab3_pkg/prefix_override:/usr/lib/python3/dist-packages/colcon_core/task/python/colcon_distutils_commands:/home/ashley.akamine/rampagingRoombas/turtlebot4_ws/install/lab3_pkg/lib/python3.10/site-packages:/home/ashley.akamine/rampagingRoombas/turtlebot4_ws/install/lab5_pkg/lib/python3.10/site-packages:/home/ashley.akamine/rampagingRoombas/turtlebot4_ws/install/lab3_pkg/lib/python3.10/site-packages:/home/ashley.akamine/rampagingRoombas/turtlebot4_ws/install/lab2_pkg/lib/python3.10/site-packages:/home/ashley.akamine/rampagingRoombas/turtlebot4_ws/install/lab1_pkg/lib/python3.10/site-packages:/home/ashley.akamine/rampagingRoombas/turtlebot4_ws/install/custom_interfaces/local/lib/python3.10/dist-packages:/opt/ros/humble/lib/python3.10/site-packages:/opt/ros/humble/local/lib/python3.10/dist-packages', 'COLCON': '1', 'CMAKE_PREFIX_PATH': '/home/ashley.akamine/rampagingRoombas/turtlebot4_ws/install/custom_interfaces:/home/ashley.akamine/rampagingRoombas/turtlebot4_ws/install/turtlebot_lab_bringup'}, 'shell': False}
[1.501942] (-) TimerEvent: {}
[1.602189] (-) TimerEvent: {}
[1.677289] (lab5_pkg) StdoutLine: {'line': b'running egg_info\n'}
[1.677833] (lab5_pkg) StdoutLine: {'line': b'writing ../../build/lab5_pkg/lab5_pkg.egg-info/PKG-INFO\n'}
[1.678072] (lab5_pkg) StdoutLine: {'line': b'writing dependency_links to ../../build/lab5_pkg/lab5_pkg.egg-info/dependency_links.txt\n'}
[1.678242] (lab5_pkg) StdoutLine: {'line': b'writing entry points to ../../build/lab5_pkg/lab5_pkg.egg-info/entry_points.txt\n'}
[1.678406] (lab5_pkg) StdoutLine: {'line': b'writing requirements to ../../build/lab5_pkg/lab5_pkg.egg-info/requires.txt\n'}
[1.678512] (lab5_pkg) StdoutLine: {'line': b'writing top-level names to ../../build/lab5_pkg/lab5_pkg.egg-info/top_level.txt\n'}
[1.680424] (lab5_pkg) StdoutLine: {'line': b"reading manifest file '../../build/lab5_pkg/lab5_pkg.egg-info/SOURCES.txt'\n"}
[1.681082] (lab5_pkg) StdoutLine: {'line': b"writing manifest file '../../build/lab5_pkg/lab5_pkg.egg-info/SOURCES.txt'\n"}
[1.681228] (lab5_pkg) StdoutLine: {'line': b'running build\n'}
[1.681304] (lab5_pkg) StdoutLine: {'line': b'running build_py\n'}
[1.681475] (lab5_pkg) StdoutLine: {'line': b'running install\n'}
[1.681782] (lab5_pkg) StdoutLine: {'line': b'running install_lib\n'}
[1.683087] (lab5_pkg) StdoutLine: {'line': b'byte-compiling /home/ashley.akamine/rampagingRoombas/turtlebot4_ws/install/lab5_pkg/lib/python3.10/site-packages/lab5_pkg/go_to_goal_server.py to go_to_goal_server.cpython-310.pyc\n'}
[1.684634] (lab5_pkg) StdoutLine: {'line': b'running install_data\n'}
[1.684807] (lab5_pkg) StdoutLine: {'line': b'running install_egg_info\n'}
[1.685815] (lab3_pkg) StdoutLine: {'line': b'running egg_info\n'}
[1.686370] (lab3_pkg) StdoutLine: {'line': b'writing ../../build/lab3_pkg/lab3_pkg.egg-info/PKG-INFO\n'}
[1.686492] (lab5_pkg) StdoutLine: {'line': b"removing '/home/ashley.akamine/rampagingRoombas/turtlebot4_ws/install/lab5_pkg/lib/python3.10/site-packages/lab5_pkg-0.0.0-py3.10.egg-info' (and everything under it)\n"}
[1.686608] (lab3_pkg) StdoutLine: {'line': b'writing dependency_links to ../../build/lab3_pkg/lab3_pkg.egg-info/dependency_links.txt\n'}
[1.686724] (lab5_pkg) StdoutLine: {'line': b'Copying ../../build/lab5_pkg/lab5_pkg.egg-info to /home/ashley.akamine/rampagingRoombas/turtlebot4_ws/install/lab5_pkg/lib/python3.10/site-packages/lab5_pkg-0.0.0-py3.10.egg-info\n'}
[1.686844] (lab3_pkg) StdoutLine: {'line': b'writing entry points to ../../build/lab3_pkg/lab3_pkg.egg-info/entry_points.txt\n'}
[1.686959] (lab3_pkg) StdoutLine: {'line': b'writing requirements to ../../build/lab3_pkg/lab3_pkg.egg-info/requires.txt\n'}
[1.687075] (lab3_pkg) StdoutLine: {'line': b'writing top-level names to ../../build/lab3_pkg/lab3_pkg.egg-info/top_level.txt\n'}
[1.688185] (lab5_pkg) StdoutLine: {'line': b'running install_scripts\n'}
[1.689287] (lab3_pkg) StdoutLine: {'line': b"reading manifest file '../../build/lab3_pkg/lab3_pkg.egg-info/SOURCES.txt'\n"}
[1.690013] (lab3_pkg) StdoutLine: {'line': b"writing manifest file '../../build/lab3_pkg/lab3_pkg.egg-info/SOURCES.txt'\n"}
[1.690145] (lab3_pkg) StdoutLine: {'line': b'running build\n'}
[1.690227] (lab3_pkg) StdoutLine: {'line': b'running build_py\n'}
[1.690448] (lab3_pkg) StdoutLine: {'line': b'running install\n'}
[1.690740] (lab3_pkg) StdoutLine: {'line': b'running install_lib\n'}
[1.691972] (lab3_pkg) StdoutLine: {'line': b'running install_data\n'}
[1.692066] (lab3_pkg) StdoutLine: {'line': b'running install_egg_info\n'}
[1.693498] (lab3_pkg) StdoutLine: {'line': b"removing '/home/ashley.akamine/rampagingRoombas/turtlebot4_ws/install/lab3_pkg/lib/python3.10/site-packages/lab3_pkg-0.0.0-py3.10.egg-info' (and everything under it)\n"}
[1.693737] (lab3_pkg) StdoutLine: {'line': b'Copying ../../build/lab3_pkg/lab3_pkg.egg-info to /home/ashley.akamine/rampagingRoombas/turtlebot4_ws/install/lab3_pkg/lib/python3.10/site-packages/lab3_pkg-0.0.0-py3.10.egg-info\n'}
[1.694846] (lab3_pkg) StdoutLine: {'line': b'running install_scripts\n'}
[1.702281] (-) TimerEvent: {}
[1.706582] (lab5_pkg) StdoutLine: {'line': b'Installing go_to_goal script to /home/ashley.akamine/rampagingRoombas/turtlebot4_ws/install/lab5_pkg/lib/lab5_pkg\n'}
[1.706823] (lab5_pkg) StdoutLine: {'line': b'Installing go_to_goal_client script to /home/ashley.akamine/rampagingRoombas/turtlebot4_ws/install/lab5_pkg/lib/lab5_pkg\n'}
[1.707169] (lab5_pkg) StdoutLine: {'line': b"writing list of installed files to '/home/ashley.akamine/rampagingRoombas/turtlebot4_ws/build/lab5_pkg/install.log'\n"}
[1.720620] (lab3_pkg) StdoutLine: {'line': b'Installing battery_server_node script to /home/ashley.akamine/rampagingRoombas/turtlebot4_ws/install/lab3_pkg/lib/lab3_pkg\n'}
[1.720924] (lab3_pkg) StdoutLine: {'line': b'Installing state_summary_client_node script to /home/ashley.akamine/rampagingRoombas/turtlebot4_ws/install/lab3_pkg/lib/lab3_pkg\n'}
[1.721224] (lab3_pkg) StdoutLine: {'line': b"writing list of installed files to '/home/ashley.akamine/rampagingRoombas/turtlebot4_ws/build/lab3_pkg/install.log'\n"}
[1.750059] (lab5_pkg) CommandEnded: {'returncode': 0}
[1.755482] (lab5_pkg) JobEnded: {'identifier': 'lab5_pkg', 'rc': 0}
[1.757118] (lab3_pkg) CommandEnded: {'returncode': 0}
[1.763905] (lab3_pkg) JobEnded: {'identifier': 'lab3_pkg', 'rc': 0}
[1.766036] (-) EventReactorShutdown: {}
