[0.000000] (-) TimerEvent: {}
[0.000099] (custom_interfaces) JobQueued: {'identifier': 'custom_interfaces', 'dependencies': OrderedDict()}
[0.000124] (lab1_pkg) JobQueued: {'identifier': 'lab1_pkg', 'dependencies': OrderedDict()}
[0.000139] (lab2_pkg) JobQueued: {'identifier': 'lab2_pkg', 'dependencies': OrderedDict()}
[0.000152] (lab3_pkg) JobQueued: {'identifier': 'lab3_pkg', 'dependencies': OrderedDict([('custom_interfaces', '/home/ashley.akamine/rampagingRoombas/turtlebot4_ws/install/custom_interfaces')])}
[0.000169] (lab5_pkg) JobQueued: {'identifier': 'lab5_pkg', 'dependencies': OrderedDict([('custom_interfaces', '/home/ashley.akamine/rampagingRoombas/turtlebot4_ws/install/custom_interfaces')])}
[0.000183] (turtlebot_lab_bringup) JobQueued: {'identifier': 'turtlebot_lab_bringup', 'dependencies': OrderedDict([('lab2_pkg', '/home/ashley.akamine/rampagingRoombas/turtlebot4_ws/install/lab2_pkg')])}
[0.000197] (custom_interfaces) JobStarted: {'identifier': 'custom_interfaces'}
[0.005293] (lab2_pkg) JobStarted: {'identifier': 'lab2_pkg'}
[0.010809] (lab1_pkg) JobStarted: {'identifier': 'lab1_pkg'}
[0.019157] (custom_interfaces) JobProgress: {'identifier': 'custom_interfaces', 'progress': 'cmake'}
[0.019694] (custom_interfaces) JobProgress: {'identifier': 'custom_interfaces', 'progress': 'build'}
[0.020335] (custom_interfaces) Command: {'cmd': ['/usr/bin/cmake', '--build', '/home/ashley.akamine/rampagingRoombas/turtlebot4_ws/build/custom_interfaces', '--', '-j16', '-l16'], 'cwd': '/home/ashley.akamine/rampagingRoombas/turtlebot4_ws/build/custom_interfaces', 'env': OrderedDict([('GJS_DEBUG_TOPICS', 'JS ERROR;JS LOG'), ('USER', 'ashley.akamine@plu.edu'), ('XDG_SESSION_TYPE', 'wayland'), ('GIT_ASKPASS', '/usr/share/code/resources/app/extensions/git/dist/askpass.sh'), ('SHLVL', '1'), ('LD_LIBRARY_PATH', '/home/ashley.akamine/rampagingRoombas/turtlebot4_ws/install/custom_interfaces/lib:/opt/ros/humble/opt/rviz_ogre_vendor/lib:/opt/ros/humble/lib/x86_64-linux-gnu:/opt/ros/humble/lib'), ('HOME', '/home/ashley.akamine'), ('OLDPWD', '/home/ashley.akamine/rampagingRoombas/turtlebot4_ws'), ('CHROME_DESKTOP', 'code.desktop'), ('DESKTOP_SESSION', 'ubuntu'), ('TERM_PROGRAM_VERSION', '1.98.2'), ('GIO_LAUNCHED_DESKTOP_FILE', '/usr/share/applications/code.desktop'), ('GTK_MODULES', 'gail:atk-bridge'), ('GNOME_SHELL_SESSION_MODE', 'ubuntu'), ('VSCODE_GIT_ASKPASS_MAIN', '/usr/share/code/resources/app/extensions/git/dist/askpass-main.js'), ('ROS_PYTHON_VERSION', '3'), ('MANAGERPID', '318657'), ('VSCODE_GIT_ASKPASS_NODE', '/usr/share/code/code'), ('SYSTEMD_EXEC_PID', '318826'), ('DBUS_SESSION_BUS_ADDRESS', 'unix:path=/run/user/481844462/bus'), ('PYDEVD_DISABLE_FILE_VALIDATION', '1'), ('BUNDLED_DEBUGPY_PATH', '/home/ashley.akamine/.vscode/extensions/ms-python.debugpy-2025.4.1-linux-x64/bundled/libs/debugpy'), ('GIO_LAUNCHED_DESKTOP_FILE_PID', '319552'), ('COLORTERM', 'truecolor'), ('CONDA_CHANGEPS1', 'no'), ('WAYLAND_DISPLAY', 'wayland-0'), ('ROS_DISTRO', 'humble'), ('COLCON_PREFIX_PATH', '/home/ashley.akamine/rampagingRoombas/turtlebot4_ws/install'), ('LOGNAME', 'ashley.akamine@plu.edu'), ('_', '/usr/bin/colcon'), ('JOURNAL_STREAM', '8:1641300'), ('XDG_SESSION_CLASS', 'user'), ('USER_ZDOTDIR', '/home/ashley.akamine'), ('ROS_VERSION', '2'), ('USERNAME', 'ashley.akamine@plu.edu'), ('PROMPT_EOL_MARK', ''), ('TERM', 'xterm-256color'), ('ROS_SUPER_CLIENT', 'True'), ('GNOME_DESKTOP_SESSION_ID', 'this-is-deprecated'), ('ROS_LOCALHOST_ONLY', '0'), ('PATH', '/opt/ros/humble/bin:/usr/local/sbin:/usr/local/bin:/usr/sbin:/usr/bin:/sbin:/bin:/usr/games:/usr/local/games:/snap/bin:/snap/bin:/home/ashley.akamine/.vscode/extensions/ms-python.debugpy-2025.4.1-linux-x64/bundled/scripts/noConfigScripts'), ('SESSION_MANAGER', 'local/csci20145:@/tmp/.ICE-unix/318801,unix/csci20145:/tmp/.ICE-unix/318801'), ('INVOCATION_ID', '61114afdaf10442f9f957b940ed2fd79'), ('XDG_RUNTIME_DIR', '/run/user/481844462'), ('XDG_MENU_PREFIX', 'gnome-'), ('GNOME_SETUP_DISPLAY', ':1'), ('GDK_BACKEND', 'x11'), ('DISPLAY', ':0'), ('LANG', 'en_US.UTF-8'), ('XDG_CURRENT_DESKTOP', 'Unity'), ('VSCODE_DEBUGPY_ADAPTER_ENDPOINTS', '/home/ashley.akamine/.vscode/extensions/ms-python.debugpy-2025.4.1-linux-x64/.noConfigDebugAdapterEndpoints/endpoint-5e84f070e7f40046.txt'), ('VSCODE_INJECTION', '1'), ('RMW_IMPLEMENTATION', 'rmw_fastrtps_cpp'), ('XDG_SESSION_DESKTOP', 'ubuntu'), ('XMODIFIERS', '@im=ibus'), ('XAUTHORITY', '/run/user/481844462/.mutter-Xwaylandauth.9EXU42'), ('TERM_PROGRAM', 'vscode'), ('VSCODE_GIT_IPC_HANDLE', '/run/user/481844462/vscode-git-eb3a6a45bf.sock'), ('SSH_AGENT_LAUNCHER', 'gnome-keyring'), ('SSH_AUTH_SOCK', '/run/user/481844462/keyring/ssh'), ('ORIGINAL_XDG_CURRENT_DESKTOP', 'ubuntu:GNOME'), ('AMENT_PREFIX_PATH', '/home/ashley.akamine/rampagingRoombas/turtlebot4_ws/install/turtlebot_lab_bringup:/home/ashley.akamine/rampagingRoombas/turtlebot4_ws/install/lab5_pkg:/home/ashley.akamine/rampagingRoombas/turtlebot4_ws/install/lab3_pkg:/home/ashley.akamine/rampagingRoombas/turtlebot4_ws/install/lab2_pkg:/home/ashley.akamine/rampagingRoombas/turtlebot4_ws/install/lab1_pkg:/home/ashley.akamine/rampagingRoombas/turtlebot4_ws/install/custom_interfaces:/opt/ros/humble'), ('ROS_DOMAIN_ID', '2'), ('SHELL', '/bin/zsh'), ('KRB5CCNAME', 'FILE:/tmp/krb5cc_481844462_VDG5Kq'), ('ROS_DISCOVERY_SERVER', '10.5.113.101:11811'), ('QT_ACCESSIBILITY', '1'), ('GDMSESSION', 'ubuntu'), ('GJS_DEBUG_OUTPUT', 'stderr'), ('QT_IM_MODULE', 'ibus'), ('VSCODE_GIT_ASKPASS_EXTRA_ARGS', ''), ('PWD', '/home/ashley.akamine/rampagingRoombas/turtlebot4_ws/build/custom_interfaces'), ('XDG_DATA_DIRS', '/usr/local/share/:/usr/share/:/var/lib/snapd/desktop'), ('ZDOTDIR', '/home/ashley.akamine'), ('VIRTUAL_ENV_DISABLE_PROMPT', '12'), ('PYTHONPATH', '/home/ashley.akamine/rampagingRoombas/turtlebot4_ws/install/lab5_pkg/lib/python3.10/site-packages:/home/ashley.akamine/rampagingRoombas/turtlebot4_ws/install/lab3_pkg/lib/python3.10/site-packages:/home/ashley.akamine/rampagingRoombas/turtlebot4_ws/install/lab2_pkg/lib/python3.10/site-packages:/home/ashley.akamine/rampagingRoombas/turtlebot4_ws/install/lab1_pkg/lib/python3.10/site-packages:/home/ashley.akamine/rampagingRoombas/turtlebot4_ws/install/custom_interfaces/local/lib/python3.10/dist-packages:/opt/ros/humble/lib/python3.10/site-packages:/opt/ros/humble/local/lib/python3.10/dist-packages'), ('COLCON', '1'), ('CMAKE_PREFIX_PATH', '/home/ashley.akamine/rampagingRoombas/turtlebot4_ws/install/turtlebot_lab_bringup:/home/ashley.akamine/rampagingRoombas/turtlebot4_ws/install/custom_interfaces:/home/ashley.akamine/rampagingRoombas/turtlebot4_ws/install/lab5_pkg:/home/ashley.akamine/rampagingRoombas/turtlebot4_ws/install/lab3_pkg:/home/ashley.akamine/rampagingRoombas/turtlebot4_ws/install/lab2_pkg:/home/ashley.akamine/rampagingRoombas/turtlebot4_ws/install/lab1_pkg:/opt/ros/humble')]), 'shell': False}
[0.099483] (-) TimerEvent: {}
[0.199691] (-) TimerEvent: {}
[0.299885] (-) TimerEvent: {}
[0.306242] (custom_interfaces) StdoutLine: {'line': b'[  2%] Built target custom_interfaces__cpp\n'}
[0.306671] (custom_interfaces) StdoutLine: {'line': b'[ 12%] Built target custom_interfaces__rosidl_generator_c\n'}
[0.306794] (custom_interfaces) StdoutLine: {'line': b'[ 12%] Built target ament_cmake_python_copy_custom_interfaces\n'}
[0.306858] (custom_interfaces) StdoutLine: {'line': b'[ 33%] Built target custom_interfaces__rosidl_typesupport_fastrtps_cpp\n'}
[0.306911] (custom_interfaces) StdoutLine: {'line': b'[ 33%] Built target custom_interfaces__rosidl_typesupport_introspection_cpp\n'}
[0.307123] (custom_interfaces) StdoutLine: {'line': b'[ 43%] Built target custom_interfaces__rosidl_typesupport_cpp\n'}
[0.307471] (custom_interfaces) StdoutLine: {'line': b'[ 74%] Built target custom_interfaces__rosidl_typesupport_fastrtps_c\n'}
[0.307521] (custom_interfaces) StdoutLine: {'line': b'[ 74%] Built target custom_interfaces__rosidl_typesupport_c\n'}
[0.307585] (custom_interfaces) StdoutLine: {'line': b'[ 74%] Built target custom_interfaces__rosidl_typesupport_introspection_c\n'}
[0.307637] (custom_interfaces) StdoutLine: {'line': b'[ 74%] Built target custom_interfaces\n'}
[0.307684] (custom_interfaces) StdoutLine: {'line': b'[ 76%] Built target custom_interfaces__py\n'}
[0.307737] (custom_interfaces) StdoutLine: {'line': b'[ 84%] Built target custom_interfaces__rosidl_generator_py\n'}
[0.307782] (custom_interfaces) StdoutLine: {'line': b'[100%] Built target custom_interfaces__rosidl_typesupport_introspection_c__pyext\n'}
[0.307828] (custom_interfaces) StdoutLine: {'line': b'[100%] Built target custom_interfaces__rosidl_typesupport_fastrtps_c__pyext\n'}
[0.307874] (custom_interfaces) StdoutLine: {'line': b'[100%] Built target custom_interfaces__rosidl_typesupport_c__pyext\n'}
[0.342226] (custom_interfaces) StdoutLine: {'line': b'running egg_info\n'}
[0.342747] (custom_interfaces) StdoutLine: {'line': b'writing custom_interfaces.egg-info/PKG-INFO\n'}
[0.342918] (custom_interfaces) StdoutLine: {'line': b'writing dependency_links to custom_interfaces.egg-info/dependency_links.txt\n'}
[0.343084] (custom_interfaces) StdoutLine: {'line': b'writing top-level names to custom_interfaces.egg-info/top_level.txt\n'}
[0.345071] (custom_interfaces) StdoutLine: {'line': b"reading manifest file 'custom_interfaces.egg-info/SOURCES.txt'\n"}
[0.345591] (custom_interfaces) StdoutLine: {'line': b"writing manifest file 'custom_interfaces.egg-info/SOURCES.txt'\n"}
[0.370140] (custom_interfaces) StdoutLine: {'line': b'[100%] Built target ament_cmake_python_build_custom_interfaces_egg\n'}
[0.399993] (-) TimerEvent: {}
[0.500214] (-) TimerEvent: {}
[0.552006] (custom_interfaces) CommandEnded: {'returncode': 0}
[0.552845] (custom_interfaces) JobProgress: {'identifier': 'custom_interfaces', 'progress': 'install'}
[0.560036] (custom_interfaces) Command: {'cmd': ['/usr/bin/cmake', '--install', '/home/ashley.akamine/rampagingRoombas/turtlebot4_ws/build/custom_interfaces'], 'cwd': '/home/ashley.akamine/rampagingRoombas/turtlebot4_ws/build/custom_interfaces', 'env': OrderedDict([('GJS_DEBUG_TOPICS', 'JS ERROR;JS LOG'), ('USER', 'ashley.akamine@plu.edu'), ('XDG_SESSION_TYPE', 'wayland'), ('GIT_ASKPASS', '/usr/share/code/resources/app/extensions/git/dist/askpass.sh'), ('SHLVL', '1'), ('LD_LIBRARY_PATH', '/home/ashley.akamine/rampagingRoombas/turtlebot4_ws/install/custom_interfaces/lib:/opt/ros/humble/opt/rviz_ogre_vendor/lib:/opt/ros/humble/lib/x86_64-linux-gnu:/opt/ros/humble/lib'), ('HOME', '/home/ashley.akamine'), ('OLDPWD', '/home/ashley.akamine/rampagingRoombas/turtlebot4_ws'), ('CHROME_DESKTOP', 'code.desktop'), ('DESKTOP_SESSION', 'ubuntu'), ('TERM_PROGRAM_VERSION', '1.98.2'), ('GIO_LAUNCHED_DESKTOP_FILE', '/usr/share/applications/code.desktop'), ('GTK_MODULES', 'gail:atk-bridge'), ('GNOME_SHELL_SESSION_MODE', 'ubuntu'), ('VSCODE_GIT_ASKPASS_MAIN', '/usr/share/code/resources/app/extensions/git/dist/askpass-main.js'), ('ROS_PYTHON_VERSION', '3'), ('MANAGERPID', '318657'), ('VSCODE_GIT_ASKPASS_NODE', '/usr/share/code/code'), ('SYSTEMD_EXEC_PID', '318826'), ('DBUS_SESSION_BUS_ADDRESS', 'unix:path=/run/user/481844462/bus'), ('PYDEVD_DISABLE_FILE_VALIDATION', '1'), ('BUNDLED_DEBUGPY_PATH', '/home/ashley.akamine/.vscode/extensions/ms-python.debugpy-2025.4.1-linux-x64/bundled/libs/debugpy'), ('GIO_LAUNCHED_DESKTOP_FILE_PID', '319552'), ('COLORTERM', 'truecolor'), ('CONDA_CHANGEPS1', 'no'), ('WAYLAND_DISPLAY', 'wayland-0'), ('ROS_DISTRO', 'humble'), ('COLCON_PREFIX_PATH', '/home/ashley.akamine/rampagingRoombas/turtlebot4_ws/install'), ('LOGNAME', 'ashley.akamine@plu.edu'), ('_', '/usr/bin/colcon'), ('JOURNAL_STREAM', '8:1641300'), ('XDG_SESSION_CLASS', 'user'), ('USER_ZDOTDIR', '/home/ashley.akamine'), ('ROS_VERSION', '2'), ('USERNAME', 'ashley.akamine@plu.edu'), ('PROMPT_EOL_MARK', ''), ('TERM', 'xterm-256color'), ('ROS_SUPER_CLIENT', 'True'), ('GNOME_DESKTOP_SESSION_ID', 'this-is-deprecated'), ('ROS_LOCALHOST_ONLY', '0'), ('PATH', '/opt/ros/humble/bin:/usr/local/sbin:/usr/local/bin:/usr/sbin:/usr/bin:/sbin:/bin:/usr/games:/usr/local/games:/snap/bin:/snap/bin:/home/ashley.akamine/.vscode/extensions/ms-python.debugpy-2025.4.1-linux-x64/bundled/scripts/noConfigScripts'), ('SESSION_MANAGER', 'local/csci20145:@/tmp/.ICE-unix/318801,unix/csci20145:/tmp/.ICE-unix/318801'), ('INVOCATION_ID', '61114afdaf10442f9f957b940ed2fd79'), ('XDG_RUNTIME_DIR', '/run/user/481844462'), ('XDG_MENU_PREFIX', 'gnome-'), ('GNOME_SETUP_DISPLAY', ':1'), ('GDK_BACKEND', 'x11'), ('DISPLAY', ':0'), ('LANG', 'en_US.UTF-8'), ('XDG_CURRENT_DESKTOP', 'Unity'), ('VSCODE_DEBUGPY_ADAPTER_ENDPOINTS', '/home/ashley.akamine/.vscode/extensions/ms-python.debugpy-2025.4.1-linux-x64/.noConfigDebugAdapterEndpoints/endpoint-5e84f070e7f40046.txt'), ('VSCODE_INJECTION', '1'), ('RMW_IMPLEMENTATION', 'rmw_fastrtps_cpp'), ('XDG_SESSION_DESKTOP', 'ubuntu'), ('XMODIFIERS', '@im=ibus'), ('XAUTHORITY', '/run/user/481844462/.mutter-Xwaylandauth.9EXU42'), ('TERM_PROGRAM', 'vscode'), ('VSCODE_GIT_IPC_HANDLE', '/run/user/481844462/vscode-git-eb3a6a45bf.sock'), ('SSH_AGENT_LAUNCHER', 'gnome-keyring'), ('SSH_AUTH_SOCK', '/run/user/481844462/keyring/ssh'), ('ORIGINAL_XDG_CURRENT_DESKTOP', 'ubuntu:GNOME'), ('AMENT_PREFIX_PATH', '/home/ashley.akamine/rampagingRoombas/turtlebot4_ws/install/turtlebot_lab_bringup:/home/ashley.akamine/rampagingRoombas/turtlebot4_ws/install/lab5_pkg:/home/ashley.akamine/rampagingRoombas/turtlebot4_ws/install/lab3_pkg:/home/ashley.akamine/rampagingRoombas/turtlebot4_ws/install/lab2_pkg:/home/ashley.akamine/rampagingRoombas/turtlebot4_ws/install/lab1_pkg:/home/ashley.akamine/rampagingRoombas/turtlebot4_ws/install/custom_interfaces:/opt/ros/humble'), ('ROS_DOMAIN_ID', '2'), ('SHELL', '/bin/zsh'), ('KRB5CCNAME', 'FILE:/tmp/krb5cc_481844462_VDG5Kq'), ('ROS_DISCOVERY_SERVER', '10.5.113.101:11811'), ('QT_ACCESSIBILITY', '1'), ('GDMSESSION', 'ubuntu'), ('GJS_DEBUG_OUTPUT', 'stderr'), ('QT_IM_MODULE', 'ibus'), ('VSCODE_GIT_ASKPASS_EXTRA_ARGS', ''), ('PWD', '/home/ashley.akamine/rampagingRoombas/turtlebot4_ws/build/custom_interfaces'), ('XDG_DATA_DIRS', '/usr/local/share/:/usr/share/:/var/lib/snapd/desktop'), ('ZDOTDIR', '/home/ashley.akamine'), ('VIRTUAL_ENV_DISABLE_PROMPT', '12'), ('PYTHONPATH', '/home/ashley.akamine/rampagingRoombas/turtlebot4_ws/install/lab5_pkg/lib/python3.10/site-packages:/home/ashley.akamine/rampagingRoombas/turtlebot4_ws/install/lab3_pkg/lib/python3.10/site-packages:/home/ashley.akamine/rampagingRoombas/turtlebot4_ws/install/lab2_pkg/lib/python3.10/site-packages:/home/ashley.akamine/rampagingRoombas/turtlebot4_ws/install/lab1_pkg/lib/python3.10/site-packages:/home/ashley.akamine/rampagingRoombas/turtlebot4_ws/install/custom_interfaces/local/lib/python3.10/dist-packages:/opt/ros/humble/lib/python3.10/site-packages:/opt/ros/humble/local/lib/python3.10/dist-packages'), ('COLCON', '1'), ('CMAKE_PREFIX_PATH', '/home/ashley.akamine/rampagingRoombas/turtlebot4_ws/install/turtlebot_lab_bringup:/home/ashley.akamine/rampagingRoombas/turtlebot4_ws/install/custom_interfaces:/home/ashley.akamine/rampagingRoombas/turtlebot4_ws/install/lab5_pkg:/home/ashley.akamine/rampagingRoombas/turtlebot4_ws/install/lab3_pkg:/home/ashley.akamine/rampagingRoombas/turtlebot4_ws/install/lab2_pkg:/home/ashley.akamine/rampagingRoombas/turtlebot4_ws/install/lab1_pkg:/opt/ros/humble')]), 'shell': False}
[0.566436] (custom_interfaces) StdoutLine: {'line': b'-- Install configuration: ""\n'}
[0.566604] (custom_interfaces) StdoutLine: {'line': b'-- Up-to-date: /home/ashley.akamine/rampagingRoombas/turtlebot4_ws/install/custom_interfaces/share/ament_index/resource_index/rosidl_interfaces/custom_interfaces\n'}
[0.566716] (custom_interfaces) StdoutLine: {'line': b'-- Up-to-date: /home/ashley.akamine/rampagingRoombas/turtlebot4_ws/install/custom_interfaces/include/custom_interfaces/custom_interfaces\n'}
[0.566793] (custom_interfaces) StdoutLine: {'line': b'-- Up-to-date: /home/ashley.akamine/rampagingRoombas/turtlebot4_ws/install/custom_interfaces/include/custom_interfaces/custom_interfaces/msg\n'}
[0.566856] (custom_interfaces) StdoutLine: {'line': b'-- Up-to-date: /home/ashley.akamine/rampagingRoombas/turtlebot4_ws/install/custom_interfaces/include/custom_interfaces/custom_interfaces/msg/rosidl_generator_c__visibility_control.h\n'}
[0.566903] (custom_interfaces) StdoutLine: {'line': b'-- Up-to-date: /home/ashley.akamine/rampagingRoombas/turtlebot4_ws/install/custom_interfaces/include/custom_interfaces/custom_interfaces/action\n'}
[0.566954] (custom_interfaces) StdoutLine: {'line': b'-- Up-to-date: /home/ashley.akamine/rampagingRoombas/turtlebot4_ws/install/custom_interfaces/include/custom_interfaces/custom_interfaces/action/robot_goal.h\n'}
[0.567001] (custom_interfaces) StdoutLine: {'line': b'-- Up-to-date: /home/ashley.akamine/rampagingRoombas/turtlebot4_ws/install/custom_interfaces/include/custom_interfaces/custom_interfaces/action/detail\n'}
[0.567046] (custom_interfaces) StdoutLine: {'line': b'-- Up-to-date: /home/ashley.akamine/rampagingRoombas/turtlebot4_ws/install/custom_interfaces/include/custom_interfaces/custom_interfaces/action/detail/robot_goal__struct.h\n'}
[0.567091] (custom_interfaces) StdoutLine: {'line': b'-- Up-to-date: /home/ashley.akamine/rampagingRoombas/turtlebot4_ws/install/custom_interfaces/include/custom_interfaces/custom_interfaces/action/detail/robot_goal__functions.c\n'}
[0.567135] (custom_interfaces) StdoutLine: {'line': b'-- Up-to-date: /home/ashley.akamine/rampagingRoombas/turtlebot4_ws/install/custom_interfaces/include/custom_interfaces/custom_interfaces/action/detail/robot_goal__functions.h\n'}
[0.567180] (custom_interfaces) StdoutLine: {'line': b'-- Up-to-date: /home/ashley.akamine/rampagingRoombas/turtlebot4_ws/install/custom_interfaces/include/custom_interfaces/custom_interfaces/action/detail/robot_goal__type_support.h\n'}
[0.567225] (custom_interfaces) StdoutLine: {'line': b'-- Up-to-date: /home/ashley.akamine/rampagingRoombas/turtlebot4_ws/install/custom_interfaces/include/custom_interfaces/custom_interfaces/srv\n'}
[0.567274] (custom_interfaces) StdoutLine: {'line': b'-- Up-to-date: /home/ashley.akamine/rampagingRoombas/turtlebot4_ws/install/custom_interfaces/include/custom_interfaces/custom_interfaces/srv/get_summary.h\n'}
[0.567361] (custom_interfaces) StdoutLine: {'line': b'-- Up-to-date: /home/ashley.akamine/rampagingRoombas/turtlebot4_ws/install/custom_interfaces/include/custom_interfaces/custom_interfaces/srv/detail\n'}
[0.567424] (custom_interfaces) StdoutLine: {'line': b'-- Up-to-date: /home/ashley.akamine/rampagingRoombas/turtlebot4_ws/install/custom_interfaces/include/custom_interfaces/custom_interfaces/srv/detail/get_summary__type_support.h\n'}
[0.567468] (custom_interfaces) StdoutLine: {'line': b'-- Up-to-date: /home/ashley.akamine/rampagingRoombas/turtlebot4_ws/install/custom_interfaces/include/custom_interfaces/custom_interfaces/srv/detail/get_summary__struct.h\n'}
[0.567511] (custom_interfaces) StdoutLine: {'line': b'-- Up-to-date: /home/ashley.akamine/rampagingRoombas/turtlebot4_ws/install/custom_interfaces/include/custom_interfaces/custom_interfaces/srv/detail/get_summary__functions.c\n'}
[0.567598] (custom_interfaces) StdoutLine: {'line': b'-- Up-to-date: /home/ashley.akamine/rampagingRoombas/turtlebot4_ws/install/custom_interfaces/include/custom_interfaces/custom_interfaces/srv/detail/get_summary__functions.h\n'}
[0.567665] (custom_interfaces) StdoutLine: {'line': b'-- Up-to-date: /home/ashley.akamine/rampagingRoombas/turtlebot4_ws/install/custom_interfaces/share/custom_interfaces/environment/library_path.sh\n'}
[0.567714] (custom_interfaces) StdoutLine: {'line': b'-- Up-to-date: /home/ashley.akamine/rampagingRoombas/turtlebot4_ws/install/custom_interfaces/share/custom_interfaces/environment/library_path.dsv\n'}
[0.567760] (custom_interfaces) StdoutLine: {'line': b'-- Up-to-date: /home/ashley.akamine/rampagingRoombas/turtlebot4_ws/install/custom_interfaces/lib/libcustom_interfaces__rosidl_generator_c.so\n'}
[0.567805] (custom_interfaces) StdoutLine: {'line': b'-- Up-to-date: /home/ashley.akamine/rampagingRoombas/turtlebot4_ws/install/custom_interfaces/include/custom_interfaces/custom_interfaces\n'}
[0.567850] (custom_interfaces) StdoutLine: {'line': b'-- Up-to-date: /home/ashley.akamine/rampagingRoombas/turtlebot4_ws/install/custom_interfaces/include/custom_interfaces/custom_interfaces/msg\n'}
[0.567896] (custom_interfaces) StdoutLine: {'line': b'-- Up-to-date: /home/ashley.akamine/rampagingRoombas/turtlebot4_ws/install/custom_interfaces/include/custom_interfaces/custom_interfaces/msg/rosidl_typesupport_fastrtps_c__visibility_control.h\n'}
[0.567960] (custom_interfaces) StdoutLine: {'line': b'-- Up-to-date: /home/ashley.akamine/rampagingRoombas/turtlebot4_ws/install/custom_interfaces/include/custom_interfaces/custom_interfaces/action\n'}
[0.568005] (custom_interfaces) StdoutLine: {'line': b'-- Up-to-date: /home/ashley.akamine/rampagingRoombas/turtlebot4_ws/install/custom_interfaces/include/custom_interfaces/custom_interfaces/action/detail\n'}
[0.568050] (custom_interfaces) StdoutLine: {'line': b'-- Up-to-date: /home/ashley.akamine/rampagingRoombas/turtlebot4_ws/install/custom_interfaces/include/custom_interfaces/custom_interfaces/action/detail/robot_goal__rosidl_typesupport_fastrtps_c.h\n'}
[0.568095] (custom_interfaces) StdoutLine: {'line': b'-- Up-to-date: /home/ashley.akamine/rampagingRoombas/turtlebot4_ws/install/custom_interfaces/include/custom_interfaces/custom_interfaces/srv\n'}
[0.568141] (custom_interfaces) StdoutLine: {'line': b'-- Up-to-date: /home/ashley.akamine/rampagingRoombas/turtlebot4_ws/install/custom_interfaces/include/custom_interfaces/custom_interfaces/srv/detail\n'}
[0.568186] (custom_interfaces) StdoutLine: {'line': b'-- Up-to-date: /home/ashley.akamine/rampagingRoombas/turtlebot4_ws/install/custom_interfaces/include/custom_interfaces/custom_interfaces/srv/detail/get_summary__rosidl_typesupport_fastrtps_c.h\n'}
[0.568275] (custom_interfaces) StdoutLine: {'line': b'-- Up-to-date: /home/ashley.akamine/rampagingRoombas/turtlebot4_ws/install/custom_interfaces/lib/libcustom_interfaces__rosidl_typesupport_fastrtps_c.so\n'}
[0.568322] (custom_interfaces) StdoutLine: {'line': b'-- Up-to-date: /home/ashley.akamine/rampagingRoombas/turtlebot4_ws/install/custom_interfaces/include/custom_interfaces/custom_interfaces\n'}
[0.568423] (custom_interfaces) StdoutLine: {'line': b'-- Up-to-date: /home/ashley.akamine/rampagingRoombas/turtlebot4_ws/install/custom_interfaces/include/custom_interfaces/custom_interfaces/msg\n'}
[0.568482] (custom_interfaces) StdoutLine: {'line': b'-- Up-to-date: /home/ashley.akamine/rampagingRoombas/turtlebot4_ws/install/custom_interfaces/include/custom_interfaces/custom_interfaces/msg/rosidl_typesupport_introspection_c__visibility_control.h\n'}
[0.568528] (custom_interfaces) StdoutLine: {'line': b'-- Up-to-date: /home/ashley.akamine/rampagingRoombas/turtlebot4_ws/install/custom_interfaces/include/custom_interfaces/custom_interfaces/action\n'}
[0.568574] (custom_interfaces) StdoutLine: {'line': b'-- Up-to-date: /home/ashley.akamine/rampagingRoombas/turtlebot4_ws/install/custom_interfaces/include/custom_interfaces/custom_interfaces/action/detail\n'}
[0.568619] (custom_interfaces) StdoutLine: {'line': b'-- Up-to-date: /home/ashley.akamine/rampagingRoombas/turtlebot4_ws/install/custom_interfaces/include/custom_interfaces/custom_interfaces/action/detail/robot_goal__rosidl_typesupport_introspection_c.h\n'}
[0.568665] (custom_interfaces) StdoutLine: {'line': b'-- Up-to-date: /home/ashley.akamine/rampagingRoombas/turtlebot4_ws/install/custom_interfaces/include/custom_interfaces/custom_interfaces/action/detail/robot_goal__type_support.c\n'}
[0.568711] (custom_interfaces) StdoutLine: {'line': b'-- Up-to-date: /home/ashley.akamine/rampagingRoombas/turtlebot4_ws/install/custom_interfaces/include/custom_interfaces/custom_interfaces/srv\n'}
[0.568758] (custom_interfaces) StdoutLine: {'line': b'-- Up-to-date: /home/ashley.akamine/rampagingRoombas/turtlebot4_ws/install/custom_interfaces/include/custom_interfaces/custom_interfaces/srv/detail\n'}
[0.568836] (custom_interfaces) StdoutLine: {'line': b'-- Up-to-date: /home/ashley.akamine/rampagingRoombas/turtlebot4_ws/install/custom_interfaces/include/custom_interfaces/custom_interfaces/srv/detail/get_summary__rosidl_typesupport_introspection_c.h\n'}
[0.568882] (custom_interfaces) StdoutLine: {'line': b'-- Up-to-date: /home/ashley.akamine/rampagingRoombas/turtlebot4_ws/install/custom_interfaces/include/custom_interfaces/custom_interfaces/srv/detail/get_summary__type_support.c\n'}
[0.568970] (custom_interfaces) StdoutLine: {'line': b'-- Up-to-date: /home/ashley.akamine/rampagingRoombas/turtlebot4_ws/install/custom_interfaces/lib/libcustom_interfaces__rosidl_typesupport_introspection_c.so\n'}
[0.569045] (custom_interfaces) StdoutLine: {'line': b'-- Up-to-date: /home/ashley.akamine/rampagingRoombas/turtlebot4_ws/install/custom_interfaces/lib/libcustom_interfaces__rosidl_typesupport_c.so\n'}
[0.569089] (custom_interfaces) StdoutLine: {'line': b'-- Up-to-date: /home/ashley.akamine/rampagingRoombas/turtlebot4_ws/install/custom_interfaces/include/custom_interfaces/custom_interfaces\n'}
[0.569132] (custom_interfaces) StdoutLine: {'line': b'-- Up-to-date: /home/ashley.akamine/rampagingRoombas/turtlebot4_ws/install/custom_interfaces/include/custom_interfaces/custom_interfaces/msg\n'}
[0.569177] (custom_interfaces) StdoutLine: {'line': b'-- Up-to-date: /home/ashley.akamine/rampagingRoombas/turtlebot4_ws/install/custom_interfaces/include/custom_interfaces/custom_interfaces/msg/rosidl_generator_cpp__visibility_control.hpp\n'}
[0.569223] (custom_interfaces) StdoutLine: {'line': b'-- Up-to-date: /home/ashley.akamine/rampagingRoombas/turtlebot4_ws/install/custom_interfaces/include/custom_interfaces/custom_interfaces/action\n'}
[0.569287] (custom_interfaces) StdoutLine: {'line': b'-- Up-to-date: /home/ashley.akamine/rampagingRoombas/turtlebot4_ws/install/custom_interfaces/include/custom_interfaces/custom_interfaces/action/robot_goal.hpp\n'}
[0.569364] (custom_interfaces) StdoutLine: {'line': b'-- Up-to-date: /home/ashley.akamine/rampagingRoombas/turtlebot4_ws/install/custom_interfaces/include/custom_interfaces/custom_interfaces/action/detail\n'}
[0.569441] (custom_interfaces) StdoutLine: {'line': b'-- Up-to-date: /home/ashley.akamine/rampagingRoombas/turtlebot4_ws/install/custom_interfaces/include/custom_interfaces/custom_interfaces/action/detail/robot_goal__builder.hpp\n'}
[0.569510] (custom_interfaces) StdoutLine: {'line': b'-- Up-to-date: /home/ashley.akamine/rampagingRoombas/turtlebot4_ws/install/custom_interfaces/include/custom_interfaces/custom_interfaces/action/detail/robot_goal__struct.hpp\n'}
[0.569578] (custom_interfaces) StdoutLine: {'line': b'-- Up-to-date: /home/ashley.akamine/rampagingRoombas/turtlebot4_ws/install/custom_interfaces/include/custom_interfaces/custom_interfaces/action/detail/robot_goal__type_support.hpp\n'}
[0.569646] (custom_interfaces) StdoutLine: {'line': b'-- Up-to-date: /home/ashley.akamine/rampagingRoombas/turtlebot4_ws/install/custom_interfaces/include/custom_interfaces/custom_interfaces/action/detail/robot_goal__traits.hpp\n'}
[0.569721] (custom_interfaces) StdoutLine: {'line': b'-- Up-to-date: /home/ashley.akamine/rampagingRoombas/turtlebot4_ws/install/custom_interfaces/include/custom_interfaces/custom_interfaces/srv\n'}
[0.569791] (custom_interfaces) StdoutLine: {'line': b'-- Up-to-date: /home/ashley.akamine/rampagingRoombas/turtlebot4_ws/install/custom_interfaces/include/custom_interfaces/custom_interfaces/srv/get_summary.hpp\n'}
[0.569859] (custom_interfaces) StdoutLine: {'line': b'-- Up-to-date: /home/ashley.akamine/rampagingRoombas/turtlebot4_ws/install/custom_interfaces/include/custom_interfaces/custom_interfaces/srv/detail\n'}
[0.569927] (custom_interfaces) StdoutLine: {'line': b'-- Up-to-date: /home/ashley.akamine/rampagingRoombas/turtlebot4_ws/install/custom_interfaces/include/custom_interfaces/custom_interfaces/srv/detail/get_summary__traits.hpp\n'}
[0.569995] (custom_interfaces) StdoutLine: {'line': b'-- Up-to-date: /home/ashley.akamine/rampagingRoombas/turtlebot4_ws/install/custom_interfaces/include/custom_interfaces/custom_interfaces/srv/detail/get_summary__type_support.hpp\n'}
[0.570062] (custom_interfaces) StdoutLine: {'line': b'-- Up-to-date: /home/ashley.akamine/rampagingRoombas/turtlebot4_ws/install/custom_interfaces/include/custom_interfaces/custom_interfaces/srv/detail/get_summary__builder.hpp\n'}
[0.570130] (custom_interfaces) StdoutLine: {'line': b'-- Up-to-date: /home/ashley.akamine/rampagingRoombas/turtlebot4_ws/install/custom_interfaces/include/custom_interfaces/custom_interfaces/srv/detail/get_summary__struct.hpp\n'}
[0.570201] (custom_interfaces) StdoutLine: {'line': b'-- Up-to-date: /home/ashley.akamine/rampagingRoombas/turtlebot4_ws/install/custom_interfaces/include/custom_interfaces/custom_interfaces\n'}
[0.570269] (custom_interfaces) StdoutLine: {'line': b'-- Up-to-date: /home/ashley.akamine/rampagingRoombas/turtlebot4_ws/install/custom_interfaces/include/custom_interfaces/custom_interfaces/msg\n'}
[0.570336] (custom_interfaces) StdoutLine: {'line': b'-- Up-to-date: /home/ashley.akamine/rampagingRoombas/turtlebot4_ws/install/custom_interfaces/include/custom_interfaces/custom_interfaces/msg/rosidl_typesupport_fastrtps_cpp__visibility_control.h\n'}
[0.570414] (custom_interfaces) StdoutLine: {'line': b'-- Up-to-date: /home/ashley.akamine/rampagingRoombas/turtlebot4_ws/install/custom_interfaces/include/custom_interfaces/custom_interfaces/action\n'}
[0.570484] (custom_interfaces) StdoutLine: {'line': b'-- Up-to-date: /home/ashley.akamine/rampagingRoombas/turtlebot4_ws/install/custom_interfaces/include/custom_interfaces/custom_interfaces/action/detail\n'}
[0.570552] (custom_interfaces) StdoutLine: {'line': b'-- Up-to-date: /home/ashley.akamine/rampagingRoombas/turtlebot4_ws/install/custom_interfaces/include/custom_interfaces/custom_interfaces/action/detail/dds_fastrtps\n'}
[0.570619] (custom_interfaces) StdoutLine: {'line': b'-- Up-to-date: /home/ashley.akamine/rampagingRoombas/turtlebot4_ws/install/custom_interfaces/include/custom_interfaces/custom_interfaces/action/detail/robot_goal__rosidl_typesupport_fastrtps_cpp.hpp\n'}
[0.570694] (custom_interfaces) StdoutLine: {'line': b'-- Up-to-date: /home/ashley.akamine/rampagingRoombas/turtlebot4_ws/install/custom_interfaces/include/custom_interfaces/custom_interfaces/srv\n'}
[0.570761] (custom_interfaces) StdoutLine: {'line': b'-- Up-to-date: /home/ashley.akamine/rampagingRoombas/turtlebot4_ws/install/custom_interfaces/include/custom_interfaces/custom_interfaces/srv/detail\n'}
[0.570829] (custom_interfaces) StdoutLine: {'line': b'-- Up-to-date: /home/ashley.akamine/rampagingRoombas/turtlebot4_ws/install/custom_interfaces/include/custom_interfaces/custom_interfaces/srv/detail/get_summary__rosidl_typesupport_fastrtps_cpp.hpp\n'}
[0.570896] (custom_interfaces) StdoutLine: {'line': b'-- Up-to-date: /home/ashley.akamine/rampagingRoombas/turtlebot4_ws/install/custom_interfaces/include/custom_interfaces/custom_interfaces/srv/detail/dds_fastrtps\n'}
[0.570964] (custom_interfaces) StdoutLine: {'line': b'-- Up-to-date: /home/ashley.akamine/rampagingRoombas/turtlebot4_ws/install/custom_interfaces/lib/libcustom_interfaces__rosidl_typesupport_fastrtps_cpp.so\n'}
[0.571031] (custom_interfaces) StdoutLine: {'line': b'-- Up-to-date: /home/ashley.akamine/rampagingRoombas/turtlebot4_ws/install/custom_interfaces/include/custom_interfaces/custom_interfaces\n'}
[0.571098] (custom_interfaces) StdoutLine: {'line': b'-- Up-to-date: /home/ashley.akamine/rampagingRoombas/turtlebot4_ws/install/custom_interfaces/include/custom_interfaces/custom_interfaces/action\n'}
[0.571165] (custom_interfaces) StdoutLine: {'line': b'-- Up-to-date: /home/ashley.akamine/rampagingRoombas/turtlebot4_ws/install/custom_interfaces/include/custom_interfaces/custom_interfaces/action/detail\n'}
[0.571232] (custom_interfaces) StdoutLine: {'line': b'-- Up-to-date: /home/ashley.akamine/rampagingRoombas/turtlebot4_ws/install/custom_interfaces/include/custom_interfaces/custom_interfaces/action/detail/robot_goal__rosidl_typesupport_introspection_cpp.hpp\n'}
[0.571299] (custom_interfaces) StdoutLine: {'line': b'-- Up-to-date: /home/ashley.akamine/rampagingRoombas/turtlebot4_ws/install/custom_interfaces/include/custom_interfaces/custom_interfaces/action/detail/robot_goal__type_support.cpp\n'}
[0.571376] (custom_interfaces) StdoutLine: {'line': b'-- Up-to-date: /home/ashley.akamine/rampagingRoombas/turtlebot4_ws/install/custom_interfaces/include/custom_interfaces/custom_interfaces/srv\n'}
[0.571448] (custom_interfaces) StdoutLine: {'line': b'-- Up-to-date: /home/ashley.akamine/rampagingRoombas/turtlebot4_ws/install/custom_interfaces/include/custom_interfaces/custom_interfaces/srv/detail\n'}
[0.571524] (custom_interfaces) StdoutLine: {'line': b'-- Up-to-date: /home/ashley.akamine/rampagingRoombas/turtlebot4_ws/install/custom_interfaces/include/custom_interfaces/custom_interfaces/srv/detail/get_summary__type_support.cpp\n'}
[0.571593] (custom_interfaces) StdoutLine: {'line': b'-- Up-to-date: /home/ashley.akamine/rampagingRoombas/turtlebot4_ws/install/custom_interfaces/include/custom_interfaces/custom_interfaces/srv/detail/get_summary__rosidl_typesupport_introspection_cpp.hpp\n'}
[0.571673] (custom_interfaces) StdoutLine: {'line': b'-- Up-to-date: /home/ashley.akamine/rampagingRoombas/turtlebot4_ws/install/custom_interfaces/lib/libcustom_interfaces__rosidl_typesupport_introspection_cpp.so\n'}
[0.571733] (custom_interfaces) StdoutLine: {'line': b'-- Up-to-date: /home/ashley.akamine/rampagingRoombas/turtlebot4_ws/install/custom_interfaces/lib/libcustom_interfaces__rosidl_typesupport_cpp.so\n'}
[0.571796] (custom_interfaces) StdoutLine: {'line': b'-- Up-to-date: /home/ashley.akamine/rampagingRoombas/turtlebot4_ws/install/custom_interfaces/share/custom_interfaces/environment/pythonpath.sh\n'}
[0.571843] (custom_interfaces) StdoutLine: {'line': b'-- Up-to-date: /home/ashley.akamine/rampagingRoombas/turtlebot4_ws/install/custom_interfaces/share/custom_interfaces/environment/pythonpath.dsv\n'}
[0.571909] (custom_interfaces) StdoutLine: {'line': b'-- Up-to-date: /home/ashley.akamine/rampagingRoombas/turtlebot4_ws/install/custom_interfaces/local/lib/python3.10/dist-packages/custom_interfaces-0.0.0-py3.10.egg-info\n'}
[0.571979] (custom_interfaces) StdoutLine: {'line': b'-- Installing: /home/ashley.akamine/rampagingRoombas/turtlebot4_ws/install/custom_interfaces/local/lib/python3.10/dist-packages/custom_interfaces-0.0.0-py3.10.egg-info/SOURCES.txt\n'}
[0.572351] (custom_interfaces) StdoutLine: {'line': b'-- Installing: /home/ashley.akamine/rampagingRoombas/turtlebot4_ws/install/custom_interfaces/local/lib/python3.10/dist-packages/custom_interfaces-0.0.0-py3.10.egg-info/PKG-INFO\n'}
[0.572873] (custom_interfaces) StdoutLine: {'line': b'-- Installing: /home/ashley.akamine/rampagingRoombas/turtlebot4_ws/install/custom_interfaces/local/lib/python3.10/dist-packages/custom_interfaces-0.0.0-py3.10.egg-info/top_level.txt\n'}
[0.573396] (custom_interfaces) StdoutLine: {'line': b'-- Installing: /home/ashley.akamine/rampagingRoombas/turtlebot4_ws/install/custom_interfaces/local/lib/python3.10/dist-packages/custom_interfaces-0.0.0-py3.10.egg-info/dependency_links.txt\n'}
[0.573953] (custom_interfaces) StdoutLine: {'line': b'-- Up-to-date: /home/ashley.akamine/rampagingRoombas/turtlebot4_ws/install/custom_interfaces/local/lib/python3.10/dist-packages/custom_interfaces\n'}
[0.574138] (custom_interfaces) StdoutLine: {'line': b'-- Up-to-date: /home/ashley.akamine/rampagingRoombas/turtlebot4_ws/install/custom_interfaces/local/lib/python3.10/dist-packages/custom_interfaces/_custom_interfaces_s.ep.rosidl_typesupport_fastrtps_c.c\n'}
[0.574213] (custom_interfaces) StdoutLine: {'line': b'-- Up-to-date: /home/ashley.akamine/rampagingRoombas/turtlebot4_ws/install/custom_interfaces/local/lib/python3.10/dist-packages/custom_interfaces/custom_interfaces_s__rosidl_typesupport_fastrtps_c.cpython-310-x86_64-linux-gnu.so\n'}
[0.574262] (custom_interfaces) StdoutLine: {'line': b'-- Up-to-date: /home/ashley.akamine/rampagingRoombas/turtlebot4_ws/install/custom_interfaces/local/lib/python3.10/dist-packages/custom_interfaces/__init__.py\n'}
[0.574308] (custom_interfaces) StdoutLine: {'line': b'-- Up-to-date: /home/ashley.akamine/rampagingRoombas/turtlebot4_ws/install/custom_interfaces/local/lib/python3.10/dist-packages/custom_interfaces/_custom_interfaces_s.ep.rosidl_typesupport_introspection_c.c\n'}
[0.574357] (custom_interfaces) StdoutLine: {'line': b'-- Up-to-date: /home/ashley.akamine/rampagingRoombas/turtlebot4_ws/install/custom_interfaces/local/lib/python3.10/dist-packages/custom_interfaces/custom_interfaces_s__rosidl_typesupport_c.cpython-310-x86_64-linux-gnu.so\n'}
[0.574412] (custom_interfaces) StdoutLine: {'line': b'-- Up-to-date: /home/ashley.akamine/rampagingRoombas/turtlebot4_ws/install/custom_interfaces/local/lib/python3.10/dist-packages/custom_interfaces/_custom_interfaces_s.ep.rosidl_typesupport_c.c\n'}
[0.574466] (custom_interfaces) StdoutLine: {'line': b'-- Up-to-date: /home/ashley.akamine/rampagingRoombas/turtlebot4_ws/install/custom_interfaces/local/lib/python3.10/dist-packages/custom_interfaces/libcustom_interfaces__rosidl_generator_py.so\n'}
[0.574513] (custom_interfaces) StdoutLine: {'line': b'-- Up-to-date: /home/ashley.akamine/rampagingRoombas/turtlebot4_ws/install/custom_interfaces/local/lib/python3.10/dist-packages/custom_interfaces/action\n'}
[0.574559] (custom_interfaces) StdoutLine: {'line': b'-- Up-to-date: /home/ashley.akamine/rampagingRoombas/turtlebot4_ws/install/custom_interfaces/local/lib/python3.10/dist-packages/custom_interfaces/action/__init__.py\n'}
[0.574602] (custom_interfaces) StdoutLine: {'line': b'-- Up-to-date: /home/ashley.akamine/rampagingRoombas/turtlebot4_ws/install/custom_interfaces/local/lib/python3.10/dist-packages/custom_interfaces/action/_robot_goal_s.c\n'}
[0.574645] (custom_interfaces) StdoutLine: {'line': b'-- Up-to-date: /home/ashley.akamine/rampagingRoombas/turtlebot4_ws/install/custom_interfaces/local/lib/python3.10/dist-packages/custom_interfaces/action/_robot_goal.py\n'}
[0.574687] (custom_interfaces) StdoutLine: {'line': b'-- Up-to-date: /home/ashley.akamine/rampagingRoombas/turtlebot4_ws/install/custom_interfaces/local/lib/python3.10/dist-packages/custom_interfaces/custom_interfaces_s__rosidl_typesupport_introspection_c.cpython-310-x86_64-linux-gnu.so\n'}
[0.574730] (custom_interfaces) StdoutLine: {'line': b'-- Up-to-date: /home/ashley.akamine/rampagingRoombas/turtlebot4_ws/install/custom_interfaces/local/lib/python3.10/dist-packages/custom_interfaces/srv\n'}
[0.574773] (custom_interfaces) StdoutLine: {'line': b'-- Up-to-date: /home/ashley.akamine/rampagingRoombas/turtlebot4_ws/install/custom_interfaces/local/lib/python3.10/dist-packages/custom_interfaces/srv/_get_summary.py\n'}
[0.574815] (custom_interfaces) StdoutLine: {'line': b'-- Up-to-date: /home/ashley.akamine/rampagingRoombas/turtlebot4_ws/install/custom_interfaces/local/lib/python3.10/dist-packages/custom_interfaces/srv/_get_summary_s.c\n'}
[0.574857] (custom_interfaces) StdoutLine: {'line': b'-- Up-to-date: /home/ashley.akamine/rampagingRoombas/turtlebot4_ws/install/custom_interfaces/local/lib/python3.10/dist-packages/custom_interfaces/srv/__init__.py\n'}
[0.600313] (-) TimerEvent: {}
[0.600542] (custom_interfaces) StdoutLine: {'line': b"Listing '/home/ashley.akamine/rampagingRoombas/turtlebot4_ws/install/custom_interfaces/local/lib/python3.10/dist-packages/custom_interfaces'...\n"}
[0.600685] (custom_interfaces) StdoutLine: {'line': b"Listing '/home/ashley.akamine/rampagingRoombas/turtlebot4_ws/install/custom_interfaces/local/lib/python3.10/dist-packages/custom_interfaces/action'...\n"}
[0.600740] (custom_interfaces) StdoutLine: {'line': b"Listing '/home/ashley.akamine/rampagingRoombas/turtlebot4_ws/install/custom_interfaces/local/lib/python3.10/dist-packages/custom_interfaces/srv'...\n"}
[0.603848] (custom_interfaces) StdoutLine: {'line': b'-- Up-to-date: /home/ashley.akamine/rampagingRoombas/turtlebot4_ws/install/custom_interfaces/local/lib/python3.10/dist-packages/custom_interfaces/custom_interfaces_s__rosidl_typesupport_fastrtps_c.cpython-310-x86_64-linux-gnu.so\n'}
[0.604051] (custom_interfaces) StdoutLine: {'line': b'-- Up-to-date: /home/ashley.akamine/rampagingRoombas/turtlebot4_ws/install/custom_interfaces/local/lib/python3.10/dist-packages/custom_interfaces/custom_interfaces_s__rosidl_typesupport_introspection_c.cpython-310-x86_64-linux-gnu.so\n'}
[0.604269] (custom_interfaces) StdoutLine: {'line': b'-- Up-to-date: /home/ashley.akamine/rampagingRoombas/turtlebot4_ws/install/custom_interfaces/local/lib/python3.10/dist-packages/custom_interfaces/custom_interfaces_s__rosidl_typesupport_c.cpython-310-x86_64-linux-gnu.so\n'}
[0.604492] (custom_interfaces) StdoutLine: {'line': b'-- Up-to-date: /home/ashley.akamine/rampagingRoombas/turtlebot4_ws/install/custom_interfaces/lib/libcustom_interfaces__rosidl_generator_py.so\n'}
[0.604615] (custom_interfaces) StdoutLine: {'line': b'-- Up-to-date: /home/ashley.akamine/rampagingRoombas/turtlebot4_ws/install/custom_interfaces/share/custom_interfaces/srv/GetSummary.idl\n'}
[0.604692] (custom_interfaces) StdoutLine: {'line': b'-- Up-to-date: /home/ashley.akamine/rampagingRoombas/turtlebot4_ws/install/custom_interfaces/share/custom_interfaces/action/RobotGoal.idl\n'}
[0.604741] (custom_interfaces) StdoutLine: {'line': b'-- Up-to-date: /home/ashley.akamine/rampagingRoombas/turtlebot4_ws/install/custom_interfaces/share/custom_interfaces/srv/GetSummary.srv\n'}
[0.604817] (custom_interfaces) StdoutLine: {'line': b'-- Up-to-date: /home/ashley.akamine/rampagingRoombas/turtlebot4_ws/install/custom_interfaces/share/custom_interfaces/srv/GetSummary_Request.msg\n'}
[0.604866] (custom_interfaces) StdoutLine: {'line': b'-- Up-to-date: /home/ashley.akamine/rampagingRoombas/turtlebot4_ws/install/custom_interfaces/share/custom_interfaces/srv/GetSummary_Response.msg\n'}
[0.604913] (custom_interfaces) StdoutLine: {'line': b'-- Up-to-date: /home/ashley.akamine/rampagingRoombas/turtlebot4_ws/install/custom_interfaces/share/custom_interfaces/action/RobotGoal.action\n'}
[0.604959] (custom_interfaces) StdoutLine: {'line': b'-- Up-to-date: /home/ashley.akamine/rampagingRoombas/turtlebot4_ws/install/custom_interfaces/share/ament_index/resource_index/package_run_dependencies/custom_interfaces\n'}
[0.605006] (custom_interfaces) StdoutLine: {'line': b'-- Up-to-date: /home/ashley.akamine/rampagingRoombas/turtlebot4_ws/install/custom_interfaces/share/ament_index/resource_index/parent_prefix_path/custom_interfaces\n'}
[0.605066] (custom_interfaces) StdoutLine: {'line': b'-- Up-to-date: /home/ashley.akamine/rampagingRoombas/turtlebot4_ws/install/custom_interfaces/share/custom_interfaces/environment/ament_prefix_path.sh\n'}
[0.605138] (custom_interfaces) StdoutLine: {'line': b'-- Up-to-date: /home/ashley.akamine/rampagingRoombas/turtlebot4_ws/install/custom_interfaces/share/custom_interfaces/environment/ament_prefix_path.dsv\n'}
[0.605183] (custom_interfaces) StdoutLine: {'line': b'-- Up-to-date: /home/ashley.akamine/rampagingRoombas/turtlebot4_ws/install/custom_interfaces/share/custom_interfaces/environment/path.sh\n'}
[0.605226] (custom_interfaces) StdoutLine: {'line': b'-- Up-to-date: /home/ashley.akamine/rampagingRoombas/turtlebot4_ws/install/custom_interfaces/share/custom_interfaces/environment/path.dsv\n'}
[0.605269] (custom_interfaces) StdoutLine: {'line': b'-- Up-to-date: /home/ashley.akamine/rampagingRoombas/turtlebot4_ws/install/custom_interfaces/share/custom_interfaces/local_setup.bash\n'}
[0.605311] (custom_interfaces) StdoutLine: {'line': b'-- Up-to-date: /home/ashley.akamine/rampagingRoombas/turtlebot4_ws/install/custom_interfaces/share/custom_interfaces/local_setup.sh\n'}
[0.605360] (custom_interfaces) StdoutLine: {'line': b'-- Up-to-date: /home/ashley.akamine/rampagingRoombas/turtlebot4_ws/install/custom_interfaces/share/custom_interfaces/local_setup.zsh\n'}
[0.605409] (custom_interfaces) StdoutLine: {'line': b'-- Up-to-date: /home/ashley.akamine/rampagingRoombas/turtlebot4_ws/install/custom_interfaces/share/custom_interfaces/local_setup.dsv\n'}
[0.605452] (custom_interfaces) StdoutLine: {'line': b'-- Installing: /home/ashley.akamine/rampagingRoombas/turtlebot4_ws/install/custom_interfaces/share/custom_interfaces/package.dsv\n'}
[0.605601] (custom_interfaces) StdoutLine: {'line': b'-- Up-to-date: /home/ashley.akamine/rampagingRoombas/turtlebot4_ws/install/custom_interfaces/share/ament_index/resource_index/packages/custom_interfaces\n'}
[0.605711] (custom_interfaces) StdoutLine: {'line': b'-- Up-to-date: /home/ashley.akamine/rampagingRoombas/turtlebot4_ws/install/custom_interfaces/share/custom_interfaces/cmake/export_custom_interfaces__rosidl_generator_cExport.cmake\n'}
[0.605785] (custom_interfaces) StdoutLine: {'line': b'-- Up-to-date: /home/ashley.akamine/rampagingRoombas/turtlebot4_ws/install/custom_interfaces/share/custom_interfaces/cmake/export_custom_interfaces__rosidl_generator_cExport-noconfig.cmake\n'}
[0.605889] (custom_interfaces) StdoutLine: {'line': b'-- Up-to-date: /home/ashley.akamine/rampagingRoombas/turtlebot4_ws/install/custom_interfaces/share/custom_interfaces/cmake/export_custom_interfaces__rosidl_typesupport_fastrtps_cExport.cmake\n'}
[0.605977] (custom_interfaces) StdoutLine: {'line': b'-- Up-to-date: /home/ashley.akamine/rampagingRoombas/turtlebot4_ws/install/custom_interfaces/share/custom_interfaces/cmake/export_custom_interfaces__rosidl_typesupport_fastrtps_cExport-noconfig.cmake\n'}
[0.606051] (custom_interfaces) StdoutLine: {'line': b'-- Up-to-date: /home/ashley.akamine/rampagingRoombas/turtlebot4_ws/install/custom_interfaces/share/custom_interfaces/cmake/custom_interfaces__rosidl_typesupport_introspection_cExport.cmake\n'}
[0.606124] (custom_interfaces) StdoutLine: {'line': b'-- Up-to-date: /home/ashley.akamine/rampagingRoombas/turtlebot4_ws/install/custom_interfaces/share/custom_interfaces/cmake/custom_interfaces__rosidl_typesupport_introspection_cExport-noconfig.cmake\n'}
[0.606207] (custom_interfaces) StdoutLine: {'line': b'-- Up-to-date: /home/ashley.akamine/rampagingRoombas/turtlebot4_ws/install/custom_interfaces/share/custom_interfaces/cmake/custom_interfaces__rosidl_typesupport_cExport.cmake\n'}
[0.606274] (custom_interfaces) StdoutLine: {'line': b'-- Up-to-date: /home/ashley.akamine/rampagingRoombas/turtlebot4_ws/install/custom_interfaces/share/custom_interfaces/cmake/custom_interfaces__rosidl_typesupport_cExport-noconfig.cmake\n'}
[0.606350] (custom_interfaces) StdoutLine: {'line': b'-- Up-to-date: /home/ashley.akamine/rampagingRoombas/turtlebot4_ws/install/custom_interfaces/share/custom_interfaces/cmake/export_custom_interfaces__rosidl_generator_cppExport.cmake\n'}
[0.606494] (custom_interfaces) StdoutLine: {'line': b'-- Up-to-date: /home/ashley.akamine/rampagingRoombas/turtlebot4_ws/install/custom_interfaces/share/custom_interfaces/cmake/export_custom_interfaces__rosidl_typesupport_fastrtps_cppExport.cmake\n'}
[0.606586] (custom_interfaces) StdoutLine: {'line': b'-- Up-to-date: /home/ashley.akamine/rampagingRoombas/turtlebot4_ws/install/custom_interfaces/share/custom_interfaces/cmake/export_custom_interfaces__rosidl_typesupport_fastrtps_cppExport-noconfig.cmake\n'}
[0.606650] (custom_interfaces) StdoutLine: {'line': b'-- Up-to-date: /home/ashley.akamine/rampagingRoombas/turtlebot4_ws/install/custom_interfaces/share/custom_interfaces/cmake/custom_interfaces__rosidl_typesupport_introspection_cppExport.cmake\n'}
[0.606716] (custom_interfaces) StdoutLine: {'line': b'-- Up-to-date: /home/ashley.akamine/rampagingRoombas/turtlebot4_ws/install/custom_interfaces/share/custom_interfaces/cmake/custom_interfaces__rosidl_typesupport_introspection_cppExport-noconfig.cmake\n'}
[0.606806] (custom_interfaces) StdoutLine: {'line': b'-- Up-to-date: /home/ashley.akamine/rampagingRoombas/turtlebot4_ws/install/custom_interfaces/share/custom_interfaces/cmake/custom_interfaces__rosidl_typesupport_cppExport.cmake\n'}
[0.606870] (custom_interfaces) StdoutLine: {'line': b'-- Up-to-date: /home/ashley.akamine/rampagingRoombas/turtlebot4_ws/install/custom_interfaces/share/custom_interfaces/cmake/custom_interfaces__rosidl_typesupport_cppExport-noconfig.cmake\n'}
[0.606994] (custom_interfaces) StdoutLine: {'line': b'-- Up-to-date: /home/ashley.akamine/rampagingRoombas/turtlebot4_ws/install/custom_interfaces/share/custom_interfaces/cmake/export_custom_interfaces__rosidl_generator_pyExport.cmake\n'}
[0.607055] (custom_interfaces) StdoutLine: {'line': b'-- Up-to-date: /home/ashley.akamine/rampagingRoombas/turtlebot4_ws/install/custom_interfaces/share/custom_interfaces/cmake/export_custom_interfaces__rosidl_generator_pyExport-noconfig.cmake\n'}
[0.607152] (custom_interfaces) StdoutLine: {'line': b'-- Up-to-date: /home/ashley.akamine/rampagingRoombas/turtlebot4_ws/install/custom_interfaces/share/custom_interfaces/cmake/rosidl_cmake-extras.cmake\n'}
[0.607228] (custom_interfaces) StdoutLine: {'line': b'-- Up-to-date: /home/ashley.akamine/rampagingRoombas/turtlebot4_ws/install/custom_interfaces/share/custom_interfaces/cmake/ament_cmake_export_dependencies-extras.cmake\n'}
[0.607274] (custom_interfaces) StdoutLine: {'line': b'-- Up-to-date: /home/ashley.akamine/rampagingRoombas/turtlebot4_ws/install/custom_interfaces/share/custom_interfaces/cmake/ament_cmake_export_include_directories-extras.cmake\n'}
[0.607338] (custom_interfaces) StdoutLine: {'line': b'-- Up-to-date: /home/ashley.akamine/rampagingRoombas/turtlebot4_ws/install/custom_interfaces/share/custom_interfaces/cmake/ament_cmake_export_libraries-extras.cmake\n'}
[0.607427] (custom_interfaces) StdoutLine: {'line': b'-- Up-to-date: /home/ashley.akamine/rampagingRoombas/turtlebot4_ws/install/custom_interfaces/share/custom_interfaces/cmake/ament_cmake_export_targets-extras.cmake\n'}
[0.607475] (custom_interfaces) StdoutLine: {'line': b'-- Up-to-date: /home/ashley.akamine/rampagingRoombas/turtlebot4_ws/install/custom_interfaces/share/custom_interfaces/cmake/rosidl_cmake_export_typesupport_targets-extras.cmake\n'}
[0.607517] (custom_interfaces) StdoutLine: {'line': b'-- Up-to-date: /home/ashley.akamine/rampagingRoombas/turtlebot4_ws/install/custom_interfaces/share/custom_interfaces/cmake/rosidl_cmake_export_typesupport_libraries-extras.cmake\n'}
[0.607560] (custom_interfaces) StdoutLine: {'line': b'-- Up-to-date: /home/ashley.akamine/rampagingRoombas/turtlebot4_ws/install/custom_interfaces/share/custom_interfaces/cmake/custom_interfacesConfig.cmake\n'}
[0.607602] (custom_interfaces) StdoutLine: {'line': b'-- Up-to-date: /home/ashley.akamine/rampagingRoombas/turtlebot4_ws/install/custom_interfaces/share/custom_interfaces/cmake/custom_interfacesConfig-version.cmake\n'}
[0.607645] (custom_interfaces) StdoutLine: {'line': b'-- Up-to-date: /home/ashley.akamine/rampagingRoombas/turtlebot4_ws/install/custom_interfaces/share/custom_interfaces/package.xml\n'}
[0.609836] (custom_interfaces) CommandEnded: {'returncode': 0}
[0.645563] (custom_interfaces) JobEnded: {'identifier': 'custom_interfaces', 'rc': 0}
[0.646650] (lab3_pkg) JobStarted: {'identifier': 'lab3_pkg'}
[0.651159] (lab5_pkg) JobStarted: {'identifier': 'lab5_pkg'}
[0.700383] (-) TimerEvent: {}
[0.800631] (-) TimerEvent: {}
[0.900882] (-) TimerEvent: {}
[1.001141] (-) TimerEvent: {}
[1.101380] (-) TimerEvent: {}
[1.131163] (lab2_pkg) Command: {'cmd': ['/usr/bin/python3', '-W', 'ignore:setup.py install is deprecated', '-W', 'ignore:easy_install command is deprecated', 'setup.py', 'egg_info', '--egg-base', '../../build/lab2_pkg', 'build', '--build-base', '/home/ashley.akamine/rampagingRoombas/turtlebot4_ws/build/lab2_pkg/build', 'install', '--record', '/home/ashley.akamine/rampagingRoombas/turtlebot4_ws/build/lab2_pkg/install.log', '--single-version-externally-managed', 'install_data'], 'cwd': '/home/ashley.akamine/rampagingRoombas/turtlebot4_ws/src/lab2_pkg', 'env': {'GJS_DEBUG_TOPICS': 'JS ERROR;JS LOG', 'USER': 'ashley.akamine@plu.edu', 'XDG_SESSION_TYPE': 'wayland', 'GIT_ASKPASS': '/usr/share/code/resources/app/extensions/git/dist/askpass.sh', 'SHLVL': '1', 'LD_LIBRARY_PATH': '/home/ashley.akamine/rampagingRoombas/turtlebot4_ws/install/custom_interfaces/lib:/opt/ros/humble/opt/rviz_ogre_vendor/lib:/opt/ros/humble/lib/x86_64-linux-gnu:/opt/ros/humble/lib', 'HOME': '/home/ashley.akamine', 'OLDPWD': '/home/ashley.akamine/rampagingRoombas/turtlebot4_ws', 'CHROME_DESKTOP': 'code.desktop', 'DESKTOP_SESSION': 'ubuntu', 'TERM_PROGRAM_VERSION': '1.98.2', 'GIO_LAUNCHED_DESKTOP_FILE': '/usr/share/applications/code.desktop', 'GTK_MODULES': 'gail:atk-bridge', 'GNOME_SHELL_SESSION_MODE': 'ubuntu', 'VSCODE_GIT_ASKPASS_MAIN': '/usr/share/code/resources/app/extensions/git/dist/askpass-main.js', 'ROS_PYTHON_VERSION': '3', 'MANAGERPID': '318657', 'VSCODE_GIT_ASKPASS_NODE': '/usr/share/code/code', 'SYSTEMD_EXEC_PID': '318826', 'DBUS_SESSION_BUS_ADDRESS': 'unix:path=/run/user/481844462/bus', 'PYDEVD_DISABLE_FILE_VALIDATION': '1', 'BUNDLED_DEBUGPY_PATH': '/home/ashley.akamine/.vscode/extensions/ms-python.debugpy-2025.4.1-linux-x64/bundled/libs/debugpy', 'GIO_LAUNCHED_DESKTOP_FILE_PID': '319552', 'COLORTERM': 'truecolor', 'CONDA_CHANGEPS1': 'no', 'WAYLAND_DISPLAY': 'wayland-0', 'ROS_DISTRO': 'humble', 'COLCON_PREFIX_PATH': '/home/ashley.akamine/rampagingRoombas/turtlebot4_ws/install', 'LOGNAME': 'ashley.akamine@plu.edu', '_': '/usr/bin/colcon', 'JOURNAL_STREAM': '8:1641300', 'XDG_SESSION_CLASS': 'user', 'USER_ZDOTDIR': '/home/ashley.akamine', 'ROS_VERSION': '2', 'USERNAME': 'ashley.akamine@plu.edu', 'PROMPT_EOL_MARK': '', 'TERM': 'xterm-256color', 'ROS_SUPER_CLIENT': 'True', 'GNOME_DESKTOP_SESSION_ID': 'this-is-deprecated', 'ROS_LOCALHOST_ONLY': '0', 'PATH': '/opt/ros/humble/bin:/usr/local/sbin:/usr/local/bin:/usr/sbin:/usr/bin:/sbin:/bin:/usr/games:/usr/local/games:/snap/bin:/snap/bin:/home/ashley.akamine/.vscode/extensions/ms-python.debugpy-2025.4.1-linux-x64/bundled/scripts/noConfigScripts', 'SESSION_MANAGER': 'local/csci20145:@/tmp/.ICE-unix/318801,unix/csci20145:/tmp/.ICE-unix/318801', 'INVOCATION_ID': '61114afdaf10442f9f957b940ed2fd79', 'XDG_RUNTIME_DIR': '/run/user/481844462', 'XDG_MENU_PREFIX': 'gnome-', 'GNOME_SETUP_DISPLAY': ':1', 'GDK_BACKEND': 'x11', 'DISPLAY': ':0', 'LANG': 'en_US.UTF-8', 'XDG_CURRENT_DESKTOP': 'Unity', 'VSCODE_DEBUGPY_ADAPTER_ENDPOINTS': '/home/ashley.akamine/.vscode/extensions/ms-python.debugpy-2025.4.1-linux-x64/.noConfigDebugAdapterEndpoints/endpoint-5e84f070e7f40046.txt', 'VSCODE_INJECTION': '1', 'RMW_IMPLEMENTATION': 'rmw_fastrtps_cpp', 'XDG_SESSION_DESKTOP': 'ubuntu', 'XMODIFIERS': '@im=ibus', 'XAUTHORITY': '/run/user/481844462/.mutter-Xwaylandauth.9EXU42', 'TERM_PROGRAM': 'vscode', 'VSCODE_GIT_IPC_HANDLE': '/run/user/481844462/vscode-git-eb3a6a45bf.sock', 'SSH_AGENT_LAUNCHER': 'gnome-keyring', 'SSH_AUTH_SOCK': '/run/user/481844462/keyring/ssh', 'ORIGINAL_XDG_CURRENT_DESKTOP': 'ubuntu:GNOME', 'AMENT_PREFIX_PATH': '/home/ashley.akamine/rampagingRoombas/turtlebot4_ws/install/turtlebot_lab_bringup:/home/ashley.akamine/rampagingRoombas/turtlebot4_ws/install/lab5_pkg:/home/ashley.akamine/rampagingRoombas/turtlebot4_ws/install/lab3_pkg:/home/ashley.akamine/rampagingRoombas/turtlebot4_ws/install/lab2_pkg:/home/ashley.akamine/rampagingRoombas/turtlebot4_ws/install/lab1_pkg:/home/ashley.akamine/rampagingRoombas/turtlebot4_ws/install/custom_interfaces:/opt/ros/humble', 'ROS_DOMAIN_ID': '2', 'SHELL': '/bin/zsh', 'KRB5CCNAME': 'FILE:/tmp/krb5cc_481844462_VDG5Kq', 'ROS_DISCOVERY_SERVER': '10.5.113.101:11811', 'QT_ACCESSIBILITY': '1', 'GDMSESSION': 'ubuntu', 'GJS_DEBUG_OUTPUT': 'stderr', 'QT_IM_MODULE': 'ibus', 'VSCODE_GIT_ASKPASS_EXTRA_ARGS': '', 'PWD': '/home/ashley.akamine/rampagingRoombas/turtlebot4_ws/build/lab2_pkg', 'XDG_DATA_DIRS': '/usr/local/share/:/usr/share/:/var/lib/snapd/desktop', 'ZDOTDIR': '/home/ashley.akamine', 'VIRTUAL_ENV_DISABLE_PROMPT': '12', 'PYTHONPATH': '/home/ashley.akamine/rampagingRoombas/turtlebot4_ws/build/lab2_pkg/prefix_override:/usr/lib/python3/dist-packages/colcon_core/task/python/colcon_distutils_commands:/home/ashley.akamine/rampagingRoombas/turtlebot4_ws/install/lab2_pkg/lib/python3.10/site-packages:/home/ashley.akamine/rampagingRoombas/turtlebot4_ws/install/lab5_pkg/lib/python3.10/site-packages:/home/ashley.akamine/rampagingRoombas/turtlebot4_ws/install/lab3_pkg/lib/python3.10/site-packages:/home/ashley.akamine/rampagingRoombas/turtlebot4_ws/install/lab2_pkg/lib/python3.10/site-packages:/home/ashley.akamine/rampagingRoombas/turtlebot4_ws/install/lab1_pkg/lib/python3.10/site-packages:/home/ashley.akamine/rampagingRoombas/turtlebot4_ws/install/custom_interfaces/local/lib/python3.10/dist-packages:/opt/ros/humble/lib/python3.10/site-packages:/opt/ros/humble/local/lib/python3.10/dist-packages', 'COLCON': '1', 'CMAKE_PREFIX_PATH': '/home/ashley.akamine/rampagingRoombas/turtlebot4_ws/install/turtlebot_lab_bringup:/home/ashley.akamine/rampagingRoombas/turtlebot4_ws/install/custom_interfaces'}, 'shell': False}
[1.134501] (lab1_pkg) Command: {'cmd': ['/usr/bin/python3', '-W', 'ignore:setup.py install is deprecated', '-W', 'ignore:easy_install command is deprecated', 'setup.py', 'egg_info', '--egg-base', '../../build/lab1_pkg', 'build', '--build-base', '/home/ashley.akamine/rampagingRoombas/turtlebot4_ws/build/lab1_pkg/build', 'install', '--record', '/home/ashley.akamine/rampagingRoombas/turtlebot4_ws/build/lab1_pkg/install.log', '--single-version-externally-managed', 'install_data'], 'cwd': '/home/ashley.akamine/rampagingRoombas/turtlebot4_ws/src/lab1_pkg', 'env': {'GJS_DEBUG_TOPICS': 'JS ERROR;JS LOG', 'USER': 'ashley.akamine@plu.edu', 'XDG_SESSION_TYPE': 'wayland', 'GIT_ASKPASS': '/usr/share/code/resources/app/extensions/git/dist/askpass.sh', 'SHLVL': '1', 'LD_LIBRARY_PATH': '/home/ashley.akamine/rampagingRoombas/turtlebot4_ws/install/custom_interfaces/lib:/opt/ros/humble/opt/rviz_ogre_vendor/lib:/opt/ros/humble/lib/x86_64-linux-gnu:/opt/ros/humble/lib', 'HOME': '/home/ashley.akamine', 'OLDPWD': '/home/ashley.akamine/rampagingRoombas/turtlebot4_ws', 'CHROME_DESKTOP': 'code.desktop', 'DESKTOP_SESSION': 'ubuntu', 'TERM_PROGRAM_VERSION': '1.98.2', 'GIO_LAUNCHED_DESKTOP_FILE': '/usr/share/applications/code.desktop', 'GTK_MODULES': 'gail:atk-bridge', 'GNOME_SHELL_SESSION_MODE': 'ubuntu', 'VSCODE_GIT_ASKPASS_MAIN': '/usr/share/code/resources/app/extensions/git/dist/askpass-main.js', 'ROS_PYTHON_VERSION': '3', 'MANAGERPID': '318657', 'VSCODE_GIT_ASKPASS_NODE': '/usr/share/code/code', 'SYSTEMD_EXEC_PID': '318826', 'DBUS_SESSION_BUS_ADDRESS': 'unix:path=/run/user/481844462/bus', 'PYDEVD_DISABLE_FILE_VALIDATION': '1', 'BUNDLED_DEBUGPY_PATH': '/home/ashley.akamine/.vscode/extensions/ms-python.debugpy-2025.4.1-linux-x64/bundled/libs/debugpy', 'GIO_LAUNCHED_DESKTOP_FILE_PID': '319552', 'COLORTERM': 'truecolor', 'CONDA_CHANGEPS1': 'no', 'WAYLAND_DISPLAY': 'wayland-0', 'ROS_DISTRO': 'humble', 'COLCON_PREFIX_PATH': '/home/ashley.akamine/rampagingRoombas/turtlebot4_ws/install', 'LOGNAME': 'ashley.akamine@plu.edu', '_': '/usr/bin/colcon', 'JOURNAL_STREAM': '8:1641300', 'XDG_SESSION_CLASS': 'user', 'USER_ZDOTDIR': '/home/ashley.akamine', 'ROS_VERSION': '2', 'USERNAME': 'ashley.akamine@plu.edu', 'PROMPT_EOL_MARK': '', 'TERM': 'xterm-256color', 'ROS_SUPER_CLIENT': 'True', 'GNOME_DESKTOP_SESSION_ID': 'this-is-deprecated', 'ROS_LOCALHOST_ONLY': '0', 'PATH': '/opt/ros/humble/bin:/usr/local/sbin:/usr/local/bin:/usr/sbin:/usr/bin:/sbin:/bin:/usr/games:/usr/local/games:/snap/bin:/snap/bin:/home/ashley.akamine/.vscode/extensions/ms-python.debugpy-2025.4.1-linux-x64/bundled/scripts/noConfigScripts', 'SESSION_MANAGER': 'local/csci20145:@/tmp/.ICE-unix/318801,unix/csci20145:/tmp/.ICE-unix/318801', 'INVOCATION_ID': '61114afdaf10442f9f957b940ed2fd79', 'XDG_RUNTIME_DIR': '/run/user/481844462', 'XDG_MENU_PREFIX': 'gnome-', 'GNOME_SETUP_DISPLAY': ':1', 'GDK_BACKEND': 'x11', 'DISPLAY': ':0', 'LANG': 'en_US.UTF-8', 'XDG_CURRENT_DESKTOP': 'Unity', 'VSCODE_DEBUGPY_ADAPTER_ENDPOINTS': '/home/ashley.akamine/.vscode/extensions/ms-python.debugpy-2025.4.1-linux-x64/.noConfigDebugAdapterEndpoints/endpoint-5e84f070e7f40046.txt', 'VSCODE_INJECTION': '1', 'RMW_IMPLEMENTATION': 'rmw_fastrtps_cpp', 'XDG_SESSION_DESKTOP': 'ubuntu', 'XMODIFIERS': '@im=ibus', 'XAUTHORITY': '/run/user/481844462/.mutter-Xwaylandauth.9EXU42', 'TERM_PROGRAM': 'vscode', 'VSCODE_GIT_IPC_HANDLE': '/run/user/481844462/vscode-git-eb3a6a45bf.sock', 'SSH_AGENT_LAUNCHER': 'gnome-keyring', 'SSH_AUTH_SOCK': '/run/user/481844462/keyring/ssh', 'ORIGINAL_XDG_CURRENT_DESKTOP': 'ubuntu:GNOME', 'AMENT_PREFIX_PATH': '/home/ashley.akamine/rampagingRoombas/turtlebot4_ws/install/turtlebot_lab_bringup:/home/ashley.akamine/rampagingRoombas/turtlebot4_ws/install/lab5_pkg:/home/ashley.akamine/rampagingRoombas/turtlebot4_ws/install/lab3_pkg:/home/ashley.akamine/rampagingRoombas/turtlebot4_ws/install/lab2_pkg:/home/ashley.akamine/rampagingRoombas/turtlebot4_ws/install/lab1_pkg:/home/ashley.akamine/rampagingRoombas/turtlebot4_ws/install/custom_interfaces:/opt/ros/humble', 'ROS_DOMAIN_ID': '2', 'SHELL': '/bin/zsh', 'KRB5CCNAME': 'FILE:/tmp/krb5cc_481844462_VDG5Kq', 'ROS_DISCOVERY_SERVER': '10.5.113.101:11811', 'QT_ACCESSIBILITY': '1', 'GDMSESSION': 'ubuntu', 'GJS_DEBUG_OUTPUT': 'stderr', 'QT_IM_MODULE': 'ibus', 'VSCODE_GIT_ASKPASS_EXTRA_ARGS': '', 'PWD': '/home/ashley.akamine/rampagingRoombas/turtlebot4_ws/build/lab1_pkg', 'XDG_DATA_DIRS': '/usr/local/share/:/usr/share/:/var/lib/snapd/desktop', 'ZDOTDIR': '/home/ashley.akamine', 'VIRTUAL_ENV_DISABLE_PROMPT': '12', 'PYTHONPATH': '/home/ashley.akamine/rampagingRoombas/turtlebot4_ws/build/lab1_pkg/prefix_override:/usr/lib/python3/dist-packages/colcon_core/task/python/colcon_distutils_commands:/home/ashley.akamine/rampagingRoombas/turtlebot4_ws/install/lab1_pkg/lib/python3.10/site-packages:/home/ashley.akamine/rampagingRoombas/turtlebot4_ws/install/lab5_pkg/lib/python3.10/site-packages:/home/ashley.akamine/rampagingRoombas/turtlebot4_ws/install/lab3_pkg/lib/python3.10/site-packages:/home/ashley.akamine/rampagingRoombas/turtlebot4_ws/install/lab2_pkg/lib/python3.10/site-packages:/home/ashley.akamine/rampagingRoombas/turtlebot4_ws/install/lab1_pkg/lib/python3.10/site-packages:/home/ashley.akamine/rampagingRoombas/turtlebot4_ws/install/custom_interfaces/local/lib/python3.10/dist-packages:/opt/ros/humble/lib/python3.10/site-packages:/opt/ros/humble/local/lib/python3.10/dist-packages', 'COLCON': '1', 'CMAKE_PREFIX_PATH': '/home/ashley.akamine/rampagingRoombas/turtlebot4_ws/install/turtlebot_lab_bringup:/home/ashley.akamine/rampagingRoombas/turtlebot4_ws/install/custom_interfaces'}, 'shell': False}
[1.201459] (-) TimerEvent: {}
[1.301675] (-) TimerEvent: {}
[1.344128] (lab2_pkg) StdoutLine: {'line': b'running egg_info\n'}
[1.344777] (lab2_pkg) StdoutLine: {'line': b'writing ../../build/lab2_pkg/lab2_pkg.egg-info/PKG-INFO\n'}
[1.344976] (lab2_pkg) StdoutLine: {'line': b'writing dependency_links to ../../build/lab2_pkg/lab2_pkg.egg-info/dependency_links.txt\n'}
[1.345149] (lab2_pkg) StdoutLine: {'line': b'writing entry points to ../../build/lab2_pkg/lab2_pkg.egg-info/entry_points.txt\n'}
[1.345298] (lab2_pkg) StdoutLine: {'line': b'writing requirements to ../../build/lab2_pkg/lab2_pkg.egg-info/requires.txt\n'}
[1.345432] (lab2_pkg) StdoutLine: {'line': b'writing top-level names to ../../build/lab2_pkg/lab2_pkg.egg-info/top_level.txt\n'}
[1.347141] (lab2_pkg) StdoutLine: {'line': b"reading manifest file '../../build/lab2_pkg/lab2_pkg.egg-info/SOURCES.txt'\n"}
[1.347899] (lab2_pkg) StdoutLine: {'line': b"writing manifest file '../../build/lab2_pkg/lab2_pkg.egg-info/SOURCES.txt'\n"}
[1.348004] (lab2_pkg) StdoutLine: {'line': b'running build\n'}
[1.348059] (lab2_pkg) StdoutLine: {'line': b'running build_py\n'}
[1.348297] (lab2_pkg) StdoutLine: {'line': b'running install\n'}
[1.348640] (lab2_pkg) StdoutLine: {'line': b'running install_lib\n'}
[1.349983] (lab2_pkg) StdoutLine: {'line': b'running install_data\n'}
[1.350082] (lab2_pkg) StdoutLine: {'line': b'running install_egg_info\n'}
[1.351576] (lab2_pkg) StdoutLine: {'line': b"removing '/home/ashley.akamine/rampagingRoombas/turtlebot4_ws/install/lab2_pkg/lib/python3.10/site-packages/lab2_pkg-0.0.0-py3.10.egg-info' (and everything under it)\n"}
[1.351863] (lab2_pkg) StdoutLine: {'line': b'Copying ../../build/lab2_pkg/lab2_pkg.egg-info to /home/ashley.akamine/rampagingRoombas/turtlebot4_ws/install/lab2_pkg/lib/python3.10/site-packages/lab2_pkg-0.0.0-py3.10.egg-info\n'}
[1.353134] (lab2_pkg) StdoutLine: {'line': b'running install_scripts\n'}
[1.369171] (lab2_pkg) StdoutLine: {'line': b'Installing speed_cap_obstacle_detect_node script to /home/ashley.akamine/rampagingRoombas/turtlebot4_ws/install/lab2_pkg/lib/lab2_pkg\n'}
[1.369572] (lab2_pkg) StdoutLine: {'line': b"writing list of installed files to '/home/ashley.akamine/rampagingRoombas/turtlebot4_ws/build/lab2_pkg/install.log'\n"}
[1.387632] (lab2_pkg) CommandEnded: {'returncode': 0}
[1.388101] (lab1_pkg) StdoutLine: {'line': b'running egg_info\n'}
[1.388239] (lab1_pkg) StdoutLine: {'line': b'writing ../../build/lab1_pkg/lab1_pkg.egg-info/PKG-INFO\n'}
[1.388472] (lab1_pkg) StdoutLine: {'line': b'writing dependency_links to ../../build/lab1_pkg/lab1_pkg.egg-info/dependency_links.txt\n'}
[1.388584] (lab1_pkg) StdoutLine: {'line': b'writing entry points to ../../build/lab1_pkg/lab1_pkg.egg-info/entry_points.txt\n'}
[1.388784] (lab1_pkg) StdoutLine: {'line': b'writing requirements to ../../build/lab1_pkg/lab1_pkg.egg-info/requires.txt\n'}
[1.388930] (lab1_pkg) StdoutLine: {'line': b'writing top-level names to ../../build/lab1_pkg/lab1_pkg.egg-info/top_level.txt\n'}
[1.390184] (lab1_pkg) StdoutLine: {'line': b"reading manifest file '../../build/lab1_pkg/lab1_pkg.egg-info/SOURCES.txt'\n"}
[1.390906] (lab1_pkg) StdoutLine: {'line': b"writing manifest file '../../build/lab1_pkg/lab1_pkg.egg-info/SOURCES.txt'\n"}
[1.391058] (lab1_pkg) StdoutLine: {'line': b'running build\n'}
[1.391148] (lab1_pkg) StdoutLine: {'line': b'running build_py\n'}
[1.391259] (lab1_pkg) StdoutLine: {'line': b'running install\n'}
[1.391637] (lab1_pkg) StdoutLine: {'line': b'running install_lib\n'}
[1.392560] (lab1_pkg) StdoutLine: {'line': b'running install_data\n'}
[1.392716] (lab1_pkg) StdoutLine: {'line': b'running install_egg_info\n'}
[1.393868] (lab1_pkg) StdoutLine: {'line': b"removing '/home/ashley.akamine/rampagingRoombas/turtlebot4_ws/install/lab1_pkg/lib/python3.10/site-packages/lab1_pkg-0.0.0-py3.10.egg-info' (and everything under it)\n"}
[1.394134] (lab1_pkg) StdoutLine: {'line': b'Copying ../../build/lab1_pkg/lab1_pkg.egg-info to /home/ashley.akamine/rampagingRoombas/turtlebot4_ws/install/lab1_pkg/lib/python3.10/site-packages/lab1_pkg-0.0.0-py3.10.egg-info\n'}
[1.394871] (lab2_pkg) JobEnded: {'identifier': 'lab2_pkg', 'rc': 0}
[1.396511] (turtlebot_lab_bringup) JobStarted: {'identifier': 'turtlebot_lab_bringup'}
[1.396646] (lab1_pkg) StdoutLine: {'line': b'running install_scripts\n'}
[1.401956] (-) TimerEvent: {}
[1.402388] (turtlebot_lab_bringup) JobProgress: {'identifier': 'turtlebot_lab_bringup', 'progress': 'cmake'}
[1.402967] (turtlebot_lab_bringup) JobProgress: {'identifier': 'turtlebot_lab_bringup', 'progress': 'build'}
[1.403143] (turtlebot_lab_bringup) Command: {'cmd': ['/usr/bin/cmake', '--build', '/home/ashley.akamine/rampagingRoombas/turtlebot4_ws/build/turtlebot_lab_bringup', '--', '-j16', '-l16'], 'cwd': '/home/ashley.akamine/rampagingRoombas/turtlebot4_ws/build/turtlebot_lab_bringup', 'env': OrderedDict([('GJS_DEBUG_TOPICS', 'JS ERROR;JS LOG'), ('USER', 'ashley.akamine@plu.edu'), ('XDG_SESSION_TYPE', 'wayland'), ('GIT_ASKPASS', '/usr/share/code/resources/app/extensions/git/dist/askpass.sh'), ('SHLVL', '1'), ('LD_LIBRARY_PATH', '/home/ashley.akamine/rampagingRoombas/turtlebot4_ws/install/custom_interfaces/lib:/opt/ros/humble/opt/rviz_ogre_vendor/lib:/opt/ros/humble/lib/x86_64-linux-gnu:/opt/ros/humble/lib'), ('HOME', '/home/ashley.akamine'), ('OLDPWD', '/home/ashley.akamine/rampagingRoombas/turtlebot4_ws'), ('CHROME_DESKTOP', 'code.desktop'), ('DESKTOP_SESSION', 'ubuntu'), ('TERM_PROGRAM_VERSION', '1.98.2'), ('GIO_LAUNCHED_DESKTOP_FILE', '/usr/share/applications/code.desktop'), ('GTK_MODULES', 'gail:atk-bridge'), ('GNOME_SHELL_SESSION_MODE', 'ubuntu'), ('VSCODE_GIT_ASKPASS_MAIN', '/usr/share/code/resources/app/extensions/git/dist/askpass-main.js'), ('ROS_PYTHON_VERSION', '3'), ('MANAGERPID', '318657'), ('VSCODE_GIT_ASKPASS_NODE', '/usr/share/code/code'), ('SYSTEMD_EXEC_PID', '318826'), ('DBUS_SESSION_BUS_ADDRESS', 'unix:path=/run/user/481844462/bus'), ('PYDEVD_DISABLE_FILE_VALIDATION', '1'), ('BUNDLED_DEBUGPY_PATH', '/home/ashley.akamine/.vscode/extensions/ms-python.debugpy-2025.4.1-linux-x64/bundled/libs/debugpy'), ('GIO_LAUNCHED_DESKTOP_FILE_PID', '319552'), ('COLORTERM', 'truecolor'), ('CONDA_CHANGEPS1', 'no'), ('WAYLAND_DISPLAY', 'wayland-0'), ('ROS_DISTRO', 'humble'), ('COLCON_PREFIX_PATH', '/home/ashley.akamine/rampagingRoombas/turtlebot4_ws/install'), ('LOGNAME', 'ashley.akamine@plu.edu'), ('_', '/usr/bin/colcon'), ('JOURNAL_STREAM', '8:1641300'), ('XDG_SESSION_CLASS', 'user'), ('USER_ZDOTDIR', '/home/ashley.akamine'), ('ROS_VERSION', '2'), ('USERNAME', 'ashley.akamine@plu.edu'), ('PROMPT_EOL_MARK', ''), ('TERM', 'xterm-256color'), ('ROS_SUPER_CLIENT', 'True'), ('GNOME_DESKTOP_SESSION_ID', 'this-is-deprecated'), ('ROS_LOCALHOST_ONLY', '0'), ('PATH', '/opt/ros/humble/bin:/usr/local/sbin:/usr/local/bin:/usr/sbin:/usr/bin:/sbin:/bin:/usr/games:/usr/local/games:/snap/bin:/snap/bin:/home/ashley.akamine/.vscode/extensions/ms-python.debugpy-2025.4.1-linux-x64/bundled/scripts/noConfigScripts'), ('SESSION_MANAGER', 'local/csci20145:@/tmp/.ICE-unix/318801,unix/csci20145:/tmp/.ICE-unix/318801'), ('INVOCATION_ID', '61114afdaf10442f9f957b940ed2fd79'), ('XDG_RUNTIME_DIR', '/run/user/481844462'), ('XDG_MENU_PREFIX', 'gnome-'), ('GNOME_SETUP_DISPLAY', ':1'), ('GDK_BACKEND', 'x11'), ('DISPLAY', ':0'), ('LANG', 'en_US.UTF-8'), ('XDG_CURRENT_DESKTOP', 'Unity'), ('VSCODE_DEBUGPY_ADAPTER_ENDPOINTS', '/home/ashley.akamine/.vscode/extensions/ms-python.debugpy-2025.4.1-linux-x64/.noConfigDebugAdapterEndpoints/endpoint-5e84f070e7f40046.txt'), ('VSCODE_INJECTION', '1'), ('RMW_IMPLEMENTATION', 'rmw_fastrtps_cpp'), ('XDG_SESSION_DESKTOP', 'ubuntu'), ('XMODIFIERS', '@im=ibus'), ('XAUTHORITY', '/run/user/481844462/.mutter-Xwaylandauth.9EXU42'), ('TERM_PROGRAM', 'vscode'), ('VSCODE_GIT_IPC_HANDLE', '/run/user/481844462/vscode-git-eb3a6a45bf.sock'), ('SSH_AGENT_LAUNCHER', 'gnome-keyring'), ('SSH_AUTH_SOCK', '/run/user/481844462/keyring/ssh'), ('ORIGINAL_XDG_CURRENT_DESKTOP', 'ubuntu:GNOME'), ('AMENT_PREFIX_PATH', '/home/ashley.akamine/rampagingRoombas/turtlebot4_ws/install/lab2_pkg:/home/ashley.akamine/rampagingRoombas/turtlebot4_ws/install/turtlebot_lab_bringup:/home/ashley.akamine/rampagingRoombas/turtlebot4_ws/install/lab5_pkg:/home/ashley.akamine/rampagingRoombas/turtlebot4_ws/install/lab3_pkg:/home/ashley.akamine/rampagingRoombas/turtlebot4_ws/install/lab1_pkg:/home/ashley.akamine/rampagingRoombas/turtlebot4_ws/install/custom_interfaces:/opt/ros/humble'), ('ROS_DOMAIN_ID', '2'), ('SHELL', '/bin/zsh'), ('KRB5CCNAME', 'FILE:/tmp/krb5cc_481844462_VDG5Kq'), ('ROS_DISCOVERY_SERVER', '10.5.113.101:11811'), ('QT_ACCESSIBILITY', '1'), ('GDMSESSION', 'ubuntu'), ('GJS_DEBUG_OUTPUT', 'stderr'), ('QT_IM_MODULE', 'ibus'), ('VSCODE_GIT_ASKPASS_EXTRA_ARGS', ''), ('PWD', '/home/ashley.akamine/rampagingRoombas/turtlebot4_ws/build/turtlebot_lab_bringup'), ('XDG_DATA_DIRS', '/usr/local/share/:/usr/share/:/var/lib/snapd/desktop'), ('ZDOTDIR', '/home/ashley.akamine'), ('VIRTUAL_ENV_DISABLE_PROMPT', '12'), ('PYTHONPATH', '/home/ashley.akamine/rampagingRoombas/turtlebot4_ws/install/lab2_pkg/lib/python3.10/site-packages:/home/ashley.akamine/rampagingRoombas/turtlebot4_ws/install/lab5_pkg/lib/python3.10/site-packages:/home/ashley.akamine/rampagingRoombas/turtlebot4_ws/install/lab3_pkg/lib/python3.10/site-packages:/home/ashley.akamine/rampagingRoombas/turtlebot4_ws/install/lab1_pkg/lib/python3.10/site-packages:/home/ashley.akamine/rampagingRoombas/turtlebot4_ws/install/custom_interfaces/local/lib/python3.10/dist-packages:/opt/ros/humble/lib/python3.10/site-packages:/opt/ros/humble/local/lib/python3.10/dist-packages'), ('COLCON', '1'), ('CMAKE_PREFIX_PATH', '/home/ashley.akamine/rampagingRoombas/turtlebot4_ws/install/turtlebot_lab_bringup:/home/ashley.akamine/rampagingRoombas/turtlebot4_ws/install/custom_interfaces:/home/ashley.akamine/rampagingRoombas/turtlebot4_ws/install/lab5_pkg:/home/ashley.akamine/rampagingRoombas/turtlebot4_ws/install/lab3_pkg:/home/ashley.akamine/rampagingRoombas/turtlebot4_ws/install/lab2_pkg:/home/ashley.akamine/rampagingRoombas/turtlebot4_ws/install/lab1_pkg:/opt/ros/humble')]), 'shell': False}
[1.414087] (lab1_pkg) StdoutLine: {'line': b'Installing speed_behavior_node script to /home/ashley.akamine/rampagingRoombas/turtlebot4_ws/install/lab1_pkg/lib/lab1_pkg\n'}
[1.414367] (lab1_pkg) StdoutLine: {'line': b"writing list of installed files to '/home/ashley.akamine/rampagingRoombas/turtlebot4_ws/build/lab1_pkg/install.log'\n"}
[1.438968] (turtlebot_lab_bringup) CommandEnded: {'returncode': 0}
[1.439770] (turtlebot_lab_bringup) JobProgress: {'identifier': 'turtlebot_lab_bringup', 'progress': 'install'}
[1.439901] (turtlebot_lab_bringup) Command: {'cmd': ['/usr/bin/cmake', '--install', '/home/ashley.akamine/rampagingRoombas/turtlebot4_ws/build/turtlebot_lab_bringup'], 'cwd': '/home/ashley.akamine/rampagingRoombas/turtlebot4_ws/build/turtlebot_lab_bringup', 'env': OrderedDict([('GJS_DEBUG_TOPICS', 'JS ERROR;JS LOG'), ('USER', 'ashley.akamine@plu.edu'), ('XDG_SESSION_TYPE', 'wayland'), ('GIT_ASKPASS', '/usr/share/code/resources/app/extensions/git/dist/askpass.sh'), ('SHLVL', '1'), ('LD_LIBRARY_PATH', '/home/ashley.akamine/rampagingRoombas/turtlebot4_ws/install/custom_interfaces/lib:/opt/ros/humble/opt/rviz_ogre_vendor/lib:/opt/ros/humble/lib/x86_64-linux-gnu:/opt/ros/humble/lib'), ('HOME', '/home/ashley.akamine'), ('OLDPWD', '/home/ashley.akamine/rampagingRoombas/turtlebot4_ws'), ('CHROME_DESKTOP', 'code.desktop'), ('DESKTOP_SESSION', 'ubuntu'), ('TERM_PROGRAM_VERSION', '1.98.2'), ('GIO_LAUNCHED_DESKTOP_FILE', '/usr/share/applications/code.desktop'), ('GTK_MODULES', 'gail:atk-bridge'), ('GNOME_SHELL_SESSION_MODE', 'ubuntu'), ('VSCODE_GIT_ASKPASS_MAIN', '/usr/share/code/resources/app/extensions/git/dist/askpass-main.js'), ('ROS_PYTHON_VERSION', '3'), ('MANAGERPID', '318657'), ('VSCODE_GIT_ASKPASS_NODE', '/usr/share/code/code'), ('SYSTEMD_EXEC_PID', '318826'), ('DBUS_SESSION_BUS_ADDRESS', 'unix:path=/run/user/481844462/bus'), ('PYDEVD_DISABLE_FILE_VALIDATION', '1'), ('BUNDLED_DEBUGPY_PATH', '/home/ashley.akamine/.vscode/extensions/ms-python.debugpy-2025.4.1-linux-x64/bundled/libs/debugpy'), ('GIO_LAUNCHED_DESKTOP_FILE_PID', '319552'), ('COLORTERM', 'truecolor'), ('CONDA_CHANGEPS1', 'no'), ('WAYLAND_DISPLAY', 'wayland-0'), ('ROS_DISTRO', 'humble'), ('COLCON_PREFIX_PATH', '/home/ashley.akamine/rampagingRoombas/turtlebot4_ws/install'), ('LOGNAME', 'ashley.akamine@plu.edu'), ('_', '/usr/bin/colcon'), ('JOURNAL_STREAM', '8:1641300'), ('XDG_SESSION_CLASS', 'user'), ('USER_ZDOTDIR', '/home/ashley.akamine'), ('ROS_VERSION', '2'), ('USERNAME', 'ashley.akamine@plu.edu'), ('PROMPT_EOL_MARK', ''), ('TERM', 'xterm-256color'), ('ROS_SUPER_CLIENT', 'True'), ('GNOME_DESKTOP_SESSION_ID', 'this-is-deprecated'), ('ROS_LOCALHOST_ONLY', '0'), ('PATH', '/opt/ros/humble/bin:/usr/local/sbin:/usr/local/bin:/usr/sbin:/usr/bin:/sbin:/bin:/usr/games:/usr/local/games:/snap/bin:/snap/bin:/home/ashley.akamine/.vscode/extensions/ms-python.debugpy-2025.4.1-linux-x64/bundled/scripts/noConfigScripts'), ('SESSION_MANAGER', 'local/csci20145:@/tmp/.ICE-unix/318801,unix/csci20145:/tmp/.ICE-unix/318801'), ('INVOCATION_ID', '61114afdaf10442f9f957b940ed2fd79'), ('XDG_RUNTIME_DIR', '/run/user/481844462'), ('XDG_MENU_PREFIX', 'gnome-'), ('GNOME_SETUP_DISPLAY', ':1'), ('GDK_BACKEND', 'x11'), ('DISPLAY', ':0'), ('LANG', 'en_US.UTF-8'), ('XDG_CURRENT_DESKTOP', 'Unity'), ('VSCODE_DEBUGPY_ADAPTER_ENDPOINTS', '/home/ashley.akamine/.vscode/extensions/ms-python.debugpy-2025.4.1-linux-x64/.noConfigDebugAdapterEndpoints/endpoint-5e84f070e7f40046.txt'), ('VSCODE_INJECTION', '1'), ('RMW_IMPLEMENTATION', 'rmw_fastrtps_cpp'), ('XDG_SESSION_DESKTOP', 'ubuntu'), ('XMODIFIERS', '@im=ibus'), ('XAUTHORITY', '/run/user/481844462/.mutter-Xwaylandauth.9EXU42'), ('TERM_PROGRAM', 'vscode'), ('VSCODE_GIT_IPC_HANDLE', '/run/user/481844462/vscode-git-eb3a6a45bf.sock'), ('SSH_AGENT_LAUNCHER', 'gnome-keyring'), ('SSH_AUTH_SOCK', '/run/user/481844462/keyring/ssh'), ('ORIGINAL_XDG_CURRENT_DESKTOP', 'ubuntu:GNOME'), ('AMENT_PREFIX_PATH', '/home/ashley.akamine/rampagingRoombas/turtlebot4_ws/install/lab2_pkg:/home/ashley.akamine/rampagingRoombas/turtlebot4_ws/install/turtlebot_lab_bringup:/home/ashley.akamine/rampagingRoombas/turtlebot4_ws/install/lab5_pkg:/home/ashley.akamine/rampagingRoombas/turtlebot4_ws/install/lab3_pkg:/home/ashley.akamine/rampagingRoombas/turtlebot4_ws/install/lab1_pkg:/home/ashley.akamine/rampagingRoombas/turtlebot4_ws/install/custom_interfaces:/opt/ros/humble'), ('ROS_DOMAIN_ID', '2'), ('SHELL', '/bin/zsh'), ('KRB5CCNAME', 'FILE:/tmp/krb5cc_481844462_VDG5Kq'), ('ROS_DISCOVERY_SERVER', '10.5.113.101:11811'), ('QT_ACCESSIBILITY', '1'), ('GDMSESSION', 'ubuntu'), ('GJS_DEBUG_OUTPUT', 'stderr'), ('QT_IM_MODULE', 'ibus'), ('VSCODE_GIT_ASKPASS_EXTRA_ARGS', ''), ('PWD', '/home/ashley.akamine/rampagingRoombas/turtlebot4_ws/build/turtlebot_lab_bringup'), ('XDG_DATA_DIRS', '/usr/local/share/:/usr/share/:/var/lib/snapd/desktop'), ('ZDOTDIR', '/home/ashley.akamine'), ('VIRTUAL_ENV_DISABLE_PROMPT', '12'), ('PYTHONPATH', '/home/ashley.akamine/rampagingRoombas/turtlebot4_ws/install/lab2_pkg/lib/python3.10/site-packages:/home/ashley.akamine/rampagingRoombas/turtlebot4_ws/install/lab5_pkg/lib/python3.10/site-packages:/home/ashley.akamine/rampagingRoombas/turtlebot4_ws/install/lab3_pkg/lib/python3.10/site-packages:/home/ashley.akamine/rampagingRoombas/turtlebot4_ws/install/lab1_pkg/lib/python3.10/site-packages:/home/ashley.akamine/rampagingRoombas/turtlebot4_ws/install/custom_interfaces/local/lib/python3.10/dist-packages:/opt/ros/humble/lib/python3.10/site-packages:/opt/ros/humble/local/lib/python3.10/dist-packages'), ('COLCON', '1'), ('CMAKE_PREFIX_PATH', '/home/ashley.akamine/rampagingRoombas/turtlebot4_ws/install/turtlebot_lab_bringup:/home/ashley.akamine/rampagingRoombas/turtlebot4_ws/install/custom_interfaces:/home/ashley.akamine/rampagingRoombas/turtlebot4_ws/install/lab5_pkg:/home/ashley.akamine/rampagingRoombas/turtlebot4_ws/install/lab3_pkg:/home/ashley.akamine/rampagingRoombas/turtlebot4_ws/install/lab2_pkg:/home/ashley.akamine/rampagingRoombas/turtlebot4_ws/install/lab1_pkg:/opt/ros/humble')]), 'shell': False}
[1.442835] (lab1_pkg) CommandEnded: {'returncode': 0}
[1.447425] (turtlebot_lab_bringup) StdoutLine: {'line': b'-- Install configuration: ""\n'}
[1.447792] (turtlebot_lab_bringup) StdoutLine: {'line': b'-- Up-to-date: /home/ashley.akamine/rampagingRoombas/turtlebot4_ws/install/turtlebot_lab_bringup/share/turtlebot_lab_bringup//launch\n'}
[1.448157] (turtlebot_lab_bringup) StdoutLine: {'line': b'-- Up-to-date: /home/ashley.akamine/rampagingRoombas/turtlebot4_ws/install/turtlebot_lab_bringup/share/turtlebot_lab_bringup//launch/launching_robots.launch.xml\n'}
[1.448577] (turtlebot_lab_bringup) StdoutLine: {'line': b'-- Up-to-date: /home/ashley.akamine/rampagingRoombas/turtlebot4_ws/install/turtlebot_lab_bringup/share/turtlebot_lab_bringup//launch/fun_launchfile_name.launch.xml\n'}
[1.448737] (turtlebot_lab_bringup) StdoutLine: {'line': b'-- Up-to-date: /home/ashley.akamine/rampagingRoombas/turtlebot4_ws/install/turtlebot_lab_bringup/share/ament_index/resource_index/package_run_dependencies/turtlebot_lab_bringup\n'}
[1.448961] (turtlebot_lab_bringup) StdoutLine: {'line': b'-- Up-to-date: /home/ashley.akamine/rampagingRoombas/turtlebot4_ws/install/turtlebot_lab_bringup/share/ament_index/resource_index/parent_prefix_path/turtlebot_lab_bringup\n'}
[1.449179] (turtlebot_lab_bringup) StdoutLine: {'line': b'-- Up-to-date: /home/ashley.akamine/rampagingRoombas/turtlebot4_ws/install/turtlebot_lab_bringup/share/turtlebot_lab_bringup/environment/ament_prefix_path.sh\n'}
[1.449296] (turtlebot_lab_bringup) StdoutLine: {'line': b'-- Up-to-date: /home/ashley.akamine/rampagingRoombas/turtlebot4_ws/install/turtlebot_lab_bringup/share/turtlebot_lab_bringup/environment/ament_prefix_path.dsv\n'}
[1.449693] (turtlebot_lab_bringup) StdoutLine: {'line': b'-- Up-to-date: /home/ashley.akamine/rampagingRoombas/turtlebot4_ws/install/turtlebot_lab_bringup/share/turtlebot_lab_bringup/environment/path.sh\n'}
[1.449818] (turtlebot_lab_bringup) StdoutLine: {'line': b'-- Up-to-date: /home/ashley.akamine/rampagingRoombas/turtlebot4_ws/install/turtlebot_lab_bringup/share/turtlebot_lab_bringup/environment/path.dsv\n'}
[1.450014] (turtlebot_lab_bringup) StdoutLine: {'line': b'-- Up-to-date: /home/ashley.akamine/rampagingRoombas/turtlebot4_ws/install/turtlebot_lab_bringup/share/turtlebot_lab_bringup/local_setup.bash\n'}
[1.450114] (turtlebot_lab_bringup) StdoutLine: {'line': b'-- Up-to-date: /home/ashley.akamine/rampagingRoombas/turtlebot4_ws/install/turtlebot_lab_bringup/share/turtlebot_lab_bringup/local_setup.sh\n'}
[1.450195] (turtlebot_lab_bringup) StdoutLine: {'line': b'-- Up-to-date: /home/ashley.akamine/rampagingRoombas/turtlebot4_ws/install/turtlebot_lab_bringup/share/turtlebot_lab_bringup/local_setup.zsh\n'}
[1.450275] (turtlebot_lab_bringup) StdoutLine: {'line': b'-- Up-to-date: /home/ashley.akamine/rampagingRoombas/turtlebot4_ws/install/turtlebot_lab_bringup/share/turtlebot_lab_bringup/local_setup.dsv\n'}
[1.450610] (turtlebot_lab_bringup) StdoutLine: {'line': b'-- Installing: /home/ashley.akamine/rampagingRoombas/turtlebot4_ws/install/turtlebot_lab_bringup/share/turtlebot_lab_bringup/package.dsv\n'}
[1.450691] (turtlebot_lab_bringup) StdoutLine: {'line': b'-- Up-to-date: /home/ashley.akamine/rampagingRoombas/turtlebot4_ws/install/turtlebot_lab_bringup/share/ament_index/resource_index/packages/turtlebot_lab_bringup\n'}
[1.450768] (turtlebot_lab_bringup) StdoutLine: {'line': b'-- Up-to-date: /home/ashley.akamine/rampagingRoombas/turtlebot4_ws/install/turtlebot_lab_bringup/share/turtlebot_lab_bringup/cmake/turtlebot_lab_bringupConfig.cmake\n'}
[1.450841] (turtlebot_lab_bringup) StdoutLine: {'line': b'-- Up-to-date: /home/ashley.akamine/rampagingRoombas/turtlebot4_ws/install/turtlebot_lab_bringup/share/turtlebot_lab_bringup/cmake/turtlebot_lab_bringupConfig-version.cmake\n'}
[1.450915] (turtlebot_lab_bringup) StdoutLine: {'line': b'-- Up-to-date: /home/ashley.akamine/rampagingRoombas/turtlebot4_ws/install/turtlebot_lab_bringup/share/turtlebot_lab_bringup/package.xml\n'}
[1.451627] (lab1_pkg) JobEnded: {'identifier': 'lab1_pkg', 'rc': 0}
[1.455465] (turtlebot_lab_bringup) CommandEnded: {'returncode': 0}
[1.486248] (turtlebot_lab_bringup) JobEnded: {'identifier': 'turtlebot_lab_bringup', 'rc': 0}
[1.487759] (lab5_pkg) Command: {'cmd': ['/usr/bin/python3', '-W', 'ignore:setup.py install is deprecated', '-W', 'ignore:easy_install command is deprecated', 'setup.py', 'egg_info', '--egg-base', '../../build/lab5_pkg', 'build', '--build-base', '/home/ashley.akamine/rampagingRoombas/turtlebot4_ws/build/lab5_pkg/build', 'install', '--record', '/home/ashley.akamine/rampagingRoombas/turtlebot4_ws/build/lab5_pkg/install.log', '--single-version-externally-managed', 'install_data'], 'cwd': '/home/ashley.akamine/rampagingRoombas/turtlebot4_ws/src/lab5_pkg', 'env': {'GJS_DEBUG_TOPICS': 'JS ERROR;JS LOG', 'USER': 'ashley.akamine@plu.edu', 'XDG_SESSION_TYPE': 'wayland', 'GIT_ASKPASS': '/usr/share/code/resources/app/extensions/git/dist/askpass.sh', 'SHLVL': '1', 'LD_LIBRARY_PATH': '/home/ashley.akamine/rampagingRoombas/turtlebot4_ws/install/custom_interfaces/lib:/opt/ros/humble/opt/rviz_ogre_vendor/lib:/opt/ros/humble/lib/x86_64-linux-gnu:/opt/ros/humble/lib', 'HOME': '/home/ashley.akamine', 'OLDPWD': '/home/ashley.akamine/rampagingRoombas/turtlebot4_ws', 'CHROME_DESKTOP': 'code.desktop', 'DESKTOP_SESSION': 'ubuntu', 'TERM_PROGRAM_VERSION': '1.98.2', 'GIO_LAUNCHED_DESKTOP_FILE': '/usr/share/applications/code.desktop', 'GTK_MODULES': 'gail:atk-bridge', 'GNOME_SHELL_SESSION_MODE': 'ubuntu', 'VSCODE_GIT_ASKPASS_MAIN': '/usr/share/code/resources/app/extensions/git/dist/askpass-main.js', 'ROS_PYTHON_VERSION': '3', 'MANAGERPID': '318657', 'VSCODE_GIT_ASKPASS_NODE': '/usr/share/code/code', 'SYSTEMD_EXEC_PID': '318826', 'DBUS_SESSION_BUS_ADDRESS': 'unix:path=/run/user/481844462/bus', 'PYDEVD_DISABLE_FILE_VALIDATION': '1', 'BUNDLED_DEBUGPY_PATH': '/home/ashley.akamine/.vscode/extensions/ms-python.debugpy-2025.4.1-linux-x64/bundled/libs/debugpy', 'GIO_LAUNCHED_DESKTOP_FILE_PID': '319552', 'COLORTERM': 'truecolor', 'CONDA_CHANGEPS1': 'no', 'WAYLAND_DISPLAY': 'wayland-0', 'ROS_DISTRO': 'humble', 'COLCON_PREFIX_PATH': '/home/ashley.akamine/rampagingRoombas/turtlebot4_ws/install', 'LOGNAME': 'ashley.akamine@plu.edu', '_': '/usr/bin/colcon', 'JOURNAL_STREAM': '8:1641300', 'XDG_SESSION_CLASS': 'user', 'USER_ZDOTDIR': '/home/ashley.akamine', 'ROS_VERSION': '2', 'USERNAME': 'ashley.akamine@plu.edu', 'PROMPT_EOL_MARK': '', 'TERM': 'xterm-256color', 'ROS_SUPER_CLIENT': 'True', 'GNOME_DESKTOP_SESSION_ID': 'this-is-deprecated', 'ROS_LOCALHOST_ONLY': '0', 'PATH': '/opt/ros/humble/bin:/usr/local/sbin:/usr/local/bin:/usr/sbin:/usr/bin:/sbin:/bin:/usr/games:/usr/local/games:/snap/bin:/snap/bin:/home/ashley.akamine/.vscode/extensions/ms-python.debugpy-2025.4.1-linux-x64/bundled/scripts/noConfigScripts', 'SESSION_MANAGER': 'local/csci20145:@/tmp/.ICE-unix/318801,unix/csci20145:/tmp/.ICE-unix/318801', 'INVOCATION_ID': '61114afdaf10442f9f957b940ed2fd79', 'XDG_RUNTIME_DIR': '/run/user/481844462', 'XDG_MENU_PREFIX': 'gnome-', 'GNOME_SETUP_DISPLAY': ':1', 'GDK_BACKEND': 'x11', 'DISPLAY': ':0', 'LANG': 'en_US.UTF-8', 'XDG_CURRENT_DESKTOP': 'Unity', 'VSCODE_DEBUGPY_ADAPTER_ENDPOINTS': '/home/ashley.akamine/.vscode/extensions/ms-python.debugpy-2025.4.1-linux-x64/.noConfigDebugAdapterEndpoints/endpoint-5e84f070e7f40046.txt', 'VSCODE_INJECTION': '1', 'RMW_IMPLEMENTATION': 'rmw_fastrtps_cpp', 'XDG_SESSION_DESKTOP': 'ubuntu', 'XMODIFIERS': '@im=ibus', 'XAUTHORITY': '/run/user/481844462/.mutter-Xwaylandauth.9EXU42', 'TERM_PROGRAM': 'vscode', 'VSCODE_GIT_IPC_HANDLE': '/run/user/481844462/vscode-git-eb3a6a45bf.sock', 'SSH_AGENT_LAUNCHER': 'gnome-keyring', 'SSH_AUTH_SOCK': '/run/user/481844462/keyring/ssh', 'ORIGINAL_XDG_CURRENT_DESKTOP': 'ubuntu:GNOME', 'AMENT_PREFIX_PATH': '/home/ashley.akamine/rampagingRoombas/turtlebot4_ws/install/turtlebot_lab_bringup:/home/ashley.akamine/rampagingRoombas/turtlebot4_ws/install/lab5_pkg:/home/ashley.akamine/rampagingRoombas/turtlebot4_ws/install/lab3_pkg:/home/ashley.akamine/rampagingRoombas/turtlebot4_ws/install/lab2_pkg:/home/ashley.akamine/rampagingRoombas/turtlebot4_ws/install/lab1_pkg:/home/ashley.akamine/rampagingRoombas/turtlebot4_ws/install/custom_interfaces:/opt/ros/humble', 'ROS_DOMAIN_ID': '2', 'SHELL': '/bin/zsh', 'KRB5CCNAME': 'FILE:/tmp/krb5cc_481844462_VDG5Kq', 'ROS_DISCOVERY_SERVER': '10.5.113.101:11811', 'QT_ACCESSIBILITY': '1', 'GDMSESSION': 'ubuntu', 'GJS_DEBUG_OUTPUT': 'stderr', 'QT_IM_MODULE': 'ibus', 'VSCODE_GIT_ASKPASS_EXTRA_ARGS': '', 'PWD': '/home/ashley.akamine/rampagingRoombas/turtlebot4_ws/build/lab5_pkg', 'XDG_DATA_DIRS': '/usr/local/share/:/usr/share/:/var/lib/snapd/desktop', 'ZDOTDIR': '/home/ashley.akamine', 'VIRTUAL_ENV_DISABLE_PROMPT': '12', 'PYTHONPATH': '/home/ashley.akamine/rampagingRoombas/turtlebot4_ws/build/lab5_pkg/prefix_override:/usr/lib/python3/dist-packages/colcon_core/task/python/colcon_distutils_commands:/home/ashley.akamine/rampagingRoombas/turtlebot4_ws/install/lab5_pkg/lib/python3.10/site-packages:/home/ashley.akamine/rampagingRoombas/turtlebot4_ws/install/lab5_pkg/lib/python3.10/site-packages:/home/ashley.akamine/rampagingRoombas/turtlebot4_ws/install/lab3_pkg/lib/python3.10/site-packages:/home/ashley.akamine/rampagingRoombas/turtlebot4_ws/install/lab2_pkg/lib/python3.10/site-packages:/home/ashley.akamine/rampagingRoombas/turtlebot4_ws/install/lab1_pkg/lib/python3.10/site-packages:/home/ashley.akamine/rampagingRoombas/turtlebot4_ws/install/custom_interfaces/local/lib/python3.10/dist-packages:/opt/ros/humble/lib/python3.10/site-packages:/opt/ros/humble/local/lib/python3.10/dist-packages', 'COLCON': '1', 'CMAKE_PREFIX_PATH': '/home/ashley.akamine/rampagingRoombas/turtlebot4_ws/install/custom_interfaces:/home/ashley.akamine/rampagingRoombas/turtlebot4_ws/install/turtlebot_lab_bringup'}, 'shell': False}
[1.502053] (-) TimerEvent: {}
[1.521910] (lab3_pkg) Command: {'cmd': ['/usr/bin/python3', '-W', 'ignore:setup.py install is deprecated', '-W', 'ignore:easy_install command is deprecated', 'setup.py', 'egg_info', '--egg-base', '../../build/lab3_pkg', 'build', '--build-base', '/home/ashley.akamine/rampagingRoombas/turtlebot4_ws/build/lab3_pkg/build', 'install', '--record', '/home/ashley.akamine/rampagingRoombas/turtlebot4_ws/build/lab3_pkg/install.log', '--single-version-externally-managed', 'install_data'], 'cwd': '/home/ashley.akamine/rampagingRoombas/turtlebot4_ws/src/lab3_pkg', 'env': {'GJS_DEBUG_TOPICS': 'JS ERROR;JS LOG', 'USER': 'ashley.akamine@plu.edu', 'XDG_SESSION_TYPE': 'wayland', 'GIT_ASKPASS': '/usr/share/code/resources/app/extensions/git/dist/askpass.sh', 'SHLVL': '1', 'LD_LIBRARY_PATH': '/home/ashley.akamine/rampagingRoombas/turtlebot4_ws/install/custom_interfaces/lib:/opt/ros/humble/opt/rviz_ogre_vendor/lib:/opt/ros/humble/lib/x86_64-linux-gnu:/opt/ros/humble/lib', 'HOME': '/home/ashley.akamine', 'OLDPWD': '/home/ashley.akamine/rampagingRoombas/turtlebot4_ws', 'CHROME_DESKTOP': 'code.desktop', 'DESKTOP_SESSION': 'ubuntu', 'TERM_PROGRAM_VERSION': '1.98.2', 'GIO_LAUNCHED_DESKTOP_FILE': '/usr/share/applications/code.desktop', 'GTK_MODULES': 'gail:atk-bridge', 'GNOME_SHELL_SESSION_MODE': 'ubuntu', 'VSCODE_GIT_ASKPASS_MAIN': '/usr/share/code/resources/app/extensions/git/dist/askpass-main.js', 'ROS_PYTHON_VERSION': '3', 'MANAGERPID': '318657', 'VSCODE_GIT_ASKPASS_NODE': '/usr/share/code/code', 'SYSTEMD_EXEC_PID': '318826', 'DBUS_SESSION_BUS_ADDRESS': 'unix:path=/run/user/481844462/bus', 'PYDEVD_DISABLE_FILE_VALIDATION': '1', 'BUNDLED_DEBUGPY_PATH': '/home/ashley.akamine/.vscode/extensions/ms-python.debugpy-2025.4.1-linux-x64/bundled/libs/debugpy', 'GIO_LAUNCHED_DESKTOP_FILE_PID': '319552', 'COLORTERM': 'truecolor', 'CONDA_CHANGEPS1': 'no', 'WAYLAND_DISPLAY': 'wayland-0', 'ROS_DISTRO': 'humble', 'COLCON_PREFIX_PATH': '/home/ashley.akamine/rampagingRoombas/turtlebot4_ws/install', 'LOGNAME': 'ashley.akamine@plu.edu', '_': '/usr/bin/colcon', 'JOURNAL_STREAM': '8:1641300', 'XDG_SESSION_CLASS': 'user', 'USER_ZDOTDIR': '/home/ashley.akamine', 'ROS_VERSION': '2', 'USERNAME': 'ashley.akamine@plu.edu', 'PROMPT_EOL_MARK': '', 'TERM': 'xterm-256color', 'ROS_SUPER_CLIENT': 'True', 'GNOME_DESKTOP_SESSION_ID': 'this-is-deprecated', 'ROS_LOCALHOST_ONLY': '0', 'PATH': '/opt/ros/humble/bin:/usr/local/sbin:/usr/local/bin:/usr/sbin:/usr/bin:/sbin:/bin:/usr/games:/usr/local/games:/snap/bin:/snap/bin:/home/ashley.akamine/.vscode/extensions/ms-python.debugpy-2025.4.1-linux-x64/bundled/scripts/noConfigScripts', 'SESSION_MANAGER': 'local/csci20145:@/tmp/.ICE-unix/318801,unix/csci20145:/tmp/.ICE-unix/318801', 'INVOCATION_ID': '61114afdaf10442f9f957b940ed2fd79', 'XDG_RUNTIME_DIR': '/run/user/481844462', 'XDG_MENU_PREFIX': 'gnome-', 'GNOME_SETUP_DISPLAY': ':1', 'GDK_BACKEND': 'x11', 'DISPLAY': ':0', 'LANG': 'en_US.UTF-8', 'XDG_CURRENT_DESKTOP': 'Unity', 'VSCODE_DEBUGPY_ADAPTER_ENDPOINTS': '/home/ashley.akamine/.vscode/extensions/ms-python.debugpy-2025.4.1-linux-x64/.noConfigDebugAdapterEndpoints/endpoint-5e84f070e7f40046.txt', 'VSCODE_INJECTION': '1', 'RMW_IMPLEMENTATION': 'rmw_fastrtps_cpp', 'XDG_SESSION_DESKTOP': 'ubuntu', 'XMODIFIERS': '@im=ibus', 'XAUTHORITY': '/run/user/481844462/.mutter-Xwaylandauth.9EXU42', 'TERM_PROGRAM': 'vscode', 'VSCODE_GIT_IPC_HANDLE': '/run/user/481844462/vscode-git-eb3a6a45bf.sock', 'SSH_AGENT_LAUNCHER': 'gnome-keyring', 'SSH_AUTH_SOCK': '/run/user/481844462/keyring/ssh', 'ORIGINAL_XDG_CURRENT_DESKTOP': 'ubuntu:GNOME', 'AMENT_PREFIX_PATH': '/home/ashley.akamine/rampagingRoombas/turtlebot4_ws/install/turtlebot_lab_bringup:/home/ashley.akamine/rampagingRoombas/turtlebot4_ws/install/lab5_pkg:/home/ashley.akamine/rampagingRoombas/turtlebot4_ws/install/lab3_pkg:/home/ashley.akamine/rampagingRoombas/turtlebot4_ws/install/lab2_pkg:/home/ashley.akamine/rampagingRoombas/turtlebot4_ws/install/lab1_pkg:/home/ashley.akamine/rampagingRoombas/turtlebot4_ws/install/custom_interfaces:/opt/ros/humble', 'ROS_DOMAIN_ID': '2', 'SHELL': '/bin/zsh', 'KRB5CCNAME': 'FILE:/tmp/krb5cc_481844462_VDG5Kq', 'ROS_DISCOVERY_SERVER': '10.5.113.101:11811', 'QT_ACCESSIBILITY': '1', 'GDMSESSION': 'ubuntu', 'GJS_DEBUG_OUTPUT': 'stderr', 'QT_IM_MODULE': 'ibus', 'VSCODE_GIT_ASKPASS_EXTRA_ARGS': '', 'PWD': '/home/ashley.akamine/rampagingRoombas/turtlebot4_ws/build/lab3_pkg', 'XDG_DATA_DIRS': '/usr/local/share/:/usr/share/:/var/lib/snapd/desktop', 'ZDOTDIR': '/home/ashley.akamine', 'VIRTUAL_ENV_DISABLE_PROMPT': '12', 'PYTHONPATH': '/home/ashley.akamine/rampagingRoombas/turtlebot4_ws/build/lab3_pkg/prefix_override:/usr/lib/python3/dist-packages/colcon_core/task/python/colcon_distutils_commands:/home/ashley.akamine/rampagingRoombas/turtlebot4_ws/install/lab3_pkg/lib/python3.10/site-packages:/home/ashley.akamine/rampagingRoombas/turtlebot4_ws/install/lab5_pkg/lib/python3.10/site-packages:/home/ashley.akamine/rampagingRoombas/turtlebot4_ws/install/lab3_pkg/lib/python3.10/site-packages:/home/ashley.akamine/rampagingRoombas/turtlebot4_ws/install/lab2_pkg/lib/python3.10/site-packages:/home/ashley.akamine/rampagingRoombas/turtlebot4_ws/install/lab1_pkg/lib/python3.10/site-packages:/home/ashley.akamine/rampagingRoombas/turtlebot4_ws/install/custom_interfaces/local/lib/python3.10/dist-packages:/opt/ros/humble/lib/python3.10/site-packages:/opt/ros/humble/local/lib/python3.10/dist-packages', 'COLCON': '1', 'CMAKE_PREFIX_PATH': '/home/ashley.akamine/rampagingRoombas/turtlebot4_ws/install/custom_interfaces:/home/ashley.akamine/rampagingRoombas/turtlebot4_ws/install/turtlebot_lab_bringup'}, 'shell': False}
[1.602134] (-) TimerEvent: {}
[1.702390] (-) TimerEvent: {}
[1.722701] (lab5_pkg) StdoutLine: {'line': b'running egg_info\n'}
[1.723561] (lab5_pkg) StdoutLine: {'line': b'writing ../../build/lab5_pkg/lab5_pkg.egg-info/PKG-INFO\n'}
[1.723790] (lab5_pkg) StdoutLine: {'line': b'writing dependency_links to ../../build/lab5_pkg/lab5_pkg.egg-info/dependency_links.txt\n'}
[1.723987] (lab5_pkg) StdoutLine: {'line': b'writing entry points to ../../build/lab5_pkg/lab5_pkg.egg-info/entry_points.txt\n'}
[1.724097] (lab5_pkg) StdoutLine: {'line': b'writing requirements to ../../build/lab5_pkg/lab5_pkg.egg-info/requires.txt\n'}
[1.724210] (lab5_pkg) StdoutLine: {'line': b'writing top-level names to ../../build/lab5_pkg/lab5_pkg.egg-info/top_level.txt\n'}
[1.725702] (lab5_pkg) StdoutLine: {'line': b"reading manifest file '../../build/lab5_pkg/lab5_pkg.egg-info/SOURCES.txt'\n"}
[1.726298] (lab5_pkg) StdoutLine: {'line': b"writing manifest file '../../build/lab5_pkg/lab5_pkg.egg-info/SOURCES.txt'\n"}
[1.726563] (lab5_pkg) StdoutLine: {'line': b'running build\n'}
[1.726650] (lab5_pkg) StdoutLine: {'line': b'running build_py\n'}
[1.726821] (lab5_pkg) StdoutLine: {'line': b'running install\n'}
[1.727065] (lab5_pkg) StdoutLine: {'line': b'running install_lib\n'}
[1.728117] (lab5_pkg) StdoutLine: {'line': b'running install_data\n'}
[1.728229] (lab5_pkg) StdoutLine: {'line': b'running install_egg_info\n'}
[1.729573] (lab5_pkg) StdoutLine: {'line': b"removing '/home/ashley.akamine/rampagingRoombas/turtlebot4_ws/install/lab5_pkg/lib/python3.10/site-packages/lab5_pkg-0.0.0-py3.10.egg-info' (and everything under it)\n"}
[1.729740] (lab5_pkg) StdoutLine: {'line': b'Copying ../../build/lab5_pkg/lab5_pkg.egg-info to /home/ashley.akamine/rampagingRoombas/turtlebot4_ws/install/lab5_pkg/lib/python3.10/site-packages/lab5_pkg-0.0.0-py3.10.egg-info\n'}
[1.730969] (lab5_pkg) StdoutLine: {'line': b'running install_scripts\n'}
[1.747105] (lab5_pkg) StdoutLine: {'line': b'Installing go_to_goal script to /home/ashley.akamine/rampagingRoombas/turtlebot4_ws/install/lab5_pkg/lib/lab5_pkg\n'}
[1.747327] (lab5_pkg) StdoutLine: {'line': b'Installing go_to_goal_client script to /home/ashley.akamine/rampagingRoombas/turtlebot4_ws/install/lab5_pkg/lib/lab5_pkg\n'}
[1.747533] (lab5_pkg) StdoutLine: {'line': b"writing list of installed files to '/home/ashley.akamine/rampagingRoombas/turtlebot4_ws/build/lab5_pkg/install.log'\n"}
[1.767132] (lab5_pkg) CommandEnded: {'returncode': 0}
[1.772110] (lab3_pkg) StdoutLine: {'line': b'running egg_info\n'}
[1.772795] (lab3_pkg) StdoutLine: {'line': b'writing ../../build/lab3_pkg/lab3_pkg.egg-info/PKG-INFO\n'}
[1.773085] (lab3_pkg) StdoutLine: {'line': b'writing dependency_links to ../../build/lab3_pkg/lab3_pkg.egg-info/dependency_links.txt\n'}
[1.773389] (lab3_pkg) StdoutLine: {'line': b'writing entry points to ../../build/lab3_pkg/lab3_pkg.egg-info/entry_points.txt\n'}
[1.773587] (lab3_pkg) StdoutLine: {'line': b'writing requirements to ../../build/lab3_pkg/lab3_pkg.egg-info/requires.txt\n'}
[1.773661] (lab3_pkg) StdoutLine: {'line': b'writing top-level names to ../../build/lab3_pkg/lab3_pkg.egg-info/top_level.txt\n'}
[1.774651] (lab5_pkg) JobEnded: {'identifier': 'lab5_pkg', 'rc': 0}
[1.775949] (lab3_pkg) StdoutLine: {'line': b"reading manifest file '../../build/lab3_pkg/lab3_pkg.egg-info/SOURCES.txt'\n"}
[1.777063] (lab3_pkg) StdoutLine: {'line': b"writing manifest file '../../build/lab3_pkg/lab3_pkg.egg-info/SOURCES.txt'\n"}
[1.777247] (lab3_pkg) StdoutLine: {'line': b'running build\n'}
[1.777369] (lab3_pkg) StdoutLine: {'line': b'running build_py\n'}
[1.777657] (lab3_pkg) StdoutLine: {'line': b'running install\n'}
[1.778050] (lab3_pkg) StdoutLine: {'line': b'running install_lib\n'}
[1.779716] (lab3_pkg) StdoutLine: {'line': b'running install_data\n'}
[1.779875] (lab3_pkg) StdoutLine: {'line': b'running install_egg_info\n'}
[1.781633] (lab3_pkg) StdoutLine: {'line': b"removing '/home/ashley.akamine/rampagingRoombas/turtlebot4_ws/install/lab3_pkg/lib/python3.10/site-packages/lab3_pkg-0.0.0-py3.10.egg-info' (and everything under it)\n"}
[1.781856] (lab3_pkg) StdoutLine: {'line': b'Copying ../../build/lab3_pkg/lab3_pkg.egg-info to /home/ashley.akamine/rampagingRoombas/turtlebot4_ws/install/lab3_pkg/lib/python3.10/site-packages/lab3_pkg-0.0.0-py3.10.egg-info\n'}
[1.783441] (lab3_pkg) StdoutLine: {'line': b'running install_scripts\n'}
[1.802597] (-) TimerEvent: {}
[1.819303] (lab3_pkg) StdoutLine: {'line': b'Installing battery_server_node script to /home/ashley.akamine/rampagingRoombas/turtlebot4_ws/install/lab3_pkg/lib/lab3_pkg\n'}
[1.819576] (lab3_pkg) StdoutLine: {'line': b'Installing state_summary_client_node script to /home/ashley.akamine/rampagingRoombas/turtlebot4_ws/install/lab3_pkg/lib/lab3_pkg\n'}
[1.820244] (lab3_pkg) StdoutLine: {'line': b"writing list of installed files to '/home/ashley.akamine/rampagingRoombas/turtlebot4_ws/build/lab3_pkg/install.log'\n"}
[1.863378] (lab3_pkg) CommandEnded: {'returncode': 0}
[1.870800] (lab3_pkg) JobEnded: {'identifier': 'lab3_pkg', 'rc': 0}
[1.871622] (-) EventReactorShutdown: {}
