[0.000000] (-) TimerEvent: {}
[0.000341] (lab1_pkg) JobQueued: {'identifier': 'lab1_pkg', 'dependencies': OrderedDict()}
[0.000368] (lab2_pkg) JobQueued: {'identifier': 'lab2_pkg', 'dependencies': OrderedDict()}
[0.000382] (lab1_pkg) JobStarted: {'identifier': 'lab1_pkg'}
[0.003677] (lab2_pkg) JobStarted: {'identifier': 'lab2_pkg'}
[0.099640] (-) TimerEvent: {}
[0.199863] (-) TimerEvent: {}
[0.300071] (-) TimerEvent: {}
[0.400306] (-) TimerEvent: {}
[0.498156] (lab1_pkg) Command: {'cmd': ['/usr/bin/python3', '-W', 'ignore:setup.py install is deprecated', '-W', 'ignore:easy_install command is deprecated', 'setup.py', 'egg_info', '--egg-base', '../../build/lab1_pkg', 'build', '--build-base', '/home/ashley.akamine/rampagingRoombas/turtlebot4_ws/build/lab1_pkg/build', 'install', '--record', '/home/ashley.akamine/rampagingRoombas/turtlebot4_ws/build/lab1_pkg/install.log', '--single-version-externally-managed', 'install_data'], 'cwd': '/home/ashley.akamine/rampagingRoombas/turtlebot4_ws/src/lab1_pkg', 'env': {'USER': 'ashley.akamine@plu.edu', 'XDG_SESSION_TYPE': 'wayland', 'SHLVL': '1', 'OLDPWD': '/home/ashley.akamine/rampagingRoombas/turtlebot4_ws', 'HOME': '/home/ashley.akamine', 'DESKTOP_SESSION': 'ubuntu', 'GTK_MODULES': 'gail:atk-bridge', 'GNOME_SHELL_SESSION_MODE': 'ubuntu', 'SYSTEMD_EXEC_PID': '2438', 'DBUS_SESSION_BUS_ADDRESS': 'unix:path=/run/user/481844462/bus,guid=2106860322d94746ec64e6b567c22113', 'DBUS_STARTER_BUS_TYPE': 'session', 'COLORTERM': 'truecolor', 'CONDA_CHANGEPS1': 'no', 'WAYLAND_DISPLAY': 'wayland-0', 'LOGNAME': 'ashley.akamine@plu.edu', '_': '/usr/bin/colcon', 'XDG_SESSION_CLASS': 'user', 'USERNAME': 'ashley.akamine@plu.edu', 'TERM': 'xterm-256color', 'PROMPT_EOL_MARK': '', 'GNOME_DESKTOP_SESSION_ID': 'this-is-deprecated', 'PATH': '/usr/local/sbin:/usr/local/bin:/usr/sbin:/usr/bin:/sbin:/bin:/usr/games:/usr/local/games:/snap/bin:/snap/bin', 'SESSION_MANAGER': 'local/csci20145:@/tmp/.ICE-unix/2438,unix/csci20145:/tmp/.ICE-unix/2438', 'GNOME_TERMINAL_SCREEN': '/org/gnome/Terminal/screen/1fcd6df6_4223_4e72_9fc6_7cfa7c14886f', 'XDG_MENU_PREFIX': 'gnome-', 'GNOME_SETUP_DISPLAY': ':1', 'XDG_RUNTIME_DIR': '/run/user/481844462', 'DISPLAY': ':0', 'LANG': 'en_US.UTF-8', 'XDG_CURRENT_DESKTOP': 'ubuntu:GNOME', 'XDG_SESSION_DESKTOP': 'ubuntu', 'GNOME_TERMINAL_SERVICE': ':1.154', 'XMODIFIERS': '@im=ibus', 'XAUTHORITY': '/run/user/481844462/.mutter-Xwaylandauth.655222', 'SSH_AUTH_SOCK': '/run/user/481844462/keyring/ssh', 'SSH_AGENT_LAUNCHER': 'gnome-keyring', 'KRB5CCNAME': 'FILE:/tmp/krb5cc_481844462_zCGp4b', 'SHELL': '/bin/zsh', 'QT_ACCESSIBILITY': '1', 'GDMSESSION': 'ubuntu', 'QT_IM_MODULE': 'ibus', 'PWD': '/home/ashley.akamine/rampagingRoombas/turtlebot4_ws/build/lab1_pkg', 'XDG_DATA_DIRS': '/usr/local/share/:/usr/share/:/var/lib/snapd/desktop', 'DBUS_STARTER_ADDRESS': 'unix:path=/run/user/481844462/bus,guid=2106860322d94746ec64e6b567c22113', 'VIRTUAL_ENV_DISABLE_PROMPT': '12', 'COLCON': '1', 'VTE_VERSION': '6800', 'PYTHONPATH': '/home/ashley.akamine/rampagingRoombas/turtlebot4_ws/build/lab1_pkg/prefix_override:/usr/lib/python3/dist-packages/colcon_core/task/python/colcon_distutils_commands:/home/ashley.akamine/rampagingRoombas/turtlebot4_ws/install/lab1_pkg/lib/python3.10/site-packages:'}, 'shell': False}
[0.500353] (-) TimerEvent: {}
[0.505052] (lab2_pkg) Command: {'cmd': ['/usr/bin/python3', '-W', 'ignore:setup.py install is deprecated', '-W', 'ignore:easy_install command is deprecated', 'setup.py', 'egg_info', '--egg-base', '../../build/lab2_pkg', 'build', '--build-base', '/home/ashley.akamine/rampagingRoombas/turtlebot4_ws/build/lab2_pkg/build', 'install', '--record', '/home/ashley.akamine/rampagingRoombas/turtlebot4_ws/build/lab2_pkg/install.log', '--single-version-externally-managed', 'install_data'], 'cwd': '/home/ashley.akamine/rampagingRoombas/turtlebot4_ws/src/lab2_pkg', 'env': {'USER': 'ashley.akamine@plu.edu', 'XDG_SESSION_TYPE': 'wayland', 'SHLVL': '1', 'OLDPWD': '/home/ashley.akamine/rampagingRoombas/turtlebot4_ws', 'HOME': '/home/ashley.akamine', 'DESKTOP_SESSION': 'ubuntu', 'GTK_MODULES': 'gail:atk-bridge', 'GNOME_SHELL_SESSION_MODE': 'ubuntu', 'SYSTEMD_EXEC_PID': '2438', 'DBUS_SESSION_BUS_ADDRESS': 'unix:path=/run/user/481844462/bus,guid=2106860322d94746ec64e6b567c22113', 'DBUS_STARTER_BUS_TYPE': 'session', 'COLORTERM': 'truecolor', 'CONDA_CHANGEPS1': 'no', 'WAYLAND_DISPLAY': 'wayland-0', 'LOGNAME': 'ashley.akamine@plu.edu', '_': '/usr/bin/colcon', 'XDG_SESSION_CLASS': 'user', 'USERNAME': 'ashley.akamine@plu.edu', 'TERM': 'xterm-256color', 'PROMPT_EOL_MARK': '', 'GNOME_DESKTOP_SESSION_ID': 'this-is-deprecated', 'PATH': '/usr/local/sbin:/usr/local/bin:/usr/sbin:/usr/bin:/sbin:/bin:/usr/games:/usr/local/games:/snap/bin:/snap/bin', 'SESSION_MANAGER': 'local/csci20145:@/tmp/.ICE-unix/2438,unix/csci20145:/tmp/.ICE-unix/2438', 'GNOME_TERMINAL_SCREEN': '/org/gnome/Terminal/screen/1fcd6df6_4223_4e72_9fc6_7cfa7c14886f', 'XDG_MENU_PREFIX': 'gnome-', 'GNOME_SETUP_DISPLAY': ':1', 'XDG_RUNTIME_DIR': '/run/user/481844462', 'DISPLAY': ':0', 'LANG': 'en_US.UTF-8', 'XDG_CURRENT_DESKTOP': 'ubuntu:GNOME', 'XDG_SESSION_DESKTOP': 'ubuntu', 'GNOME_TERMINAL_SERVICE': ':1.154', 'XMODIFIERS': '@im=ibus', 'XAUTHORITY': '/run/user/481844462/.mutter-Xwaylandauth.655222', 'SSH_AUTH_SOCK': '/run/user/481844462/keyring/ssh', 'SSH_AGENT_LAUNCHER': 'gnome-keyring', 'KRB5CCNAME': 'FILE:/tmp/krb5cc_481844462_zCGp4b', 'SHELL': '/bin/zsh', 'QT_ACCESSIBILITY': '1', 'GDMSESSION': 'ubuntu', 'QT_IM_MODULE': 'ibus', 'PWD': '/home/ashley.akamine/rampagingRoombas/turtlebot4_ws/build/lab2_pkg', 'XDG_DATA_DIRS': '/usr/local/share/:/usr/share/:/var/lib/snapd/desktop', 'DBUS_STARTER_ADDRESS': 'unix:path=/run/user/481844462/bus,guid=2106860322d94746ec64e6b567c22113', 'VIRTUAL_ENV_DISABLE_PROMPT': '12', 'COLCON': '1', 'VTE_VERSION': '6800', 'PYTHONPATH': '/home/ashley.akamine/rampagingRoombas/turtlebot4_ws/build/lab2_pkg/prefix_override:/usr/lib/python3/dist-packages/colcon_core/task/python/colcon_distutils_commands:/home/ashley.akamine/rampagingRoombas/turtlebot4_ws/install/lab2_pkg/lib/python3.10/site-packages:'}, 'shell': False}
[0.600467] (-) TimerEvent: {}
[0.633070] (lab1_pkg) StdoutLine: {'line': b'running egg_info\n'}
[0.633600] (lab1_pkg) StdoutLine: {'line': b'writing ../../build/lab1_pkg/lab1_pkg.egg-info/PKG-INFO\n'}
[0.633731] (lab1_pkg) StdoutLine: {'line': b'writing dependency_links to ../../build/lab1_pkg/lab1_pkg.egg-info/dependency_links.txt\n'}
[0.633799] (lab1_pkg) StdoutLine: {'line': b'writing entry points to ../../build/lab1_pkg/lab1_pkg.egg-info/entry_points.txt\n'}
[0.633865] (lab1_pkg) StdoutLine: {'line': b'writing requirements to ../../build/lab1_pkg/lab1_pkg.egg-info/requires.txt\n'}
[0.633926] (lab1_pkg) StdoutLine: {'line': b'writing top-level names to ../../build/lab1_pkg/lab1_pkg.egg-info/top_level.txt\n'}
[0.634991] (lab1_pkg) StdoutLine: {'line': b"reading manifest file '../../build/lab1_pkg/lab1_pkg.egg-info/SOURCES.txt'\n"}
[0.635622] (lab1_pkg) StdoutLine: {'line': b"writing manifest file '../../build/lab1_pkg/lab1_pkg.egg-info/SOURCES.txt'\n"}
[0.635694] (lab1_pkg) StdoutLine: {'line': b'running build\n'}
[0.635741] (lab1_pkg) StdoutLine: {'line': b'running build_py\n'}
[0.635850] (lab1_pkg) StdoutLine: {'line': b'running install\n'}
[0.636027] (lab1_pkg) StdoutLine: {'line': b'running install_lib\n'}
[0.636786] (lab1_pkg) StdoutLine: {'line': b'running install_data\n'}
[0.636857] (lab1_pkg) StdoutLine: {'line': b'running install_egg_info\n'}
[0.637947] (lab1_pkg) StdoutLine: {'line': b"removing '/home/ashley.akamine/rampagingRoombas/turtlebot4_ws/install/lab1_pkg/lib/python3.10/site-packages/lab1_pkg-0.0.0-py3.10.egg-info' (and everything under it)\n"}
[0.638048] (lab1_pkg) StdoutLine: {'line': b'Copying ../../build/lab1_pkg/lab1_pkg.egg-info to /home/ashley.akamine/rampagingRoombas/turtlebot4_ws/install/lab1_pkg/lib/python3.10/site-packages/lab1_pkg-0.0.0-py3.10.egg-info\n'}
[0.638688] (lab1_pkg) StdoutLine: {'line': b'running install_scripts\n'}
[0.641618] (lab2_pkg) StdoutLine: {'line': b'running egg_info\n'}
[0.642080] (lab2_pkg) StdoutLine: {'line': b'writing ../../build/lab2_pkg/lab2_pkg.egg-info/PKG-INFO\n'}
[0.642213] (lab2_pkg) StdoutLine: {'line': b'writing dependency_links to ../../build/lab2_pkg/lab2_pkg.egg-info/dependency_links.txt\n'}
[0.642404] (lab2_pkg) StdoutLine: {'line': b'writing entry points to ../../build/lab2_pkg/lab2_pkg.egg-info/entry_points.txt\n'}
[0.642549] (lab2_pkg) StdoutLine: {'line': b'writing requirements to ../../build/lab2_pkg/lab2_pkg.egg-info/requires.txt\n'}
[0.642615] (lab2_pkg) StdoutLine: {'line': b'writing top-level names to ../../build/lab2_pkg/lab2_pkg.egg-info/top_level.txt\n'}
[0.643544] (lab2_pkg) StdoutLine: {'line': b"reading manifest file '../../build/lab2_pkg/lab2_pkg.egg-info/SOURCES.txt'\n"}
[0.644151] (lab2_pkg) StdoutLine: {'line': b"writing manifest file '../../build/lab2_pkg/lab2_pkg.egg-info/SOURCES.txt'\n"}
[0.644299] (lab2_pkg) StdoutLine: {'line': b'running build\n'}
[0.644369] (lab2_pkg) StdoutLine: {'line': b'running build_py\n'}
[0.644501] (lab2_pkg) StdoutLine: {'line': b'running install\n'}
[0.644714] (lab2_pkg) StdoutLine: {'line': b'running install_lib\n'}
[0.645404] (lab2_pkg) StdoutLine: {'line': b'running install_data\n'}
[0.645501] (lab2_pkg) StdoutLine: {'line': b'running install_egg_info\n'}
[0.646613] (lab2_pkg) StdoutLine: {'line': b"removing '/home/ashley.akamine/rampagingRoombas/turtlebot4_ws/install/lab2_pkg/lib/python3.10/site-packages/lab2_pkg-0.0.0-py3.10.egg-info' (and everything under it)\n"}
[0.646775] (lab2_pkg) StdoutLine: {'line': b'Copying ../../build/lab2_pkg/lab2_pkg.egg-info to /home/ashley.akamine/rampagingRoombas/turtlebot4_ws/install/lab2_pkg/lib/python3.10/site-packages/lab2_pkg-0.0.0-py3.10.egg-info\n'}
[0.647354] (lab2_pkg) StdoutLine: {'line': b'running install_scripts\n'}
[0.652920] (lab1_pkg) StdoutLine: {'line': b'Installing speed_behavior_node script to /home/ashley.akamine/rampagingRoombas/turtlebot4_ws/install/lab1_pkg/lib/lab1_pkg\n'}
[0.653182] (lab1_pkg) StdoutLine: {'line': b"writing list of installed files to '/home/ashley.akamine/rampagingRoombas/turtlebot4_ws/build/lab1_pkg/install.log'\n"}
[0.661967] (lab2_pkg) StdoutLine: {'line': b'Installing speed_cap_obstacle_detect_node script to /home/ashley.akamine/rampagingRoombas/turtlebot4_ws/install/lab2_pkg/lib/lab2_pkg\n'}
[0.662253] (lab2_pkg) StdoutLine: {'line': b"writing list of installed files to '/home/ashley.akamine/rampagingRoombas/turtlebot4_ws/build/lab2_pkg/install.log'\n"}
[0.668427] (lab1_pkg) CommandEnded: {'returncode': 0}
[0.675588] (lab1_pkg) JobEnded: {'identifier': 'lab1_pkg', 'rc': 0}
[0.677915] (lab2_pkg) CommandEnded: {'returncode': 0}
[0.681824] (lab2_pkg) JobEnded: {'identifier': 'lab2_pkg', 'rc': 0}
[0.682181] (-) EventReactorShutdown: {}
