[0.653s] DEBUG:colcon:Command line arguments: ['/usr/bin/colcon', 'build']
[0.653s] DEBUG:colcon:Parsed command line arguments: Namespace(log_base=None, log_level=None, verb_name='build', build_base='build', install_base='install', merge_install=False, symlink_install=False, test_result_base=None, continue_on_error=False, executor='parallel', parallel_workers=16, event_handlers=None, ignore_user_meta=False, metas=['./colcon.meta'], base_paths=['.'], packages_ignore=None, packages_ignore_regex=None, paths=None, packages_up_to=None, packages_up_to_regex=None, packages_above=None, packages_above_and_dependencies=None, packages_above_depth=None, packages_select_by_dep=None, packages_skip_by_dep=None, packages_skip_up_to=None, packages_select_build_failed=False, packages_skip_build_finished=False, packages_select_test_failures=False, packages_skip_test_passed=False, packages_select=None, packages_skip=None, packages_select_regex=None, packages_skip_regex=None, packages_start=None, packages_end=None, allow_overriding=[], cmake_args=None, cmake_target=None, cmake_target_skip_unavailable=False, cmake_clean_cache=False, cmake_clean_first=False, cmake_force_configure=False, ament_cmake_args=None, catkin_cmake_args=None, catkin_skip_building_tests=False, mixin_files=None, mixin=None, verb_parser=<colcon_mixin.mixin.mixin_argument.MixinArgumentDecorator object at 0x7bddd444b850>, verb_extension=<colcon_core.verb.build.BuildVerb object at 0x7bddd4584700>, main=<bound method BuildVerb.main of <colcon_core.verb.build.BuildVerb object at 0x7bddd4584700>>, mixin_verb=('build',))
[2.410s] Level 1:colcon.colcon_core.package_discovery:discover_packages(colcon_meta) check parameters
[2.410s] Level 1:colcon.colcon_core.package_discovery:discover_packages(recursive) check parameters
[2.410s] Level 1:colcon.colcon_core.package_discovery:discover_packages(ignore) check parameters
[2.410s] Level 1:colcon.colcon_core.package_discovery:discover_packages(path) check parameters
[2.410s] Level 1:colcon.colcon_core.package_discovery:discover_packages(colcon_meta) discover
[2.410s] Level 1:colcon.colcon_core.package_discovery:discover_packages(recursive) discover
[2.410s] INFO:colcon.colcon_core.package_discovery:Crawling recursively for packages in '/home/ashley.akamine/rampagingRoombas/turtlebot4_ws'
[2.411s] Level 1:colcon.colcon_core.package_identification:_identify(.) by extensions ['ignore', 'ignore_ament_install']
[2.411s] Level 1:colcon.colcon_core.package_identification:_identify(.) by extension 'ignore'
[2.411s] Level 1:colcon.colcon_core.package_identification:_identify(.) by extension 'ignore_ament_install'
[2.411s] Level 1:colcon.colcon_core.package_identification:_identify(.) by extensions ['colcon_pkg']
[2.411s] Level 1:colcon.colcon_core.package_identification:_identify(.) by extension 'colcon_pkg'
[2.411s] Level 1:colcon.colcon_core.package_identification:_identify(.) by extensions ['colcon_meta']
[2.411s] Level 1:colcon.colcon_core.package_identification:_identify(.) by extension 'colcon_meta'
[2.411s] Level 1:colcon.colcon_core.package_identification:_identify(.) by extensions ['ros']
[2.411s] Level 1:colcon.colcon_core.package_identification:_identify(.) by extension 'ros'
[2.436s] Level 1:colcon.colcon_core.package_identification:_identify(.) by extensions ['cmake', 'python']
[2.436s] Level 1:colcon.colcon_core.package_identification:_identify(.) by extension 'cmake'
[2.436s] Level 1:colcon.colcon_core.package_identification:_identify(.) by extension 'python'
[2.436s] Level 1:colcon.colcon_core.package_identification:_identify(.) by extensions ['python_setup_py']
[2.436s] Level 1:colcon.colcon_core.package_identification:_identify(.) by extension 'python_setup_py'
[2.436s] Level 1:colcon.colcon_core.package_identification:_identify(build) by extensions ['ignore', 'ignore_ament_install']
[2.437s] Level 1:colcon.colcon_core.package_identification:_identify(build) by extension 'ignore'
[2.437s] Level 1:colcon.colcon_core.package_identification:_identify(build) ignored
[2.437s] Level 1:colcon.colcon_core.package_identification:_identify(install) by extensions ['ignore', 'ignore_ament_install']
[2.437s] Level 1:colcon.colcon_core.package_identification:_identify(install) by extension 'ignore'
[2.437s] Level 1:colcon.colcon_core.package_identification:_identify(install) ignored
[2.437s] Level 1:colcon.colcon_core.package_identification:_identify(log) by extensions ['ignore', 'ignore_ament_install']
[2.437s] Level 1:colcon.colcon_core.package_identification:_identify(log) by extension 'ignore'
[2.437s] Level 1:colcon.colcon_core.package_identification:_identify(log) ignored
[2.437s] Level 1:colcon.colcon_core.package_identification:_identify(src) by extensions ['ignore', 'ignore_ament_install']
[2.437s] Level 1:colcon.colcon_core.package_identification:_identify(src) by extension 'ignore'
[2.437s] Level 1:colcon.colcon_core.package_identification:_identify(src) by extension 'ignore_ament_install'
[2.437s] Level 1:colcon.colcon_core.package_identification:_identify(src) by extensions ['colcon_pkg']
[2.437s] Level 1:colcon.colcon_core.package_identification:_identify(src) by extension 'colcon_pkg'
[2.437s] Level 1:colcon.colcon_core.package_identification:_identify(src) by extensions ['colcon_meta']
[2.437s] Level 1:colcon.colcon_core.package_identification:_identify(src) by extension 'colcon_meta'
[2.437s] Level 1:colcon.colcon_core.package_identification:_identify(src) by extensions ['ros']
[2.438s] Level 1:colcon.colcon_core.package_identification:_identify(src) by extension 'ros'
[2.438s] Level 1:colcon.colcon_core.package_identification:_identify(src) by extensions ['cmake', 'python']
[2.438s] Level 1:colcon.colcon_core.package_identification:_identify(src) by extension 'cmake'
[2.438s] Level 1:colcon.colcon_core.package_identification:_identify(src) by extension 'python'
[2.438s] Level 1:colcon.colcon_core.package_identification:_identify(src) by extensions ['python_setup_py']
[2.438s] Level 1:colcon.colcon_core.package_identification:_identify(src) by extension 'python_setup_py'
[2.438s] Level 1:colcon.colcon_core.package_identification:_identify(src/custom_interfaces) by extensions ['ignore', 'ignore_ament_install']
[2.438s] Level 1:colcon.colcon_core.package_identification:_identify(src/custom_interfaces) by extension 'ignore'
[2.438s] Level 1:colcon.colcon_core.package_identification:_identify(src/custom_interfaces) by extension 'ignore_ament_install'
[2.438s] Level 1:colcon.colcon_core.package_identification:_identify(src/custom_interfaces) by extensions ['colcon_pkg']
[2.438s] Level 1:colcon.colcon_core.package_identification:_identify(src/custom_interfaces) by extension 'colcon_pkg'
[2.438s] Level 1:colcon.colcon_core.package_identification:_identify(src/custom_interfaces) by extensions ['colcon_meta']
[2.438s] Level 1:colcon.colcon_core.package_identification:_identify(src/custom_interfaces) by extension 'colcon_meta'
[2.438s] Level 1:colcon.colcon_core.package_identification:_identify(src/custom_interfaces) by extensions ['ros']
[2.438s] Level 1:colcon.colcon_core.package_identification:_identify(src/custom_interfaces) by extension 'ros'
[2.446s] DEBUG:colcon.colcon_core.package_identification:Package 'src/custom_interfaces' with type 'ros.ament_cmake' and name 'custom_interfaces'
[2.446s] Level 1:colcon.colcon_core.package_identification:_identify(src/lab1_pkg) by extensions ['ignore', 'ignore_ament_install']
[2.446s] Level 1:colcon.colcon_core.package_identification:_identify(src/lab1_pkg) by extension 'ignore'
[2.447s] Level 1:colcon.colcon_core.package_identification:_identify(src/lab1_pkg) by extension 'ignore_ament_install'
[2.447s] Level 1:colcon.colcon_core.package_identification:_identify(src/lab1_pkg) by extensions ['colcon_pkg']
[2.447s] Level 1:colcon.colcon_core.package_identification:_identify(src/lab1_pkg) by extension 'colcon_pkg'
[2.447s] Level 1:colcon.colcon_core.package_identification:_identify(src/lab1_pkg) by extensions ['colcon_meta']
[2.447s] Level 1:colcon.colcon_core.package_identification:_identify(src/lab1_pkg) by extension 'colcon_meta'
[2.447s] Level 1:colcon.colcon_core.package_identification:_identify(src/lab1_pkg) by extensions ['ros']
[2.447s] Level 1:colcon.colcon_core.package_identification:_identify(src/lab1_pkg) by extension 'ros'
[2.448s] DEBUG:colcon.colcon_core.package_identification:Package 'src/lab1_pkg' with type 'ros.ament_python' and name 'lab1_pkg'
[2.449s] Level 1:colcon.colcon_core.package_identification:_identify(src/lab2_pkg) by extensions ['ignore', 'ignore_ament_install']
[2.449s] Level 1:colcon.colcon_core.package_identification:_identify(src/lab2_pkg) by extension 'ignore'
[2.449s] Level 1:colcon.colcon_core.package_identification:_identify(src/lab2_pkg) by extension 'ignore_ament_install'
[2.449s] Level 1:colcon.colcon_core.package_identification:_identify(src/lab2_pkg) by extensions ['colcon_pkg']
[2.449s] Level 1:colcon.colcon_core.package_identification:_identify(src/lab2_pkg) by extension 'colcon_pkg'
[2.449s] Level 1:colcon.colcon_core.package_identification:_identify(src/lab2_pkg) by extensions ['colcon_meta']
[2.449s] Level 1:colcon.colcon_core.package_identification:_identify(src/lab2_pkg) by extension 'colcon_meta'
[2.449s] Level 1:colcon.colcon_core.package_identification:_identify(src/lab2_pkg) by extensions ['ros']
[2.449s] Level 1:colcon.colcon_core.package_identification:_identify(src/lab2_pkg) by extension 'ros'
[2.450s] DEBUG:colcon.colcon_core.package_identification:Package 'src/lab2_pkg' with type 'ros.ament_python' and name 'lab2_pkg'
[2.451s] Level 1:colcon.colcon_core.package_identification:_identify(src/lab3_pkg) by extensions ['ignore', 'ignore_ament_install']
[2.451s] Level 1:colcon.colcon_core.package_identification:_identify(src/lab3_pkg) by extension 'ignore'
[2.451s] Level 1:colcon.colcon_core.package_identification:_identify(src/lab3_pkg) by extension 'ignore_ament_install'
[2.451s] Level 1:colcon.colcon_core.package_identification:_identify(src/lab3_pkg) by extensions ['colcon_pkg']
[2.451s] Level 1:colcon.colcon_core.package_identification:_identify(src/lab3_pkg) by extension 'colcon_pkg'
[2.451s] Level 1:colcon.colcon_core.package_identification:_identify(src/lab3_pkg) by extensions ['colcon_meta']
[2.451s] Level 1:colcon.colcon_core.package_identification:_identify(src/lab3_pkg) by extension 'colcon_meta'
[2.451s] Level 1:colcon.colcon_core.package_identification:_identify(src/lab3_pkg) by extensions ['ros']
[2.451s] Level 1:colcon.colcon_core.package_identification:_identify(src/lab3_pkg) by extension 'ros'
[2.452s] DEBUG:colcon.colcon_core.package_identification:Package 'src/lab3_pkg' with type 'ros.ament_python' and name 'lab3_pkg'
[2.452s] Level 1:colcon.colcon_core.package_identification:_identify(src/lab5_pkg) by extensions ['ignore', 'ignore_ament_install']
[2.453s] Level 1:colcon.colcon_core.package_identification:_identify(src/lab5_pkg) by extension 'ignore'
[2.453s] Level 1:colcon.colcon_core.package_identification:_identify(src/lab5_pkg) by extension 'ignore_ament_install'
[2.453s] Level 1:colcon.colcon_core.package_identification:_identify(src/lab5_pkg) by extensions ['colcon_pkg']
[2.453s] Level 1:colcon.colcon_core.package_identification:_identify(src/lab5_pkg) by extension 'colcon_pkg'
[2.453s] Level 1:colcon.colcon_core.package_identification:_identify(src/lab5_pkg) by extensions ['colcon_meta']
[2.453s] Level 1:colcon.colcon_core.package_identification:_identify(src/lab5_pkg) by extension 'colcon_meta'
[2.453s] Level 1:colcon.colcon_core.package_identification:_identify(src/lab5_pkg) by extensions ['ros']
[2.453s] Level 1:colcon.colcon_core.package_identification:_identify(src/lab5_pkg) by extension 'ros'
[2.455s] DEBUG:colcon.colcon_core.package_identification:Package 'src/lab5_pkg' with type 'ros.ament_python' and name 'lab5_pkg'
[2.455s] Level 1:colcon.colcon_core.package_identification:_identify(src/lab6_pkg) by extensions ['ignore', 'ignore_ament_install']
[2.455s] Level 1:colcon.colcon_core.package_identification:_identify(src/lab6_pkg) by extension 'ignore'
[2.455s] Level 1:colcon.colcon_core.package_identification:_identify(src/lab6_pkg) by extension 'ignore_ament_install'
[2.455s] Level 1:colcon.colcon_core.package_identification:_identify(src/lab6_pkg) by extensions ['colcon_pkg']
[2.455s] Level 1:colcon.colcon_core.package_identification:_identify(src/lab6_pkg) by extension 'colcon_pkg'
[2.455s] Level 1:colcon.colcon_core.package_identification:_identify(src/lab6_pkg) by extensions ['colcon_meta']
[2.455s] Level 1:colcon.colcon_core.package_identification:_identify(src/lab6_pkg) by extension 'colcon_meta'
[2.455s] Level 1:colcon.colcon_core.package_identification:_identify(src/lab6_pkg) by extensions ['ros']
[2.455s] Level 1:colcon.colcon_core.package_identification:_identify(src/lab6_pkg) by extension 'ros'
[2.457s] DEBUG:colcon.colcon_core.package_identification:Package 'src/lab6_pkg' with type 'ros.ament_python' and name 'lab6_pkg'
[2.457s] Level 1:colcon.colcon_core.package_identification:_identify(src/turtlebot_lab_bringup) by extensions ['ignore', 'ignore_ament_install']
[2.457s] Level 1:colcon.colcon_core.package_identification:_identify(src/turtlebot_lab_bringup) by extension 'ignore'
[2.457s] Level 1:colcon.colcon_core.package_identification:_identify(src/turtlebot_lab_bringup) by extension 'ignore_ament_install'
[2.457s] Level 1:colcon.colcon_core.package_identification:_identify(src/turtlebot_lab_bringup) by extensions ['colcon_pkg']
[2.457s] Level 1:colcon.colcon_core.package_identification:_identify(src/turtlebot_lab_bringup) by extension 'colcon_pkg'
[2.457s] Level 1:colcon.colcon_core.package_identification:_identify(src/turtlebot_lab_bringup) by extensions ['colcon_meta']
[2.457s] Level 1:colcon.colcon_core.package_identification:_identify(src/turtlebot_lab_bringup) by extension 'colcon_meta'
[2.457s] Level 1:colcon.colcon_core.package_identification:_identify(src/turtlebot_lab_bringup) by extensions ['ros']
[2.457s] Level 1:colcon.colcon_core.package_identification:_identify(src/turtlebot_lab_bringup) by extension 'ros'
[2.458s] DEBUG:colcon.colcon_core.package_identification:Package 'src/turtlebot_lab_bringup' with type 'ros.ament_cmake' and name 'turtlebot_lab_bringup'
[2.458s] Level 1:colcon.colcon_core.package_discovery:discover_packages(recursive) using defaults
[2.458s] Level 1:colcon.colcon_core.package_discovery:discover_packages(ignore) discover
[2.458s] Level 1:colcon.colcon_core.package_discovery:discover_packages(ignore) using defaults
[2.458s] Level 1:colcon.colcon_core.package_discovery:discover_packages(path) discover
[2.458s] Level 1:colcon.colcon_core.package_discovery:discover_packages(path) using defaults
[2.574s] Level 1:colcon.colcon_core.package_discovery:discover_packages(prefix_path) check parameters
[2.574s] Level 1:colcon.colcon_core.package_discovery:discover_packages(prefix_path) discover
[2.583s] DEBUG:colcon.colcon_installed_package_information.package_discovery:Found 7 installed packages in /home/ashley.akamine/rampagingRoombas/turtlebot4_ws/install
[2.583s] DEBUG:colcon.colcon_installed_package_information.package_discovery:Found 3 installed packages in /home/ashley.akamine/inclass_ws/install
[2.585s] DEBUG:colcon.colcon_installed_package_information.package_discovery:Found 387 installed packages in /opt/ros/humble
[2.586s] Level 1:colcon.colcon_core.package_discovery:discover_packages(prefix_path) using defaults
[2.640s] WARNING:colcon.colcon_core.package_selection:Some selected packages are already built in one or more underlay workspaces:
	'custom_interfaces' is in: /home/ashley.akamine/inclass_ws/install/custom_interfaces, /home/ashley.akamine/rampagingRoombas/turtlebot4_ws/install/custom_interfaces
If a package in a merged underlay workspace is overridden and it installs headers, then all packages in the overlay must sort their include directories by workspace order. Failure to do so may result in build failures or undefined behavior at run time.
If the overridden package is used by another package in any underlay, then the overriding package in the overlay must be API and ABI compatible or undefined behavior at run time may occur.

If you understand the risks and want to override a package anyways, add the following to the command line:
	--allow-overriding custom_interfaces

This may be promoted to an error in a future release of colcon-override-check.
[2.640s] Level 5:colcon.colcon_core.verb:set package 'custom_interfaces' build argument 'cmake_args' from command line to 'None'
[2.640s] Level 5:colcon.colcon_core.verb:set package 'custom_interfaces' build argument 'cmake_target' from command line to 'None'
[2.640s] Level 5:colcon.colcon_core.verb:set package 'custom_interfaces' build argument 'cmake_target_skip_unavailable' from command line to 'False'
[2.640s] Level 5:colcon.colcon_core.verb:set package 'custom_interfaces' build argument 'cmake_clean_cache' from command line to 'False'
[2.640s] Level 5:colcon.colcon_core.verb:set package 'custom_interfaces' build argument 'cmake_clean_first' from command line to 'False'
[2.640s] Level 5:colcon.colcon_core.verb:set package 'custom_interfaces' build argument 'cmake_force_configure' from command line to 'False'
[2.640s] Level 5:colcon.colcon_core.verb:set package 'custom_interfaces' build argument 'ament_cmake_args' from command line to 'None'
[2.640s] Level 5:colcon.colcon_core.verb:set package 'custom_interfaces' build argument 'catkin_cmake_args' from command line to 'None'
[2.640s] Level 5:colcon.colcon_core.verb:set package 'custom_interfaces' build argument 'catkin_skip_building_tests' from command line to 'False'
[2.640s] DEBUG:colcon.colcon_core.verb:Building package 'custom_interfaces' with the following arguments: {'ament_cmake_args': None, 'build_base': '/home/ashley.akamine/rampagingRoombas/turtlebot4_ws/build/custom_interfaces', 'catkin_cmake_args': None, 'catkin_skip_building_tests': False, 'cmake_args': None, 'cmake_clean_cache': False, 'cmake_clean_first': False, 'cmake_force_configure': False, 'cmake_target': None, 'cmake_target_skip_unavailable': False, 'install_base': '/home/ashley.akamine/rampagingRoombas/turtlebot4_ws/install/custom_interfaces', 'merge_install': False, 'path': '/home/ashley.akamine/rampagingRoombas/turtlebot4_ws/src/custom_interfaces', 'symlink_install': False, 'test_result_base': None}
[2.641s] Level 5:colcon.colcon_core.verb:set package 'lab1_pkg' build argument 'cmake_args' from command line to 'None'
[2.641s] Level 5:colcon.colcon_core.verb:set package 'lab1_pkg' build argument 'cmake_target' from command line to 'None'
[2.641s] Level 5:colcon.colcon_core.verb:set package 'lab1_pkg' build argument 'cmake_target_skip_unavailable' from command line to 'False'
[2.641s] Level 5:colcon.colcon_core.verb:set package 'lab1_pkg' build argument 'cmake_clean_cache' from command line to 'False'
[2.641s] Level 5:colcon.colcon_core.verb:set package 'lab1_pkg' build argument 'cmake_clean_first' from command line to 'False'
[2.641s] Level 5:colcon.colcon_core.verb:set package 'lab1_pkg' build argument 'cmake_force_configure' from command line to 'False'
[2.641s] Level 5:colcon.colcon_core.verb:set package 'lab1_pkg' build argument 'ament_cmake_args' from command line to 'None'
[2.641s] Level 5:colcon.colcon_core.verb:set package 'lab1_pkg' build argument 'catkin_cmake_args' from command line to 'None'
[2.641s] Level 5:colcon.colcon_core.verb:set package 'lab1_pkg' build argument 'catkin_skip_building_tests' from command line to 'False'
[2.641s] DEBUG:colcon.colcon_core.verb:Building package 'lab1_pkg' with the following arguments: {'ament_cmake_args': None, 'build_base': '/home/ashley.akamine/rampagingRoombas/turtlebot4_ws/build/lab1_pkg', 'catkin_cmake_args': None, 'catkin_skip_building_tests': False, 'cmake_args': None, 'cmake_clean_cache': False, 'cmake_clean_first': False, 'cmake_force_configure': False, 'cmake_target': None, 'cmake_target_skip_unavailable': False, 'install_base': '/home/ashley.akamine/rampagingRoombas/turtlebot4_ws/install/lab1_pkg', 'merge_install': False, 'path': '/home/ashley.akamine/rampagingRoombas/turtlebot4_ws/src/lab1_pkg', 'symlink_install': False, 'test_result_base': None}
[2.641s] Level 5:colcon.colcon_core.verb:set package 'lab2_pkg' build argument 'cmake_args' from command line to 'None'
[2.641s] Level 5:colcon.colcon_core.verb:set package 'lab2_pkg' build argument 'cmake_target' from command line to 'None'
[2.641s] Level 5:colcon.colcon_core.verb:set package 'lab2_pkg' build argument 'cmake_target_skip_unavailable' from command line to 'False'
[2.641s] Level 5:colcon.colcon_core.verb:set package 'lab2_pkg' build argument 'cmake_clean_cache' from command line to 'False'
[2.641s] Level 5:colcon.colcon_core.verb:set package 'lab2_pkg' build argument 'cmake_clean_first' from command line to 'False'
[2.641s] Level 5:colcon.colcon_core.verb:set package 'lab2_pkg' build argument 'cmake_force_configure' from command line to 'False'
[2.641s] Level 5:colcon.colcon_core.verb:set package 'lab2_pkg' build argument 'ament_cmake_args' from command line to 'None'
[2.641s] Level 5:colcon.colcon_core.verb:set package 'lab2_pkg' build argument 'catkin_cmake_args' from command line to 'None'
[2.641s] Level 5:colcon.colcon_core.verb:set package 'lab2_pkg' build argument 'catkin_skip_building_tests' from command line to 'False'
[2.641s] DEBUG:colcon.colcon_core.verb:Building package 'lab2_pkg' with the following arguments: {'ament_cmake_args': None, 'build_base': '/home/ashley.akamine/rampagingRoombas/turtlebot4_ws/build/lab2_pkg', 'catkin_cmake_args': None, 'catkin_skip_building_tests': False, 'cmake_args': None, 'cmake_clean_cache': False, 'cmake_clean_first': False, 'cmake_force_configure': False, 'cmake_target': None, 'cmake_target_skip_unavailable': False, 'install_base': '/home/ashley.akamine/rampagingRoombas/turtlebot4_ws/install/lab2_pkg', 'merge_install': False, 'path': '/home/ashley.akamine/rampagingRoombas/turtlebot4_ws/src/lab2_pkg', 'symlink_install': False, 'test_result_base': None}
[2.642s] Level 5:colcon.colcon_core.verb:set package 'lab6_pkg' build argument 'cmake_args' from command line to 'None'
[2.642s] Level 5:colcon.colcon_core.verb:set package 'lab6_pkg' build argument 'cmake_target' from command line to 'None'
[2.642s] Level 5:colcon.colcon_core.verb:set package 'lab6_pkg' build argument 'cmake_target_skip_unavailable' from command line to 'False'
[2.642s] Level 5:colcon.colcon_core.verb:set package 'lab6_pkg' build argument 'cmake_clean_cache' from command line to 'False'
[2.642s] Level 5:colcon.colcon_core.verb:set package 'lab6_pkg' build argument 'cmake_clean_first' from command line to 'False'
[2.642s] Level 5:colcon.colcon_core.verb:set package 'lab6_pkg' build argument 'cmake_force_configure' from command line to 'False'
[2.642s] Level 5:colcon.colcon_core.verb:set package 'lab6_pkg' build argument 'ament_cmake_args' from command line to 'None'
[2.642s] Level 5:colcon.colcon_core.verb:set package 'lab6_pkg' build argument 'catkin_cmake_args' from command line to 'None'
[2.642s] Level 5:colcon.colcon_core.verb:set package 'lab6_pkg' build argument 'catkin_skip_building_tests' from command line to 'False'
[2.642s] DEBUG:colcon.colcon_core.verb:Building package 'lab6_pkg' with the following arguments: {'ament_cmake_args': None, 'build_base': '/home/ashley.akamine/rampagingRoombas/turtlebot4_ws/build/lab6_pkg', 'catkin_cmake_args': None, 'catkin_skip_building_tests': False, 'cmake_args': None, 'cmake_clean_cache': False, 'cmake_clean_first': False, 'cmake_force_configure': False, 'cmake_target': None, 'cmake_target_skip_unavailable': False, 'install_base': '/home/ashley.akamine/rampagingRoombas/turtlebot4_ws/install/lab6_pkg', 'merge_install': False, 'path': '/home/ashley.akamine/rampagingRoombas/turtlebot4_ws/src/lab6_pkg', 'symlink_install': False, 'test_result_base': None}
[2.642s] Level 5:colcon.colcon_core.verb:set package 'lab3_pkg' build argument 'cmake_args' from command line to 'None'
[2.642s] Level 5:colcon.colcon_core.verb:set package 'lab3_pkg' build argument 'cmake_target' from command line to 'None'
[2.642s] Level 5:colcon.colcon_core.verb:set package 'lab3_pkg' build argument 'cmake_target_skip_unavailable' from command line to 'False'
[2.642s] Level 5:colcon.colcon_core.verb:set package 'lab3_pkg' build argument 'cmake_clean_cache' from command line to 'False'
[2.642s] Level 5:colcon.colcon_core.verb:set package 'lab3_pkg' build argument 'cmake_clean_first' from command line to 'False'
[2.642s] Level 5:colcon.colcon_core.verb:set package 'lab3_pkg' build argument 'cmake_force_configure' from command line to 'False'
[2.642s] Level 5:colcon.colcon_core.verb:set package 'lab3_pkg' build argument 'ament_cmake_args' from command line to 'None'
[2.642s] Level 5:colcon.colcon_core.verb:set package 'lab3_pkg' build argument 'catkin_cmake_args' from command line to 'None'
[2.642s] Level 5:colcon.colcon_core.verb:set package 'lab3_pkg' build argument 'catkin_skip_building_tests' from command line to 'False'
[2.642s] DEBUG:colcon.colcon_core.verb:Building package 'lab3_pkg' with the following arguments: {'ament_cmake_args': None, 'build_base': '/home/ashley.akamine/rampagingRoombas/turtlebot4_ws/build/lab3_pkg', 'catkin_cmake_args': None, 'catkin_skip_building_tests': False, 'cmake_args': None, 'cmake_clean_cache': False, 'cmake_clean_first': False, 'cmake_force_configure': False, 'cmake_target': None, 'cmake_target_skip_unavailable': False, 'install_base': '/home/ashley.akamine/rampagingRoombas/turtlebot4_ws/install/lab3_pkg', 'merge_install': False, 'path': '/home/ashley.akamine/rampagingRoombas/turtlebot4_ws/src/lab3_pkg', 'symlink_install': False, 'test_result_base': None}
[2.642s] Level 5:colcon.colcon_core.verb:set package 'lab5_pkg' build argument 'cmake_args' from command line to 'None'
[2.642s] Level 5:colcon.colcon_core.verb:set package 'lab5_pkg' build argument 'cmake_target' from command line to 'None'
[2.642s] Level 5:colcon.colcon_core.verb:set package 'lab5_pkg' build argument 'cmake_target_skip_unavailable' from command line to 'False'
[2.642s] Level 5:colcon.colcon_core.verb:set package 'lab5_pkg' build argument 'cmake_clean_cache' from command line to 'False'
[2.642s] Level 5:colcon.colcon_core.verb:set package 'lab5_pkg' build argument 'cmake_clean_first' from command line to 'False'
[2.643s] Level 5:colcon.colcon_core.verb:set package 'lab5_pkg' build argument 'cmake_force_configure' from command line to 'False'
[2.643s] Level 5:colcon.colcon_core.verb:set package 'lab5_pkg' build argument 'ament_cmake_args' from command line to 'None'
[2.643s] Level 5:colcon.colcon_core.verb:set package 'lab5_pkg' build argument 'catkin_cmake_args' from command line to 'None'
[2.643s] Level 5:colcon.colcon_core.verb:set package 'lab5_pkg' build argument 'catkin_skip_building_tests' from command line to 'False'
[2.643s] DEBUG:colcon.colcon_core.verb:Building package 'lab5_pkg' with the following arguments: {'ament_cmake_args': None, 'build_base': '/home/ashley.akamine/rampagingRoombas/turtlebot4_ws/build/lab5_pkg', 'catkin_cmake_args': None, 'catkin_skip_building_tests': False, 'cmake_args': None, 'cmake_clean_cache': False, 'cmake_clean_first': False, 'cmake_force_configure': False, 'cmake_target': None, 'cmake_target_skip_unavailable': False, 'install_base': '/home/ashley.akamine/rampagingRoombas/turtlebot4_ws/install/lab5_pkg', 'merge_install': False, 'path': '/home/ashley.akamine/rampagingRoombas/turtlebot4_ws/src/lab5_pkg', 'symlink_install': False, 'test_result_base': None}
[2.643s] Level 5:colcon.colcon_core.verb:set package 'turtlebot_lab_bringup' build argument 'cmake_args' from command line to 'None'
[2.643s] Level 5:colcon.colcon_core.verb:set package 'turtlebot_lab_bringup' build argument 'cmake_target' from command line to 'None'
[2.643s] Level 5:colcon.colcon_core.verb:set package 'turtlebot_lab_bringup' build argument 'cmake_target_skip_unavailable' from command line to 'False'
[2.643s] Level 5:colcon.colcon_core.verb:set package 'turtlebot_lab_bringup' build argument 'cmake_clean_cache' from command line to 'False'
[2.643s] Level 5:colcon.colcon_core.verb:set package 'turtlebot_lab_bringup' build argument 'cmake_clean_first' from command line to 'False'
[2.643s] Level 5:colcon.colcon_core.verb:set package 'turtlebot_lab_bringup' build argument 'cmake_force_configure' from command line to 'False'
[2.643s] Level 5:colcon.colcon_core.verb:set package 'turtlebot_lab_bringup' build argument 'ament_cmake_args' from command line to 'None'
[2.643s] Level 5:colcon.colcon_core.verb:set package 'turtlebot_lab_bringup' build argument 'catkin_cmake_args' from command line to 'None'
[2.643s] Level 5:colcon.colcon_core.verb:set package 'turtlebot_lab_bringup' build argument 'catkin_skip_building_tests' from command line to 'False'
[2.643s] DEBUG:colcon.colcon_core.verb:Building package 'turtlebot_lab_bringup' with the following arguments: {'ament_cmake_args': None, 'build_base': '/home/ashley.akamine/rampagingRoombas/turtlebot4_ws/build/turtlebot_lab_bringup', 'catkin_cmake_args': None, 'catkin_skip_building_tests': False, 'cmake_args': None, 'cmake_clean_cache': False, 'cmake_clean_first': False, 'cmake_force_configure': False, 'cmake_target': None, 'cmake_target_skip_unavailable': False, 'install_base': '/home/ashley.akamine/rampagingRoombas/turtlebot4_ws/install/turtlebot_lab_bringup', 'merge_install': False, 'path': '/home/ashley.akamine/rampagingRoombas/turtlebot4_ws/src/turtlebot_lab_bringup', 'symlink_install': False, 'test_result_base': None}
[2.643s] INFO:colcon.colcon_core.executor:Executing jobs using 'parallel' executor
[2.644s] DEBUG:colcon.colcon_parallel_executor.executor.parallel:run_until_complete
[2.644s] INFO:colcon.colcon_ros.task.ament_cmake.build:Building ROS package in '/home/ashley.akamine/rampagingRoombas/turtlebot4_ws/src/custom_interfaces' with build type 'ament_cmake'
[2.644s] INFO:colcon.colcon_cmake.task.cmake.build:Building CMake package in '/home/ashley.akamine/rampagingRoombas/turtlebot4_ws/src/custom_interfaces'
[2.659s] INFO:colcon.colcon_core.plugin_system:Skipping extension 'colcon_core.shell.bat': Not used on non-Windows systems
[2.660s] INFO:colcon.colcon_core.shell:Skip shell extension 'powershell' for command environment: Not usable outside of PowerShell
[2.660s] DEBUG:colcon.colcon_core.shell:Skip shell extension 'dsv' for command environment
[2.666s] INFO:colcon.colcon_ros.task.ament_python.build:Building ROS package in '/home/ashley.akamine/rampagingRoombas/turtlebot4_ws/src/lab2_pkg' with build type 'ament_python'
[2.666s] Level 1:colcon.colcon_core.shell:create_environment_hook('lab2_pkg', 'ament_prefix_path')
[2.666s] INFO:colcon.colcon_core.shell:Creating environment hook '/home/ashley.akamine/rampagingRoombas/turtlebot4_ws/install/lab2_pkg/share/lab2_pkg/hook/ament_prefix_path.ps1'
[2.675s] INFO:colcon.colcon_core.shell:Creating environment descriptor '/home/ashley.akamine/rampagingRoombas/turtlebot4_ws/install/lab2_pkg/share/lab2_pkg/hook/ament_prefix_path.dsv'
[2.677s] INFO:colcon.colcon_core.shell:Creating environment hook '/home/ashley.akamine/rampagingRoombas/turtlebot4_ws/install/lab2_pkg/share/lab2_pkg/hook/ament_prefix_path.sh'
[2.682s] INFO:colcon.colcon_core.shell:Skip shell extension 'powershell' for command environment: Not usable outside of PowerShell
[2.682s] DEBUG:colcon.colcon_core.shell:Skip shell extension 'dsv' for command environment
[2.687s] INFO:colcon.colcon_ros.task.ament_python.build:Building ROS package in '/home/ashley.akamine/rampagingRoombas/turtlebot4_ws/src/lab1_pkg' with build type 'ament_python'
[2.687s] Level 1:colcon.colcon_core.shell:create_environment_hook('lab1_pkg', 'ament_prefix_path')
[2.687s] INFO:colcon.colcon_core.shell:Creating environment hook '/home/ashley.akamine/rampagingRoombas/turtlebot4_ws/install/lab1_pkg/share/lab1_pkg/hook/ament_prefix_path.ps1'
[2.690s] INFO:colcon.colcon_core.shell:Creating environment descriptor '/home/ashley.akamine/rampagingRoombas/turtlebot4_ws/install/lab1_pkg/share/lab1_pkg/hook/ament_prefix_path.dsv'
[2.691s] INFO:colcon.colcon_core.shell:Creating environment hook '/home/ashley.akamine/rampagingRoombas/turtlebot4_ws/install/lab1_pkg/share/lab1_pkg/hook/ament_prefix_path.sh'
[2.693s] INFO:colcon.colcon_core.shell:Skip shell extension 'powershell' for command environment: Not usable outside of PowerShell
[2.693s] DEBUG:colcon.colcon_core.shell:Skip shell extension 'dsv' for command environment
[2.698s] INFO:colcon.colcon_ros.task.ament_python.build:Building ROS package in '/home/ashley.akamine/rampagingRoombas/turtlebot4_ws/src/lab6_pkg' with build type 'ament_python'
[2.698s] Level 1:colcon.colcon_core.shell:create_environment_hook('lab6_pkg', 'ament_prefix_path')
[2.699s] INFO:colcon.colcon_core.shell:Creating environment hook '/home/ashley.akamine/rampagingRoombas/turtlebot4_ws/install/lab6_pkg/share/lab6_pkg/hook/ament_prefix_path.ps1'
[2.701s] INFO:colcon.colcon_core.shell:Creating environment descriptor '/home/ashley.akamine/rampagingRoombas/turtlebot4_ws/install/lab6_pkg/share/lab6_pkg/hook/ament_prefix_path.dsv'
[2.702s] INFO:colcon.colcon_core.shell:Creating environment hook '/home/ashley.akamine/rampagingRoombas/turtlebot4_ws/install/lab6_pkg/share/lab6_pkg/hook/ament_prefix_path.sh'
[2.704s] INFO:colcon.colcon_core.shell:Skip shell extension 'powershell' for command environment: Not usable outside of PowerShell
[2.704s] DEBUG:colcon.colcon_core.shell:Skip shell extension 'dsv' for command environment
[2.722s] DEBUG:colcon.colcon_core.event_handler.log_command:Invoking command in '/home/ashley.akamine/rampagingRoombas/turtlebot4_ws/build/custom_interfaces': CMAKE_PREFIX_PATH=${CMAKE_PREFIX_PATH}:/home/ashley.akamine/rampagingRoombas/turtlebot4_ws/install/lab6_pkg:/home/ashley.akamine/rampagingRoombas/turtlebot4_ws/install/lab5_pkg:/home/ashley.akamine/rampagingRoombas/turtlebot4_ws/install/lab3_pkg:/home/ashley.akamine/rampagingRoombas/turtlebot4_ws/install/lab2_pkg:/home/ashley.akamine/rampagingRoombas/turtlebot4_ws/install/lab1_pkg:/home/ashley.akamine/inclass_ws/install/chatroom_pkg:/home/ashley.akamine/inclass_ws/install/cat_nap:/opt/ros/humble /usr/bin/cmake --build /home/ashley.akamine/rampagingRoombas/turtlebot4_ws/build/custom_interfaces -- -j16 -l16
[3.001s] INFO:colcon.colcon_core.task.python.build:Building Python package in '/home/ashley.akamine/rampagingRoombas/turtlebot4_ws/src/lab2_pkg'
[3.001s] INFO:colcon.colcon_core.shell:Skip shell extension 'powershell' for command environment: Not usable outside of PowerShell
[3.001s] DEBUG:colcon.colcon_core.shell:Skip shell extension 'dsv' for command environment
[3.247s] INFO:colcon.colcon_core.task.python.build:Building Python package in '/home/ashley.akamine/rampagingRoombas/turtlebot4_ws/src/lab1_pkg'
[3.247s] INFO:colcon.colcon_core.shell:Skip shell extension 'powershell' for command environment: Not usable outside of PowerShell
[3.247s] DEBUG:colcon.colcon_core.shell:Skip shell extension 'dsv' for command environment
[3.504s] INFO:colcon.colcon_core.task.python.build:Building Python package in '/home/ashley.akamine/rampagingRoombas/turtlebot4_ws/src/lab6_pkg'
[3.504s] INFO:colcon.colcon_core.shell:Skip shell extension 'powershell' for command environment: Not usable outside of PowerShell
[3.505s] DEBUG:colcon.colcon_core.shell:Skip shell extension 'dsv' for command environment
[3.512s] DEBUG:colcon.colcon_core.event_handler.log_command:Invoked command in '/home/ashley.akamine/rampagingRoombas/turtlebot4_ws/build/custom_interfaces' returned '0': CMAKE_PREFIX_PATH=${CMAKE_PREFIX_PATH}:/home/ashley.akamine/rampagingRoombas/turtlebot4_ws/install/lab6_pkg:/home/ashley.akamine/rampagingRoombas/turtlebot4_ws/install/lab5_pkg:/home/ashley.akamine/rampagingRoombas/turtlebot4_ws/install/lab3_pkg:/home/ashley.akamine/rampagingRoombas/turtlebot4_ws/install/lab2_pkg:/home/ashley.akamine/rampagingRoombas/turtlebot4_ws/install/lab1_pkg:/home/ashley.akamine/inclass_ws/install/chatroom_pkg:/home/ashley.akamine/inclass_ws/install/cat_nap:/opt/ros/humble /usr/bin/cmake --build /home/ashley.akamine/rampagingRoombas/turtlebot4_ws/build/custom_interfaces -- -j16 -l16
[3.523s] DEBUG:colcon.colcon_core.event_handler.log_command:Invoking command in '/home/ashley.akamine/rampagingRoombas/turtlebot4_ws/build/custom_interfaces': CMAKE_PREFIX_PATH=${CMAKE_PREFIX_PATH}:/home/ashley.akamine/rampagingRoombas/turtlebot4_ws/install/lab6_pkg:/home/ashley.akamine/rampagingRoombas/turtlebot4_ws/install/lab5_pkg:/home/ashley.akamine/rampagingRoombas/turtlebot4_ws/install/lab3_pkg:/home/ashley.akamine/rampagingRoombas/turtlebot4_ws/install/lab2_pkg:/home/ashley.akamine/rampagingRoombas/turtlebot4_ws/install/lab1_pkg:/home/ashley.akamine/inclass_ws/install/chatroom_pkg:/home/ashley.akamine/inclass_ws/install/cat_nap:/opt/ros/humble /usr/bin/cmake --install /home/ashley.akamine/rampagingRoombas/turtlebot4_ws/build/custom_interfaces
[3.954s] Level 1:colcon.colcon_core.environment:create_environment_scripts_only(custom_interfaces)
[3.955s] DEBUG:colcon.colcon_core.event_handler.log_command:Invoked command in '/home/ashley.akamine/rampagingRoombas/turtlebot4_ws/build/custom_interfaces' returned '0': CMAKE_PREFIX_PATH=${CMAKE_PREFIX_PATH}:/home/ashley.akamine/rampagingRoombas/turtlebot4_ws/install/lab6_pkg:/home/ashley.akamine/rampagingRoombas/turtlebot4_ws/install/lab5_pkg:/home/ashley.akamine/rampagingRoombas/turtlebot4_ws/install/lab3_pkg:/home/ashley.akamine/rampagingRoombas/turtlebot4_ws/install/lab2_pkg:/home/ashley.akamine/rampagingRoombas/turtlebot4_ws/install/lab1_pkg:/home/ashley.akamine/inclass_ws/install/chatroom_pkg:/home/ashley.akamine/inclass_ws/install/cat_nap:/opt/ros/humble /usr/bin/cmake --install /home/ashley.akamine/rampagingRoombas/turtlebot4_ws/build/custom_interfaces
[3.970s] Level 1:colcon.colcon_core.environment:checking '/home/ashley.akamine/rampagingRoombas/turtlebot4_ws/install/custom_interfaces' for CMake module files
[3.971s] Level 1:colcon.colcon_core.environment:checking '/home/ashley.akamine/rampagingRoombas/turtlebot4_ws/install/custom_interfaces' for CMake config files
[3.971s] Level 1:colcon.colcon_core.shell:create_environment_hook('custom_interfaces', 'cmake_prefix_path')
[3.972s] INFO:colcon.colcon_core.shell:Creating environment hook '/home/ashley.akamine/rampagingRoombas/turtlebot4_ws/install/custom_interfaces/share/custom_interfaces/hook/cmake_prefix_path.ps1'
[3.975s] INFO:colcon.colcon_core.shell:Creating environment descriptor '/home/ashley.akamine/rampagingRoombas/turtlebot4_ws/install/custom_interfaces/share/custom_interfaces/hook/cmake_prefix_path.dsv'
[3.975s] INFO:colcon.colcon_core.shell:Creating environment hook '/home/ashley.akamine/rampagingRoombas/turtlebot4_ws/install/custom_interfaces/share/custom_interfaces/hook/cmake_prefix_path.sh'
[3.978s] Level 1:colcon.colcon_core.environment:checking '/home/ashley.akamine/rampagingRoombas/turtlebot4_ws/install/custom_interfaces/lib'
[3.978s] Level 1:colcon.colcon_core.shell:create_environment_hook('custom_interfaces', 'ld_library_path_lib')
[3.978s] INFO:colcon.colcon_core.shell:Creating environment hook '/home/ashley.akamine/rampagingRoombas/turtlebot4_ws/install/custom_interfaces/share/custom_interfaces/hook/ld_library_path_lib.ps1'
[3.981s] INFO:colcon.colcon_core.shell:Creating environment descriptor '/home/ashley.akamine/rampagingRoombas/turtlebot4_ws/install/custom_interfaces/share/custom_interfaces/hook/ld_library_path_lib.dsv'
[3.981s] INFO:colcon.colcon_core.shell:Creating environment hook '/home/ashley.akamine/rampagingRoombas/turtlebot4_ws/install/custom_interfaces/share/custom_interfaces/hook/ld_library_path_lib.sh'
[3.983s] Level 1:colcon.colcon_core.environment:checking '/home/ashley.akamine/rampagingRoombas/turtlebot4_ws/install/custom_interfaces/bin'
[3.983s] Level 1:colcon.colcon_core.environment:checking '/home/ashley.akamine/rampagingRoombas/turtlebot4_ws/install/custom_interfaces/lib/pkgconfig/custom_interfaces.pc'
[3.983s] Level 1:colcon.colcon_core.environment:checking '/home/ashley.akamine/rampagingRoombas/turtlebot4_ws/install/custom_interfaces/lib/python3.10/site-packages'
[3.983s] Level 1:colcon.colcon_core.environment:checking '/home/ashley.akamine/rampagingRoombas/turtlebot4_ws/install/custom_interfaces/bin'
[3.983s] INFO:colcon.colcon_core.shell:Creating package script '/home/ashley.akamine/rampagingRoombas/turtlebot4_ws/install/custom_interfaces/share/custom_interfaces/package.ps1'
[4.012s] INFO:colcon.colcon_core.shell:Creating package descriptor '/home/ashley.akamine/rampagingRoombas/turtlebot4_ws/install/custom_interfaces/share/custom_interfaces/package.dsv'
[4.014s] INFO:colcon.colcon_core.shell:Creating package script '/home/ashley.akamine/rampagingRoombas/turtlebot4_ws/install/custom_interfaces/share/custom_interfaces/package.sh'
[4.017s] INFO:colcon.colcon_core.shell:Creating package script '/home/ashley.akamine/rampagingRoombas/turtlebot4_ws/install/custom_interfaces/share/custom_interfaces/package.bash'
[4.026s] INFO:colcon.colcon_core.shell:Creating package script '/home/ashley.akamine/rampagingRoombas/turtlebot4_ws/install/custom_interfaces/share/custom_interfaces/package.zsh'
[4.036s] Level 1:colcon.colcon_core.environment:create_file_with_runtime_dependencies(/home/ashley.akamine/rampagingRoombas/turtlebot4_ws/install/custom_interfaces/share/colcon-core/packages/custom_interfaces)
[4.036s] Level 1:colcon.colcon_core.environment:create_environment_scripts_only(custom_interfaces)
[4.037s] Level 1:colcon.colcon_core.environment:checking '/home/ashley.akamine/rampagingRoombas/turtlebot4_ws/install/custom_interfaces' for CMake module files
[4.037s] Level 1:colcon.colcon_core.environment:checking '/home/ashley.akamine/rampagingRoombas/turtlebot4_ws/install/custom_interfaces' for CMake config files
[4.037s] Level 1:colcon.colcon_core.shell:create_environment_hook('custom_interfaces', 'cmake_prefix_path')
[4.037s] INFO:colcon.colcon_core.shell:Creating environment hook '/home/ashley.akamine/rampagingRoombas/turtlebot4_ws/install/custom_interfaces/share/custom_interfaces/hook/cmake_prefix_path.ps1'
[4.038s] INFO:colcon.colcon_core.shell:Creating environment descriptor '/home/ashley.akamine/rampagingRoombas/turtlebot4_ws/install/custom_interfaces/share/custom_interfaces/hook/cmake_prefix_path.dsv'
[4.038s] INFO:colcon.colcon_core.shell:Creating environment hook '/home/ashley.akamine/rampagingRoombas/turtlebot4_ws/install/custom_interfaces/share/custom_interfaces/hook/cmake_prefix_path.sh'
[4.039s] Level 1:colcon.colcon_core.environment:checking '/home/ashley.akamine/rampagingRoombas/turtlebot4_ws/install/custom_interfaces/lib'
[4.039s] Level 1:colcon.colcon_core.shell:create_environment_hook('custom_interfaces', 'ld_library_path_lib')
[4.039s] INFO:colcon.colcon_core.shell:Creating environment hook '/home/ashley.akamine/rampagingRoombas/turtlebot4_ws/install/custom_interfaces/share/custom_interfaces/hook/ld_library_path_lib.ps1'
[4.039s] INFO:colcon.colcon_core.shell:Creating environment descriptor '/home/ashley.akamine/rampagingRoombas/turtlebot4_ws/install/custom_interfaces/share/custom_interfaces/hook/ld_library_path_lib.dsv'
[4.039s] INFO:colcon.colcon_core.shell:Creating environment hook '/home/ashley.akamine/rampagingRoombas/turtlebot4_ws/install/custom_interfaces/share/custom_interfaces/hook/ld_library_path_lib.sh'
[4.040s] Level 1:colcon.colcon_core.environment:checking '/home/ashley.akamine/rampagingRoombas/turtlebot4_ws/install/custom_interfaces/bin'
[4.040s] Level 1:colcon.colcon_core.environment:checking '/home/ashley.akamine/rampagingRoombas/turtlebot4_ws/install/custom_interfaces/lib/pkgconfig/custom_interfaces.pc'
[4.040s] Level 1:colcon.colcon_core.environment:checking '/home/ashley.akamine/rampagingRoombas/turtlebot4_ws/install/custom_interfaces/lib/python3.10/site-packages'
[4.040s] Level 1:colcon.colcon_core.environment:checking '/home/ashley.akamine/rampagingRoombas/turtlebot4_ws/install/custom_interfaces/bin'
[4.040s] INFO:colcon.colcon_core.shell:Creating package script '/home/ashley.akamine/rampagingRoombas/turtlebot4_ws/install/custom_interfaces/share/custom_interfaces/package.ps1'
[4.041s] INFO:colcon.colcon_core.shell:Creating package descriptor '/home/ashley.akamine/rampagingRoombas/turtlebot4_ws/install/custom_interfaces/share/custom_interfaces/package.dsv'
[4.041s] INFO:colcon.colcon_core.shell:Creating package script '/home/ashley.akamine/rampagingRoombas/turtlebot4_ws/install/custom_interfaces/share/custom_interfaces/package.sh'
[4.042s] INFO:colcon.colcon_core.shell:Creating package script '/home/ashley.akamine/rampagingRoombas/turtlebot4_ws/install/custom_interfaces/share/custom_interfaces/package.bash'
[4.042s] INFO:colcon.colcon_core.shell:Creating package script '/home/ashley.akamine/rampagingRoombas/turtlebot4_ws/install/custom_interfaces/share/custom_interfaces/package.zsh'
[4.043s] Level 1:colcon.colcon_core.environment:create_file_with_runtime_dependencies(/home/ashley.akamine/rampagingRoombas/turtlebot4_ws/install/custom_interfaces/share/colcon-core/packages/custom_interfaces)
[4.043s] INFO:colcon.colcon_ros.task.ament_python.build:Building ROS package in '/home/ashley.akamine/rampagingRoombas/turtlebot4_ws/src/lab3_pkg' with build type 'ament_python'
[4.043s] Level 1:colcon.colcon_core.shell:create_environment_hook('lab3_pkg', 'ament_prefix_path')
[4.044s] INFO:colcon.colcon_core.shell:Creating environment hook '/home/ashley.akamine/rampagingRoombas/turtlebot4_ws/install/lab3_pkg/share/lab3_pkg/hook/ament_prefix_path.ps1'
[4.048s] INFO:colcon.colcon_core.shell:Creating environment descriptor '/home/ashley.akamine/rampagingRoombas/turtlebot4_ws/install/lab3_pkg/share/lab3_pkg/hook/ament_prefix_path.dsv'
[4.049s] INFO:colcon.colcon_core.shell:Creating environment hook '/home/ashley.akamine/rampagingRoombas/turtlebot4_ws/install/lab3_pkg/share/lab3_pkg/hook/ament_prefix_path.sh'
[4.051s] INFO:colcon.colcon_core.shell:Skip shell extension 'powershell' for command environment: Not usable outside of PowerShell
[4.051s] DEBUG:colcon.colcon_core.shell:Skip shell extension 'dsv' for command environment
[4.056s] INFO:colcon.colcon_ros.task.ament_python.build:Building ROS package in '/home/ashley.akamine/rampagingRoombas/turtlebot4_ws/src/lab5_pkg' with build type 'ament_python'
[4.056s] Level 1:colcon.colcon_core.shell:create_environment_hook('lab5_pkg', 'ament_prefix_path')
[4.056s] INFO:colcon.colcon_core.shell:Creating environment hook '/home/ashley.akamine/rampagingRoombas/turtlebot4_ws/install/lab5_pkg/share/lab5_pkg/hook/ament_prefix_path.ps1'
[4.060s] INFO:colcon.colcon_core.shell:Creating environment descriptor '/home/ashley.akamine/rampagingRoombas/turtlebot4_ws/install/lab5_pkg/share/lab5_pkg/hook/ament_prefix_path.dsv'
[4.061s] INFO:colcon.colcon_core.shell:Creating environment hook '/home/ashley.akamine/rampagingRoombas/turtlebot4_ws/install/lab5_pkg/share/lab5_pkg/hook/ament_prefix_path.sh'
[4.064s] INFO:colcon.colcon_core.shell:Skip shell extension 'powershell' for command environment: Not usable outside of PowerShell
[4.064s] DEBUG:colcon.colcon_core.shell:Skip shell extension 'dsv' for command environment
[4.332s] INFO:colcon.colcon_core.task.python.build:Building Python package in '/home/ashley.akamine/rampagingRoombas/turtlebot4_ws/src/lab5_pkg'
[4.332s] INFO:colcon.colcon_core.shell:Skip shell extension 'powershell' for command environment: Not usable outside of PowerShell
[4.332s] DEBUG:colcon.colcon_core.shell:Skip shell extension 'dsv' for command environment
[4.571s] INFO:colcon.colcon_core.task.python.build:Building Python package in '/home/ashley.akamine/rampagingRoombas/turtlebot4_ws/src/lab3_pkg'
[4.571s] INFO:colcon.colcon_core.shell:Skip shell extension 'powershell' for command environment: Not usable outside of PowerShell
[4.571s] DEBUG:colcon.colcon_core.shell:Skip shell extension 'dsv' for command environment
[5.119s] DEBUG:colcon.colcon_core.event_handler.log_command:Invoking command in '/home/ashley.akamine/rampagingRoombas/turtlebot4_ws/src/lab1_pkg': PYTHONPATH=/home/ashley.akamine/rampagingRoombas/turtlebot4_ws/build/lab1_pkg/prefix_override:/usr/lib/python3/dist-packages/colcon_core/task/python/colcon_distutils_commands:/home/ashley.akamine/rampagingRoombas/turtlebot4_ws/install/lab1_pkg/lib/python3.10/site-packages:${PYTHONPATH} /usr/bin/python3 -W ignore:setup.py install is deprecated -W ignore:easy_install command is deprecated setup.py egg_info --egg-base ../../build/lab1_pkg build --build-base /home/ashley.akamine/rampagingRoombas/turtlebot4_ws/build/lab1_pkg/build install --record /home/ashley.akamine/rampagingRoombas/turtlebot4_ws/build/lab1_pkg/install.log --single-version-externally-managed install_data
[5.122s] DEBUG:colcon.colcon_core.event_handler.log_command:Invoking command in '/home/ashley.akamine/rampagingRoombas/turtlebot4_ws/src/lab2_pkg': PYTHONPATH=/home/ashley.akamine/rampagingRoombas/turtlebot4_ws/build/lab2_pkg/prefix_override:/usr/lib/python3/dist-packages/colcon_core/task/python/colcon_distutils_commands:/home/ashley.akamine/rampagingRoombas/turtlebot4_ws/install/lab2_pkg/lib/python3.10/site-packages:${PYTHONPATH} /usr/bin/python3 -W ignore:setup.py install is deprecated -W ignore:easy_install command is deprecated setup.py egg_info --egg-base ../../build/lab2_pkg build --build-base /home/ashley.akamine/rampagingRoombas/turtlebot4_ws/build/lab2_pkg/build install --record /home/ashley.akamine/rampagingRoombas/turtlebot4_ws/build/lab2_pkg/install.log --single-version-externally-managed install_data
[5.123s] DEBUG:colcon.colcon_core.event_handler.log_command:Invoking command in '/home/ashley.akamine/rampagingRoombas/turtlebot4_ws/src/lab3_pkg': CMAKE_PREFIX_PATH=/home/ashley.akamine/rampagingRoombas/turtlebot4_ws/install/custom_interfaces:/home/ashley.akamine/rampagingRoombas/turtlebot4_ws/install/turtlebot_lab_bringup:/home/ashley.akamine/inclass_ws/install/custom_interfaces PYTHONPATH=/home/ashley.akamine/rampagingRoombas/turtlebot4_ws/build/lab3_pkg/prefix_override:/usr/lib/python3/dist-packages/colcon_core/task/python/colcon_distutils_commands:/home/ashley.akamine/rampagingRoombas/turtlebot4_ws/install/lab3_pkg/lib/python3.10/site-packages:${PYTHONPATH} /usr/bin/python3 -W ignore:setup.py install is deprecated -W ignore:easy_install command is deprecated setup.py egg_info --egg-base ../../build/lab3_pkg build --build-base /home/ashley.akamine/rampagingRoombas/turtlebot4_ws/build/lab3_pkg/build install --record /home/ashley.akamine/rampagingRoombas/turtlebot4_ws/build/lab3_pkg/install.log --single-version-externally-managed install_data
[5.125s] DEBUG:colcon.colcon_core.event_handler.log_command:Invoking command in '/home/ashley.akamine/rampagingRoombas/turtlebot4_ws/src/lab6_pkg': PYTHONPATH=/home/ashley.akamine/rampagingRoombas/turtlebot4_ws/build/lab6_pkg/prefix_override:/usr/lib/python3/dist-packages/colcon_core/task/python/colcon_distutils_commands:/home/ashley.akamine/rampagingRoombas/turtlebot4_ws/install/lab6_pkg/lib/python3.10/site-packages:${PYTHONPATH} /usr/bin/python3 -W ignore:setup.py install is deprecated -W ignore:easy_install command is deprecated setup.py egg_info --egg-base ../../build/lab6_pkg build --build-base /home/ashley.akamine/rampagingRoombas/turtlebot4_ws/build/lab6_pkg/build install --record /home/ashley.akamine/rampagingRoombas/turtlebot4_ws/build/lab6_pkg/install.log --single-version-externally-managed install_data
[5.126s] DEBUG:colcon.colcon_core.event_handler.log_command:Invoking command in '/home/ashley.akamine/rampagingRoombas/turtlebot4_ws/src/lab5_pkg': CMAKE_PREFIX_PATH=/home/ashley.akamine/rampagingRoombas/turtlebot4_ws/install/custom_interfaces:/home/ashley.akamine/rampagingRoombas/turtlebot4_ws/install/turtlebot_lab_bringup:/home/ashley.akamine/inclass_ws/install/custom_interfaces PYTHONPATH=/home/ashley.akamine/rampagingRoombas/turtlebot4_ws/build/lab5_pkg/prefix_override:/usr/lib/python3/dist-packages/colcon_core/task/python/colcon_distutils_commands:/home/ashley.akamine/rampagingRoombas/turtlebot4_ws/install/lab5_pkg/lib/python3.10/site-packages:${PYTHONPATH} /usr/bin/python3 -W ignore:setup.py install is deprecated -W ignore:easy_install command is deprecated setup.py egg_info --egg-base ../../build/lab5_pkg build --build-base /home/ashley.akamine/rampagingRoombas/turtlebot4_ws/build/lab5_pkg/build install --record /home/ashley.akamine/rampagingRoombas/turtlebot4_ws/build/lab5_pkg/install.log --single-version-externally-managed install_data
[5.435s] Level 1:colcon.colcon_core.environment:checking '/home/ashley.akamine/rampagingRoombas/turtlebot4_ws/install/lab3_pkg' for CMake module files
[5.436s] DEBUG:colcon.colcon_core.event_handler.log_command:Invoked command in '/home/ashley.akamine/rampagingRoombas/turtlebot4_ws/src/lab3_pkg' returned '0': CMAKE_PREFIX_PATH=/home/ashley.akamine/rampagingRoombas/turtlebot4_ws/install/custom_interfaces:/home/ashley.akamine/rampagingRoombas/turtlebot4_ws/install/turtlebot_lab_bringup:/home/ashley.akamine/inclass_ws/install/custom_interfaces PYTHONPATH=/home/ashley.akamine/rampagingRoombas/turtlebot4_ws/build/lab3_pkg/prefix_override:/usr/lib/python3/dist-packages/colcon_core/task/python/colcon_distutils_commands:/home/ashley.akamine/rampagingRoombas/turtlebot4_ws/install/lab3_pkg/lib/python3.10/site-packages:${PYTHONPATH} /usr/bin/python3 -W ignore:setup.py install is deprecated -W ignore:easy_install command is deprecated setup.py egg_info --egg-base ../../build/lab3_pkg build --build-base /home/ashley.akamine/rampagingRoombas/turtlebot4_ws/build/lab3_pkg/build install --record /home/ashley.akamine/rampagingRoombas/turtlebot4_ws/build/lab3_pkg/install.log --single-version-externally-managed install_data
[5.436s] Level 1:colcon.colcon_core.environment:checking '/home/ashley.akamine/rampagingRoombas/turtlebot4_ws/install/lab3_pkg' for CMake config files
[5.437s] Level 1:colcon.colcon_core.environment:checking '/home/ashley.akamine/rampagingRoombas/turtlebot4_ws/install/lab3_pkg/lib'
[5.437s] Level 1:colcon.colcon_core.environment:checking '/home/ashley.akamine/rampagingRoombas/turtlebot4_ws/install/lab3_pkg/bin'
[5.437s] Level 1:colcon.colcon_core.environment:checking '/home/ashley.akamine/rampagingRoombas/turtlebot4_ws/install/lab3_pkg/lib/pkgconfig/lab3_pkg.pc'
[5.437s] Level 1:colcon.colcon_core.environment:checking '/home/ashley.akamine/rampagingRoombas/turtlebot4_ws/install/lab3_pkg/lib/python3.10/site-packages'
[5.437s] Level 1:colcon.colcon_core.shell:create_environment_hook('lab3_pkg', 'pythonpath')
[5.437s] INFO:colcon.colcon_core.shell:Creating environment hook '/home/ashley.akamine/rampagingRoombas/turtlebot4_ws/install/lab3_pkg/share/lab3_pkg/hook/pythonpath.ps1'
[5.442s] INFO:colcon.colcon_core.shell:Creating environment descriptor '/home/ashley.akamine/rampagingRoombas/turtlebot4_ws/install/lab3_pkg/share/lab3_pkg/hook/pythonpath.dsv'
[5.442s] INFO:colcon.colcon_core.shell:Creating environment hook '/home/ashley.akamine/rampagingRoombas/turtlebot4_ws/install/lab3_pkg/share/lab3_pkg/hook/pythonpath.sh'
[5.445s] Level 1:colcon.colcon_core.environment:checking '/home/ashley.akamine/rampagingRoombas/turtlebot4_ws/install/lab3_pkg/bin'
[5.445s] Level 1:colcon.colcon_core.environment:create_environment_scripts_only(lab3_pkg)
[5.446s] INFO:colcon.colcon_core.shell:Creating package script '/home/ashley.akamine/rampagingRoombas/turtlebot4_ws/install/lab3_pkg/share/lab3_pkg/package.ps1'
[5.472s] INFO:colcon.colcon_core.shell:Creating package descriptor '/home/ashley.akamine/rampagingRoombas/turtlebot4_ws/install/lab3_pkg/share/lab3_pkg/package.dsv'
[5.473s] INFO:colcon.colcon_core.shell:Creating package script '/home/ashley.akamine/rampagingRoombas/turtlebot4_ws/install/lab3_pkg/share/lab3_pkg/package.sh'
[5.475s] INFO:colcon.colcon_core.shell:Creating package script '/home/ashley.akamine/rampagingRoombas/turtlebot4_ws/install/lab3_pkg/share/lab3_pkg/package.bash'
[5.479s] INFO:colcon.colcon_core.shell:Creating package script '/home/ashley.akamine/rampagingRoombas/turtlebot4_ws/install/lab3_pkg/share/lab3_pkg/package.zsh'
[5.483s] Level 1:colcon.colcon_core.environment:create_file_with_runtime_dependencies(/home/ashley.akamine/rampagingRoombas/turtlebot4_ws/install/lab3_pkg/share/colcon-core/packages/lab3_pkg)
[5.485s] Level 1:colcon.colcon_core.environment:checking '/home/ashley.akamine/rampagingRoombas/turtlebot4_ws/install/lab6_pkg' for CMake module files
[5.486s] DEBUG:colcon.colcon_core.event_handler.log_command:Invoked command in '/home/ashley.akamine/rampagingRoombas/turtlebot4_ws/src/lab6_pkg' returned '0': PYTHONPATH=/home/ashley.akamine/rampagingRoombas/turtlebot4_ws/build/lab6_pkg/prefix_override:/usr/lib/python3/dist-packages/colcon_core/task/python/colcon_distutils_commands:/home/ashley.akamine/rampagingRoombas/turtlebot4_ws/install/lab6_pkg/lib/python3.10/site-packages:${PYTHONPATH} /usr/bin/python3 -W ignore:setup.py install is deprecated -W ignore:easy_install command is deprecated setup.py egg_info --egg-base ../../build/lab6_pkg build --build-base /home/ashley.akamine/rampagingRoombas/turtlebot4_ws/build/lab6_pkg/build install --record /home/ashley.akamine/rampagingRoombas/turtlebot4_ws/build/lab6_pkg/install.log --single-version-externally-managed install_data
[5.486s] Level 1:colcon.colcon_core.environment:checking '/home/ashley.akamine/rampagingRoombas/turtlebot4_ws/install/lab6_pkg' for CMake config files
[5.487s] Level 1:colcon.colcon_core.environment:checking '/home/ashley.akamine/rampagingRoombas/turtlebot4_ws/install/lab6_pkg/lib'
[5.487s] Level 1:colcon.colcon_core.environment:checking '/home/ashley.akamine/rampagingRoombas/turtlebot4_ws/install/lab6_pkg/bin'
[5.487s] Level 1:colcon.colcon_core.environment:checking '/home/ashley.akamine/rampagingRoombas/turtlebot4_ws/install/lab6_pkg/lib/pkgconfig/lab6_pkg.pc'
[5.487s] Level 1:colcon.colcon_core.environment:checking '/home/ashley.akamine/rampagingRoombas/turtlebot4_ws/install/lab6_pkg/lib/python3.10/site-packages'
[5.487s] Level 1:colcon.colcon_core.shell:create_environment_hook('lab6_pkg', 'pythonpath')
[5.487s] INFO:colcon.colcon_core.shell:Creating environment hook '/home/ashley.akamine/rampagingRoombas/turtlebot4_ws/install/lab6_pkg/share/lab6_pkg/hook/pythonpath.ps1'
[5.490s] INFO:colcon.colcon_core.shell:Creating environment descriptor '/home/ashley.akamine/rampagingRoombas/turtlebot4_ws/install/lab6_pkg/share/lab6_pkg/hook/pythonpath.dsv'
[5.491s] INFO:colcon.colcon_core.shell:Creating environment hook '/home/ashley.akamine/rampagingRoombas/turtlebot4_ws/install/lab6_pkg/share/lab6_pkg/hook/pythonpath.sh'
[5.492s] Level 1:colcon.colcon_core.environment:checking '/home/ashley.akamine/rampagingRoombas/turtlebot4_ws/install/lab6_pkg/bin'
[5.492s] Level 1:colcon.colcon_core.environment:create_environment_scripts_only(lab6_pkg)
[5.493s] INFO:colcon.colcon_core.shell:Creating package script '/home/ashley.akamine/rampagingRoombas/turtlebot4_ws/install/lab6_pkg/share/lab6_pkg/package.ps1'
[5.518s] INFO:colcon.colcon_core.shell:Creating package descriptor '/home/ashley.akamine/rampagingRoombas/turtlebot4_ws/install/lab6_pkg/share/lab6_pkg/package.dsv'
[5.519s] INFO:colcon.colcon_core.shell:Creating package script '/home/ashley.akamine/rampagingRoombas/turtlebot4_ws/install/lab6_pkg/share/lab6_pkg/package.sh'
[5.521s] INFO:colcon.colcon_core.shell:Creating package script '/home/ashley.akamine/rampagingRoombas/turtlebot4_ws/install/lab6_pkg/share/lab6_pkg/package.bash'
[5.525s] INFO:colcon.colcon_core.shell:Creating package script '/home/ashley.akamine/rampagingRoombas/turtlebot4_ws/install/lab6_pkg/share/lab6_pkg/package.zsh'
[5.529s] Level 1:colcon.colcon_core.environment:create_file_with_runtime_dependencies(/home/ashley.akamine/rampagingRoombas/turtlebot4_ws/install/lab6_pkg/share/colcon-core/packages/lab6_pkg)
[5.529s] Level 1:colcon.colcon_core.environment:checking '/home/ashley.akamine/rampagingRoombas/turtlebot4_ws/install/lab2_pkg' for CMake module files
[5.530s] Level 1:colcon.colcon_core.environment:checking '/home/ashley.akamine/rampagingRoombas/turtlebot4_ws/install/lab2_pkg' for CMake config files
[5.530s] DEBUG:colcon.colcon_core.event_handler.log_command:Invoked command in '/home/ashley.akamine/rampagingRoombas/turtlebot4_ws/src/lab2_pkg' returned '0': PYTHONPATH=/home/ashley.akamine/rampagingRoombas/turtlebot4_ws/build/lab2_pkg/prefix_override:/usr/lib/python3/dist-packages/colcon_core/task/python/colcon_distutils_commands:/home/ashley.akamine/rampagingRoombas/turtlebot4_ws/install/lab2_pkg/lib/python3.10/site-packages:${PYTHONPATH} /usr/bin/python3 -W ignore:setup.py install is deprecated -W ignore:easy_install command is deprecated setup.py egg_info --egg-base ../../build/lab2_pkg build --build-base /home/ashley.akamine/rampagingRoombas/turtlebot4_ws/build/lab2_pkg/build install --record /home/ashley.akamine/rampagingRoombas/turtlebot4_ws/build/lab2_pkg/install.log --single-version-externally-managed install_data
[5.530s] Level 1:colcon.colcon_core.environment:checking '/home/ashley.akamine/rampagingRoombas/turtlebot4_ws/install/lab2_pkg/lib'
[5.531s] Level 1:colcon.colcon_core.environment:checking '/home/ashley.akamine/rampagingRoombas/turtlebot4_ws/install/lab2_pkg/bin'
[5.531s] Level 1:colcon.colcon_core.environment:checking '/home/ashley.akamine/rampagingRoombas/turtlebot4_ws/install/lab2_pkg/lib/pkgconfig/lab2_pkg.pc'
[5.531s] Level 1:colcon.colcon_core.environment:checking '/home/ashley.akamine/rampagingRoombas/turtlebot4_ws/install/lab2_pkg/lib/python3.10/site-packages'
[5.531s] Level 1:colcon.colcon_core.shell:create_environment_hook('lab2_pkg', 'pythonpath')
[5.531s] INFO:colcon.colcon_core.shell:Creating environment hook '/home/ashley.akamine/rampagingRoombas/turtlebot4_ws/install/lab2_pkg/share/lab2_pkg/hook/pythonpath.ps1'
[5.535s] INFO:colcon.colcon_core.shell:Creating environment descriptor '/home/ashley.akamine/rampagingRoombas/turtlebot4_ws/install/lab2_pkg/share/lab2_pkg/hook/pythonpath.dsv'
[5.535s] INFO:colcon.colcon_core.shell:Creating environment hook '/home/ashley.akamine/rampagingRoombas/turtlebot4_ws/install/lab2_pkg/share/lab2_pkg/hook/pythonpath.sh'
[5.537s] Level 1:colcon.colcon_core.environment:checking '/home/ashley.akamine/rampagingRoombas/turtlebot4_ws/install/lab2_pkg/bin'
[5.537s] Level 1:colcon.colcon_core.environment:create_environment_scripts_only(lab2_pkg)
[5.537s] INFO:colcon.colcon_core.shell:Creating package script '/home/ashley.akamine/rampagingRoombas/turtlebot4_ws/install/lab2_pkg/share/lab2_pkg/package.ps1'
[5.562s] INFO:colcon.colcon_core.shell:Creating package descriptor '/home/ashley.akamine/rampagingRoombas/turtlebot4_ws/install/lab2_pkg/share/lab2_pkg/package.dsv'
[5.562s] INFO:colcon.colcon_core.shell:Creating package script '/home/ashley.akamine/rampagingRoombas/turtlebot4_ws/install/lab2_pkg/share/lab2_pkg/package.sh'
[5.564s] INFO:colcon.colcon_core.shell:Creating package script '/home/ashley.akamine/rampagingRoombas/turtlebot4_ws/install/lab2_pkg/share/lab2_pkg/package.bash'
[5.568s] INFO:colcon.colcon_core.shell:Creating package script '/home/ashley.akamine/rampagingRoombas/turtlebot4_ws/install/lab2_pkg/share/lab2_pkg/package.zsh'
[5.574s] Level 1:colcon.colcon_core.environment:create_file_with_runtime_dependencies(/home/ashley.akamine/rampagingRoombas/turtlebot4_ws/install/lab2_pkg/share/colcon-core/packages/lab2_pkg)
[5.574s] Level 1:colcon.colcon_core.environment:checking '/home/ashley.akamine/rampagingRoombas/turtlebot4_ws/install/lab5_pkg' for CMake module files
[5.575s] Level 1:colcon.colcon_core.environment:checking '/home/ashley.akamine/rampagingRoombas/turtlebot4_ws/install/lab5_pkg' for CMake config files
[5.576s] Level 1:colcon.colcon_core.environment:checking '/home/ashley.akamine/rampagingRoombas/turtlebot4_ws/install/lab5_pkg/lib'
[5.576s] Level 1:colcon.colcon_core.environment:checking '/home/ashley.akamine/rampagingRoombas/turtlebot4_ws/install/lab5_pkg/bin'
[5.576s] Level 1:colcon.colcon_core.environment:checking '/home/ashley.akamine/rampagingRoombas/turtlebot4_ws/install/lab5_pkg/lib/pkgconfig/lab5_pkg.pc'
[5.576s] Level 1:colcon.colcon_core.environment:checking '/home/ashley.akamine/rampagingRoombas/turtlebot4_ws/install/lab5_pkg/lib/python3.10/site-packages'
[5.577s] DEBUG:colcon.colcon_core.event_handler.log_command:Invoked command in '/home/ashley.akamine/rampagingRoombas/turtlebot4_ws/src/lab5_pkg' returned '0': CMAKE_PREFIX_PATH=/home/ashley.akamine/rampagingRoombas/turtlebot4_ws/install/custom_interfaces:/home/ashley.akamine/rampagingRoombas/turtlebot4_ws/install/turtlebot_lab_bringup:/home/ashley.akamine/inclass_ws/install/custom_interfaces PYTHONPATH=/home/ashley.akamine/rampagingRoombas/turtlebot4_ws/build/lab5_pkg/prefix_override:/usr/lib/python3/dist-packages/colcon_core/task/python/colcon_distutils_commands:/home/ashley.akamine/rampagingRoombas/turtlebot4_ws/install/lab5_pkg/lib/python3.10/site-packages:${PYTHONPATH} /usr/bin/python3 -W ignore:setup.py install is deprecated -W ignore:easy_install command is deprecated setup.py egg_info --egg-base ../../build/lab5_pkg build --build-base /home/ashley.akamine/rampagingRoombas/turtlebot4_ws/build/lab5_pkg/build install --record /home/ashley.akamine/rampagingRoombas/turtlebot4_ws/build/lab5_pkg/install.log --single-version-externally-managed install_data
[5.577s] Level 1:colcon.colcon_core.shell:create_environment_hook('lab5_pkg', 'pythonpath')
[5.577s] INFO:colcon.colcon_core.shell:Creating environment hook '/home/ashley.akamine/rampagingRoombas/turtlebot4_ws/install/lab5_pkg/share/lab5_pkg/hook/pythonpath.ps1'
[5.580s] INFO:colcon.colcon_core.shell:Creating environment descriptor '/home/ashley.akamine/rampagingRoombas/turtlebot4_ws/install/lab5_pkg/share/lab5_pkg/hook/pythonpath.dsv'
[5.581s] INFO:colcon.colcon_core.shell:Creating environment hook '/home/ashley.akamine/rampagingRoombas/turtlebot4_ws/install/lab5_pkg/share/lab5_pkg/hook/pythonpath.sh'
[5.582s] Level 1:colcon.colcon_core.environment:checking '/home/ashley.akamine/rampagingRoombas/turtlebot4_ws/install/lab5_pkg/bin'
[5.582s] Level 1:colcon.colcon_core.environment:create_environment_scripts_only(lab5_pkg)
[5.582s] INFO:colcon.colcon_core.shell:Creating package script '/home/ashley.akamine/rampagingRoombas/turtlebot4_ws/install/lab5_pkg/share/lab5_pkg/package.ps1'
[5.607s] INFO:colcon.colcon_core.shell:Creating package descriptor '/home/ashley.akamine/rampagingRoombas/turtlebot4_ws/install/lab5_pkg/share/lab5_pkg/package.dsv'
[5.608s] INFO:colcon.colcon_core.shell:Creating package script '/home/ashley.akamine/rampagingRoombas/turtlebot4_ws/install/lab5_pkg/share/lab5_pkg/package.sh'
[5.610s] INFO:colcon.colcon_core.shell:Creating package script '/home/ashley.akamine/rampagingRoombas/turtlebot4_ws/install/lab5_pkg/share/lab5_pkg/package.bash'
[5.614s] INFO:colcon.colcon_core.shell:Creating package script '/home/ashley.akamine/rampagingRoombas/turtlebot4_ws/install/lab5_pkg/share/lab5_pkg/package.zsh'
[5.618s] Level 1:colcon.colcon_core.environment:create_file_with_runtime_dependencies(/home/ashley.akamine/rampagingRoombas/turtlebot4_ws/install/lab5_pkg/share/colcon-core/packages/lab5_pkg)
[5.618s] INFO:colcon.colcon_ros.task.ament_cmake.build:Building ROS package in '/home/ashley.akamine/rampagingRoombas/turtlebot4_ws/src/turtlebot_lab_bringup' with build type 'ament_cmake'
[5.619s] INFO:colcon.colcon_cmake.task.cmake.build:Building CMake package in '/home/ashley.akamine/rampagingRoombas/turtlebot4_ws/src/turtlebot_lab_bringup'
[5.619s] INFO:colcon.colcon_core.shell:Skip shell extension 'powershell' for command environment: Not usable outside of PowerShell
[5.619s] DEBUG:colcon.colcon_core.shell:Skip shell extension 'dsv' for command environment
[5.626s] Level 1:colcon.colcon_core.environment:checking '/home/ashley.akamine/rampagingRoombas/turtlebot4_ws/install/lab1_pkg' for CMake module files
[5.626s] DEBUG:colcon.colcon_core.event_handler.log_command:Invoked command in '/home/ashley.akamine/rampagingRoombas/turtlebot4_ws/src/lab1_pkg' returned '0': PYTHONPATH=/home/ashley.akamine/rampagingRoombas/turtlebot4_ws/build/lab1_pkg/prefix_override:/usr/lib/python3/dist-packages/colcon_core/task/python/colcon_distutils_commands:/home/ashley.akamine/rampagingRoombas/turtlebot4_ws/install/lab1_pkg/lib/python3.10/site-packages:${PYTHONPATH} /usr/bin/python3 -W ignore:setup.py install is deprecated -W ignore:easy_install command is deprecated setup.py egg_info --egg-base ../../build/lab1_pkg build --build-base /home/ashley.akamine/rampagingRoombas/turtlebot4_ws/build/lab1_pkg/build install --record /home/ashley.akamine/rampagingRoombas/turtlebot4_ws/build/lab1_pkg/install.log --single-version-externally-managed install_data
[5.627s] Level 1:colcon.colcon_core.environment:checking '/home/ashley.akamine/rampagingRoombas/turtlebot4_ws/install/lab1_pkg' for CMake config files
[5.627s] Level 1:colcon.colcon_core.environment:checking '/home/ashley.akamine/rampagingRoombas/turtlebot4_ws/install/lab1_pkg/lib'
[5.627s] Level 1:colcon.colcon_core.environment:checking '/home/ashley.akamine/rampagingRoombas/turtlebot4_ws/install/lab1_pkg/bin'
[5.627s] Level 1:colcon.colcon_core.environment:checking '/home/ashley.akamine/rampagingRoombas/turtlebot4_ws/install/lab1_pkg/lib/pkgconfig/lab1_pkg.pc'
[5.627s] Level 1:colcon.colcon_core.environment:checking '/home/ashley.akamine/rampagingRoombas/turtlebot4_ws/install/lab1_pkg/lib/python3.10/site-packages'
[5.627s] Level 1:colcon.colcon_core.shell:create_environment_hook('lab1_pkg', 'pythonpath')
[5.628s] INFO:colcon.colcon_core.shell:Creating environment hook '/home/ashley.akamine/rampagingRoombas/turtlebot4_ws/install/lab1_pkg/share/lab1_pkg/hook/pythonpath.ps1'
[5.632s] INFO:colcon.colcon_core.shell:Creating environment descriptor '/home/ashley.akamine/rampagingRoombas/turtlebot4_ws/install/lab1_pkg/share/lab1_pkg/hook/pythonpath.dsv'
[5.632s] INFO:colcon.colcon_core.shell:Creating environment hook '/home/ashley.akamine/rampagingRoombas/turtlebot4_ws/install/lab1_pkg/share/lab1_pkg/hook/pythonpath.sh'
[5.634s] Level 1:colcon.colcon_core.environment:checking '/home/ashley.akamine/rampagingRoombas/turtlebot4_ws/install/lab1_pkg/bin'
[5.634s] Level 1:colcon.colcon_core.environment:create_environment_scripts_only(lab1_pkg)
[5.635s] INFO:colcon.colcon_core.shell:Creating package script '/home/ashley.akamine/rampagingRoombas/turtlebot4_ws/install/lab1_pkg/share/lab1_pkg/package.ps1'
[5.660s] INFO:colcon.colcon_core.shell:Creating package descriptor '/home/ashley.akamine/rampagingRoombas/turtlebot4_ws/install/lab1_pkg/share/lab1_pkg/package.dsv'
[5.661s] INFO:colcon.colcon_core.shell:Creating package script '/home/ashley.akamine/rampagingRoombas/turtlebot4_ws/install/lab1_pkg/share/lab1_pkg/package.sh'
[5.663s] INFO:colcon.colcon_core.shell:Creating package script '/home/ashley.akamine/rampagingRoombas/turtlebot4_ws/install/lab1_pkg/share/lab1_pkg/package.bash'
[5.667s] INFO:colcon.colcon_core.shell:Creating package script '/home/ashley.akamine/rampagingRoombas/turtlebot4_ws/install/lab1_pkg/share/lab1_pkg/package.zsh'
[5.674s] Level 1:colcon.colcon_core.environment:create_file_with_runtime_dependencies(/home/ashley.akamine/rampagingRoombas/turtlebot4_ws/install/lab1_pkg/share/colcon-core/packages/lab1_pkg)
[5.687s] DEBUG:colcon.colcon_core.event_handler.log_command:Invoking command in '/home/ashley.akamine/rampagingRoombas/turtlebot4_ws/build/turtlebot_lab_bringup': AMENT_PREFIX_PATH=/home/ashley.akamine/rampagingRoombas/turtlebot4_ws/install/lab2_pkg:/home/ashley.akamine/rampagingRoombas/turtlebot4_ws/install/turtlebot_lab_bringup:/home/ashley.akamine/rampagingRoombas/turtlebot4_ws/install/lab6_pkg:/home/ashley.akamine/rampagingRoombas/turtlebot4_ws/install/lab5_pkg:/home/ashley.akamine/rampagingRoombas/turtlebot4_ws/install/lab3_pkg:/home/ashley.akamine/rampagingRoombas/turtlebot4_ws/install/lab1_pkg:/home/ashley.akamine/rampagingRoombas/turtlebot4_ws/install/custom_interfaces:/home/ashley.akamine/inclass_ws/install/chatroom_pkg:/home/ashley.akamine/inclass_ws/install/cat_nap:/home/ashley.akamine/inclass_ws/install/custom_interfaces:/opt/ros/humble CMAKE_PREFIX_PATH=${CMAKE_PREFIX_PATH}:/home/ashley.akamine/rampagingRoombas/turtlebot4_ws/install/lab6_pkg:/home/ashley.akamine/rampagingRoombas/turtlebot4_ws/install/lab5_pkg:/home/ashley.akamine/rampagingRoombas/turtlebot4_ws/install/lab3_pkg:/home/ashley.akamine/rampagingRoombas/turtlebot4_ws/install/lab2_pkg:/home/ashley.akamine/rampagingRoombas/turtlebot4_ws/install/lab1_pkg:/home/ashley.akamine/inclass_ws/install/chatroom_pkg:/home/ashley.akamine/inclass_ws/install/cat_nap:/opt/ros/humble PYTHONPATH=/home/ashley.akamine/rampagingRoombas/turtlebot4_ws/install/lab2_pkg/lib/python3.10/site-packages:/home/ashley.akamine/rampagingRoombas/turtlebot4_ws/install/lab6_pkg/lib/python3.10/site-packages:/home/ashley.akamine/rampagingRoombas/turtlebot4_ws/install/lab5_pkg/lib/python3.10/site-packages:/home/ashley.akamine/rampagingRoombas/turtlebot4_ws/install/lab3_pkg/lib/python3.10/site-packages:/home/ashley.akamine/rampagingRoombas/turtlebot4_ws/install/lab1_pkg/lib/python3.10/site-packages:/home/ashley.akamine/rampagingRoombas/turtlebot4_ws/install/custom_interfaces/local/lib/python3.10/dist-packages:/home/ashley.akamine/inclass_ws/install/chatroom_pkg/lib/python3.10/site-packages:/home/ashley.akamine/inclass_ws/install/cat_nap/lib/python3.10/site-packages:/home/ashley.akamine/inclass_ws/install/custom_interfaces/local/lib/python3.10/dist-packages:/opt/ros/humble/lib/python3.10/site-packages:/opt/ros/humble/local/lib/python3.10/dist-packages /usr/bin/cmake --build /home/ashley.akamine/rampagingRoombas/turtlebot4_ws/build/turtlebot_lab_bringup -- -j16 -l16
[5.734s] DEBUG:colcon.colcon_core.event_handler.log_command:Invoked command in '/home/ashley.akamine/rampagingRoombas/turtlebot4_ws/build/turtlebot_lab_bringup' returned '0': AMENT_PREFIX_PATH=/home/ashley.akamine/rampagingRoombas/turtlebot4_ws/install/lab2_pkg:/home/ashley.akamine/rampagingRoombas/turtlebot4_ws/install/turtlebot_lab_bringup:/home/ashley.akamine/rampagingRoombas/turtlebot4_ws/install/lab6_pkg:/home/ashley.akamine/rampagingRoombas/turtlebot4_ws/install/lab5_pkg:/home/ashley.akamine/rampagingRoombas/turtlebot4_ws/install/lab3_pkg:/home/ashley.akamine/rampagingRoombas/turtlebot4_ws/install/lab1_pkg:/home/ashley.akamine/rampagingRoombas/turtlebot4_ws/install/custom_interfaces:/home/ashley.akamine/inclass_ws/install/chatroom_pkg:/home/ashley.akamine/inclass_ws/install/cat_nap:/home/ashley.akamine/inclass_ws/install/custom_interfaces:/opt/ros/humble CMAKE_PREFIX_PATH=${CMAKE_PREFIX_PATH}:/home/ashley.akamine/rampagingRoombas/turtlebot4_ws/install/lab6_pkg:/home/ashley.akamine/rampagingRoombas/turtlebot4_ws/install/lab5_pkg:/home/ashley.akamine/rampagingRoombas/turtlebot4_ws/install/lab3_pkg:/home/ashley.akamine/rampagingRoombas/turtlebot4_ws/install/lab2_pkg:/home/ashley.akamine/rampagingRoombas/turtlebot4_ws/install/lab1_pkg:/home/ashley.akamine/inclass_ws/install/chatroom_pkg:/home/ashley.akamine/inclass_ws/install/cat_nap:/opt/ros/humble PYTHONPATH=/home/ashley.akamine/rampagingRoombas/turtlebot4_ws/install/lab2_pkg/lib/python3.10/site-packages:/home/ashley.akamine/rampagingRoombas/turtlebot4_ws/install/lab6_pkg/lib/python3.10/site-packages:/home/ashley.akamine/rampagingRoombas/turtlebot4_ws/install/lab5_pkg/lib/python3.10/site-packages:/home/ashley.akamine/rampagingRoombas/turtlebot4_ws/install/lab3_pkg/lib/python3.10/site-packages:/home/ashley.akamine/rampagingRoombas/turtlebot4_ws/install/lab1_pkg/lib/python3.10/site-packages:/home/ashley.akamine/rampagingRoombas/turtlebot4_ws/install/custom_interfaces/local/lib/python3.10/dist-packages:/home/ashley.akamine/inclass_ws/install/chatroom_pkg/lib/python3.10/site-packages:/home/ashley.akamine/inclass_ws/install/cat_nap/lib/python3.10/site-packages:/home/ashley.akamine/inclass_ws/install/custom_interfaces/local/lib/python3.10/dist-packages:/opt/ros/humble/lib/python3.10/site-packages:/opt/ros/humble/local/lib/python3.10/dist-packages /usr/bin/cmake --build /home/ashley.akamine/rampagingRoombas/turtlebot4_ws/build/turtlebot_lab_bringup -- -j16 -l16
[5.740s] DEBUG:colcon.colcon_core.event_handler.log_command:Invoking command in '/home/ashley.akamine/rampagingRoombas/turtlebot4_ws/build/turtlebot_lab_bringup': AMENT_PREFIX_PATH=/home/ashley.akamine/rampagingRoombas/turtlebot4_ws/install/lab2_pkg:/home/ashley.akamine/rampagingRoombas/turtlebot4_ws/install/turtlebot_lab_bringup:/home/ashley.akamine/rampagingRoombas/turtlebot4_ws/install/lab6_pkg:/home/ashley.akamine/rampagingRoombas/turtlebot4_ws/install/lab5_pkg:/home/ashley.akamine/rampagingRoombas/turtlebot4_ws/install/lab3_pkg:/home/ashley.akamine/rampagingRoombas/turtlebot4_ws/install/lab1_pkg:/home/ashley.akamine/rampagingRoombas/turtlebot4_ws/install/custom_interfaces:/home/ashley.akamine/inclass_ws/install/chatroom_pkg:/home/ashley.akamine/inclass_ws/install/cat_nap:/home/ashley.akamine/inclass_ws/install/custom_interfaces:/opt/ros/humble CMAKE_PREFIX_PATH=${CMAKE_PREFIX_PATH}:/home/ashley.akamine/rampagingRoombas/turtlebot4_ws/install/lab6_pkg:/home/ashley.akamine/rampagingRoombas/turtlebot4_ws/install/lab5_pkg:/home/ashley.akamine/rampagingRoombas/turtlebot4_ws/install/lab3_pkg:/home/ashley.akamine/rampagingRoombas/turtlebot4_ws/install/lab2_pkg:/home/ashley.akamine/rampagingRoombas/turtlebot4_ws/install/lab1_pkg:/home/ashley.akamine/inclass_ws/install/chatroom_pkg:/home/ashley.akamine/inclass_ws/install/cat_nap:/opt/ros/humble PYTHONPATH=/home/ashley.akamine/rampagingRoombas/turtlebot4_ws/install/lab2_pkg/lib/python3.10/site-packages:/home/ashley.akamine/rampagingRoombas/turtlebot4_ws/install/lab6_pkg/lib/python3.10/site-packages:/home/ashley.akamine/rampagingRoombas/turtlebot4_ws/install/lab5_pkg/lib/python3.10/site-packages:/home/ashley.akamine/rampagingRoombas/turtlebot4_ws/install/lab3_pkg/lib/python3.10/site-packages:/home/ashley.akamine/rampagingRoombas/turtlebot4_ws/install/lab1_pkg/lib/python3.10/site-packages:/home/ashley.akamine/rampagingRoombas/turtlebot4_ws/install/custom_interfaces/local/lib/python3.10/dist-packages:/home/ashley.akamine/inclass_ws/install/chatroom_pkg/lib/python3.10/site-packages:/home/ashley.akamine/inclass_ws/install/cat_nap/lib/python3.10/site-packages:/home/ashley.akamine/inclass_ws/install/custom_interfaces/local/lib/python3.10/dist-packages:/opt/ros/humble/lib/python3.10/site-packages:/opt/ros/humble/local/lib/python3.10/dist-packages /usr/bin/cmake --install /home/ashley.akamine/rampagingRoombas/turtlebot4_ws/build/turtlebot_lab_bringup
[5.766s] Level 1:colcon.colcon_core.environment:create_environment_scripts_only(turtlebot_lab_bringup)
[5.766s] Level 1:colcon.colcon_core.environment:checking '/home/ashley.akamine/rampagingRoombas/turtlebot4_ws/install/turtlebot_lab_bringup' for CMake module files
[5.766s] DEBUG:colcon.colcon_core.event_handler.log_command:Invoked command in '/home/ashley.akamine/rampagingRoombas/turtlebot4_ws/build/turtlebot_lab_bringup' returned '0': AMENT_PREFIX_PATH=/home/ashley.akamine/rampagingRoombas/turtlebot4_ws/install/lab2_pkg:/home/ashley.akamine/rampagingRoombas/turtlebot4_ws/install/turtlebot_lab_bringup:/home/ashley.akamine/rampagingRoombas/turtlebot4_ws/install/lab6_pkg:/home/ashley.akamine/rampagingRoombas/turtlebot4_ws/install/lab5_pkg:/home/ashley.akamine/rampagingRoombas/turtlebot4_ws/install/lab3_pkg:/home/ashley.akamine/rampagingRoombas/turtlebot4_ws/install/lab1_pkg:/home/ashley.akamine/rampagingRoombas/turtlebot4_ws/install/custom_interfaces:/home/ashley.akamine/inclass_ws/install/chatroom_pkg:/home/ashley.akamine/inclass_ws/install/cat_nap:/home/ashley.akamine/inclass_ws/install/custom_interfaces:/opt/ros/humble CMAKE_PREFIX_PATH=${CMAKE_PREFIX_PATH}:/home/ashley.akamine/rampagingRoombas/turtlebot4_ws/install/lab6_pkg:/home/ashley.akamine/rampagingRoombas/turtlebot4_ws/install/lab5_pkg:/home/ashley.akamine/rampagingRoombas/turtlebot4_ws/install/lab3_pkg:/home/ashley.akamine/rampagingRoombas/turtlebot4_ws/install/lab2_pkg:/home/ashley.akamine/rampagingRoombas/turtlebot4_ws/install/lab1_pkg:/home/ashley.akamine/inclass_ws/install/chatroom_pkg:/home/ashley.akamine/inclass_ws/install/cat_nap:/opt/ros/humble PYTHONPATH=/home/ashley.akamine/rampagingRoombas/turtlebot4_ws/install/lab2_pkg/lib/python3.10/site-packages:/home/ashley.akamine/rampagingRoombas/turtlebot4_ws/install/lab6_pkg/lib/python3.10/site-packages:/home/ashley.akamine/rampagingRoombas/turtlebot4_ws/install/lab5_pkg/lib/python3.10/site-packages:/home/ashley.akamine/rampagingRoombas/turtlebot4_ws/install/lab3_pkg/lib/python3.10/site-packages:/home/ashley.akamine/rampagingRoombas/turtlebot4_ws/install/lab1_pkg/lib/python3.10/site-packages:/home/ashley.akamine/rampagingRoombas/turtlebot4_ws/install/custom_interfaces/local/lib/python3.10/dist-packages:/home/ashley.akamine/inclass_ws/install/chatroom_pkg/lib/python3.10/site-packages:/home/ashley.akamine/inclass_ws/install/cat_nap/lib/python3.10/site-packages:/home/ashley.akamine/inclass_ws/install/custom_interfaces/local/lib/python3.10/dist-packages:/opt/ros/humble/lib/python3.10/site-packages:/opt/ros/humble/local/lib/python3.10/dist-packages /usr/bin/cmake --install /home/ashley.akamine/rampagingRoombas/turtlebot4_ws/build/turtlebot_lab_bringup
[5.767s] Level 1:colcon.colcon_core.environment:checking '/home/ashley.akamine/rampagingRoombas/turtlebot4_ws/install/turtlebot_lab_bringup' for CMake config files
[5.767s] Level 1:colcon.colcon_core.shell:create_environment_hook('turtlebot_lab_bringup', 'cmake_prefix_path')
[5.767s] INFO:colcon.colcon_core.shell:Creating environment hook '/home/ashley.akamine/rampagingRoombas/turtlebot4_ws/install/turtlebot_lab_bringup/share/turtlebot_lab_bringup/hook/cmake_prefix_path.ps1'
[5.769s] INFO:colcon.colcon_core.shell:Creating environment descriptor '/home/ashley.akamine/rampagingRoombas/turtlebot4_ws/install/turtlebot_lab_bringup/share/turtlebot_lab_bringup/hook/cmake_prefix_path.dsv'
[5.770s] INFO:colcon.colcon_core.shell:Creating environment hook '/home/ashley.akamine/rampagingRoombas/turtlebot4_ws/install/turtlebot_lab_bringup/share/turtlebot_lab_bringup/hook/cmake_prefix_path.sh'
[5.772s] Level 1:colcon.colcon_core.environment:checking '/home/ashley.akamine/rampagingRoombas/turtlebot4_ws/install/turtlebot_lab_bringup/bin'
[5.772s] Level 1:colcon.colcon_core.environment:checking '/home/ashley.akamine/rampagingRoombas/turtlebot4_ws/install/turtlebot_lab_bringup/lib/pkgconfig/turtlebot_lab_bringup.pc'
[5.772s] Level 1:colcon.colcon_core.environment:checking '/home/ashley.akamine/rampagingRoombas/turtlebot4_ws/install/turtlebot_lab_bringup/lib/python3.10/site-packages'
[5.773s] Level 1:colcon.colcon_core.environment:checking '/home/ashley.akamine/rampagingRoombas/turtlebot4_ws/install/turtlebot_lab_bringup/bin'
[5.773s] INFO:colcon.colcon_core.shell:Creating package script '/home/ashley.akamine/rampagingRoombas/turtlebot4_ws/install/turtlebot_lab_bringup/share/turtlebot_lab_bringup/package.ps1'
[5.798s] INFO:colcon.colcon_core.shell:Creating package descriptor '/home/ashley.akamine/rampagingRoombas/turtlebot4_ws/install/turtlebot_lab_bringup/share/turtlebot_lab_bringup/package.dsv'
[5.799s] INFO:colcon.colcon_core.shell:Creating package script '/home/ashley.akamine/rampagingRoombas/turtlebot4_ws/install/turtlebot_lab_bringup/share/turtlebot_lab_bringup/package.sh'
[5.801s] INFO:colcon.colcon_core.shell:Creating package script '/home/ashley.akamine/rampagingRoombas/turtlebot4_ws/install/turtlebot_lab_bringup/share/turtlebot_lab_bringup/package.bash'
[5.806s] INFO:colcon.colcon_core.shell:Creating package script '/home/ashley.akamine/rampagingRoombas/turtlebot4_ws/install/turtlebot_lab_bringup/share/turtlebot_lab_bringup/package.zsh'
[5.810s] Level 1:colcon.colcon_core.environment:create_file_with_runtime_dependencies(/home/ashley.akamine/rampagingRoombas/turtlebot4_ws/install/turtlebot_lab_bringup/share/colcon-core/packages/turtlebot_lab_bringup)
[5.811s] Level 1:colcon.colcon_core.environment:create_environment_scripts_only(turtlebot_lab_bringup)
[5.811s] Level 1:colcon.colcon_core.environment:checking '/home/ashley.akamine/rampagingRoombas/turtlebot4_ws/install/turtlebot_lab_bringup' for CMake module files
[5.811s] Level 1:colcon.colcon_core.environment:checking '/home/ashley.akamine/rampagingRoombas/turtlebot4_ws/install/turtlebot_lab_bringup' for CMake config files
[5.811s] Level 1:colcon.colcon_core.shell:create_environment_hook('turtlebot_lab_bringup', 'cmake_prefix_path')
[5.811s] INFO:colcon.colcon_core.shell:Creating environment hook '/home/ashley.akamine/rampagingRoombas/turtlebot4_ws/install/turtlebot_lab_bringup/share/turtlebot_lab_bringup/hook/cmake_prefix_path.ps1'
[5.812s] INFO:colcon.colcon_core.shell:Creating environment descriptor '/home/ashley.akamine/rampagingRoombas/turtlebot4_ws/install/turtlebot_lab_bringup/share/turtlebot_lab_bringup/hook/cmake_prefix_path.dsv'
[5.812s] INFO:colcon.colcon_core.shell:Creating environment hook '/home/ashley.akamine/rampagingRoombas/turtlebot4_ws/install/turtlebot_lab_bringup/share/turtlebot_lab_bringup/hook/cmake_prefix_path.sh'
[5.813s] Level 1:colcon.colcon_core.environment:checking '/home/ashley.akamine/rampagingRoombas/turtlebot4_ws/install/turtlebot_lab_bringup/bin'
[5.813s] Level 1:colcon.colcon_core.environment:checking '/home/ashley.akamine/rampagingRoombas/turtlebot4_ws/install/turtlebot_lab_bringup/lib/pkgconfig/turtlebot_lab_bringup.pc'
[5.813s] Level 1:colcon.colcon_core.environment:checking '/home/ashley.akamine/rampagingRoombas/turtlebot4_ws/install/turtlebot_lab_bringup/lib/python3.10/site-packages'
[5.813s] Level 1:colcon.colcon_core.environment:checking '/home/ashley.akamine/rampagingRoombas/turtlebot4_ws/install/turtlebot_lab_bringup/bin'
[5.813s] INFO:colcon.colcon_core.shell:Creating package script '/home/ashley.akamine/rampagingRoombas/turtlebot4_ws/install/turtlebot_lab_bringup/share/turtlebot_lab_bringup/package.ps1'
[5.823s] INFO:colcon.colcon_core.shell:Creating package descriptor '/home/ashley.akamine/rampagingRoombas/turtlebot4_ws/install/turtlebot_lab_bringup/share/turtlebot_lab_bringup/package.dsv'
[5.823s] INFO:colcon.colcon_core.shell:Creating package script '/home/ashley.akamine/rampagingRoombas/turtlebot4_ws/install/turtlebot_lab_bringup/share/turtlebot_lab_bringup/package.sh'
[5.824s] INFO:colcon.colcon_core.shell:Creating package script '/home/ashley.akamine/rampagingRoombas/turtlebot4_ws/install/turtlebot_lab_bringup/share/turtlebot_lab_bringup/package.bash'
[5.824s] INFO:colcon.colcon_core.shell:Creating package script '/home/ashley.akamine/rampagingRoombas/turtlebot4_ws/install/turtlebot_lab_bringup/share/turtlebot_lab_bringup/package.zsh'
[5.825s] Level 1:colcon.colcon_core.environment:create_file_with_runtime_dependencies(/home/ashley.akamine/rampagingRoombas/turtlebot4_ws/install/turtlebot_lab_bringup/share/colcon-core/packages/turtlebot_lab_bringup)
[5.825s] DEBUG:colcon.colcon_parallel_executor.executor.parallel:closing loop
[5.825s] DEBUG:colcon.colcon_parallel_executor.executor.parallel:loop closed
[5.825s] DEBUG:colcon.colcon_parallel_executor.executor.parallel:run_until_complete finished with '0'
[5.825s] DEBUG:colcon.colcon_core.event_reactor:joining thread
[5.856s] INFO:colcon.colcon_core.plugin_system:Skipping extension 'colcon_notification.desktop_notification.terminal_notifier': Not used on non-Darwin systems
[5.857s] INFO:colcon.colcon_core.plugin_system:Skipping extension 'colcon_notification.desktop_notification.win32': Not used on non-Windows systems
[5.857s] INFO:colcon.colcon_notification.desktop_notification:Sending desktop notification using 'notify2'
[5.875s] DEBUG:colcon.colcon_core.event_reactor:joined thread
[5.875s] INFO:colcon.colcon_core.shell:Creating prefix script '/home/ashley.akamine/rampagingRoombas/turtlebot4_ws/install/local_setup.ps1'
[5.909s] INFO:colcon.colcon_core.shell:Creating prefix util module '/home/ashley.akamine/rampagingRoombas/turtlebot4_ws/install/_local_setup_util_ps1.py'
[5.913s] INFO:colcon.colcon_core.shell:Creating prefix chain script '/home/ashley.akamine/rampagingRoombas/turtlebot4_ws/install/setup.ps1'
[5.933s] INFO:colcon.colcon_core.shell:Creating prefix script '/home/ashley.akamine/rampagingRoombas/turtlebot4_ws/install/local_setup.sh'
[5.939s] INFO:colcon.colcon_core.shell:Creating prefix util module '/home/ashley.akamine/rampagingRoombas/turtlebot4_ws/install/_local_setup_util_sh.py'
[5.940s] INFO:colcon.colcon_core.shell:Creating prefix chain script '/home/ashley.akamine/rampagingRoombas/turtlebot4_ws/install/setup.sh'
[5.945s] INFO:colcon.colcon_core.shell:Creating prefix script '/home/ashley.akamine/rampagingRoombas/turtlebot4_ws/install/local_setup.bash'
[5.949s] INFO:colcon.colcon_core.shell:Creating prefix chain script '/home/ashley.akamine/rampagingRoombas/turtlebot4_ws/install/setup.bash'
[5.954s] INFO:colcon.colcon_core.shell:Creating prefix script '/home/ashley.akamine/rampagingRoombas/turtlebot4_ws/install/local_setup.zsh'
[5.959s] INFO:colcon.colcon_core.shell:Creating prefix chain script '/home/ashley.akamine/rampagingRoombas/turtlebot4_ws/install/setup.zsh'
